Using	GC Digraph
Executed in	0.349187 seconds

Reordered	YES

Number of nodes	200
Number of edges	0

Is GC Digraph directed?	YES
Is GC Digraph connected??	NO

Nodes:
74 [#74] at {0.0000, 0.0000, 0.0000}
191 [#191] at {0.2627, 0.0000, 0.0000}
58 [#58] at {-1.5495, 2.6063, 0.0000}
141 [#141] at {-0.0824, 0.6084, 1.4239}
114 [#114] at {-2.2419, 0.8491, 0.2507}
81 [#81] at {-0.7955, 2.4996, 1.7386}
51 [#51] at {1.2040, 2.7122, 0.3809}
130 [#130] at {-1.8141, 2.2556, 1.4639}
31 [#31] at {-0.4896, -0.6322, -0.8065}, [FLIPPED]
91 [#91] at {-1.8011, -0.2832, 0.3512}
43 [#43] at {0.9882, 1.0377, -1.7408}, [FLIPPED]
159 [#159] at {-0.4254, 2.8937, 1.8139}
139 [#139] at {1.3176, 2.6190, -1.0385}, [FLIPPED]
32 [#32] at {-0.9217, -0.7811, 0.6156}
166 [#166] at {1.5008, 0.4063, -0.7051}, [FLIPPED]
10 [#10] at {-0.6387, 0.6856, 2.2216}
195 [#195] at {-1.2922, -0.3680, 1.3942}
5 [#5] at {-1.6124, 1.4042, -2.2590}, [FLIPPED]
39 [#39] at {0.4943, 3.4686, -1.2725}, [FLIPPED]
164 [#164] at {0.4687, 3.5304, -1.4266}, [FLIPPED]
198 [#198] at {-0.6614, 0.1329, -2.3706}, [FLIPPED]
59 [#59] at {-1.7247, -0.1992, 1.7313}
136 [#136] at {1.8311, 2.9558, 0.5073}
1 [#1] at {-1.1939, -0.8943, 1.4107}
21 [#21] at {0.4898, 2.8788, -2.3508}, [FLIPPED]
15 [#15] at {-1.7422, -0.9961, -0.9901}, [FLIPPED]
40 [#40] at {-0.2500, 4.1962, -0.8032}, [FLIPPED]
22 [#22] at {0.5433, 3.7365, 1.4814}
70 [#70] at {-0.2271, -0.7491, -2.1571}, [FLIPPED]
63 [#63] at {0.2797, -1.0522, -1.6112}, [FLIPPED]
156 [#156] at {1.1213, 1.8122, 2.5880}
96 [#96] at {-1.0576, 2.4541, -2.8563}, [FLIPPED]
162 [#162] at {1.2077, 2.7979, -2.2705}, [FLIPPED]
110 [#110] at {-1.8239, -1.2829, -0.9603}, [FLIPPED]
116 [#116] at {0.8433, 0.1101, -2.5991}, [FLIPPED]
86 [#86] at {0.8233, 2.6614, 2.6536}
95 [#95] at {2.0836, -0.2397, 0.7554}
173 [#173] at {1.8592, 3.6965, 0.0730}
7 [#7] at {-2.1245, 4.1878, -0.0651}, [FLIPPED]
180 [#180] at {-1.8132, 3.4882, 2.1756}
184 [#184] at {2.0636, 3.3608, 0.7710}
12 [#12] at {-0.0409, 0.2001, -3.0581}, [FLIPPED]
108 [#108] at {0.3611, 3.9043, -2.2011}, [FLIPPED]
45 [#45] at {1.7367, 3.2368, -2.0579}, [FLIPPED]
64 [#64] at {2.1610, 1.2700, -2.3042}, [FLIPPED]
179 [#179] at {2.6972, 2.7995, 0.7015}
194 [#194] at {-0.2222, 1.2297, 3.5580}
145 [#145] at {-1.1889, -0.6657, -2.8441}, [FLIPPED]
20 [#20] at {-3.4582, -0.5224, -0.3262}, [FLIPPED]
177 [#177] at {-2.6487, -1.2928, -1.0864}, [FLIPPED]
24 [#24] at {0.0144, 1.8621, -3.5938}, [FLIPPED]
76 [#76] at {1.1712, 2.2456, 3.1642}
142 [#142] at {2.9108, 1.2224, 1.5300}
92 [#92] at {-1.5964, -0.3771, -3.1587}, [FLIPPED]
143 [#143] at {-3.9310, 2.8885, 0.6843}
42 [#42] at {-2.1458, -0.0546, -3.1849}, [FLIPPED]
33 [#33] at {2.9338, 1.8740, -1.7383}, [FLIPPED]
53 [#53] at {0.9329, 4.0629, 2.5240}
111 [#111] at {-1.2819, 1.6920, -3.8279}, [FLIPPED]
17 [#17] at {-3.5977, -0.9044, -0.5463}, [FLIPPED]
109 [#109] at {-1.1705, -2.4377, -0.6548}, [FLIPPED]
196 [#196] at {1.9706, 4.5464, 0.5798}
37 [#37] at {-3.4438, 3.5620, 1.7147}
90 [#90] at {0.4974, 5.3375, -0.4317}, [FLIPPED]
112 [#112] at {-0.3614, 3.1535, -3.6612}, [FLIPPED]
68 [#68] at {-0.1051, 2.5324, 3.8909}
8 [#8] at {3.1011, 2.9693, 1.0648}
9 [#9] at {-2.5708, -1.4994, -2.0725}, [FLIPPED]
77 [#77] at {-1.0683, -2.5779, -0.8592}, [FLIPPED]
82 [#82] at {-2.9696, 4.1299, 2.0419}
61 [#61] at {3.0957, -0.4015, 0.9380}
85 [#85] at {-1.6259, 4.6831, 2.4276}
151 [#151] at {0.5616, -0.3100, 3.7973}
160 [#160] at {2.6728, 2.7165, -2.6700}, [FLIPPED]
133 [#133] at {-4.3033, 1.3853, 2.0431}
4 [#4] at {-1.1083, -1.8038, 2.8579}
150 [#150] at {-3.9564, 4.0057, -0.6619}, [FLIPPED]
113 [#113] at {-4.5423, 1.4840, 1.6021}
97 [#97] at {-0.7776, 2.3772, -4.2805}, [FLIPPED]
47 [#47] at {1.6907, 5.0903, -1.2783}, [FLIPPED]
29 [#29] at {1.9957, -0.7447, -2.9989}, [FLIPPED]
16 [#16] at {-1.2832, -0.1327, -4.1534}, [FLIPPED]
52 [#52] at {0.5549, -0.3798, 4.0293}
55 [#55] at {-2.7731, 5.0242, 1.6176}
87 [#87] at {2.3011, -1.3740, 2.1878}
121 [#121] at {1.5743, 2.2500, 3.9770}
104 [#104] at {-1.2372, 0.4268, 4.4322}
154 [#154] at {-2.3947, 4.4610, 2.9472}
115 [#115] at {-0.2368, 5.7330, 1.7071}
192 [#192] at {-4.3490, 3.8613, -0.7484}, [FLIPPED]
175 [#175] at {3.9219, 0.8619, -1.1090}, [FLIPPED]
94 [#94] at {3.0561, -0.8912, -1.8497}, [FLIPPED]
102 [#102] at {-3.3580, -0.3554, -3.2645}, [FLIPPED]
163 [#163] at {-4.4681, 2.5378, -2.2261}, [FLIPPED]
186 [#186] at {4.1700, 1.7886, 0.0033}
105 [#105] at {3.3625, 3.1744, 2.0685}
38 [#38] at {-1.9504, 3.9154, 3.8345}
134 [#134] at {-3.8973, 4.8850, 0.2331}
30 [#30] at {4.2685, 0.7184, -0.1629}, [FLIPPED]
155 [#155] at {-3.1849, 5.2275, 1.5061}
123 [#123] at {2.8606, 3.6452, -2.7589}, [FLIPPED]
106 [#106] at {1.1054, 3.5848, -4.0977}, [FLIPPED]
54 [#54] at {-1.4394, 1.4267, 4.8297}
34 [#34] at {-0.6116, 4.0254, 4.1846}
165 [#165] at {0.0696, 0.8274, 4.8673}
89 [#89] at {2.3616, 5.0199, -1.8373}, [FLIPPED]
161 [#161] at {-2.3363, 1.3006, -4.5725}, [FLIPPED]
187 [#187] at {1.7122, 1.7030, -4.4458}, [FLIPPED]
107 [#107] at {0.2818, 6.2729, 0.9479}
190 [#190] at {4.0618, -0.5407, 0.4076}
140 [#140] at {-0.2256, 4.2568, -4.1245}, [FLIPPED]
137 [#137] at {-0.0298, -3.5035, 0.7380}
178 [#178] at {-0.2817, 6.4857, -0.1870}, [FLIPPED]
11 [#11] at {-3.4055, 5.3952, -1.1728}, [FLIPPED]
98 [#98] at {1.0854, 3.7476, -4.2583}, [FLIPPED]
138 [#138] at {-2.4550, -3.2817, -0.0181}, [FLIPPED]
135 [#135] at {-4.5748, -1.6119, -0.3579}, [FLIPPED]
65 [#65] at {-1.8078, 5.7496, -2.3128}, [FLIPPED]
88 [#88] at {1.8348, 5.8537, -1.2763}, [FLIPPED]
157 [#157] at {3.9724, -1.0082, -0.6893}, [FLIPPED]
60 [#60] at {3.0600, -2.3322, 0.2928}
18 [#18] at {-5.2359, 2.1106, -2.0931}, [FLIPPED]
158 [#158] at {3.1650, -1.7765, 1.9583}
49 [#49] at {3.4578, 3.2551, 2.9061}
78 [#78] at {-2.2500, 1.1292, 4.9961}
193 [#193] at {1.3051, 5.8349, 2.3926}
62 [#62] at {3.0058, -2.3438, -1.1945}, [FLIPPED]
118 [#118] at {1.6682, 6.2997, 0.4749}
56 [#56] at {2.4213, 1.4545, -4.4689}, [FLIPPED]
67 [#67] at {-4.1810, 5.1093, 1.4526}
144 [#144] at {-4.0360, -1.5712, 2.8244}
174 [#174] at {2.2275, -2.7726, -1.9943}, [FLIPPED]
41 [#41] at {1.7733, 1.6015, -5.0241}, [FLIPPED]
169 [#169] at {3.1371, -1.6111, 2.8417}
172 [#172] at {-1.7430, -1.9607, -4.2178}, [FLIPPED]
119 [#119] at {2.7933, 3.0996, -4.1252}, [FLIPPED]
199 [#199] at {0.7601, 6.8492, -0.1412}, [FLIPPED]
69 [#69] at {2.8488, 5.5639, -1.5941}, [FLIPPED]
23 [#23] at {-3.5660, 3.7060, -4.0521}, [FLIPPED]
170 [#170] at {-5.1918, -1.4559, -0.8272}, [FLIPPED]
36 [#36] at {3.7485, -1.9201, -1.3771}, [FLIPPED]
176 [#176] at {-5.5207, 1.9406, -2.5528}, [FLIPPED]
3 [#3] at {-3.5159, 4.1550, -3.9340}, [FLIPPED]
125 [#125] at {2.2528, 0.3171, -4.8416}, [FLIPPED]
127 [#127] at {1.1962, -1.1029, 4.8828}
122 [#122] at {1.6140, 6.5428, 1.5404}
83 [#83] at {-4.0190, 2.5799, 4.4621}
46 [#46] at {3.9476, -0.1884, 3.2762}
131 [#131] at {-1.5428, 6.0839, 3.3275}
93 [#93] at {-3.6302, -2.2074, -3.3828}, [FLIPPED]
100 [#100] at {-2.3790, -3.0920, 3.2726}
168 [#168] at {2.9011, 4.4864, 3.6365}
57 [#57] at {-5.2137, 4.3207, 2.0983}
80 [#80] at {4.2155, -0.9796, 2.6400}
2 [#2] at {-0.6892, -3.1154, -3.8043}, [FLIPPED]
50 [#50] at {-4.5911, 3.2778, -3.8694}, [FLIPPED]
185 [#185] at {0.0841, -2.9529, -3.9916}, [FLIPPED]
75 [#75] at {-3.9570, -2.8529, 2.4748}
101 [#101] at {3.0003, -0.5693, -4.4595}, [FLIPPED]
149 [#149] at {1.3801, -2.3470, 4.3494}
19 [#19] at {-2.3115, -3.3423, -3.3050}, [FLIPPED]
84 [#84] at {4.9544, -0.7512, -1.4289}, [FLIPPED]
117 [#117] at {-0.0655, 5.7718, 4.2796}
6 [#6] at {-3.7397, -1.6971, 4.2137}
147 [#147] at {-2.5832, -3.4358, 3.1467}
99 [#99] at {-2.4264, -4.3878, 0.2382}
124 [#124] at {-5.5053, 4.9665, 0.7245}
13 [#13] at {0.4365, -3.3587, -3.7286}, [FLIPPED]
71 [#71] at {4.4014, 1.8507, 3.7020}
35 [#35] at {-4.5838, -2.2098, -2.9916}, [FLIPPED]
103 [#103] at {-3.8649, 2.9562, -4.9976}, [FLIPPED]
181 [#181] at {-6.4746, 3.0403, -0.7602}, [FLIPPED]
120 [#120] at {3.2396, -0.8298, -4.4128}, [FLIPPED]
171 [#171] at {1.2422, -1.7559, 5.1304}
72 [#72] at {4.2107, -1.8301, 2.5366}
28 [#28] at {1.0555, 6.1012, -3.9196}, [FLIPPED]
66 [#66] at {-3.0285, -1.2050, 5.2306}
25 [#25] at {-6.2379, 4.1308, -0.6045}, [FLIPPED]
128 [#128] at {2.3227, 7.0357, 1.0928}
167 [#167] at {-5.3401, -1.3498, -3.1259}, [FLIPPED]
153 [#153] at {0.1681, -1.7839, 5.5321}
44 [#44] at {2.6501, -2.1565, 4.3178}
27 [#27] at {0.8043, 5.5781, -4.7666}, [FLIPPED]
0 [#0] at {-6.3938, 4.1933, -0.0128}, [FLIPPED]
48 [#48] at {-4.1656, 0.9074, 5.3967}
183 [#183] at {-4.8361, 2.7042, -4.7250}, [FLIPPED]
73 [#73] at {-3.5840, -4.3695, -0.2672}, [FLIPPED]
26 [#26] at {-3.0212, -2.5028, 4.7287}
188 [#188] at {-4.7792, 1.6195, 5.1198}
14 [#14] at {-5.7304, 4.0306, 3.2450}
182 [#182] at {-6.2472, 0.8644, -3.3366}, [FLIPPED]
132 [#132] at {-4.3864, -0.2862, 5.2363}
79 [#79] at {-3.4493, 4.6725, -5.0811}, [FLIPPED]
126 [#126] at {-1.3995, -2.4907, 5.5607}
146 [#146] at {-5.2970, 2.7162, 5.1174}
152 [#152] at {4.0060, -0.6982, 5.2221}
189 [#189] at {-3.1353, -4.8363, -2.4986}, [FLIPPED]
129 [#129] at {2.1563, 7.8414, 2.2849}
148 [#148] at {-4.3951, -3.7395, -3.7425}, [FLIPPED]
197 [#197] at {-6.2023, 4.2215, 4.4870}

Flips	100 out of 200 [50.00%]

Edges:

Long edges	0 of 0 [nan%]
Short edges	0 of 0 [nan%]

CAE	6.02375e-20
Absolute RMSE	1.22717e-12
CRE	3.23148e-21
Relative RMSE	2.84944e-13

