Using	GC Digraph
Executed in	0.010659 seconds

Reordered	NO

Number of nodes	38
Number of edges	0

Is GC Digraph directed?	YES
Is GC Digraph connected??	NO

Nodes:
0 [#0] at {0.0000, 0.0000, 0.0000}
1 [#1] at {11.2250, 0.0000, 0.0000}
2 [#2] at {19.1983, 1.2948, 0.0000}
3 [#3] at {21.3809, -1.9124, 4.9193}
4 [#4] at {-25.2116, -11.9554, 11.4211}
5 [#5] at {-18.1738, -12.8165, 9.7699}
6 [#6] at {-31.2339, -10.9379, 20.4686}
7 [#7] at {-19.7773, -14.9128, 17.9573}
8 [#8] at {10.6459, -10.9149, 13.5196}
9 [#9] at {-32.2495, -9.1634, 22.3607}
10 [#10] at {4.0535, -14.3412, 21.1222}
11 [#11] at {-21.2918, -19.4884, 24.1839}
12 [#12] at {-15.7239, -13.4218, 33.8506}
13 [#13] at {9.2205, -12.9498, 30.3073}
14 [#14] at {-34.4767, -14.3703, 44.6526}
15 [#15] at {-6.2806, -16.7378, 39.4924}
16 [#16] at {-16.9265, -18.1797, 42.1069}
17 [#17] at {16.1248, -11.6366, 44.5150}
18 [#18] at {-10.6904, -20.6683, 47.5766}
19 [#19] at {28.2851, -12.1837, 50.6039}
20 [#20] at {-35.0112, -25.7526, 58.0002}
21 [#21] at {-2.8152, -23.7513, 56.8305}
22 [#22] at {-37.9511, -24.2539, 67.7013}
23 [#23] at {18.9755, -16.8343, 59.3762}
24 [#24] at {-4.8552, -25.9012, 61.8531}
25 [#25] at {-42.3164, -30.1964, 73.9966}
26 [#26] at {13.7194, -22.3109, 67.0820}
27 [#27] at {-8.9978, -29.5467, 72.1390}
28 [#28] at {35.6348, -24.0394, 68.7333}
29 [#29] at {26.0580, -27.8166, 69.2493}
30 [#30] at {0.9800, -32.6788, 74.5127}
31 [#31] at {2.7172, -32.7569, 79.5352}
32 [#32] at {-41.0691, -30.5396, 89.7867}
33 [#33] at {13.4521, -39.2004, 83.8353}
34 [#34] at {-20.0446, -40.6837, 90.8188}
35 [#35] at {-3.8307, -42.4429, 88.1699}
36 [#36] at {-18.5301, -36.8805, 98.3182}
37 [#37] at {16.7484, -31.6950, 93.3644}

Flips	0 out of 38 [0.00%]

Edges:

Long edges	0 of 0 [nan%]
Short edges	0 of 0 [nan%]

CAE	1.2802e-23
Absolute RMSE	9.41576e-14
CRE	6.31077e-26
Relative RMSE	6.6996e-15

Sammon's stress	9.04698e-30
