Using	PP Digraph

Executed in	0.00874501 seconds

Intrinsic Dimensionality	4

Reordered	YES

Number of nodes	10
Number of edges	34

Is PP Digraph directed?	YES
Is PP Digraph connected??	NO

Nodes:
0 [#0] at {0.0000, 0.0000, 0.0000, 0.0000}
7 [#1] at {21.6283, 0.0000, 0.0000, 0.0000}
6 [#2] at {35.5405, 30.0041, 0.0000, 0.0000}
2 [#3] at {11.5807, 24.8561, 27.8487, 0.0000}
8 [#4] at {2.5793, 20.0006, 28.1590, 22.3160}
5 [#5] at {6.4870, 18.6312, -5.6318, 34.6132}
9 [#6] at {12.4414, 0.5319, 0.3917, 43.2356}
1 [#7] at {-2.9076, 27.0327, -10.4361, 31.0315}
4 [#8] at {-2.8270, 11.3054, 22.2151, -27.6485}, [FLIPPED]
3 [#9] at {26.5649, 1.2867, 30.2798, 41.2014}

Flips	1 out of 10 [10.00%]

Edges:
[1->0] [21.62828996938963] (PRESERVED)
[2->0] [46.51202499354333] (PRESERVED)
[2->1] [33.07254139010185] (PRESERVED)
[3->0] [39.08310137386746] (PRESERVED)
[3->2] [37.09617136578922] (PRESERVED)
[4->0] [41.20207572440981] (PRESERVED)
[4->1] [45.31913482183878] (PRESERVED)
[4->2] [49.7739449009218] (PRESERVED)
[4->3] [24.55001154785878] (PRESERVED)
[5->0] [40.23671511194721] (SHORTER)
[5->1] [42.49906053079291] (LONGER)
[5->2] [46.93861576569979] (PRESERVED)
[5->3] [48.82330478367886] (LONGER)
[5->4] [36.19649821118335] (PRESERVED)
[6->0] [44.99490451151107] (PRESERVED)
[6->1] [44.20579775323594] (PRESERVED)
[6->2] [57.1983204561113] (SHORTER)
[6->3] [56.70636441352946] (PRESERVED)
[6->5] [21.76397115957905] (SHORTER)
[7->0] [42.55681982949384] (PRESERVED)
[7->1] [49.03713634583487] (LONGER)
[7->2] [50.58606502783153] (PRESERVED)
[7->3] [51.41330167378866] (PRESERVED)
[7->6] [34.69965197248644] (PRESERVED)
[8->0] [37.33303988426338] (PRESERVED)
[8->1] [44.54016677112917] (LONGER)
[8->2] [55.49464332708158] (LONGER)
[8->3] [34.45841882617367] (LONGER)
[8->7] [68.96952289256041] (PRESERVED)
[9->0] [57.63483720806367] (PRESERVED)
[9->1] [51.38531209402158] (LONGER)
[9->2] [59.32684329205457] (PRESERVED)
[9->3] [49.834866178209] (LONGER)
[9->8] [75.95802589833747] (LONGER)

Long edges	9 of 34 [26.47%]
Short edges	3 of 34 [8.82%]
Preserved edges	22 of 34 [64.71%]

Polyhedra	6

CA	3621.65
RMS Absolute	6.01802
CR	3.83403
RMS Relative	0.206398

Projection Mode	Minimum Distance

Optimization Runtime	0

Lambda, uppercase (Λ) lowercase (λ)	1

Using Minimum Distance?	YES
Using Minimum Perimeter?	NO
Using Minimum Area?	NO

Iterations	1
Sammon's stress	0.0421262
