Using	PP Digraph

Executed in	2.53842 seconds

Intrinsic Dimensionality	2

Reordered	YES

Number of nodes	100
Number of edges	294

Is PP Digraph directed?	YES
Is PP Digraph connected??	NO

Nodes:
0 [#0] at {31.9494, -42.0191}
89 [#1] at {15.5218, 2.6841}
98 [#2] at {41.6647, -20.8597}
27 [#3] at {-7.7220, -30.7296}
39 [#4] at {18.2329, -5.4831}, [FLIPPED]
21 [#5] at {20.4257, -39.2751}, [FLIPPED]
80 [#6] at {2.9101, -31.6537}, [FLIPPED]
78 [#7] at {-7.0926, -26.5746}, [FLIPPED]
67 [#8] at {25.9234, -42.6100}, [FLIPPED]
60 [#9] at {16.9965, -45.3585}, [FLIPPED]
26 [#10] at {-6.2291, -32.4981}, [FLIPPED]
81 [#11] at {5.2801, -18.1861}, [FLIPPED]
41 [#12] at {-2.5260, -17.9702}, [FLIPPED]
44 [#13] at {30.9690, -8.7088}, [FLIPPED]
43 [#14] at {17.1872, -22.6679}, [FLIPPED]
72 [#15] at {11.6328, -44.2784}, [FLIPPED]
73 [#16] at {31.1898, -37.0254}, [FLIPPED]
63 [#17] at {-2.0624, -39.7337}, [FLIPPED]
52 [#18] at {17.9858, -19.5669}, [FLIPPED]
55 [#19] at {24.5538, -47.0720}, [FLIPPED]
92 [#20] at {27.2671, -41.3227}, [FLIPPED]
70 [#21] at {21.2463, -45.6293}, [FLIPPED]
10 [#22] at {17.2886, -48.3056}, [FLIPPED]
93 [#23] at {7.9282, -46.5829}, [FLIPPED]
85 [#24] at {37.5365, -30.4775}, [FLIPPED]
13 [#25] at {11.7611, -1.1711}, [FLIPPED]
94 [#26] at {34.0910, -19.0273}, [FLIPPED]
42 [#27] at {0.9751, -8.8218}, [FLIPPED]
49 [#28] at {32.1588, -12.4435}, [FLIPPED]
25 [#29] at {-3.3664, -11.1153}, [FLIPPED]
22 [#30] at {-10.0033, -15.8608}, [FLIPPED]
45 [#31] at {2.3255, -13.2063}, [FLIPPED]
28 [#32] at {39.8949, -19.1163}, [FLIPPED]
34 [#33] at {38.3027, -38.0721}, [FLIPPED]
90 [#34] at {15.2945, -7.1349}, [FLIPPED]
1 [#35] at {40.5521, -23.8797}, [FLIPPED]
96 [#36] at {7.1174, -42.3596}
91 [#37] at {5.5154, -10.8239}, [FLIPPED]
56 [#38] at {-6.8025, -13.6796}, [FLIPPED]
16 [#39] at {33.7573, -15.6715}, [FLIPPED]
61 [#40] at {11.0612, -5.5415}, [FLIPPED]
38 [#41] at {33.2147, -9.3022}, [FLIPPED]
77 [#42] at {2.5349, -44.8119}, [FLIPPED]
14 [#43] at {8.5598, -37.1164}, [FLIPPED]
12 [#44] at {24.6073, -6.1671}, [FLIPPED]
7 [#45] at {16.9618, -12.9963}, [FLIPPED]
57 [#46] at {25.5855, -45.7438}, [FLIPPED]
6 [#47] at {2.7768, -46.5727}, [FLIPPED]
18 [#48] at {-1.3858, -5.7135}, [FLIPPED]
86 [#49] at {23.3738, -32.1823}, [FLIPPED]
65 [#50] at {-6.1997, -9.4864}, [FLIPPED]
75 [#51] at {-4.1364, -39.0909}, [FLIPPED]
31 [#52] at {4.0630, -37.9334}, [FLIPPED]
99 [#53] at {-10.0838, -29.6177}, [FLIPPED]
29 [#54] at {39.7861, -25.6939}, [FLIPPED]
83 [#55] at {-0.4873, -35.7652}, [FLIPPED]
84 [#56] at {6.3844, -25.9863}, [FLIPPED]
71 [#57] at {22.0367, -1.1292}, [FLIPPED]
95 [#58] at {32.5298, -27.7844}
11 [#59] at {14.7721, -52.2568}, [FLIPPED]
47 [#60] at {27.9613, -27.5046}, [FLIPPED]
48 [#61] at {38.9744, -12.7319}, [FLIPPED]
76 [#62] at {-2.4886, -41.9685}, [FLIPPED]
88 [#63] at {-1.7280, -43.5882}, [FLIPPED]
30 [#64] at {27.6026, -1.9888}, [FLIPPED]
58 [#65] at {33.7147, -5.0134}, [FLIPPED]
15 [#66] at {-5.9435, -24.6837}, [FLIPPED]
69 [#67] at {35.5274, -32.9492}, [FLIPPED]
19 [#68] at {26.9627, -0.3970}, [FLIPPED]
62 [#69] at {7.7378, -2.2777}, [FLIPPED]
23 [#70] at {27.6217, -12.6625}, [FLIPPED]
53 [#71] at {15.1340, -38.3556}, [FLIPPED]
50 [#72] at {10.1659, -23.4541}, [FLIPPED]
33 [#73] at {1.6196, -27.5220}, [FLIPPED]
68 [#74] at {8.3896, 1.9805}, [FLIPPED]
54 [#75] at {2.4522, -20.7050}, [FLIPPED]
51 [#76] at {12.9748, -32.7536}, [FLIPPED]
79 [#77] at {-5.2417, -35.1336}, [FLIPPED]
97 [#78] at {19.0910, -16.3806}
40 [#79] at {-11.4734, -24.6111}, [FLIPPED]
46 [#80] at {25.0107, -9.4737}, [FLIPPED]
20 [#81] at {30.8527, -38.2006}, [FLIPPED]
24 [#82] at {19.6475, -28.3358}, [FLIPPED]
5 [#83] at {-9.2501, -22.0680}
9 [#84] at {27.6293, -24.2208}, [FLIPPED]
66 [#85] at {30.6500, -14.4317}, [FLIPPED]
37 [#86] at {-3.3061, -33.6312}, [FLIPPED]
87 [#87] at {4.1512, -6.3584}, [FLIPPED]
4 [#88] at {2.0251, -2.5273}, [FLIPPED]
35 [#89] at {12.8528, -48.3342}, [FLIPPED]
8 [#90] at {19.4978, 0.2031}, [FLIPPED]
64 [#91] at {36.4815, -37.4515}, [FLIPPED]
82 [#92] at {10.3128, -13.5710}, [FLIPPED]
17 [#93] at {19.2816, -35.0582}, [FLIPPED]
74 [#94] at {28.8152, -32.0655}, [FLIPPED]
3 [#95] at {6.4560, -43.6779}, [FLIPPED]
2 [#96] at {-6.8067, -18.7151}, [FLIPPED]
32 [#97] at {38.5198, -28.4385}, [FLIPPED]
36 [#98] at {27.3043, -20.2300}, [FLIPPED]
59 [#99] at {8.6681, -31.4969}, [FLIPPED]

Flips	92 out of 100 [92.00%]

Edges:
[1->0] [47.62608924736154] (LONGER)
[2->0] [23.28322850412015] (PRESERVED)
[2->1] [35.1817922571224] (PRESERVED)
[3->0] [41.24656464472918] (LONGER)
[3->1] [40.70316923278865] (PRESERVED)
[3->2] [50.36330065731566] (LONGER)
[4->0] [39.02600392073773] (PRESERVED)
[4->1] [8.605345954525379] (PRESERVED)
[4->3] [36.20839155441589] (PRESERVED)
[5->0] [11.84598471811651] (PRESERVED)
[5->1] [42.2447361329227] (PRESERVED)
[5->4] [33.86309819820114] (LONGER)
[6->0] [30.83383925342279] (LONGER)
[6->1] [36.5804820683813] (PRESERVED)
[6->5] [19.10184512090638] (LONGER)
[7->0] [41.98585015375168] (PRESERVED)
[7->1] [36.9794484319692] (LONGER)
[7->6] [11.21829853775365] (PRESERVED)
[8->0] [6.054898625679765] (PRESERVED)
[8->1] [46.47303455169007] (LONGER)
[8->7] [36.7040680272374] (LONGER)
[9->0] [15.32124181177783] (LONGER)
[9->1] [48.06516041430407] (LONGER)
[9->8] [9.340440752273253] (LONGER)
[10->0] [39.34785522186133] (LONGER)
[10->1] [41.36288935089885] (LONGER)
[10->9] [26.54845536264305] (LONGER)
[11->0] [35.76686923139921] (LONGER)
[11->1] [23.2477172292599] (PRESERVED)
[11->10] [18.36561627061586] (LONGER)
[12->0] [42.0345848595829] (PRESERVED)
[12->1] [27.42841841939691] (LONGER)
[12->11] [7.809017868404267] (PRESERVED)
[13->0] [33.32472293191089] (PRESERVED)
[13->1] [19.19411075367649] (PRESERVED)
[13->12] [34.7517221142406] (LONGER)
[14->0] [24.33914175431815] (LONGER)
[14->1] [25.40660119091801] (PRESERVED)
[14->13] [19.61610355427134] (PRESERVED)
[15->0] [20.44192197446715] (PRESERVED)
[15->1] [47.12322866756554] (PRESERVED)
[15->14] [22.31292696310999] (LONGER)
[16->0] [5.051209505312589] (LONGER)
[16->1] [42.68872024883009] (LONGER)
[16->15] [20.8587004398837] (PRESERVED)
[17->0] [34.08858346111655] (LONGER)
[17->1] [45.91806458182258] (LONGER)
[17->16] [33.3623675182271] (LONGER)
[18->0] [26.4402291488074] (PRESERVED)
[18->1] [22.3870070692956] (PRESERVED)
[18->17] [28.43638238155045] (PRESERVED)
[19->0] [8.956925072160804] (PRESERVED)
[19->1] [50.56917572707052] (LONGER)
[19->18] [28.27838129865361] (LONGER)
[20->0] [4.733819677783934] (LONGER)
[20->1] [45.54721209252694] (LONGER)
[20->19] [6.357382876758487] (PRESERVED)
[21->0] [11.29556550809066] (LONGER)
[21->1] [48.65134657512405] (LONGER)
[21->20] [7.402493902391184] (LONGER)
[22->0] [15.95178383077177] (PRESERVED)
[22->1] [51.02025238564126] (PRESERVED)
[22->21] [4.777659417500421] (PRESERVED)
[23->0] [24.45095211344581] (LONGER)
[23->1] [49.84874525670627] (LONGER)
[23->22] [9.51763050413965] (PRESERVED)
[24->0] [12.82283984204716] (LONGER)
[24->1] [39.8036702880118] (LONGER)
[24->23] [33.7051293464807] (LONGER)
[25->0] [45.56456645248635] (PRESERVED)
[25->1] [5.385668574754831] (PRESERVED)
[25->24] [39.02858732332489] (LONGER)
[26->0] [23.09135547982562] (PRESERVED)
[26->1] [28.56919668840122] (PRESERVED)
[26->25] [28.59139460640035] (LONGER)
[27->0] [45.40345992635427] (PRESERVED)
[27->1] [18.5469865050376] (PRESERVED)
[27->26] [34.65277728604715] (LONGER)
[28->0] [29.57639320630625] (LONGER)
[28->1] [22.48632305895597] (LONGER)
[28->27] [31.39335898187355] (PRESERVED)
[29->0] [46.92818629179903] (LONGER)
[29->1] [23.39194399738101] (LONGER)
[29->28] [35.55001882132397] (LONGER)
[30->0] [49.43978693619726] (PRESERVED)
[30->1] [31.55065575834777] (LONGER)
[30->29] [8.159027880108884] (LONGER)
[31->0] [41.32505242826647] (LONGER)
[31->1] [20.6553538227493] (PRESERVED)
[31->30] [12.61138251592577] (PRESERVED)
[32->0] [24.24188601893396] (LONGER)
[32->1] [32.70020769945965] (LONGER)
[32->31] [38.0313699305928] (PRESERVED)
[33->0] [7.479542614365307] (PRESERVED)
[33->1] [46.69083774110305] (PRESERVED)
[33->32] [19.02250517385848] (PRESERVED)
[34->0] [38.65612178355128] (LONGER)
[34->1] [9.821623921351367] (LONGER)
[34->33] [38.55497758300791] (PRESERVED)
[35->0] [20.07598983281115] (LONGER)
[35->1] [36.49863678820451] (PRESERVED)
[35->34] [30.30403957669667] (LONGER)
[36->0] [24.83437011191579] (LONGER)
[36->1] [45.82096334479576] (LONGER)
[36->35] [38.20189158979229] (LONGER)
[37->0] [40.88888013516911] (PRESERVED)
[37->1] [16.81049175176967] (PRESERVED)
[37->36] [31.57630881926001] (PRESERVED)
[38->0] [48.00876231094853] (LONGER)
[38->1] [27.67927918274765] (LONGER)
[38->37] [12.64458950993275] (PRESERVED)
[39->0] [26.40963002885582] (PRESERVED)
[39->1] [25.87393645305366] (LONGER)
[39->38] [40.60869687528876] (LONGER)
[40->0] [42.03498691719172] (PRESERVED)
[40->1] [9.357156823426532] (PRESERVED)
[40->39] [24.85421958508971] (PRESERVED)
[41->0] [32.74137518021351] (PRESERVED)
[41->1] [21.37076980540675] (PRESERVED)
[41->40] [22.4704515192277] (LONGER)
[42->0] [29.54684204693131] (PRESERVED)
[42->1] [49.23947015534765] (PRESERVED)
[42->41] [46.92746713839319] (LONGER)
[43->0] [23.89794167730583] (LONGER)
[43->1] [40.40478940543208] (LONGER)
[43->42] [9.773441946793234] (LONGER)
[44->0] [36.59610175812843] (PRESERVED)
[44->1] [12.68423949802803] (LONGER)
[44->43] [34.86231082799408] (LONGER)
[45->0] [32.66426562854008] (PRESERVED)
[45->1] [15.74634743222878] (PRESERVED)
[45->44] [10.25139431881676] (LONGER)
[46->0] [7.373767281130384] (LONGER)
[46->1] [49.46243666999773] (LONGER)
[46->45] [33.86390818941953] (LONGER)
[47->0] [29.52584448194359] (LONGER)
[47->1] [50.87890871615515] (LONGER)
[47->46] [22.82372312370816] (LONGER)
[48->0] [49.28830237714408] (LONGER)
[48->1] [18.87813427013981] (LONGER)
[48->47] [41.07071805992591] (LONGER)
[49->0] [13.05010541943811] (LONGER)
[49->1] [35.73957214951017] (LONGER)
[49->48] [36.24408624090903] (LONGER)
[50->0] [50.13718023226268] (LONGER)
[50->1] [24.89868626298582] (LONGER)
[50->49] [37.27862415133016] (LONGER)
[51->0] [36.20444759651582] (LONGER)
[51->1] [46.16915869619839] (LONGER)
[51->50] [29.67629441835737] (LONGER)
[52->0] [28.18411807863704] (LONGER)
[52->1] [42.20285366757571] (LONGER)
[52->51] [8.280733660613306] (LONGER)
[53->0] [43.82457603985238] (LONGER)
[53->1] [41.21952794691389] (LONGER)
[53->52] [16.4099289556255] (LONGER)
[54->0] [18.1087637443517] (PRESERVED)
[54->1] [37.33717200106877] (PRESERVED)
[54->53] [50.02406029036229] (LONGER)
[55->0] [33.03409845309365] (LONGER)
[55->1] [41.64891690714953] (LONGER)
[55->54] [41.51353587048295] (PRESERVED)
[56->0] [30.17652246870663] (PRESERVED)
[56->1] [30.09117729089083] (PRESERVED)
[56->55] [11.95185981164238] (PRESERVED)
[57->0] [42.07435127746567] (LONGER)
[57->1] [7.548857486221658] (LONGER)
[57->56] [29.37463145991308] (PRESERVED)
[58->0] [14.24656487931744] (PRESERVED)
[58->1] [34.89410186254096] (LONGER)
[58->57] [28.64619656443778] (PRESERVED)
[59->0] [19.99674110619885] (LONGER)
[59->1] [54.94591562068658] (LONGER)
[59->58] [30.23623419719242] (PRESERVED)
[60->0] [15.05243083361624] (LONGER)
[60->1] [32.65119292879002] (LONGER)
[60->59] [28.04679343645322] (LONGER)
[61->0] [30.117947533201] (PRESERVED)
[61->1] [28.06566014717572] (PRESERVED)
[61->60] [18.42610343901407] (PRESERVED)
[62->0] [34.43811614152586] (PRESERVED)
[62->1] [48.14791556674899] (PRESERVED)
[62->61] [50.73422312361661] (LONGER)
[63->0] [33.71398693996149] (PRESERVED)
[63->1] [49.38291989578137] (PRESERVED)
[63->62] [1.789404924822809] (PRESERVED)
[64->0] [40.2656537424964] (LONGER)
[64->1] [12.95307332083966] (LONGER)
[64->63] [50.89981337763006] (PRESERVED)
[65->0] [37.04781352820047] (PRESERVED)
[65->1] [19.75432616550358] (PRESERVED)
[65->64] [6.819522798963802] (PRESERVED)
[66->0] [41.67002300230595] (LONGER)
[66->1] [34.78150940786087] (LONGER)
[66->65] [44.26842364250147] (PRESERVED)
[67->0] [9.750137199215596] (LONGER)
[67->1] [40.86509292113188] (LONGER)
[67->66] [42.28655784211] (LONGER)
[68->0] [41.91979010994376] (PRESERVED)
[68->1] [11.84852976467729] (PRESERVED)
[68->67] [33.66006926938993] (PRESERVED)
[69->0] [46.53590780307663] (LONGER)
[69->1] [9.230863556199978] (LONGER)
[69->68] [19.31666456801262] (PRESERVED)
[70->0] [29.6739267402389] (LONGER)
[70->1] [19.54291881832228] (LONGER)
[70->69] [22.43248263762625] (LONGER)
[71->0] [17.20993388638593] (PRESERVED)
[71->1] [41.04151618578452] (LONGER)
[71->70] [28.56714322462712] (PRESERVED)
[72->0] [28.62138762699398] (LONGER)
[72->1] [26.68124456615393] (LONGER)
[72->71] [15.70786890075244] (PRESERVED)
[73->0] [33.61643326120621] (LONGER)
[73->1] [33.25170485913732] (LONGER)
[73->72] [9.465012393496368] (LONGER)
[74->0] [49.91029440596178] (LONGER)
[74->1] [7.166781230761589] (LONGER)
[74->73] [30.26933264544125] (LONGER)
[75->0] [36.39205165570623] (PRESERVED)
[75->1] [26.79298241266449] (PRESERVED)
[75->74] [23.44968700516462] (PRESERVED)
[76->0] [21.11604847750082] (PRESERVED)
[76->1] [35.52909832802182] (PRESERVED)
[76->75] [15.99670271978108] (LONGER)
[77->0] [37.82318207342819] (LONGER)
[77->1] [43.14271030175286] (PRESERVED)
[77->76] [18.37129539411706] (LONGER)
[78->0] [28.68230424121617] (PRESERVED)
[78->1] [19.39588619046155] (PRESERVED)
[78->77] [30.72057795301699] (LONGER)
[79->0] [46.78224706674098] (PRESERVED)
[79->1] [38.38961680869512] (PRESERVED)
[79->78] [31.65313303982775] (LONGER)
[80->0] [33.27692030533315] (LONGER)
[80->1] [15.42239495802021] (PRESERVED)
[80->79] [39.49971890534223] (LONGER)
[81->0] [3.97292948685108] (PRESERVED)
[81->1] [43.66453611976753] (PRESERVED)
[81->80] [29.3149229888805] (LONGER)
[82->0] [18.4003147976573] (PRESERVED)
[82->1] [31.29304291088238] (LONGER)
[82->81] [14.92884138777355] (LONGER)
[83->0] [45.77606979141117] (PRESERVED)
[83->1] [35.01866147970677] (PRESERVED)
[83->82] [29.56947199749429] (LONGER)
[84->0] [18.31511605839394] (LONGER)
[84->1] [29.50364962800255] (PRESERVED)
[84->83] [36.94215213859841] (LONGER)
[85->0] [27.61802392473597] (LONGER)
[85->1] [22.84324463460401] (LONGER)
[85->84] [10.24460279918806] (LONGER)
[86->0] [36.23966815771099] (LONGER)
[86->1] [40.90578980205866] (LONGER)
[86->85] [39.00820381211136] (LONGER)
[87->0] [45.215378033904] (PRESERVED)
[87->1] [14.52778672225517] (PRESERVED)
[87->86] [28.27389564133697] (LONGER)
[88->0] [49.54869851403038] (PRESERVED)
[88->1] [14.46779340153063] (PRESERVED)
[88->87] [4.38154179577749] (PRESERVED)
[89->0] [20.11368463119411] (PRESERVED)
[89->1] [51.08802272567593] (PRESERVED)
[89->88] [47.06926526094619] (PRESERVED)
[90->0] [44.02001046202951] (PRESERVED)
[90->1] [4.686569959376738] (LONGER)
[90->89] [48.99005547994328] (LONGER)
[91->0] [6.434538762289514] (PRESERVED)
[91->1] [45.2788004073747] (PRESERVED)
[91->90] [41.30752915482884] (LONGER)
[92->0] [35.74132645892939] (LONGER)
[92->1] [17.06924420501769] (LONGER)
[92->91] [35.42708102445707] (PRESERVED)
[93->0] [14.45434194593098] (LONGER)
[93->1] [37.92906593459585] (PRESERVED)
[93->92] [23.28391603666989] (LONGER)
[94->0] [10.43543079273976] (LONGER)
[94->1] [37.20547862146863] (LONGER)
[94->93] [9.992199562769734] (PRESERVED)
[95->0] [25.54733613282838] (LONGER)
[95->1] [47.23999882323289] (LONGER)
[95->94] [25.19480821367721] (LONGER)
[96->0] [45.22291192537851] (LONGER)
[96->1] [30.92707155805669] (PRESERVED)
[96->95] [28.26724702947094] (LONGER)
[97->0] [15.08655563971392] (LONGER)
[97->1] [38.6978251362558] (LONGER)
[97->96] [46.35764476807099] (LONGER)
[98->0] [22.27881011478857] (LONGER)
[98->1] [25.76588563644473] (LONGER)
[98->97] [13.89844565717217] (LONGER)
[99->0] [25.5487490403377] (PRESERVED)
[99->1] [34.86128351301826] (PRESERVED)
[99->98] [21.77732131466376] (PRESERVED)

Long edges	167 of 294 [56.80%]
Short edges	0 of 294 [0.00%]
Preserved edges	127 of 294 [43.20%]

Triangles	98

T0 [0, 89, 98] Area: [390.9512864396384]
T1 [0, 89, 27] Area: [793.9905742985524]
T2 [0, 89, 39] Area: [6.485126278190687]
T3 [0, 89, 21] Area: [235.0356797322477]
T4 [0, 89, 80] Area: [563.9348073338261]
T5 [0, 89, 78] Area: [745.7928232950781]
T6 [0, 89, 67] Area: [139.5437427907597]
T7 [0, 89, 60] Area: [361.6500236097775]
T8 [0, 89, 26] Area: [775.1483665872828]
T9 [0, 89, 81] Area: [400.3425672449688]
T10 [0, 89, 41] Area: [573.0462292576245]
T11 [0, 89, 44] Area: [251.6899488286209]
T12 [0, 89, 43] Area: [171.01135366059]
T13 [0, 89, 72] Area: [472.6678238886331]
T14 [0, 89, 73] Area: [24.03913974056054]
T15 [0, 89, 63] Area: [741.4475484954459]
T16 [0, 89, 52] Area: [127.6918310355613]
T17 [0, 89, 55] Area: [206.8072936007342]
T18 [0, 89, 92] Area: [98.93668082049271]
T19 [0, 89, 70] Area: [268.8848841555071]
T20 [0, 89, 10] Area: [379.3288785407049]
T21 [0, 89, 93] Area: [574.3997221299561]
T22 [0, 89, 85] Area: [219.6801569828881]
T23 [0, 89, 13] Area: [115.723670010226]
T24 [0, 89, 94] Area: [236.718052731763]
T25 [0, 89, 42] Area: [419.6488396640855]
T26 [0, 89, 49] Area: [247.609906164421]
T27 [0, 89, 25] Area: [535.5253627598864]
T28 [0, 89, 22] Area: [722.8515827519462]
T29 [0, 89, 45] Area: [425.4781395774542]
T30 [0, 89, 28] Area: [365.7127691986075]
T31 [0, 89, 34] Area: [174.4266283534912]
T32 [0, 89, 90] Area: [85.73204515718045]
T33 [0, 89, 1] Area: [341.2777100313821]
T34 [0, 89, 96] Area: [557.8318699103797]
T35 [0, 89, 91] Area: [334.6105242430023]
T36 [0, 89, 56] Area: [633.3915076426779]
T37 [0, 89, 16] Area: [256.8245628583139]
T38 [0, 89, 61] Area: [167.2648074165206]
T39 [0, 89, 38] Area: [297.0114129309239]
T40 [0, 89, 77] Area: [680.4017462074996]
T41 [0, 89, 14] Area: [482.5255770637135]
T42 [0, 89, 12] Area: [130.37366629428]
T43 [0, 89, 7] Area: [96.60878768364664]
T44 [0, 89, 57] Area: [172.8375013843421]
T45 [0, 89, 6] Area: [689.4565534364671]
T46 [0, 89, 18] Area: [446.88678610778]
T47 [0, 89, 86] Area: [110.8812819710783]
T48 [0, 89, 65] Area: [585.4767728130312]
T49 [0, 89, 75] Area: [782.5241071177194]
T50 [0, 89, 31] Area: [589.7460817915037]
T51 [0, 89, 99] Area: [837.6475707093633]
T52 [0, 89, 29] Area: [309.2546791749979]
T53 [0, 89, 83] Area: [673.6430592299107]
T54 [0, 89, 84] Area: [439.7275317708871]
T55 [0, 89, 71] Area: [114.2980340025742]
T56 [0, 89, 95] Area: [129.8926732082098]
T57 [0, 89, 11] Area: [468.0311003159856]
T58 [0, 89, 47] Area: [30.0792203852574]
T59 [0, 89, 48] Area: [397.5804270422233]
T60 [0, 89, 76] Area: [769.3298255740635]
T61 [0, 89, 88] Area: [765.6326514491861]
T62 [0, 89, 30] Area: [231.6437617009842]
T63 [0, 89, 58] Area: [343.4152153802353]
T64 [0, 89, 15] Area: [704.5774694293774]
T65 [0, 89, 69] Area: [154.4718419396925]
T66 [0, 89, 19] Area: [230.4153857745237]
T67 [0, 89, 62] Area: [214.7390256947897]
T68 [0, 89, 23] Area: [144.3994822553496]
T69 [0, 89, 53] Area: [345.7614392048758]
T70 [0, 89, 50] Area: [334.4070352961078]
T71 [0, 89, 33] Area: [558.8427829212586]
T72 [0, 89, 68] Area: [165.1939649988294]
T73 [0, 89, 54] Area: [484.2408311802386]
T74 [0, 89, 51] Area: [348.0086513372517]
T75 [0, 89, 79] Area: [774.7245876723259]
T76 [0, 89, 97] Area: [76.81597759939858]
T77 [0, 89, 40] Area: [827.5821634164404]
T78 [0, 89, 46] Area: [112.2311009414407]
T79 [0, 89, 20] Area: [6.850393037741185]
T80 [0, 89, 24] Area: [162.5761693888192]
T81 [0, 89, 5] Area: [756.9992142994575]
T82 [0, 89, 9] Area: [49.63040867705335]
T83 [0, 89, 66] Area: [197.5550275206299]
T84 [0, 89, 37] Area: [719.1207102060132]
T85 [0, 89, 87] Area: [328.4241987382356]
T86 [0, 89, 4] Area: [344.4763366325993]
T87 [0, 89, 35] Area: [478.7105342174172]
T88 [0, 89, 8] Area: [68.49244109961656]
T89 [0, 89, 64] Area: [138.8169500979199]
T90 [0, 89, 82] Area: [249.9446892083228]
T91 [0, 89, 17] Area: [225.9695276213615]
T92 [0, 89, 74] Area: [11.70116032871528]
T93 [0, 89, 3] Area: [583.4435599958657]
T94 [0, 89, 2] Area: [674.8453905778248]
T95 [0, 89, 32] Area: [258.407490598698]
T96 [0, 89, 36] Area: [75.14677750009868]
T97 [0, 89, 59] Area: [433.9469361387582]

CA	1.51735e+06
RMS Absolute	12.3181
CR	1708.63
RMS Relative	0.415439

Projection Mode	Minimum Distance

Optimization Runtime	-2.537232041358948

Lambda, uppercase (Λ) lowercase (λ)	0.01

Using Minimum Distance?	YES
Using Minimum Perimeter?	NO
Using Minimum Area?	NO

Iterations	10
Sammon's stress	0.172438
