2015-07-31 23:22:05.822 Oculus[4251:1834327] [0] 0
2015-07-31 23:22:05.824 Oculus[4251:1834327] [1] 1
2015-07-31 23:22:05.824 Oculus[4251:1834327] [2] 2
2015-07-31 23:22:05.825 Oculus[4251:1834327] [3] 3
2015-07-31 23:22:05.825 Oculus[4251:1834327] [4] 4
2015-07-31 23:22:05.826 Oculus[4251:1834327] [5] 5
2015-07-31 23:22:05.826 Oculus[4251:1834327] [6] 6
2015-07-31 23:22:05.827 Oculus[4251:1834327] [7] 7
2015-07-31 23:22:05.833 Oculus[4251:1834327] [8] 8
2015-07-31 23:22:05.833 Oculus[4251:1834327] [9] 9
2015-07-31 23:22:05.834 Oculus[4251:1834327] 
2015-07-31 23:22:05.835 Oculus[4251:1834327] dimension = 3
2015-07-31 23:22:05.836 Oculus[4251:1834327] [self.graph edgeFromIndex:0 toIndex:3] = 0--3 [0->3] [3.797762367500104] (PRESERVED)
2015-07-31 23:22:05.836 Oculus[4251:1834327] k = 0 ....................
2015-07-31 23:22:05.836 Oculus[4251:1834327] kOfPi 1 [#1] at {1.8475, 0.0000, 0.0000, 0.0000} positionAtIndex:0 = 1.847474492381424
2015-07-31 23:22:05.837 Oculus[4251:1834327] jOfPi 1 [#1] at {1.8475, 0.0000, 0.0000, 0.0000} positionAtIndex:0 = 1.847474492381424
2015-07-31 23:22:05.837 Oculus[4251:1834327] PkPi [self.graph edgeFromIndex:1 toIndex:3] = 1--3 [1->3] [3.21701709662849] (PRESERVED)
2015-07-31 23:22:05.837 Oculus[4251:1834327] k = 1 ....................
2015-07-31 23:22:05.838 Oculus[4251:1834327] kOfPi 2 [#2] at {0.6802, 2.1901, 0.0000, 0.0000} positionAtIndex:1 = 2.190098085518719
2015-07-31 23:22:05.838 Oculus[4251:1834327] jOfPi 2 [#2] at {0.6802, 2.1901, 0.0000, 0.0000} positionAtIndex:0 = 0.6802318544490873
2015-07-31 23:22:05.838 Oculus[4251:1834327] jOfPi 2 [#2] at {0.6802, 2.1901, 0.0000, 0.0000} positionAtIndex:1 = 2.190098085518719
2015-07-31 23:22:05.839 Oculus[4251:1834327] PkPi [self.graph edgeFromIndex:2 toIndex:3] = 2--3 [2->3] [4.608910066382289] (PRESERVED)
2015-07-31 23:22:05.840 Oculus[4251:1834327] 
2015-07-31 23:22:05.840 Oculus[4251:1834327] dimension = 4
2015-07-31 23:22:05.840 Oculus[4251:1834327] [self.graph edgeFromIndex:0 toIndex:4] = 0--4 [0->4] [5.202511220554935] (PRESERVED)
2015-07-31 23:22:05.841 Oculus[4251:1834327] k = 0 ....................
2015-07-31 23:22:05.841 Oculus[4251:1834327] kOfPi 1 [#1] at {1.8475, 0.0000, 0.0000, 0.0000} positionAtIndex:0 = 1.847474492381424
2015-07-31 23:22:05.841 Oculus[4251:1834327] jOfPi 1 [#1] at {1.8475, 0.0000, 0.0000, 0.0000} positionAtIndex:0 = 1.847474492381424
2015-07-31 23:22:05.842 Oculus[4251:1834327] PkPi [self.graph edgeFromIndex:1 toIndex:4] = 1--4 [1->4] [4.363269072610581] (PRESERVED)
2015-07-31 23:22:05.842 Oculus[4251:1834327] k = 1 ....................
2015-07-31 23:22:05.842 Oculus[4251:1834327] kOfPi 2 [#2] at {0.6802, 2.1901, 0.0000, 0.0000} positionAtIndex:1 = 2.190098085518719
2015-07-31 23:22:05.842 Oculus[4251:1834327] jOfPi 2 [#2] at {0.6802, 2.1901, 0.0000, 0.0000} positionAtIndex:0 = 0.6802318544490873
2015-07-31 23:22:05.843 Oculus[4251:1834327] jOfPi 2 [#2] at {0.6802, 2.1901, 0.0000, 0.0000} positionAtIndex:1 = 2.190098085518719
2015-07-31 23:22:05.843 Oculus[4251:1834327] PkPi [self.graph edgeFromIndex:2 toIndex:4] = 2--4 [2->4] [4.99061699592345] (PRESERVED)
2015-07-31 23:22:05.843 Oculus[4251:1834327] k = 2 ....................
2015-07-31 23:22:05.845 Oculus[4251:1834327] kOfPi 3 [#3] at {2.0263, -0.9855, 3.0571, 0.0000} positionAtIndex:2 = 3.0571416953443
2015-07-31 23:22:05.847 Oculus[4251:1834327] jOfPi 3 [#3] at {2.0263, -0.9855, 3.0571, 0.0000} positionAtIndex:0 = 2.026269383115863
2015-07-31 23:22:05.847 Oculus[4251:1834327] jOfPi 3 [#3] at {2.0263, -0.9855, 3.0571, 0.0000} positionAtIndex:1 = -0.9854522015981478
2015-07-31 23:22:05.849 Oculus[4251:1834327] jOfPi 3 [#3] at {2.0263, -0.9855, 3.0571, 0.0000} positionAtIndex:2 = 3.0571416953443
2015-07-31 23:22:05.850 Oculus[4251:1834327] PkPi [self.graph edgeFromIndex:3 toIndex:4] = 3--4 [3->4] [3.349836712438383] (PRESERVED)
2015-07-31 23:22:05.850 Oculus[4251:1834327] 
2015-07-31 23:22:05.851 Oculus[4251:1834327] dimension = 5
2015-07-31 23:22:05.852 Oculus[4251:1834327] [self.graph edgeFromIndex:0 toIndex:5] = 0--5 [0->5] [1.761744022268843] (PRESERVED)
2015-07-31 23:22:05.852 Oculus[4251:1834327] k = 0 ....................
2015-07-31 23:22:05.852 Oculus[4251:1834327] kOfPi 1 [#1] at {1.8475, 0.0000, 0.0000, 0.0000} positionAtIndex:0 = 1.847474492381424
2015-07-31 23:22:05.852 Oculus[4251:1834327] jOfPi 1 [#1] at {1.8475, 0.0000, 0.0000, 0.0000} positionAtIndex:0 = 1.847474492381424
2015-07-31 23:22:05.853 Oculus[4251:1834327] PkPi [self.graph edgeFromIndex:1 toIndex:5] = 1--5 [1->5] [2.276327744416432] (PRESERVED)
2015-07-31 23:22:05.853 Oculus[4251:1834327] k = 1 ....................
2015-07-31 23:22:05.853 Oculus[4251:1834327] kOfPi 2 [#2] at {0.6802, 2.1901, 0.0000, 0.0000} positionAtIndex:1 = 2.190098085518719
2015-07-31 23:22:05.853 Oculus[4251:1834327] jOfPi 2 [#2] at {0.6802, 2.1901, 0.0000, 0.0000} positionAtIndex:0 = 0.6802318544490873
2015-07-31 23:22:05.854 Oculus[4251:1834327] jOfPi 2 [#2] at {0.6802, 2.1901, 0.0000, 0.0000} positionAtIndex:1 = 2.190098085518719
2015-07-31 23:22:05.854 Oculus[4251:1834327] PkPi [self.graph edgeFromIndex:2 toIndex:5] = 2--5 [2->5] [1.19260597013431] (PRESERVED)
2015-07-31 23:22:05.854 Oculus[4251:1834327] k = 2 ....................
2015-07-31 23:22:05.854 Oculus[4251:1834327] kOfPi 3 [#3] at {2.0263, -0.9855, 3.0571, 0.0000} positionAtIndex:2 = 3.0571416953443
2015-07-31 23:22:05.855 Oculus[4251:1834327] jOfPi 3 [#3] at {2.0263, -0.9855, 3.0571, 0.0000} positionAtIndex:0 = 2.026269383115863
2015-07-31 23:22:05.855 Oculus[4251:1834327] jOfPi 3 [#3] at {2.0263, -0.9855, 3.0571, 0.0000} positionAtIndex:1 = -0.9854522015981478
2015-07-31 23:22:05.855 Oculus[4251:1834327] jOfPi 3 [#3] at {2.0263, -0.9855, 3.0571, 0.0000} positionAtIndex:2 = 3.0571416953443
2015-07-31 23:22:05.856 Oculus[4251:1834327] PkPi [self.graph edgeFromIndex:3 toIndex:5] = 3--5 [3->5] [4.332804980610136] (PRESERVED)
2015-07-31 23:22:05.856 Oculus[4251:1834327] k = 3 ....................
2015-07-31 23:22:05.856 Oculus[4251:1834327] kOfPi 4 [#4] at {3.0964, 0.7321, 3.1340, 2.6684} positionAtIndex:3 = 2.668413893089146
2015-07-31 23:22:05.857 Oculus[4251:1834327] jOfPi 4 [#4] at {3.0964, 0.7321, 3.1340, 2.6684} positionAtIndex:0 = 3.096434632028978
2015-07-31 23:22:05.857 Oculus[4251:1834327] jOfPi 4 [#4] at {3.0964, 0.7321, 3.1340, 2.6684} positionAtIndex:1 = 0.7320501025390483
2015-07-31 23:22:05.857 Oculus[4251:1834327] jOfPi 4 [#4] at {3.0964, 0.7321, 3.1340, 2.6684} positionAtIndex:2 = 3.13398875430544
2015-07-31 23:22:05.858 Oculus[4251:1834327] jOfPi 4 [#4] at {3.0964, 0.7321, 3.1340, 2.6684} positionAtIndex:3 = 2.668413893089146
2015-07-31 23:22:05.859 Oculus[4251:1834327] PkPi [self.graph edgeFromIndex:4 toIndex:5] = 4--5 [4->5] [4.560041337531931] (PRESERVED)
2015-07-31 23:22:05.859 Oculus[4251:1834327] PnPi [self.graph edgeFromIndex:4 toIndex:5] = 4--5 [4->5] [4.560041337531931] (PRESERVED)
2015-07-31 23:22:05.866 Oculus[4251:1834327] 
2015-07-31 23:22:05.867 Oculus[4251:1834327] dimension = 6
2015-07-31 23:22:05.867 Oculus[4251:1834327] [self.graph edgeFromIndex:0 toIndex:6] = 0--6 [0->6] [4.017921104252795] (PRESERVED)
2015-07-31 23:22:05.867 Oculus[4251:1834327] k = 0 ....................
2015-07-31 23:22:05.867 Oculus[4251:1834327] kOfPi 1 [#1] at {1.8475, 0.0000, 0.0000, 0.0000} positionAtIndex:0 = 1.847474492381424
2015-07-31 23:22:05.867 Oculus[4251:1834327] jOfPi 1 [#1] at {1.8475, 0.0000, 0.0000, 0.0000} positionAtIndex:0 = 1.847474492381424
2015-07-31 23:22:05.868 Oculus[4251:1834327] PkPi [self.graph edgeFromIndex:1 toIndex:6] = 1--6 [1->6] [3.358919469115031] (PRESERVED)
2015-07-31 23:22:05.868 Oculus[4251:1834327] k = 1 ....................
2015-07-31 23:22:05.868 Oculus[4251:1834327] kOfPi 2 [#2] at {0.6802, 2.1901, 0.0000, 0.0000} positionAtIndex:1 = 2.190098085518719
2015-07-31 23:22:05.868 Oculus[4251:1834327] jOfPi 2 [#2] at {0.6802, 2.1901, 0.0000, 0.0000} positionAtIndex:0 = 0.6802318544490873
2015-07-31 23:22:05.869 Oculus[4251:1834327] jOfPi 2 [#2] at {0.6802, 2.1901, 0.0000, 0.0000} positionAtIndex:1 = 2.190098085518719
2015-07-31 23:22:05.869 Oculus[4251:1834327] PkPi [self.graph edgeFromIndex:2 toIndex:6] = 2--6 [2->6] [3.783505120916318] (PRESERVED)
2015-07-31 23:22:05.869 Oculus[4251:1834327] k = 2 ....................
2015-07-31 23:22:05.869 Oculus[4251:1834327] kOfPi 3 [#3] at {2.0263, -0.9855, 3.0571, 0.0000} positionAtIndex:2 = 3.0571416953443
2015-07-31 23:22:05.869 Oculus[4251:1834327] jOfPi 3 [#3] at {2.0263, -0.9855, 3.0571, 0.0000} positionAtIndex:0 = 2.026269383115863
2015-07-31 23:22:05.870 Oculus[4251:1834327] jOfPi 3 [#3] at {2.0263, -0.9855, 3.0571, 0.0000} positionAtIndex:1 = -0.9854522015981478
2015-07-31 23:22:05.870 Oculus[4251:1834327] jOfPi 3 [#3] at {2.0263, -0.9855, 3.0571, 0.0000} positionAtIndex:2 = 3.0571416953443
2015-07-31 23:22:05.870 Oculus[4251:1834327] PkPi [self.graph edgeFromIndex:3 toIndex:6] = 3--6 [3->6] [2.433024660787473] (PRESERVED)
2015-07-31 23:22:05.871 Oculus[4251:1834327] k = 3 ....................
2015-07-31 23:22:05.871 Oculus[4251:1834327] kOfPi 4 [#4] at {3.0964, 0.7321, 3.1340, 2.6684} positionAtIndex:3 = 2.668413893089146
2015-07-31 23:22:05.871 Oculus[4251:1834327] jOfPi 4 [#4] at {3.0964, 0.7321, 3.1340, 2.6684} positionAtIndex:0 = 3.096434632028978
2015-07-31 23:22:05.872 Oculus[4251:1834327] jOfPi 4 [#4] at {3.0964, 0.7321, 3.1340, 2.6684} positionAtIndex:1 = 0.7320501025390483
2015-07-31 23:22:05.872 Oculus[4251:1834327] jOfPi 4 [#4] at {3.0964, 0.7321, 3.1340, 2.6684} positionAtIndex:2 = 3.13398875430544
2015-07-31 23:22:05.873 Oculus[4251:1834327] jOfPi 4 [#4] at {3.0964, 0.7321, 3.1340, 2.6684} positionAtIndex:3 = 2.668413893089146
2015-07-31 23:22:05.873 Oculus[4251:1834327] PkPi [self.graph edgeFromIndex:4 toIndex:6] = 4--6 [4->6] [4.24939466277257] (PRESERVED)
2015-07-31 23:22:05.874 Oculus[4251:1834327] PnPi [self.graph edgeFromIndex:4 toIndex:6] = 4--6 [4->6] [4.24939466277257] (PRESERVED)
2015-07-31 23:22:05.874 Oculus[4251:1834327] 
2015-07-31 23:22:05.874 Oculus[4251:1834327] dimension = 7
2015-07-31 23:22:05.874 Oculus[4251:1834327] [self.graph edgeFromIndex:0 toIndex:7] = 0--7 [0->7] [3.26662363917241] (PRESERVED)
2015-07-31 23:22:05.875 Oculus[4251:1834327] k = 0 ....................
2015-07-31 23:22:05.875 Oculus[4251:1834327] kOfPi 1 [#1] at {1.8475, 0.0000, 0.0000, 0.0000} positionAtIndex:0 = 1.847474492381424
2015-07-31 23:22:05.875 Oculus[4251:1834327] jOfPi 1 [#1] at {1.8475, 0.0000, 0.0000, 0.0000} positionAtIndex:0 = 1.847474492381424
2015-07-31 23:22:05.875 Oculus[4251:1834327] PkPi [self.graph edgeFromIndex:1 toIndex:7] = 1--7 [1->7] [3.721282843321642] (PRESERVED)
2015-07-31 23:22:05.875 Oculus[4251:1834327] k = 1 ....................
2015-07-31 23:22:05.875 Oculus[4251:1834327] kOfPi 2 [#2] at {0.6802, 2.1901, 0.0000, 0.0000} positionAtIndex:1 = 2.190098085518719
2015-07-31 23:22:05.876 Oculus[4251:1834327] jOfPi 2 [#2] at {0.6802, 2.1901, 0.0000, 0.0000} positionAtIndex:0 = 0.6802318544490873
2015-07-31 23:22:05.876 Oculus[4251:1834327] jOfPi 2 [#2] at {0.6802, 2.1901, 0.0000, 0.0000} positionAtIndex:1 = 2.190098085518719
2015-07-31 23:22:05.876 Oculus[4251:1834327] PkPi [self.graph edgeFromIndex:2 toIndex:7] = 2--7 [2->7] [3.475191073883564] (PRESERVED)
2015-07-31 23:22:05.876 Oculus[4251:1834327] k = 2 ....................
2015-07-31 23:22:05.876 Oculus[4251:1834327] kOfPi 3 [#3] at {2.0263, -0.9855, 3.0571, 0.0000} positionAtIndex:2 = 3.0571416953443
2015-07-31 23:22:05.876 Oculus[4251:1834327] jOfPi 3 [#3] at {2.0263, -0.9855, 3.0571, 0.0000} positionAtIndex:0 = 2.026269383115863
2015-07-31 23:22:05.877 Oculus[4251:1834327] jOfPi 3 [#3] at {2.0263, -0.9855, 3.0571, 0.0000} positionAtIndex:1 = -0.9854522015981478
2015-07-31 23:22:05.877 Oculus[4251:1834327] jOfPi 3 [#3] at {2.0263, -0.9855, 3.0571, 0.0000} positionAtIndex:2 = 3.0571416953443
2015-07-31 23:22:05.877 Oculus[4251:1834327] PkPi [self.graph edgeFromIndex:3 toIndex:7] = 3--7 [3->7] [5.762415726064894] (PRESERVED)
2015-07-31 23:22:05.877 Oculus[4251:1834327] k = 3 ....................
2015-07-31 23:22:05.878 Oculus[4251:1834327] kOfPi 4 [#4] at {3.0964, 0.7321, 3.1340, 2.6684} positionAtIndex:3 = 2.668413893089146
2015-07-31 23:22:05.878 Oculus[4251:1834327] jOfPi 4 [#4] at {3.0964, 0.7321, 3.1340, 2.6684} positionAtIndex:0 = 3.096434632028978
2015-07-31 23:22:05.878 Oculus[4251:1834327] jOfPi 4 [#4] at {3.0964, 0.7321, 3.1340, 2.6684} positionAtIndex:1 = 0.7320501025390483
2015-07-31 23:22:05.879 Oculus[4251:1834327] jOfPi 4 [#4] at {3.0964, 0.7321, 3.1340, 2.6684} positionAtIndex:2 = 3.13398875430544
2015-07-31 23:22:05.880 Oculus[4251:1834327] jOfPi 4 [#4] at {3.0964, 0.7321, 3.1340, 2.6684} positionAtIndex:3 = 2.668413893089146
2015-07-31 23:22:05.880 Oculus[4251:1834327] PkPi [self.graph edgeFromIndex:4 toIndex:7] = 4--7 [4->7] [5.210837648593554] (PRESERVED)
2015-07-31 23:22:05.881 Oculus[4251:1834327] PnPi [self.graph edgeFromIndex:4 toIndex:7] = 4--7 [4->7] [5.210837648593554] (PRESERVED)
2015-07-31 23:22:05.881 Oculus[4251:1834327] 
2015-07-31 23:22:05.881 Oculus[4251:1834327] dimension = 8
2015-07-31 23:22:05.881 Oculus[4251:1834327] [self.graph edgeFromIndex:0 toIndex:8] = 0--8 [0->8] [5.471127671696211] (PRESERVED)
2015-07-31 23:22:05.882 Oculus[4251:1834327] k = 0 ....................
2015-07-31 23:22:05.882 Oculus[4251:1834327] kOfPi 1 [#1] at {1.8475, 0.0000, 0.0000, 0.0000} positionAtIndex:0 = 1.847474492381424
2015-07-31 23:22:05.882 Oculus[4251:1834327] jOfPi 1 [#1] at {1.8475, 0.0000, 0.0000, 0.0000} positionAtIndex:0 = 1.847474492381424
2015-07-31 23:22:05.882 Oculus[4251:1834327] PkPi [self.graph edgeFromIndex:1 toIndex:8] = 1--8 [1->8] [4.837827198236829] (PRESERVED)
2015-07-31 23:22:05.883 Oculus[4251:1834327] k = 1 ....................
2015-07-31 23:22:05.883 Oculus[4251:1834327] kOfPi 2 [#2] at {0.6802, 2.1901, 0.0000, 0.0000} positionAtIndex:1 = 2.190098085518719
2015-07-31 23:22:05.883 Oculus[4251:1834327] jOfPi 2 [#2] at {0.6802, 2.1901, 0.0000, 0.0000} positionAtIndex:0 = 0.6802318544490873
2015-07-31 23:22:05.883 Oculus[4251:1834327] jOfPi 2 [#2] at {0.6802, 2.1901, 0.0000, 0.0000} positionAtIndex:1 = 2.190098085518719
2015-07-31 23:22:05.883 Oculus[4251:1834327] PkPi [self.graph edgeFromIndex:2 toIndex:8] = 2--8 [2->8] [4.769698837452947] (PRESERVED)
2015-07-31 23:22:05.884 Oculus[4251:1834327] k = 2 ....................
2015-07-31 23:22:05.884 Oculus[4251:1834327] kOfPi 3 [#3] at {2.0263, -0.9855, 3.0571, 0.0000} positionAtIndex:2 = 3.0571416953443
2015-07-31 23:22:05.884 Oculus[4251:1834327] jOfPi 3 [#3] at {2.0263, -0.9855, 3.0571, 0.0000} positionAtIndex:0 = 2.026269383115863
2015-07-31 23:22:05.884 Oculus[4251:1834327] jOfPi 3 [#3] at {2.0263, -0.9855, 3.0571, 0.0000} positionAtIndex:1 = -0.9854522015981478
2015-07-31 23:22:05.884 Oculus[4251:1834327] jOfPi 3 [#3] at {2.0263, -0.9855, 3.0571, 0.0000} positionAtIndex:2 = 3.0571416953443
2015-07-31 23:22:05.884 Oculus[4251:1834327] PkPi [self.graph edgeFromIndex:3 toIndex:8] = 3--8 [3->8] [4.281609627231329] (PRESERVED)
2015-07-31 23:22:05.885 Oculus[4251:1834327] k = 3 ....................
2015-07-31 23:22:05.885 Oculus[4251:1834327] kOfPi 4 [#4] at {3.0964, 0.7321, 3.1340, 2.6684} positionAtIndex:3 = 2.668413893089146
2015-07-31 23:22:05.885 Oculus[4251:1834327] jOfPi 4 [#4] at {3.0964, 0.7321, 3.1340, 2.6684} positionAtIndex:0 = 3.096434632028978
2015-07-31 23:22:05.885 Oculus[4251:1834327] jOfPi 4 [#4] at {3.0964, 0.7321, 3.1340, 2.6684} positionAtIndex:1 = 0.7320501025390483
2015-07-31 23:22:05.885 Oculus[4251:1834327] jOfPi 4 [#4] at {3.0964, 0.7321, 3.1340, 2.6684} positionAtIndex:2 = 3.13398875430544
2015-07-31 23:22:05.886 Oculus[4251:1834327] jOfPi 4 [#4] at {3.0964, 0.7321, 3.1340, 2.6684} positionAtIndex:3 = 2.668413893089146
2015-07-31 23:22:05.886 Oculus[4251:1834327] PkPi [self.graph edgeFromIndex:4 toIndex:8] = 4--8 [4->8] [1.37439695866951] (PRESERVED)
2015-07-31 23:22:05.886 Oculus[4251:1834327] PnPi [self.graph edgeFromIndex:4 toIndex:8] = 4--8 [4->8] [1.37439695866951] (PRESERVED)
2015-07-31 23:22:05.886 Oculus[4251:1834327] 
2015-07-31 23:22:05.886 Oculus[4251:1834327] dimension = 9
2015-07-31 23:22:05.887 Oculus[4251:1834327] [self.graph edgeFromIndex:0 toIndex:9] = 0--9 [0->9] [1.731763840712699] (PRESERVED)
2015-07-31 23:22:05.887 Oculus[4251:1834327] k = 0 ....................
2015-07-31 23:22:05.887 Oculus[4251:1834327] kOfPi 1 [#1] at {1.8475, 0.0000, 0.0000, 0.0000} positionAtIndex:0 = 1.847474492381424
2015-07-31 23:22:05.887 Oculus[4251:1834327] jOfPi 1 [#1] at {1.8475, 0.0000, 0.0000, 0.0000} positionAtIndex:0 = 1.847474492381424
2015-07-31 23:22:05.887 Oculus[4251:1834327] PkPi [self.graph edgeFromIndex:1 toIndex:9] = 1--9 [1->9] [2.580435234606751] (PRESERVED)
2015-07-31 23:22:05.888 Oculus[4251:1834327] k = 1 ....................
2015-07-31 23:22:05.888 Oculus[4251:1834327] kOfPi 2 [#2] at {0.6802, 2.1901, 0.0000, 0.0000} positionAtIndex:1 = 2.190098085518719
2015-07-31 23:22:05.889 Oculus[4251:1834327] jOfPi 2 [#2] at {0.6802, 2.1901, 0.0000, 0.0000} positionAtIndex:0 = 0.6802318544490873
2015-07-31 23:22:05.891 Oculus[4251:1834327] jOfPi 2 [#2] at {0.6802, 2.1901, 0.0000, 0.0000} positionAtIndex:1 = 2.190098085518719
2015-07-31 23:22:05.891 Oculus[4251:1834327] PkPi [self.graph edgeFromIndex:2 toIndex:9] = 2--9 [2->9] [1.390419001596282] (PRESERVED)
2015-07-31 23:22:05.891 Oculus[4251:1834327] k = 2 ....................
2015-07-31 23:22:05.891 Oculus[4251:1834327] kOfPi 3 [#3] at {2.0263, -0.9855, 3.0571, 0.0000} positionAtIndex:2 = 3.0571416953443
2015-07-31 23:22:05.892 Oculus[4251:1834327] jOfPi 3 [#3] at {2.0263, -0.9855, 3.0571, 0.0000} positionAtIndex:0 = 2.026269383115863
2015-07-31 23:22:05.892 Oculus[4251:1834327] jOfPi 3 [#3] at {2.0263, -0.9855, 3.0571, 0.0000} positionAtIndex:1 = -0.9854522015981478
2015-07-31 23:22:05.892 Oculus[4251:1834327] jOfPi 3 [#3] at {2.0263, -0.9855, 3.0571, 0.0000} positionAtIndex:2 = 3.0571416953443
2015-07-31 23:22:05.892 Oculus[4251:1834327] PkPi [self.graph edgeFromIndex:3 toIndex:9] = 3--9 [3->9] [5.103583740862884] (PRESERVED)
2015-07-31 23:22:05.893 Oculus[4251:1834327] k = 3 ....................
2015-07-31 23:22:05.893 Oculus[4251:1834327] kOfPi 4 [#4] at {3.0964, 0.7321, 3.1340, 2.6684} positionAtIndex:3 = 2.668413893089146
2015-07-31 23:22:05.893 Oculus[4251:1834327] jOfPi 4 [#4] at {3.0964, 0.7321, 3.1340, 2.6684} positionAtIndex:0 = 3.096434632028978
2015-07-31 23:22:05.894 Oculus[4251:1834327] jOfPi 4 [#4] at {3.0964, 0.7321, 3.1340, 2.6684} positionAtIndex:1 = 0.7320501025390483
2015-07-31 23:22:05.894 Oculus[4251:1834327] jOfPi 4 [#4] at {3.0964, 0.7321, 3.1340, 2.6684} positionAtIndex:2 = 3.13398875430544
2015-07-31 23:22:05.894 Oculus[4251:1834327] jOfPi 4 [#4] at {3.0964, 0.7321, 3.1340, 2.6684} positionAtIndex:3 = 2.668413893089146
2015-07-31 23:22:05.894 Oculus[4251:1834327] PkPi [self.graph edgeFromIndex:4 toIndex:9] = 4--9 [4->9] [5.926782854129211] (PRESERVED)
2015-07-31 23:22:05.895 Oculus[4251:1834327] PnPi [self.graph edgeFromIndex:4 toIndex:9] = 4--9 [4->9] [5.926782854129211] (PRESERVED)
2015-07-31 23:22:05.896 Oculus[4251:1834327] 
