2015-08-01 00:17:35.675 Oculus[4324:1843042] [0] 5
2015-08-01 00:17:35.680 Oculus[4324:1843042] [1] 1
2015-08-01 00:17:35.680 Oculus[4324:1843042] [2] 2
2015-08-01 00:17:35.680 Oculus[4324:1843042] [3] 0
2015-08-01 00:17:35.680 Oculus[4324:1843042] [4] 9
2015-08-01 00:17:35.681 Oculus[4324:1843042] [5] 3
2015-08-01 00:17:35.682 Oculus[4324:1843042] [6] 6
2015-08-01 00:17:35.682 Oculus[4324:1843042] [7] 7
2015-08-01 00:17:35.682 Oculus[4324:1843042] [8] 4
2015-08-01 00:17:35.683 Oculus[4324:1843042] [9] 8
2015-08-01 00:17:35.683 Oculus[4324:1843042] 
2015-08-01 00:17:35.685 Oculus[4324:1843042] dimension = 3
2015-08-01 00:17:35.686 Oculus[4324:1843042] [self.graph edgeFromIndex:5 toIndex:0] = 5--0 [5->0] [1.761744022268843] (PRESERVED)
2015-08-01 00:17:35.686 Oculus[4324:1843042] k = 0 ....................
2015-08-01 00:17:35.686 Oculus[4324:1843042] kOfPi 1 [#1] at {2.2763, 0.0000, 0.0000, 0.0000} positionAtIndex:0 = 2.276327744416432
2015-08-01 00:17:35.687 Oculus[4324:1843042] jOfPi 1 [#1] at {2.2763, 0.0000, 0.0000, 0.0000} positionAtIndex:0 = 2.276327744416432
2015-08-01 00:17:35.687 Oculus[4324:1843042] PkPi [self.graph edgeFromIndex:1 toIndex:0] = 1--0 [1->0] [1.847474492381424] (PRESERVED)
2015-08-01 00:17:35.687 Oculus[4324:1843042] k = 1 ....................
2015-08-01 00:17:35.688 Oculus[4324:1843042] kOfPi 2 [#2] at {0.0977, 1.1886, 0.0000, 0.0000} positionAtIndex:1 = 1.188593803153387
2015-08-01 00:17:35.688 Oculus[4324:1843042] jOfPi 2 [#2] at {0.0977, 1.1886, 0.0000, 0.0000} positionAtIndex:0 = 0.09774339417764308
2015-08-01 00:17:35.689 Oculus[4324:1843042] jOfPi 2 [#2] at {0.0977, 1.1886, 0.0000, 0.0000} positionAtIndex:1 = 1.188593803153387
2015-08-01 00:17:35.689 Oculus[4324:1843042] PkPi [self.graph edgeFromIndex:2 toIndex:0] = 2--0 [2->0] [2.293304384507212] (PRESERVED)
2015-08-01 00:17:35.690 Oculus[4324:1843042] 
2015-08-01 00:17:35.690 Oculus[4324:1843042] dimension = 4
2015-08-01 00:17:35.690 Oculus[4324:1843042] [self.graph edgeFromIndex:5 toIndex:9] = 5--9 [5->9] [1.514299177837721] (PRESERVED)
2015-08-01 00:17:35.694 Oculus[4324:1843042] k = 0 ....................
2015-08-01 00:17:35.695 Oculus[4324:1843042] kOfPi 1 [#1] at {2.2763, 0.0000, 0.0000, 0.0000} positionAtIndex:0 = 2.276327744416432
2015-08-01 00:17:35.696 Oculus[4324:1843042] jOfPi 1 [#1] at {2.2763, 0.0000, 0.0000, 0.0000} positionAtIndex:0 = 2.276327744416432
2015-08-01 00:17:35.697 Oculus[4324:1843042] PkPi [self.graph edgeFromIndex:1 toIndex:9] = 1--9 [1->9] [2.580435234606751] (PRESERVED)
2015-08-01 00:17:35.697 Oculus[4324:1843042] k = 1 ....................
2015-08-01 00:17:35.697 Oculus[4324:1843042] kOfPi 2 [#2] at {0.0977, 1.1886, 0.0000, 0.0000} positionAtIndex:1 = 1.188593803153387
2015-08-01 00:17:35.698 Oculus[4324:1843042] jOfPi 2 [#2] at {0.0977, 1.1886, 0.0000, 0.0000} positionAtIndex:0 = 0.09774339417764308
2015-08-01 00:17:35.698 Oculus[4324:1843042] jOfPi 2 [#2] at {0.0977, 1.1886, 0.0000, 0.0000} positionAtIndex:1 = 1.188593803153387
2015-08-01 00:17:35.702 Oculus[4324:1843042] PkPi [self.graph edgeFromIndex:2 toIndex:9] = 2--9 [2->9] [1.390419001596282] (PRESERVED)
2015-08-01 00:17:35.702 Oculus[4324:1843042] k = 2 ....................
2015-08-01 00:17:35.703 Oculus[4324:1843042] kOfPi 0 [#0] at {1.0702, -0.3964, 1.3421, 0.0000} positionAtIndex:2 = 1.342108022508318
2015-08-01 00:17:35.704 Oculus[4324:1843042] jOfPi 0 [#0] at {1.0702, -0.3964, 1.3421, 0.0000} positionAtIndex:0 = 1.070199142445779
2015-08-01 00:17:35.705 Oculus[4324:1843042] jOfPi 0 [#0] at {1.0702, -0.3964, 1.3421, 0.0000} positionAtIndex:1 = -0.3964364405893223
2015-08-01 00:17:35.706 Oculus[4324:1843042] jOfPi 0 [#0] at {1.0702, -0.3964, 1.3421, 0.0000} positionAtIndex:2 = 1.342108022508318
2015-08-01 00:17:35.706 Oculus[4324:1843042] PkPi [self.graph edgeFromIndex:0 toIndex:9] = 0--9 [0->9] [1.731763840712699] (PRESERVED)
2015-08-01 00:17:35.707 Oculus[4324:1843042] 
2015-08-01 00:17:35.707 Oculus[4324:1843042] dimension = 5
2015-08-01 00:17:35.708 Oculus[4324:1843042] [self.graph edgeFromIndex:5 toIndex:3] = 5--3 [5->3] [4.332804980610136] (PRESERVED)
2015-08-01 00:17:35.709 Oculus[4324:1843042] k = 0 ....................
2015-08-01 00:17:35.709 Oculus[4324:1843042] kOfPi 1 [#1] at {2.2763, 0.0000, 0.0000, 0.0000} positionAtIndex:0 = 2.276327744416432
2015-08-01 00:17:35.710 Oculus[4324:1843042] jOfPi 1 [#1] at {2.2763, 0.0000, 0.0000, 0.0000} positionAtIndex:0 = 2.276327744416432
2015-08-01 00:17:35.710 Oculus[4324:1843042] PkPi [self.graph edgeFromIndex:1 toIndex:3] = 1--3 [1->3] [3.21701709662849] (PRESERVED)
2015-08-01 00:17:35.711 Oculus[4324:1843042] k = 1 ....................
2015-08-01 00:17:35.711 Oculus[4324:1843042] kOfPi 2 [#2] at {0.0977, 1.1886, 0.0000, 0.0000} positionAtIndex:1 = 1.188593803153387
2015-08-01 00:17:35.711 Oculus[4324:1843042] jOfPi 2 [#2] at {0.0977, 1.1886, 0.0000, 0.0000} positionAtIndex:0 = 0.09774339417764308
2015-08-01 00:17:35.713 Oculus[4324:1843042] jOfPi 2 [#2] at {0.0977, 1.1886, 0.0000, 0.0000} positionAtIndex:1 = 1.188593803153387
2015-08-01 00:17:35.714 Oculus[4324:1843042] PkPi [self.graph edgeFromIndex:2 toIndex:3] = 2--3 [2->3] [4.608910066382289] (PRESERVED)
2015-08-01 00:17:35.715 Oculus[4324:1843042] k = 2 ....................
2015-08-01 00:17:35.715 Oculus[4324:1843042] kOfPi 0 [#0] at {1.0702, -0.3964, 1.3421, 0.0000} positionAtIndex:2 = 1.342108022508318
2015-08-01 00:17:35.715 Oculus[4324:1843042] jOfPi 0 [#0] at {1.0702, -0.3964, 1.3421, 0.0000} positionAtIndex:0 = 1.070199142445779
2015-08-01 00:17:35.716 Oculus[4324:1843042] jOfPi 0 [#0] at {1.0702, -0.3964, 1.3421, 0.0000} positionAtIndex:1 = -0.3964364405893223
2015-08-01 00:17:35.716 Oculus[4324:1843042] jOfPi 0 [#0] at {1.0702, -0.3964, 1.3421, 0.0000} positionAtIndex:2 = 1.342108022508318
2015-08-01 00:17:35.716 Oculus[4324:1843042] PkPi [self.graph edgeFromIndex:0 toIndex:3] = 0--3 [0->3] [3.797762367500104] (PRESERVED)
2015-08-01 00:17:35.720 Oculus[4324:1843042] k = 3 ....................
2015-08-01 00:17:35.721 Oculus[4324:1843042] kOfPi 9 [#9] at {0.1793, 0.7349, 0.9675, 0.8859} positionAtIndex:3 = 0.8859181940503337
2015-08-01 00:17:35.721 Oculus[4324:1843042] jOfPi 9 [#9] at {0.1793, 0.7349, 0.9675, 0.8859} positionAtIndex:0 = 0.1792632897441629
2015-08-01 00:17:35.721 Oculus[4324:1843042] jOfPi 9 [#9] at {0.1793, 0.7349, 0.9675, 0.8859} positionAtIndex:1 = 0.7349451051245495
2015-08-01 00:17:35.722 Oculus[4324:1843042] jOfPi 9 [#9] at {0.1793, 0.7349, 0.9675, 0.8859} positionAtIndex:2 = 0.9674561069393069
2015-08-01 00:17:35.722 Oculus[4324:1843042] jOfPi 9 [#9] at {0.1793, 0.7349, 0.9675, 0.8859} positionAtIndex:3 = 0.8859181940503337
2015-08-01 00:17:35.723 Oculus[4324:1843042] PkPi [self.graph edgeFromIndex:9 toIndex:3] = 9--3 [9->3] [5.103583740862884] (PRESERVED)
2015-08-01 00:17:35.724 Oculus[4324:1843042] PnPi [self.graph edgeFromIndex:9 toIndex:3] = 9--3 [9->3] [5.103583740862884] (PRESERVED)
2015-08-01 00:17:35.728 Oculus[4324:1843042] 
2015-08-01 00:17:35.728 Oculus[4324:1843042] dimension = 6
2015-08-01 00:17:35.729 Oculus[4324:1843042] [self.graph edgeFromIndex:5 toIndex:6] = 5--6 [5->6] [4.169876257156799] (PRESERVED)
2015-08-01 00:17:35.729 Oculus[4324:1843042] k = 0 ....................
2015-08-01 00:17:35.730 Oculus[4324:1843042] kOfPi 1 [#1] at {2.2763, 0.0000, 0.0000, 0.0000} positionAtIndex:0 = 2.276327744416432
2015-08-01 00:17:35.730 Oculus[4324:1843042] jOfPi 1 [#1] at {2.2763, 0.0000, 0.0000, 0.0000} positionAtIndex:0 = 2.276327744416432
2015-08-01 00:17:35.730 Oculus[4324:1843042] PkPi [self.graph edgeFromIndex:1 toIndex:6] = 1--6 [1->6] [3.358919469115031] (PRESERVED)
2015-08-01 00:17:35.731 Oculus[4324:1843042] k = 1 ....................
2015-08-01 00:17:35.732 Oculus[4324:1843042] kOfPi 2 [#2] at {0.0977, 1.1886, 0.0000, 0.0000} positionAtIndex:1 = 1.188593803153387
2015-08-01 00:17:35.732 Oculus[4324:1843042] jOfPi 2 [#2] at {0.0977, 1.1886, 0.0000, 0.0000} positionAtIndex:0 = 0.09774339417764308
2015-08-01 00:17:35.732 Oculus[4324:1843042] jOfPi 2 [#2] at {0.0977, 1.1886, 0.0000, 0.0000} positionAtIndex:1 = 1.188593803153387
2015-08-01 00:17:35.732 Oculus[4324:1843042] PkPi [self.graph edgeFromIndex:2 toIndex:6] = 2--6 [2->6] [3.783505120916318] (PRESERVED)
2015-08-01 00:17:35.732 Oculus[4324:1843042] k = 2 ....................
2015-08-01 00:17:35.733 Oculus[4324:1843042] kOfPi 0 [#0] at {1.0702, -0.3964, 1.3421, 0.0000} positionAtIndex:2 = 1.342108022508318
2015-08-01 00:17:35.733 Oculus[4324:1843042] jOfPi 0 [#0] at {1.0702, -0.3964, 1.3421, 0.0000} positionAtIndex:0 = 1.070199142445779
2015-08-01 00:17:35.733 Oculus[4324:1843042] jOfPi 0 [#0] at {1.0702, -0.3964, 1.3421, 0.0000} positionAtIndex:1 = -0.3964364405893223
2015-08-01 00:17:35.733 Oculus[4324:1843042] jOfPi 0 [#0] at {1.0702, -0.3964, 1.3421, 0.0000} positionAtIndex:2 = 1.342108022508318
2015-08-01 00:17:35.734 Oculus[4324:1843042] PkPi [self.graph edgeFromIndex:0 toIndex:6] = 0--6 [0->6] [4.017921104252795] (PRESERVED)
2015-08-01 00:17:35.734 Oculus[4324:1843042] k = 3 ....................
2015-08-01 00:17:35.734 Oculus[4324:1843042] kOfPi 9 [#9] at {0.1793, 0.7349, 0.9675, 0.8859} positionAtIndex:3 = 0.8859181940503337
2015-08-01 00:17:35.734 Oculus[4324:1843042] jOfPi 9 [#9] at {0.1793, 0.7349, 0.9675, 0.8859} positionAtIndex:0 = 0.1792632897441629
2015-08-01 00:17:35.734 Oculus[4324:1843042] jOfPi 9 [#9] at {0.1793, 0.7349, 0.9675, 0.8859} positionAtIndex:1 = 0.7349451051245495
2015-08-01 00:17:35.735 Oculus[4324:1843042] jOfPi 9 [#9] at {0.1793, 0.7349, 0.9675, 0.8859} positionAtIndex:2 = 0.9674561069393069
2015-08-01 00:17:35.735 Oculus[4324:1843042] jOfPi 9 [#9] at {0.1793, 0.7349, 0.9675, 0.8859} positionAtIndex:3 = 0.8859181940503337
2015-08-01 00:17:35.736 Oculus[4324:1843042] PkPi [self.graph edgeFromIndex:9 toIndex:6] = 9--6 [9->6] [4.600715379155724] (PRESERVED)
2015-08-01 00:17:35.736 Oculus[4324:1843042] PnPi [self.graph edgeFromIndex:9 toIndex:6] = 9--6 [9->6] [4.600715379155724] (PRESERVED)
2015-08-01 00:17:35.737 Oculus[4324:1843042] 
2015-08-01 00:17:35.737 Oculus[4324:1843042] dimension = 7
2015-08-01 00:17:35.737 Oculus[4324:1843042] [self.graph edgeFromIndex:5 toIndex:7] = 5--7 [5->7] [2.441911955824779] (PRESERVED)
2015-08-01 00:17:35.737 Oculus[4324:1843042] k = 0 ....................
2015-08-01 00:17:35.737 Oculus[4324:1843042] kOfPi 1 [#1] at {2.2763, 0.0000, 0.0000, 0.0000} positionAtIndex:0 = 2.276327744416432
2015-08-01 00:17:35.738 Oculus[4324:1843042] jOfPi 1 [#1] at {2.2763, 0.0000, 0.0000, 0.0000} positionAtIndex:0 = 2.276327744416432
2015-08-01 00:17:35.738 Oculus[4324:1843042] PkPi [self.graph edgeFromIndex:1 toIndex:7] = 1--7 [1->7] [3.721282843321642] (PRESERVED)
2015-08-01 00:17:35.738 Oculus[4324:1843042] k = 1 ....................
2015-08-01 00:17:35.739 Oculus[4324:1843042] kOfPi 2 [#2] at {0.0977, 1.1886, 0.0000, 0.0000} positionAtIndex:1 = 1.188593803153387
2015-08-01 00:17:35.739 Oculus[4324:1843042] jOfPi 2 [#2] at {0.0977, 1.1886, 0.0000, 0.0000} positionAtIndex:0 = 0.09774339417764308
2015-08-01 00:17:35.739 Oculus[4324:1843042] jOfPi 2 [#2] at {0.0977, 1.1886, 0.0000, 0.0000} positionAtIndex:1 = 1.188593803153387
2015-08-01 00:17:35.739 Oculus[4324:1843042] PkPi [self.graph edgeFromIndex:2 toIndex:7] = 2--7 [2->7] [3.475191073883564] (PRESERVED)
2015-08-01 00:17:35.739 Oculus[4324:1843042] k = 2 ....................
2015-08-01 00:17:35.740 Oculus[4324:1843042] kOfPi 0 [#0] at {1.0702, -0.3964, 1.3421, 0.0000} positionAtIndex:2 = 1.342108022508318
2015-08-01 00:17:35.740 Oculus[4324:1843042] jOfPi 0 [#0] at {1.0702, -0.3964, 1.3421, 0.0000} positionAtIndex:0 = 1.070199142445779
2015-08-01 00:17:35.741 Oculus[4324:1843042] jOfPi 0 [#0] at {1.0702, -0.3964, 1.3421, 0.0000} positionAtIndex:1 = -0.3964364405893223
2015-08-01 00:17:35.742 Oculus[4324:1843042] jOfPi 0 [#0] at {1.0702, -0.3964, 1.3421, 0.0000} positionAtIndex:2 = 1.342108022508318
2015-08-01 00:17:35.742 Oculus[4324:1843042] PkPi [self.graph edgeFromIndex:0 toIndex:7] = 0--7 [0->7] [3.26662363917241] (PRESERVED)
2015-08-01 00:17:35.742 Oculus[4324:1843042] k = 3 ....................
2015-08-01 00:17:35.743 Oculus[4324:1843042] kOfPi 9 [#9] at {0.1793, 0.7349, 0.9675, 0.8859} positionAtIndex:3 = 0.8859181940503337
2015-08-01 00:17:35.743 Oculus[4324:1843042] jOfPi 9 [#9] at {0.1793, 0.7349, 0.9675, 0.8859} positionAtIndex:0 = 0.1792632897441629
2015-08-01 00:17:35.743 Oculus[4324:1843042] jOfPi 9 [#9] at {0.1793, 0.7349, 0.9675, 0.8859} positionAtIndex:1 = 0.7349451051245495
2015-08-01 00:17:35.743 Oculus[4324:1843042] jOfPi 9 [#9] at {0.1793, 0.7349, 0.9675, 0.8859} positionAtIndex:2 = 0.9674561069393069
2015-08-01 00:17:35.744 Oculus[4324:1843042] jOfPi 9 [#9] at {0.1793, 0.7349, 0.9675, 0.8859} positionAtIndex:3 = 0.8859181940503337
2015-08-01 00:17:35.744 Oculus[4324:1843042] PkPi [self.graph edgeFromIndex:9 toIndex:7] = 9--7 [9->7] [3.243902279662567] (PRESERVED)
2015-08-01 00:17:35.744 Oculus[4324:1843042] PnPi [self.graph edgeFromIndex:9 toIndex:7] = 9--7 [9->7] [3.243902279662567] (PRESERVED)
2015-08-01 00:17:35.745 Oculus[4324:1843042] 
2015-08-01 00:17:35.745 Oculus[4324:1843042] dimension = 8
2015-08-01 00:17:35.745 Oculus[4324:1843042] [self.graph edgeFromIndex:5 toIndex:4] = 5--4 [5->4] [4.560041337531931] (PRESERVED)
2015-08-01 00:17:35.745 Oculus[4324:1843042] k = 0 ....................
2015-08-01 00:17:35.746 Oculus[4324:1843042] kOfPi 1 [#1] at {2.2763, 0.0000, 0.0000, 0.0000} positionAtIndex:0 = 2.276327744416432
2015-08-01 00:17:35.746 Oculus[4324:1843042] jOfPi 1 [#1] at {2.2763, 0.0000, 0.0000, 0.0000} positionAtIndex:0 = 2.276327744416432
2015-08-01 00:17:35.746 Oculus[4324:1843042] PkPi [self.graph edgeFromIndex:1 toIndex:4] = 1--4 [1->4] [4.363269072610581] (PRESERVED)
2015-08-01 00:17:35.747 Oculus[4324:1843042] k = 1 ....................
2015-08-01 00:17:35.747 Oculus[4324:1843042] kOfPi 2 [#2] at {0.0977, 1.1886, 0.0000, 0.0000} positionAtIndex:1 = 1.188593803153387
2015-08-01 00:17:35.748 Oculus[4324:1843042] jOfPi 2 [#2] at {0.0977, 1.1886, 0.0000, 0.0000} positionAtIndex:0 = 0.09774339417764308
2015-08-01 00:17:35.748 Oculus[4324:1843042] jOfPi 2 [#2] at {0.0977, 1.1886, 0.0000, 0.0000} positionAtIndex:1 = 1.188593803153387
2015-08-01 00:17:35.748 Oculus[4324:1843042] PkPi [self.graph edgeFromIndex:2 toIndex:4] = 2--4 [2->4] [4.99061699592345] (PRESERVED)
2015-08-01 00:17:35.748 Oculus[4324:1843042] k = 2 ....................
2015-08-01 00:17:35.748 Oculus[4324:1843042] kOfPi 0 [#0] at {1.0702, -0.3964, 1.3421, 0.0000} positionAtIndex:2 = 1.342108022508318
2015-08-01 00:17:35.749 Oculus[4324:1843042] jOfPi 0 [#0] at {1.0702, -0.3964, 1.3421, 0.0000} positionAtIndex:0 = 1.070199142445779
2015-08-01 00:17:35.749 Oculus[4324:1843042] jOfPi 0 [#0] at {1.0702, -0.3964, 1.3421, 0.0000} positionAtIndex:1 = -0.3964364405893223
2015-08-01 00:17:35.749 Oculus[4324:1843042] jOfPi 0 [#0] at {1.0702, -0.3964, 1.3421, 0.0000} positionAtIndex:2 = 1.342108022508318
2015-08-01 00:17:35.749 Oculus[4324:1843042] PkPi [self.graph edgeFromIndex:0 toIndex:4] = 0--4 [0->4] [5.202511220554935] (PRESERVED)
2015-08-01 00:17:35.750 Oculus[4324:1843042] k = 3 ....................
2015-08-01 00:17:35.750 Oculus[4324:1843042] kOfPi 9 [#9] at {0.1793, 0.7349, 0.9675, 0.8859} positionAtIndex:3 = 0.8859181940503337
2015-08-01 00:17:35.750 Oculus[4324:1843042] jOfPi 9 [#9] at {0.1793, 0.7349, 0.9675, 0.8859} positionAtIndex:0 = 0.1792632897441629
2015-08-01 00:17:35.750 Oculus[4324:1843042] jOfPi 9 [#9] at {0.1793, 0.7349, 0.9675, 0.8859} positionAtIndex:1 = 0.7349451051245495
2015-08-01 00:17:35.750 Oculus[4324:1843042] jOfPi 9 [#9] at {0.1793, 0.7349, 0.9675, 0.8859} positionAtIndex:2 = 0.9674561069393069
2015-08-01 00:17:35.751 Oculus[4324:1843042] jOfPi 9 [#9] at {0.1793, 0.7349, 0.9675, 0.8859} positionAtIndex:3 = 0.8859181940503337
2015-08-01 00:17:35.751 Oculus[4324:1843042] PkPi [self.graph edgeFromIndex:9 toIndex:4] = 9--4 [9->4] [5.926782854129211] (PRESERVED)
2015-08-01 00:17:35.751 Oculus[4324:1843042] PnPi [self.graph edgeFromIndex:9 toIndex:4] = 9--4 [9->4] [5.926782854129211] (PRESERVED)
2015-08-01 00:17:35.752 Oculus[4324:1843042] 
2015-08-01 00:17:35.752 Oculus[4324:1843042] dimension = 9
2015-08-01 00:17:35.752 Oculus[4324:1843042] [self.graph edgeFromIndex:5 toIndex:8] = 5--8 [5->8] [4.430455055634805] (PRESERVED)
2015-08-01 00:17:35.752 Oculus[4324:1843042] k = 0 ....................
2015-08-01 00:17:35.752 Oculus[4324:1843042] kOfPi 1 [#1] at {2.2763, 0.0000, 0.0000, 0.0000} positionAtIndex:0 = 2.276327744416432
2015-08-01 00:17:35.753 Oculus[4324:1843042] jOfPi 1 [#1] at {2.2763, 0.0000, 0.0000, 0.0000} positionAtIndex:0 = 2.276327744416432
2015-08-01 00:17:35.753 Oculus[4324:1843042] PkPi [self.graph edgeFromIndex:1 toIndex:8] = 1--8 [1->8] [4.837827198236829] (PRESERVED)
2015-08-01 00:17:35.753 Oculus[4324:1843042] k = 1 ....................
2015-08-01 00:17:35.753 Oculus[4324:1843042] kOfPi 2 [#2] at {0.0977, 1.1886, 0.0000, 0.0000} positionAtIndex:1 = 1.188593803153387
2015-08-01 00:17:35.753 Oculus[4324:1843042] jOfPi 2 [#2] at {0.0977, 1.1886, 0.0000, 0.0000} positionAtIndex:0 = 0.09774339417764308
2015-08-01 00:17:35.753 Oculus[4324:1843042] jOfPi 2 [#2] at {0.0977, 1.1886, 0.0000, 0.0000} positionAtIndex:1 = 1.188593803153387
2015-08-01 00:17:35.754 Oculus[4324:1843042] PkPi [self.graph edgeFromIndex:2 toIndex:8] = 2--8 [2->8] [4.769698837452947] (PRESERVED)
2015-08-01 00:17:35.754 Oculus[4324:1843042] k = 2 ....................
2015-08-01 00:17:35.754 Oculus[4324:1843042] kOfPi 0 [#0] at {1.0702, -0.3964, 1.3421, 0.0000} positionAtIndex:2 = 1.342108022508318
2015-08-01 00:17:35.754 Oculus[4324:1843042] jOfPi 0 [#0] at {1.0702, -0.3964, 1.3421, 0.0000} positionAtIndex:0 = 1.070199142445779
2015-08-01 00:17:35.754 Oculus[4324:1843042] jOfPi 0 [#0] at {1.0702, -0.3964, 1.3421, 0.0000} positionAtIndex:1 = -0.3964364405893223
2015-08-01 00:17:35.755 Oculus[4324:1843042] jOfPi 0 [#0] at {1.0702, -0.3964, 1.3421, 0.0000} positionAtIndex:2 = 1.342108022508318
2015-08-01 00:17:35.756 Oculus[4324:1843042] PkPi [self.graph edgeFromIndex:0 toIndex:8] = 0--8 [0->8] [5.471127671696211] (PRESERVED)
2015-08-01 00:17:35.756 Oculus[4324:1843042] k = 3 ....................
2015-08-01 00:17:35.757 Oculus[4324:1843042] kOfPi 9 [#9] at {0.1793, 0.7349, 0.9675, 0.8859} positionAtIndex:3 = 0.8859181940503337
2015-08-01 00:17:35.757 Oculus[4324:1843042] jOfPi 9 [#9] at {0.1793, 0.7349, 0.9675, 0.8859} positionAtIndex:0 = 0.1792632897441629
2015-08-01 00:17:35.757 Oculus[4324:1843042] jOfPi 9 [#9] at {0.1793, 0.7349, 0.9675, 0.8859} positionAtIndex:1 = 0.7349451051245495
2015-08-01 00:17:35.757 Oculus[4324:1843042] jOfPi 9 [#9] at {0.1793, 0.7349, 0.9675, 0.8859} positionAtIndex:2 = 0.9674561069393069
2015-08-01 00:17:35.758 Oculus[4324:1843042] jOfPi 9 [#9] at {0.1793, 0.7349, 0.9675, 0.8859} positionAtIndex:3 = 0.8859181940503337
2015-08-01 00:17:35.758 Oculus[4324:1843042] PkPi [self.graph edgeFromIndex:9 toIndex:8] = 9--8 [9->8] [5.859011691403253] (PRESERVED)
2015-08-01 00:17:35.759 Oculus[4324:1843042] PnPi [self.graph edgeFromIndex:9 toIndex:8] = 9--8 [9->8] [5.859011691403253] (PRESERVED)
2015-08-01 00:17:35.759 Oculus[4324:1843042] 
