Using	PP Digraph

Executed in	3.81822 seconds

Intrinsic Dimensionality	3

Reordered	YES

Number of nodes	100
Number of edges	390

Is PP Digraph directed?	YES
Is PP Digraph connected??	NO

Nodes:
0 [#0] at {13.7689, -5.6945, -23.5814}
89 [#1] at {-3.3919, 0.1533, -38.1218}
98 [#2] at {32.9091, 26.0036, -19.3150}
27 [#3] at {18.1625, -8.2456, -37.1607}
39 [#4] at {19.5740, 6.2265, -42.9105}, [FLIPPED]
21 [#5] at {7.1906, -5.5182, -39.6946}, [FLIPPED]
80 [#6] at {6.5029, 30.9471, -19.5950}, [FLIPPED]
78 [#7] at {24.8782, -6.0182, -33.7175}, [FLIPPED]
67 [#8] at {1.7597, 29.3876, -28.0948}, [FLIPPED]
60 [#9] at {17.0228, 27.5673, -12.6711}, [FLIPPED]
26 [#10] at {-6.2189, 12.0020, -18.9597}, [FLIPPED]
81 [#11] at {32.7427, 20.4009, -36.1725}, [FLIPPED]
41 [#12] at {19.7850, 14.8321, -47.0516}, [FLIPPED]
44 [#13] at {-0.2744, 26.4846, -22.2274}, [FLIPPED]
43 [#14] at {7.1418, 14.7909, -29.8279}, [FLIPPED]
72 [#15] at {28.2165, 1.3455, -40.2273}, [FLIPPED]
73 [#16] at {32.5037, -1.7508, -25.3996}, [FLIPPED]
63 [#17] at {6.5735, -5.5768, -7.5914}, [FLIPPED]
52 [#18] at {11.6982, 14.1450, -4.4634}, [FLIPPED]
55 [#19] at {4.8168, 20.9363, -11.0054}, [FLIPPED]
92 [#20] at {19.1583, 8.1883, -48.8495}, [FLIPPED]
70 [#21] at {-3.0608, 12.8460, -37.2204}, [FLIPPED]
10 [#22] at {29.4262, -5.0299, -20.4859}, [FLIPPED]
93 [#23] at {13.3771, 32.5511, -17.4426}, [FLIPPED]
85 [#24] at {36.4398, 12.6961, -27.8752}, [FLIPPED]
13 [#25] at {-1.7119, -0.7043, -15.5193}, [FLIPPED]
94 [#26] at {12.4935, 9.5568, -5.1164}, [FLIPPED]
42 [#27] at {9.8891, 2.7812, -41.8840}, [FLIPPED]
49 [#28] at {31.7097, 16.6431, -16.0519}, [FLIPPED]
25 [#29] at {28.0969, 17.2503, -43.7231}, [FLIPPED]
22 [#30] at {2.0128, 3.9334, -42.3013}, [FLIPPED]
45 [#31] at {-1.9610, 23.1986, -16.9089}, [FLIPPED]
28 [#32] at {29.6452, 29.2559, -33.9944}, [FLIPPED]
34 [#33] at {21.5160, 32.6358, -18.4552}, [FLIPPED]
90 [#34] at {5.5688, -8.4728, -20.1308}, [FLIPPED]
1 [#35] at {34.3592, 10.2113, -39.8141}, [FLIPPED]
96 [#36] at {29.5322, 15.1037, -8.5405}, [FLIPPED]
91 [#37] at {16.5085, -10.6693, -19.4325}, [FLIPPED]
56 [#38] at {24.5612, -9.5939, -29.7428}, [FLIPPED]
16 [#39] at {12.7240, 19.3830, -12.3448}, [FLIPPED]
61 [#40] at {-3.9660, 19.9615, -28.4491}, [FLIPPED]
38 [#41] at {29.4330, 7.5772, -38.2611}, [FLIPPED]
77 [#42] at {1.7111, 28.1680, -37.3299}, [FLIPPED]
14 [#43] at {28.1438, 23.9403, -27.4900}, [FLIPPED]
12 [#44] at {13.5314, 14.5994, -45.6128}, [FLIPPED]
7 [#45] at {19.5244, 28.8611, -32.9004}, [FLIPPED]
57 [#46] at {35.7668, 4.0763, -22.7389}, [FLIPPED]
6 [#47] at {34.4140, 12.0501, -33.6449}, [FLIPPED]
18 [#48] at {24.3455, 26.2535, -22.6042}, [FLIPPED]
86 [#49] at {24.9789, 23.6086, -10.6683}, [FLIPPED]
65 [#50] at {24.9894, 3.4452, -44.8166}, [FLIPPED]
75 [#51] at {-0.9489, -4.3282, -31.2861}, [FLIPPED]
31 [#52] at {35.7401, 10.6416, -23.6047}, [FLIPPED]
99 [#53] at {-7.4913, 4.1909, -20.6787}, [FLIPPED]
29 [#54] at {0.5201, 8.9651, -6.3768}, [FLIPPED]
83 [#55] at {12.8846, 17.2712, -40.2791}, [FLIPPED]
84 [#56] at {7.7282, -4.4584, -13.0985}, [FLIPPED]
71 [#57] at {17.7629, -4.1506, -43.0220}, [FLIPPED]
95 [#58] at {12.3371, -7.5488, -37.3316}, [FLIPPED]
11 [#59] at {-10.2567, 9.2095, -28.7129}, [FLIPPED]
47 [#60] at {-1.2877, 14.7340, -19.0113}, [FLIPPED]
48 [#61] at {20.1787, 26.9855, -42.5929}, [FLIPPED]
76 [#62] at {20.8730, -11.2125, -25.2518}, [FLIPPED]
88 [#63] at {35.6780, 16.3634, -19.8183}, [FLIPPED]
30 [#64] at {9.3930, 30.4658, -38.3404}, [FLIPPED]
58 [#65] at {31.4918, 10.8853, -9.2320}, [FLIPPED]
15 [#66] at {24.8551, -2.7952, -8.3450}, [FLIPPED]
69 [#67] at {17.2225, 28.6368, -37.0029}, [FLIPPED]
19 [#68] at {4.8858, 5.1570, -5.6944}, [FLIPPED]
62 [#69] at {6.9179, -9.6757, -31.2039}, [FLIPPED]
23 [#70] at {3.1889, 24.6895, -8.9582}, [FLIPPED]
53 [#71] at {-4.3785, 0.3433, -22.4697}, [FLIPPED]
50 [#72] at {30.5887, 6.9153, -16.3973}, [FLIPPED]
33 [#73] at {17.1378, 21.2893, -6.9399}, [FLIPPED]
68 [#74] at {33.8041, 23.7782, -25.1470}, [FLIPPED]
54 [#75] at {4.0673, 14.6801, -44.8544}, [FLIPPED]
51 [#76] at {31.9946, -0.5825, -33.5597}, [FLIPPED]
79 [#77] at {2.0320, -3.2510, -24.9751}, [FLIPPED]
97 [#78] at {6.3596, 8.1194, -47.0599}, [FLIPPED]
40 [#79] at {19.1094, 5.4958, -4.5322}, [FLIPPED]
46 [#80] at {7.5505, 23.0760, -42.8011}, [FLIPPED]
20 [#81] at {25.1272, 21.3786, -35.1711}, [FLIPPED]
24 [#82] at {-0.2413, -9.7266, -23.1034}, [FLIPPED]
5 [#83] at {16.9942, -5.7833, -10.1409}, [FLIPPED]
9 [#84] at {-3.8134, 13.8257, -11.0467}, [FLIPPED]
66 [#85] at {1.7420, 24.0647, -32.9092}, [FLIPPED]
37 [#86] at {-2.6919, 3.3533, -31.2369}, [FLIPPED]
87 [#87] at {25.1057, -8.4857, -18.2104}, [FLIPPED]
4 [#88] at {14.6897, 26.2537, -6.5083}, [FLIPPED]
35 [#89] at {25.1113, 6.8625, -10.7557}, [FLIPPED]
8 [#90] at {-2.3287, 6.0211, -12.0535}, [FLIPPED]
64 [#91] at {35.2112, 3.8602, -16.1909}, [FLIPPED]
82 [#92] at {18.9457, -1.0216, -15.7957}, [FLIPPED]
17 [#93] at {21.9992, 10.1863, -3.0060}, [FLIPPED]
74 [#94] at {-6.0713, 19.6448, -28.1019}, [FLIPPED]
3 [#95] at {19.2254, 32.4831, -25.5086}, [FLIPPED]
2 [#96] at {13.8213, 0.2043, -7.4472}, [FLIPPED]
32 [#97] at {-2.0731, 16.4907, -42.9037}, [FLIPPED]
36 [#98] at {22.7931, 23.8473, -18.2467}, [FLIPPED]
59 [#99] at {11.4311, 32.5389, -28.4703}, [FLIPPED]

Flips	96 out of 100 [96.00%]

Edges:
[1->0] [23.24037101008598] (PRESERVED)
[2->0] [37.27361786428582] (LONGER)
[2->1] [48.37039293879081] (PRESERVED)
[3->0] [14.49868020207861] (PRESERVED)
[3->1] [23.15295478925373] (LONGER)
[3->2] [41.33933261565637] (PRESERVED)
[4->0] [23.43990631050939] (PRESERVED)
[4->1] [24.233231946074] (PRESERVED)
[4->2] [33.55153528252043] (LONGER)
[4->3] [15.63635617851689] (LONGER)
[5->0] [17.40524009646883] (LONGER)
[5->1] [12.10903671196721] (PRESERVED)
[5->2] [45.50155333940257] (LONGER)
[5->4] [17.3674734206928] (LONGER)
[6->0] [37.56721773595797] (LONGER)
[6->1] [37.27475723066533] (LONGER)
[6->2] [26.86640618824396] (PRESERVED)
[6->5] [41.64353911298243] (PRESERVED)
[7->0] [15.04208171631938] (PRESERVED)
[7->1] [29.2692026152115] (LONGER)
[7->2] [36.01840961291195] (PRESERVED)
[7->6] [43.62952848620964] (LONGER)
[8->0] [37.35431360311104] (LONGER)
[8->1] [31.33242109135471] (PRESERVED)
[8->2] [32.5395130062541] (LONGER)
[8->7] [42.65737996338379] (PRESERVED)
[9->0] [35.15639426216351] (LONGER)
[9->1] [42.61483803556951] (PRESERVED)
[9->2] [17.29053777961729] (LONGER)
[9->8] [21.77532426425228] (LONGER)
[10->0] [27.09308949344747] (LONGER)
[10->1] [22.70615743903723] (LONGER)
[10->2] [41.55922690193378] (LONGER)
[10->9] [28.67052874799059] (PRESERVED)
[11->0] [34.63404184277807] (LONGER)
[11->1] [41.46654498619034] (PRESERVED)
[11->2] [17.76494741085847] (LONGER)
[11->10] [43.41461238586596] (PRESERVED)
[12->0] [31.7551694225029] (LONGER)
[12->1] [28.8509273620675] (LONGER)
[12->2] [32.65521936578298] (PRESERVED)
[12->11] [17.81204179535654] (LONGER)
[13->0] [35.13605396411123] (LONGER)
[13->1] [30.91414981006663] (PRESERVED)
[13->2] [33.31452985083542] (LONGER)
[13->12] [33.97643636404182] (PRESERVED)
[14->0] [22.41849055890899] (PRESERVED)
[14->1] [19.84959124594141] (LONGER)
[14->2] [30.00330448326411] (PRESERVED)
[14->13] [15.79587258249929] (PRESERVED)
[15->0] [23.13839054375399] (LONGER)
[15->1] [31.70086916400604] (PRESERVED)
[15->2] [32.67058428233465] (LONGER)
[15->14] [27.07523840700628] (LONGER)
[16->0] [19.23153413453212] (LONGER)
[16->1] [38.13098724244772] (PRESERVED)
[16->2] [28.41642111834291] (LONGER)
[16->15] [15.74257266584667] (LONGER)
[17->0] [17.53464495297593] (LONGER)
[17->1] [32.6228002602962] (PRESERVED)
[17->2] [42.7589005723723] (LONGER)
[17->16] [31.6881772314489] (LONGER)
[18->0] [27.62959871240918] (PRESERVED)
[18->1] [39.45086076940276] (LONGER)
[18->2] [28.47985459461112] (LONGER)
[18->17] [20.61542371048407] (LONGER)
[19->0] [30.78142624335507] (LONGER)
[19->1] [35.13708441301981] (PRESERVED)
[19->2] [29.73054242028312] (LONGER)
[19->18] [11.67360557860839] (PRESERVED)
[20->0] [29.33012079788801] (LONGER)
[20->1] [26.23267927814] (LONGER)
[20->2] [37.13157087479642] (PRESERVED)
[20->19] [42.43068469102127] (PRESERVED)
[21->0] [28.51343769813873] (LONGER)
[21->1] [12.72897214882068] (LONGER)
[21->2] [42.27955493153896] (PRESERVED)
[21->20] [25.50718763153605] (PRESERVED)
[22->0] [15.97418355945105] (LONGER)
[22->1] [37.61539189249264] (PRESERVED)
[22->2] [31.25025978849735] (PRESERVED)
[22->21] [40.68166619163262] (LONGER)
[23->0] [38.73717658096832] (PRESERVED)
[23->1] [41.9338412792346] (PRESERVED)
[23->2] [20.68516265629878] (LONGER)
[23->22] [40.97762553208393] (PRESERVED)
[24->0] [29.50632648612483] (LONGER)
[24->1] [42.99856986909627] (PRESERVED)
[24->2] [16.21207252319401] (LONGER)
[24->23] [32.17061755334714] (PRESERVED)
[25->0] [18.15361092519929] (PRESERVED)
[25->1] [22.68104716662177] (LONGER)
[25->2] [43.89004128846577] (PRESERVED)
[25->24] [42.28227623700307] (PRESERVED)
[26->0] [23.98300371481192] (LONGER)
[26->1] [37.81708119260326] (PRESERVED)
[26->2] [29.8143516447498] (LONGER)
[26->25] [20.3790791443315] (PRESERVED)
[27->0] [20.53961998480951] (LONGER)
[27->1] [14.05147374659008] (LONGER)
[27->2] [39.73110218419497] (LONGER)
[27->26] [37.47730871393579] (PRESERVED)
[28->0] [29.62325889312365] (PRESERVED)
[28->1] [44.62194458243241] (LONGER)
[28->2] [9.985258918190505] (PRESERVED)
[28->27] [36.5457202759314] (PRESERVED)
[29->0] [33.72607860041384] (LONGER)
[29->1] [36.26606325180332] (PRESERVED)
[29->2] [26.37294757919885] (LONGER)
[29->28] [27.91266058226339] (PRESERVED)
[30->0] [24.1109208496989] (PRESERVED)
[30->1] [7.808177866708009] (LONGER)
[30->2] [44.38516091309312] (PRESERVED)
[30->29] [29.32136836116986] (PRESERVED)
[31->0] [33.56733913570424] (LONGER)
[31->1] [31.35475097354714] (LONGER)
[31->2] [35.06536699296986] (LONGER)
[31->30] [32.12028664876244] (PRESERVED)
[32->0] [39.77465791818533] (PRESERVED)
[32->1] [44.22043651600499] (PRESERVED)
[32->2] [15.38550861322398] (PRESERVED)
[32->31] [36.43562753629879] (PRESERVED)
[33->0] [39.44001549672284] (LONGER)
[33->1] [45.41251207209712] (PRESERVED)
[33->2] [13.21089846477032] (LONGER)
[33->32] [17.85987299404378] (PRESERVED)
[34->0] [9.320236278435329] (PRESERVED)
[34->1] [21.87193865247173] (LONGER)
[34->2] [44.0088995218561] (PRESERVED)
[34->33] [44.12533950811748] (LONGER)
[35->0] [30.66691347654118] (LONGER)
[35->1] [39.10463801657144] (LONGER)
[35->2] [25.91734692821093] (LONGER)
[35->34] [39.56536205736801] (LONGER)
[36->0] [30.12108291313177] (LONGER)
[36->1] [46.7179701557816] (LONGER)
[36->2] [15.6940009763269] (LONGER)
[36->35] [32.0198795853733] (LONGER)
[37->0] [7.033308278602243] (LONGER)
[37->1] [29.36749193337474] (PRESERVED)
[37->2] [40.17330153621771] (LONGER)
[37->36] [30.86260986671451] (PRESERVED)
[38->0] [13.02470919778201] (LONGER)
[38->1] [30.76672695292735] (LONGER)
[38->2] [38.02118687287403] (PRESERVED)
[38->37] [13.12651048529947] (PRESERVED)
[39->0] [27.49975830021934] (LONGER)
[39->1] [35.97163848256392] (LONGER)
[39->2] [22.35745359202205] (PRESERVED)
[39->38] [35.81166024830164] (LONGER)
[40->0] [31.56665815471859] (LONGER)
[40->1] [22.05118490137545] (PRESERVED)
[40->2] [38.46703293255017] (LONGER)
[40->39] [23.20000315290308] (PRESERVED)
[41->0] [25.23881778186458] (LONGER)
[41->1] [33.65423261581778] (LONGER)
[41->2] [26.65648402858688] (PRESERVED)
[41->40] [36.94780092360839] (PRESERVED)
[42->0] [38.48483576993729] (LONGER)
[42->1] [28.48662810462749] (LONGER)
[42->2] [36.09065910536209] (PRESERVED)
[42->41] [34.5449132380862] (LONGER)
[43->0] [33.16837173912958] (LONGER)
[43->1] [40.90667857471426] (LONGER)
[43->2] [9.684828383203454] (LONGER)
[43->42] [28.51990254106511] (LONGER)
[44->0] [29.95471727072925] (PRESERVED)
[44->1] [23.4776890063213] (PRESERVED)
[44->2] [34.59948808596753] (PRESERVED)
[44->43] [25.08406215504981] (LONGER)
[45->0] [36.24997434408898] (PRESERVED)
[45->1] [37.10192161915803] (PRESERVED)
[45->2] [19.2841613282455] (LONGER)
[45->44] [20.0228763773947] (LONGER)
[46->0] [24.08496655645548] (PRESERVED)
[46->1] [42.25428516437929] (LONGER)
[46->2] [22.3762574062614] (PRESERVED)
[46->45] [31.32662127275954] (LONGER)
[47->0] [29.02354028076025] (LONGER)
[47->1] [39.88557581370117] (PRESERVED)
[47->2] [20.05767573374801] (LONGER)
[47->46] [13.57763406440232] (LONGER)
[48->0] [33.66748068413792] (PRESERVED)
[48->1] [41.12640015081951] (LONGER)
[48->2] [9.176946806725841] (PRESERVED)
[48->47] [20.6157622019989] (PRESERVED)
[49->0] [33.92769307940727] (LONGER)
[49->1] [45.92112157546381] (LONGER)
[49->2] [11.9745577950075] (LONGER)
[49->48] [12.24180355631355] (LONGER)
[50->0] [25.69762860166417] (LONGER)
[50->1] [29.34541065836481] (LONGER)
[50->2] [34.95615415954483] (LONGER)
[50->49] [39.65689377468093] (LONGER)
[51->0] [16.66864392391401] (LONGER)
[51->1] [8.531067468197685] (LONGER)
[51->2] [47.00732356356375] (LONGER)
[51->50] [30.27036452324744] (LONGER)
[52->0] [27.37892222736498] (LONGER)
[52->1] [43.03562756735237] (PRESERVED)
[52->2] [16.19897632589976] (LONGER)
[52->51] [40.36314467414012] (PRESERVED)
[53->0] [23.62504947963853] (LONGER)
[53->1] [18.36759701539165] (PRESERVED)
[53->2] [45.93310960277785] (LONGER)
[53->52] [43.80788489258396] (LONGER)
[54->0] [26.19983890103804] (LONGER)
[54->1] [33.17672239163984] (LONGER)
[54->2] [38.81695063768171] (PRESERVED)
[54->53] [17.07396011698407] (LONGER)
[55->0] [28.40815179068664] (LONGER)
[55->1] [23.7192544747733] (PRESERVED)
[55->2] [30.27744458501021] (LONGER)
[55->54] [37.03019959862874] (PRESERVED)
[56->0] [12.16170391198242] (LONGER)
[56->1] [27.76852660024457] (LONGER)
[56->2] [40.00820676899903] (LONGER)
[56->55] [35.17882353177708] (PRESERVED)
[57->0] [19.90665925085656] (LONGER)
[57->1] [22.13732558465664] (LONGER)
[57->2] [41.23960528216984] (LONGER)
[57->56] [31.56270457393911] (LONGER)
[58->0] [13.94837595823546] (LONGER)
[58->1] [17.5313755004864] (LONGER)
[58->2] [43.28469160792655] (LONGER)
[58->57] [8.565469145163181] (LONGER)
[59->0] [28.73486070802264] (PRESERVED)
[59->1] [14.75359450685221] (LONGER)
[59->2] [47.26148229747881] (PRESERVED)
[59->58] [29.4211533796574] (PRESERVED)
[60->0] [25.78586574646157] (PRESERVED)
[60->1] [24.12956513578388] (PRESERVED)
[60->2] [36.00720461713395] (LONGER)
[60->59] [14.32073669427654] (LONGER)
[61->0] [38.34724984763579] (LONGER)
[61->1] [35.99350561779225] (PRESERVED)
[61->2] [26.54966299996993] (LONGER)
[61->60] [34.16140107273117] (LONGER)
[62->0] [9.14912415409386] (LONGER)
[62->1] [29.72549188677161] (LONGER)
[62->2] [39.56194711543532] (LONGER)
[62->61] [41.95570881979847] (LONGER)
[63->0] [31.31653561252584] (LONGER)
[63->1] [46.08954064762074] (PRESERVED)
[63->2] [10.04258823749265] (LONGER)
[63->62] [31.76696323007515] (LONGER)
[64->0] [39.30073536079238] (LONGER)
[64->1] [32.8990412293847] (LONGER)
[64->2] [30.57585907251015] (LONGER)
[64->63] [35.11194386502513] (LONGER)
[65->0] [28.19391678905101] (LONGER)
[65->1] [46.54749311495858] (LONGER)
[65->2] [18.22746706088718] (PRESERVED)
[65->64] [41.46147195678065] (LONGER)
[66->0] [19.06454834852724] (PRESERVED)
[66->1] [41.14907027317201] (PRESERVED)
[66->2] [31.85245087991411] (PRESERVED)
[66->65] [15.23113276171913] (PRESERVED)
[67->0] [37.0230481502369] (PRESERVED)
[67->1] [35.17832413431849] (PRESERVED)
[67->2] [23.78788050352548] (PRESERVED)
[67->66] [43.21459190865325] (LONGER)
[68->0] [22.72897692169424] (PRESERVED)
[68->1] [33.83922223717876] (LONGER)
[68->2] [37.48875360611243] (PRESERVED)
[68->67] [41.03314222243645] (LONGER)
[69->0] [10.9949530589179] (PRESERVED)
[69->1] [15.8353606643818] (LONGER)
[69->2] [45.71542057239168] (PRESERVED)
[69->68] [29.57824982453009] (LONGER)
[70->0] [35.34068164404599] (LONGER)
[70->1] [38.67620789058609] (PRESERVED)
[70->2] [31.5005388572293] (PRESERVED)
[70->69] [41.10651790805687] (LONGER)
[71->0] [19.15769813806233] (LONGER)
[71->1] [15.68428538430688] (LONGER)
[71->2] [45.37364869831745] (PRESERVED)
[71->70] [28.85421134420936] (LONGER)
[72->0] [22.21546498087158] (LONGER)
[72->1] [40.89452795081417] (LONGER)
[72->2] [19.44890950281865] (PRESERVED)
[72->71] [36.09394559903087] (LONGER)
[73->0] [31.88128385370788] (LONGER)
[73->1] [42.90116810100973] (LONGER)
[73->2] [20.59373381186322] (LONGER)
[73->72] [21.83994135606676] (LONGER)
[74->0] [35.67215989064453] (PRESERVED)
[74->1] [45.93497500937676] (PRESERVED)
[74->2] [6.30597389892201] (PRESERVED)
[74->73] [24.80841544326591] (PRESERVED)
[75->0] [31.01274688543854] (LONGER)
[75->1] [17.6634315191661] (PRESERVED)
[75->2] [40.15379237857178] (LONGER)
[75->74] [36.81616818141489] (LONGER)
[76->0] [21.39806014930496] (LONGER)
[76->1] [35.68691280026654] (LONGER)
[76->2] [30.17559492682826] (LONGER)
[76->75] [33.77048859688584] (LONGER)
[77->0] [12.06929540932587] (PRESERVED)
[77->1] [14.62338431635715] (PRESERVED)
[77->2] [42.90994621445167] (PRESERVED)
[77->76] [31.28212895688341] (PRESERVED)
[78->0] [28.23055161406077] (LONGER)
[78->1] [15.44150299902614] (LONGER)
[78->2] [42.36148699157152] (LONGER)
[78->77] [25.21410194999316] (PRESERVED)
[79->0] [22.72918334574769] (LONGER)
[79->1] [40.7812651644667] (PRESERVED)
[79->2] [28.80161328955236] (LONGER)
[79->78] [44.47519116630868] (LONGER)
[80->0] [35.15405991170729] (PRESERVED)
[80->1] [25.82786710045292] (PRESERVED)
[80->2] [34.6875201748547] (LONGER)
[80->79] [43.67120378832752] (PRESERVED)
[81->0] [31.56401501922489] (PRESERVED)
[81->1] [35.67293456678978] (LONGER)
[81->2] [18.25822863845425] (PRESERVED)
[81->80] [19.23641557241386] (PRESERVED)
[82->0] [14.58664337016577] (LONGER)
[82->1] [18.25076800656179] (LONGER)
[82->2] [48.88707455878754] (LONGER)
[82->81] [41.91323225378573] (PRESERVED)
[83->0] [13.82228935947435] (LONGER)
[83->1] [35.12501395439113] (LONGER)
[83->2] [36.71314005293177] (PRESERVED)
[83->82] [21.9234612118739] (PRESERVED)
[84->0] [29.10831079939222] (LONGER)
[84->1] [30.33440076680057] (PRESERVED)
[84->2] [39.56267263329545] (LONGER)
[84->83] [28.60572365449499] (PRESERVED)
[85->0] [33.42559530957318] (LONGER)
[85->1] [25.00566687932957] (LONGER)
[85->2] [34.05805107561413] (LONGER)
[85->84] [24.77239047873433] (PRESERVED)
[86->0] [20.28371346395805] (PRESERVED)
[86->1] [7.624416356787907] (LONGER)
[86->2] [43.84744040484622] (LONGER)
[86->85] [21.24660793702004] (LONGER)
[87->0] [12.85152834877261] (LONGER)
[87->1] [35.8219412595703] (LONGER)
[87->2] [35.3783347354392] (LONGER)
[87->86] [32.90229699192043] (PRESERVED)
[88->0] [36.23575037689895] (LONGER)
[88->1] [44.80614138808226] (LONGER)
[88->2] [22.27155506340881] (LONGER)
[88->87] [38.10856904016801] (LONGER)
[89->0] [21.23270400196906] (LONGER)
[89->1] [40.0793334917244] (PRESERVED)
[89->2] [22.37078713236065] (PRESERVED)
[89->88] [22.42035944690578] (PRESERVED)
[90->0] [23.00608871379865] (LONGER)
[90->1] [26.74167482910189] (PRESERVED)
[90->2] [41.15496066454451] (LONGER)
[90->89] [27.48358906602681] (LONGER)
[91->0] [24.61065278609719] (LONGER)
[91->1] [44.55225908952435] (PRESERVED)
[91->2] [22.48089900288771] (LONGER)
[91->90] [37.82896541405587] (LONGER)
[92->0] [10.45243845423222] (LONGER)
[92->1] [31.60390325923994] (LONGER)
[92->2] [30.62225364166634] (PRESERVED)
[92->91] [16.98686152966873] (PRESERVED)
[93->0] [27.26326518613289] (PRESERVED)
[93->1] [44.48020718185766] (PRESERVED)
[93->2] [25.20313715432214] (PRESERVED)
[93->92] [17.27761951180775] (PRESERVED)
[94->0] [32.49849364153606] (LONGER)
[94->1] [22.07936089398898] (PRESERVED)
[94->2] [40.46125792093292] (LONGER)
[94->93] [38.82289078802117] (LONGER)
[95->0] [38.61369070558468] (LONGER)
[95->1] [41.42278148543974] (LONGER)
[95->2] [16.35808200546561] (LONGER)
[95->94] [28.4862852629456] (PRESERVED)
[96->0] [17.17878410027957] (LONGER)
[96->1] [35.17431321286999] (PRESERVED)
[96->2] [34.21687217948317] (LONGER)
[96->95] [37.38101738227572] (PRESERVED)
[97->0] [33.41413747843239] (LONGER)
[97->1] [17.07381571144266] (LONGER)
[97->2] [43.25127259200259] (PRESERVED)
[97->96] [42.13128508842018] (PRESERVED)
[98->0] [31.346746428962] (PRESERVED)
[98->1] [40.522629327856] (LONGER)
[98->2] [10.39825965303985] (PRESERVED)
[98->97] [35.78291871669342] (PRESERVED)
[99->0] [38.6155964206875] (LONGER)
[99->1] [36.90120143927152] (PRESERVED)
[99->2] [24.24530096187746] (LONGER)
[99->98] [17.5830203127525] (PRESERVED)

Long edges	229 of 390 [58.72%]
Short edges	0 of 390 [0.00%]
Preserved edges	161 of 390 [41.28%]

Tetrahedra	97

T0 [0, 89, 98, 27] Volume: [0]
T1 [0, 89, 98, 39] Volume: [0]
T2 [0, 89, 98, 21] Volume: [0]
T3 [0, 89, 98, 80] Volume: [0]
T4 [0, 89, 98, 78] Volume: [0]
T5 [0, 89, 98, 67] Volume: [0]
T6 [0, 89, 98, 60] Volume: [0]
T7 [0, 89, 98, 26] Volume: [0]
T8 [0, 89, 98, 81] Volume: [0]
T9 [0, 89, 98, 41] Volume: [0]
T10 [0, 89, 98, 44] Volume: [0]
T11 [0, 89, 98, 43] Volume: [0]
T12 [0, 89, 98, 72] Volume: [0]
T13 [0, 89, 98, 73] Volume: [0]
T14 [0, 89, 98, 63] Volume: [0]
T15 [0, 89, 98, 52] Volume: [0]
T16 [0, 89, 98, 55] Volume: [0]
T17 [0, 89, 98, 92] Volume: [0]
T18 [0, 89, 98, 70] Volume: [0]
T19 [0, 89, 98, 10] Volume: [0]
T20 [0, 89, 98, 93] Volume: [0]
T21 [0, 89, 98, 85] Volume: [0]
T22 [0, 89, 98, 13] Volume: [0]
T23 [0, 89, 98, 94] Volume: [0]
T24 [0, 89, 98, 42] Volume: [0]
T25 [0, 89, 98, 49] Volume: [0]
T26 [0, 89, 98, 25] Volume: [0]
T27 [0, 89, 98, 22] Volume: [0]
T28 [0, 89, 98, 45] Volume: [0]
T29 [0, 89, 98, 28] Volume: [0]
T30 [0, 89, 98, 34] Volume: [0]
T31 [0, 89, 98, 90] Volume: [0]
T32 [0, 89, 98, 1] Volume: [0]
T33 [0, 89, 98, 96] Volume: [0]
T34 [0, 89, 98, 91] Volume: [0]
T35 [0, 89, 98, 56] Volume: [0]
T36 [0, 89, 98, 16] Volume: [0]
T37 [0, 89, 98, 61] Volume: [0]
T38 [0, 89, 98, 38] Volume: [0]
T39 [0, 89, 98, 77] Volume: [0]
T40 [0, 89, 98, 14] Volume: [0]
T41 [0, 89, 98, 12] Volume: [0]
T42 [0, 89, 98, 7] Volume: [0]
T43 [0, 89, 98, 57] Volume: [0]
T44 [0, 89, 98, 6] Volume: [0]
T45 [0, 89, 98, 18] Volume: [0]
T46 [0, 89, 98, 86] Volume: [0]
T47 [0, 89, 98, 65] Volume: [0]
T48 [0, 89, 98, 75] Volume: [0]
T49 [0, 89, 98, 31] Volume: [0]
T50 [0, 89, 98, 99] Volume: [0]
T51 [0, 89, 98, 29] Volume: [0]
T52 [0, 89, 98, 83] Volume: [0]
T53 [0, 89, 98, 84] Volume: [0]
T54 [0, 89, 98, 71] Volume: [0]
T55 [0, 89, 98, 95] Volume: [0]
T56 [0, 89, 98, 11] Volume: [0]
T57 [0, 89, 98, 47] Volume: [0]
T58 [0, 89, 98, 48] Volume: [0]
T59 [0, 89, 98, 76] Volume: [0]
T60 [0, 89, 98, 88] Volume: [0]
T61 [0, 89, 98, 30] Volume: [0]
T62 [0, 89, 98, 58] Volume: [0]
T63 [0, 89, 98, 15] Volume: [0]
T64 [0, 89, 98, 69] Volume: [0]
T65 [0, 89, 98, 19] Volume: [0]
T66 [0, 89, 98, 62] Volume: [0]
T67 [0, 89, 98, 23] Volume: [0]
T68 [0, 89, 98, 53] Volume: [0]
T69 [0, 89, 98, 50] Volume: [0]
T70 [0, 89, 98, 33] Volume: [0]
T71 [0, 89, 98, 68] Volume: [0]
T72 [0, 89, 98, 54] Volume: [0]
T73 [0, 89, 98, 51] Volume: [0]
T74 [0, 89, 98, 79] Volume: [0]
T75 [0, 89, 98, 97] Volume: [0]
T76 [0, 89, 98, 40] Volume: [0]
T77 [0, 89, 98, 46] Volume: [0]
T78 [0, 89, 98, 20] Volume: [0]
T79 [0, 89, 98, 24] Volume: [0]
T80 [0, 89, 98, 5] Volume: [0]
T81 [0, 89, 98, 9] Volume: [0]
T82 [0, 89, 98, 66] Volume: [0]
T83 [0, 89, 98, 37] Volume: [0]
T84 [0, 89, 98, 87] Volume: [0]
T85 [0, 89, 98, 4] Volume: [0]
T86 [0, 89, 98, 35] Volume: [0]
T87 [0, 89, 98, 8] Volume: [0]
T88 [0, 89, 98, 64] Volume: [0]
T89 [0, 89, 98, 82] Volume: [0]
T90 [0, 89, 98, 17] Volume: [0]
T91 [0, 89, 98, 74] Volume: [0]
T92 [0, 89, 98, 3] Volume: [0]
T93 [0, 89, 98, 2] Volume: [0]
T94 [0, 89, 98, 32] Volume: [0]
T95 [0, 89, 98, 36] Volume: [0]
T96 [0, 89, 98, 59] Volume: [0]

CA	898740
RMS Absolute	9.48019
CR	1053.74
RMS Relative	0.326248

Projection Mode	Minimum Distance

Optimization Runtime	-3.818126976490021

Lambda, uppercase (Λ) lowercase (λ)	0.01

Using Minimum Distance?	YES
Using Minimum Perimeter?	NO
Using Minimum Area?	NO

Iterations	10
Sammon's stress	0.106436
