Using	PP Digraph

Executed in	3.22915 seconds

Intrinsic Dimensionality	6

Reordered	YES

Number of nodes	100
Number of edges	666

Is PP Digraph directed?	YES
Is PP Digraph connected??	NO

Nodes:
0 [#0] at {-3.7042, 12.9332, 0.0041, 0.7092, 5.7018, -12.6682}
89 [#1] at {-1.3291, 14.5949, -6.2632, 10.2719, 11.6542, -29.5215}
98 [#2] at {28.4443, 1.0669, -4.9635, -0.2431, 7.6028, -12.8666}
27 [#3] at {18.0982, 5.2790, -10.7740, -0.1842, 17.0593, -24.1268}
39 [#4] at {26.1541, 3.0772, 11.0692, 11.8065, 10.2177, -8.0988}
21 [#5] at {11.1159, 29.7184, 3.0248, -3.9815, 0.5558, -30.5577}
80 [#6] at {22.6002, 13.7374, 14.4598, -1.9186, 18.6537, -12.0318}
78 [#7] at {21.4964, 10.5228, 0.8609, -6.0153, -1.9303, -6.3125}, [FLIPPED]
67 [#8] at {5.4174, 5.5211, -4.9422, -8.9167, 8.7115, -29.9765}, [FLIPPED]
60 [#9] at {15.8228, 4.8158, 21.5057, -10.6810, 8.1112, -25.2035}, [FLIPPED]
26 [#10] at {22.4746, 29.3713, 12.2611, 3.6929, 6.6355, -19.1706}, [FLIPPED]
81 [#11] at {3.5432, 14.9572, 7.9871, 14.3508, 13.9887, -8.7397}, [FLIPPED]
41 [#12] at {18.5929, -6.3589, 8.6544, -6.4771, 0.0060, -29.3522}, [FLIPPED]
44 [#13] at {0.1054, 17.8548, 6.5328, 8.2004, 17.1968, -27.7991}, [FLIPPED]
43 [#14] at {9.0950, 11.5008, 2.4343, 1.1272, 22.1493, -13.2000}, [FLIPPED]
72 [#15] at {17.8220, 13.4566, 17.3500, 16.5937, 17.7906, -16.2150}, [FLIPPED]
73 [#16] at {16.8728, 14.8972, -13.2452, 1.3251, -1.4198, -16.6559}, [FLIPPED]
63 [#17] at {15.6727, 15.7596, -3.4800, 16.8727, 10.6493, -7.4178}, [FLIPPED]
52 [#18] at {21.6183, 17.0702, 24.1308, 0.5174, 6.5556, -31.9190}, [FLIPPED]
55 [#19] at {23.6417, 0.6988, -1.9816, 16.9953, -0.4745, -16.3230}, [FLIPPED]
92 [#20] at {23.3319, -2.4126, 19.5842, 6.8786, 7.3941, -32.5972}, [FLIPPED]
70 [#21] at {9.4609, 11.6616, 21.6069, -1.6633, -0.0651, -36.3365}, [FLIPPED]
10 [#22] at {10.1979, 17.2601, 12.3845, 19.3482, 14.5727, -31.4639}, [FLIPPED]
93 [#23] at {9.1012, 4.4537, 26.1889, 0.4291, -2.3651, -18.2979}, [FLIPPED]
85 [#24] at {17.8999, 21.0342, 5.6510, -6.6808, 17.8695, -31.3909}, [FLIPPED]
13 [#25] at {20.7549, 14.3495, -0.3214, 14.3405, -11.0308, -15.0888}, [FLIPPED]
94 [#26] at {14.1574, -0.5073, 4.8736, 1.1594, -9.8114, -34.9292}, [FLIPPED]
42 [#27] at {15.7737, 10.9350, 4.6786, -16.1811, 7.8988, -22.8577}, [FLIPPED]
49 [#28] at {10.4890, 11.6120, 5.9058, 23.8020, -6.2870, -22.0761}, [FLIPPED]
25 [#29] at {-1.3080, 7.9614, 1.2026, 18.0829, -4.6434, -23.4044}, [FLIPPED]
22 [#30] at {28.6890, 11.9450, 16.6796, 4.9362, -2.0313, -9.2091}, [FLIPPED]
45 [#31] at {9.0568, 16.5511, -2.3787, 0.9261, 4.9654, -41.0271}, [FLIPPED]
28 [#32] at {24.7412, 12.8678, 16.4886, 4.4062, 23.0667, -24.2740}, [FLIPPED]
34 [#33] at {29.7949, 19.6150, 1.7366, 2.3422, -9.6939, -18.7740}, [FLIPPED]
90 [#34] at {7.3709, 29.7767, 13.7410, 9.1373, 5.9332, -24.2710}, [FLIPPED]
1 [#35] at {21.2444, 10.3192, -10.6010, 15.6044, 8.2372, -30.5239}, [FLIPPED]
96 [#36] at {11.1022, 20.5743, 6.1303, -15.6249, -1.5841, -20.4804}, [FLIPPED]
91 [#37] at {12.6793, 11.0155, 9.7392, -11.5705, -11.4805, -26.0462}, [FLIPPED]
56 [#38] at {11.1654, 24.8714, -4.1957, 1.0038, -3.7972, -12.0251}, [FLIPPED]
16 [#39] at {5.2047, 9.1800, 13.8353, 9.3227, 20.9462, -22.2043}, [FLIPPED]
61 [#40] at {27.3797, 2.9637, 17.5994, 8.5019, -6.4213, -18.4574}, [FLIPPED]
38 [#41] at {9.2715, 1.4138, -6.3311, -0.8041, -0.4281, -10.0027}, [FLIPPED]
77 [#42] at {13.1398, 21.7816, 5.7776, 20.5619, -3.7578, -33.6796}, [FLIPPED]
14 [#43] at {14.9056, -1.6563, 3.3585, 18.3832, 0.0287, -33.0584}, [FLIPPED]
12 [#44] at {13.0301, 19.5668, -8.6733, -1.5927, 13.9931, -22.6688}, [FLIPPED]
7 [#45] at {9.7655, 19.7813, -8.2323, 14.3490, -2.5997, -25.7072}, [FLIPPED]
57 [#46] at {9.0295, -4.1521, 19.8989, 8.0106, -4.7306, -25.5728}, [FLIPPED]
6 [#47] at {21.4945, 7.3331, 11.1135, 3.0797, 18.2435, -36.6247}, [FLIPPED]
18 [#48] at {3.8754, 10.4775, -1.4261, 3.5510, -11.2962, -13.6856}, [FLIPPED]
86 [#49] at {14.5510, 20.0445, -1.0948, 4.2407, -9.3272, -35.7975}, [FLIPPED]
65 [#50] at {13.7710, -3.8129, 0.3824, 14.9134, 15.8055, -27.9172}, [FLIPPED]
75 [#51] at {12.1264, -8.7229, 6.9244, 13.5911, -1.1519, -19.8928}, [FLIPPED]
31 [#52] at {23.8728, 0.3987, 12.8589, 16.8166, 11.5865, -29.3925}, [FLIPPED]
99 [#53] at {11.6370, 18.5021, 26.5816, 11.3047, 6.8097, -25.6249}, [FLIPPED]
29 [#54] at {18.1994, -2.1316, 4.0751, -5.6719, 14.9627, -33.3332}, [FLIPPED]
83 [#55] at {19.9230, 30.4329, 1.3981, -1.1341, 2.7172, -22.8763}, [FLIPPED]
84 [#56] at {26.7343, 16.1547, -5.3182, -6.9022, 2.6410, -28.5062}, [FLIPPED]
71 [#57] at {15.7927, 6.3112, -8.9397, 1.2258, -12.1469, -25.4828}, [FLIPPED]
95 [#58] at {-1.2395, -1.3412, 3.7194, 2.7060, 11.4775, -29.6108}, [FLIPPED]
11 [#59] at {16.5079, 2.5500, 6.6473, -5.2861, 13.6510, -4.5064}, [FLIPPED]
47 [#60] at {20.5542, -0.7109, 6.3689, -5.9264, -9.3164, -18.7296}, [FLIPPED]
48 [#61] at {27.0285, 22.3795, -2.5282, 9.4826, 5.9744, -11.5446}, [FLIPPED]
76 [#62] at {12.5934, 3.3199, 9.1404, 0.8838, -16.8903, -19.0220}, [FLIPPED]
88 [#63] at {3.5761, 1.1615, -8.9169, 3.5708, -2.6754, -23.2462}, [FLIPPED]
30 [#64] at {8.6933, 16.5306, 14.9036, 11.8493, -5.8454, -6.3787}, [FLIPPED]
58 [#65] at {18.0743, 14.7747, -2.4787, 9.2590, 15.2436, -38.9942}, [FLIPPED]
15 [#66] at {23.0952, 25.4158, 10.3929, 16.8271, 13.5147, -20.7789}, [FLIPPED]
69 [#67] at {1.9826, 14.8689, 13.0470, -2.7430, -7.4887, -12.2796}, [FLIPPED]
19 [#68] at {0.3532, 18.1733, 18.3707, -4.8242, 7.9171, -17.2317}, [FLIPPED]
62 [#69] at {14.4240, 5.3585, 26.3414, 13.9345, 4.3477, -17.7773}, [FLIPPED]
23 [#70] at {8.3470, 27.3431, 15.1324, -2.8758, 5.1429, -11.6774}, [FLIPPED]
53 [#71] at {23.1556, 9.5607, 19.1901, 12.2975, -10.3002, -26.3787}, [FLIPPED]
50 [#72] at {33.0906, 11.8755, 11.4622, 1.5893, 6.5255, -31.2037}, [FLIPPED]
33 [#73] at {20.5545, 13.5780, 11.8809, 24.6143, 1.9542, -21.1620}, [FLIPPED]
68 [#74] at {27.1665, 17.9842, -1.6050, 12.4485, 16.8262, -27.7624}, [FLIPPED]
54 [#75] at {5.6585, -0.7554, -0.5718, 13.3077, 12.4986, -13.9758}, [FLIPPED]
51 [#76] at {3.6651, 25.6540, -1.3471, 13.4796, 3.9201, -15.7017}, [FLIPPED]
79 [#77] at {24.9528, 18.1086, 6.2954, -9.5631, 12.0920, -16.2492}, [FLIPPED]
97 [#78] at {27.7848, 19.2694, 21.8210, 4.7034, 2.3140, -17.6099}, [FLIPPED]
40 [#79] at {19.3521, -5.0893, -7.8109, 2.6203, 2.4155, -28.6576}, [FLIPPED]
46 [#80] at {17.8617, 13.9219, 17.5985, -3.8684, -3.2531, -7.4034}, [FLIPPED]
20 [#81] at {13.2064, -4.9945, 8.7257, 3.7448, 8.7995, -10.1957}, [FLIPPED]
24 [#82] at {6.1465, 7.6216, 16.6209, -6.9096, 15.7454, -33.0818}, [FLIPPED]
5 [#83] at {7.9409, 7.3909, 9.1383, 11.7785, 5.9448, -42.5033}, [FLIPPED]
9 [#84] at {28.3129, 22.2541, 8.3986, 12.8391, 1.7551, -34.1149}, [FLIPPED]
66 [#85] at {10.4701, 14.6450, 13.4881, 9.9429, -2.2149, -40.7706}, [FLIPPED]
37 [#86] at {32.8426, 5.6117, 2.5897, 5.4329, 13.3078, -24.1176}, [FLIPPED]
87 [#87] at {15.6594, 2.4929, 11.3337, 18.0212, -2.7759, -8.0808}, [FLIPPED]
4 [#88] at {-1.8807, 17.4408, 15.6298, 14.0192, -5.0133, -25.9892}, [FLIPPED]
35 [#89] at {-1.2210, 4.6494, 8.6205, -0.1559, -5.8138, -32.0586}, [FLIPPED]
8 [#90] at {14.2694, 23.9860, 16.3695, 3.2573, -11.4525, -25.9149}, [FLIPPED]
64 [#91] at {18.3482, 15.9048, 6.3651, -8.6728, 1.7152, -40.9018}, [FLIPPED]
82 [#92] at {-0.1337, 17.1544, 4.1181, -7.6483, 0.6664, -29.8653}, [FLIPPED]
17 [#93] at {32.1947, -0.5351, 8.1079, -3.9057, 0.3857, -22.5690}, [FLIPPED]
74 [#94] at {-3.9338, 3.1610, 12.2666, 9.6564, 2.3184, -19.7134}, [FLIPPED]
3 [#95] at {6.7424, -5.1321, 14.8227, -1.4796, 13.0985, -21.7621}, [FLIPPED]
2 [#96] at {21.5460, 13.6766, 8.3177, 4.0609, -13.2498, -34.5771}, [FLIPPED]
32 [#97] at {26.5976, 14.1297, 14.1732, -11.5053, -3.1657, -27.3414}, [FLIPPED]
36 [#98] at {8.5207, 7.6498, 10.1963, -10.3049, 8.5289, -13.1556}, [FLIPPED]
59 [#99] at {27.6119, 7.3505, 2.2173, 12.5615, -5.2328, -34.0363}, [FLIPPED]

Flips	93 out of 100 [93.00%]

Edges:
[1->0] [21.4148016795119] (PRESERVED)
[2->0] [34.69259263987031] (PRESERVED)
[2->1] [38.41242460363142] (LONGER)
[3->0] [30.18592356993961] (LONGER)
[3->2] [19.35885238595151] (PRESERVED)
[4->0] [35.71446618166043] (LONGER)
[4->3] [31.53334431058163] (PRESERVED)
[5->0] [29.64831915989217] (PRESERVED)
[5->4] [42.98410186213124] (LONGER)
[6->0] [32.8115652310444] (PRESERVED)
[6->1] [38.81079287091008] (LONGER)
[6->2] [26.41190846124822] (LONGER)
[6->3] [29.67147297139972] (LONGER)
[6->4] [20.31691854186247] (PRESERVED)
[6->5] [34.54041796204366] (LONGER)
[7->0] [28.02636955878152] (LONGER)
[7->1] [39.70899950459945] (LONGER)
[7->2] [18.40556371204121] (LONGER)
[7->3] [29.77192531501649] (PRESERVED)
[7->4] [25.48962336941293] (LONGER)
[7->5] [32.84894881447682] (LONGER)
[7->6] [25.87810617262236] (PRESERVED)
[8->0] [23.7466751361345] (PRESERVED)
[8->1] [22.50913748818566] (PRESERVED)
[8->2] [30.31975848963029] (LONGER)
[8->3] [19.36570795223779] (PRESERVED)
[8->4] [40.03377310594173] (LONGER)
[8->5] [27.79682917074237] (LONGER)
[8->7] [31.60500705449025] (LONGER)
[9->0] [34.67266199306425] (PRESERVED)
[9->1] [40.38753389632699] (LONGER)
[9->2] [33.6954592478087] (LONGER)
[9->3] [35.19631135283126] (PRESERVED)
[9->4] [31.95891942389207] (PRESERVED)
[9->5] [33.38370975617914] (LONGER)
[9->8] [28.88802117092536] (LONGER)
[10->0] [34.02695388521796] (PRESERVED)
[10->1] [36.10707609533235] (LONGER)
[10->2] [34.49102360187037] (PRESERVED)
[10->3] [35.75555890702662] (PRESERVED)
[10->4] [30.12616936354795] (LONGER)
[10->5] [20.9756154059777] (LONGER)
[10->9] [31.27077129468799] (LONGER)
[11->0] [19.76224510218457] (LONGER)
[11->1] [26.09426112179778] (PRESERVED)
[11->2] [35.37677846373315] (PRESERVED)
[11->3] [33.39085234359765] (LONGER)
[11->4] [26.13417214037091] (PRESERVED)
[11->5] [35.94999505204962] (PRESERVED)
[11->10] [29.34102730055969] (PRESERVED)
[12->0] [36.14722401503492] (LONGER)
[12->1] [38.40211598779266] (LONGER)
[12->2] [26.57043715056463] (PRESERVED)
[12->3] [29.51042145125479] (PRESERVED)
[12->4] [32.28496798425966] (PRESERVED)
[12->5] [37.37857180452939] (LONGER)
[12->11] [41.65944956869105] (LONGER)
[13->0] [22.32843037584507] (PRESERVED)
[13->1] [14.64244824324984] (LONGER)
[13->2] [40.04256286125314] (LONGER)
[13->3] [29.41463459882051] (PRESERVED)
[13->4] [36.97708393216061] (LONGER)
[13->5] [26.59349664391936] (PRESERVED)
[13->12] [38.02572158542871] (PRESERVED)
[14->0] [21.0417637277239] (PRESERVED)
[14->1] [25.57429960115118] (LONGER)
[14->2] [27.41491925199242] (LONGER)
[14->3] [21.00594816442715] (LONGER)
[14->4] [26.81345656546544] (LONGER)
[14->5] [33.61517747762643] (LONGER)
[14->13] [20.63188363500782] (LONGER)
[15->0] [34.28655918982225] (PRESERVED)
[15->1] [34.35588169291239] (LONGER)
[15->2] [34.09854300771389] (LONGER)
[15->3] [34.67760410113461] (PRESERVED)
[15->4] [19.04581026840835] (PRESERVED)
[15->5] [37.95682867205781] (PRESERVED)
[15->14] [23.86967364747991] (PRESERVED)
[16->0] [25.88080631400844] (LONGER)
[16->1] [28.2249753255752] (PRESERVED)
[16->2] [22.18076190312027] (PRESERVED)
[16->3] [22.35367340051169] (LONGER)
[16->4] [33.69810016206819] (LONGER)
[16->5] [27.25523796516619] (LONGER)
[16->15] [39.26074755003845] (LONGER)
[17->0] [26.62515641095611] (PRESERVED)
[17->1] [28.83263208945489] (LONGER)
[17->2] [26.70414458908686] (LONGER)
[17->3] [27.93109148589659] (LONGER)
[17->4] [22.55442224093984] (PRESERVED)
[17->5] [36.47137783575811] (PRESERVED)
[17->16] [23.88047930115703] (PRESERVED)
[18->0] [40.14726877956652] (LONGER)
[18->1] [39.79193868109041] (PRESERVED)
[18->2] [38.90819588116803] (LONGER)
[18->3] [39.25945646760137] (PRESERVED)
[18->4] [33.09439700811143] (LONGER)
[18->5] [27.81786353536897] (PRESERVED)
[18->17] [41.03646768729071] (PRESERVED)
[19->0] [34.90224584007088] (LONGER)
[19->1] [34.66246000385902] (PRESERVED)
[19->2] [20.16045933211042] (PRESERVED)
[19->3] [28.1510812317741] (LONGER)
[19->4] [19.77821210988132] (LONGER)
[19->5] [40.83888090150702] (PRESERVED)
[19->18] [38.96349424569203] (LONGER)
[20->0] [42.28385501240376] (LONGER)
[20->1] [40.05791775064158] (PRESERVED)
[20->2] [32.87697025972705] (PRESERVED)
[20->3] [34.97458958019483] (LONGER)
[20->4] [27.25873224528011] (PRESERVED)
[20->5] [40.30774329599824] (PRESERVED)
[20->19] [30.06623905187176] (LONGER)
[21->0] [35.22345016451449] (LONGER)
[21->1] [35.04291241418724] (PRESERVED)
[21->2] [42.31135720697008] (LONGER)
[21->3] [40.10446930724217] (PRESERVED)
[21->4] [39.34383419461481] (LONGER)
[21->5] [26.70649358609812] (LONGER)
[21->20] [23.17683996306473] (PRESERVED)
[22->0] [33.83272978755228] (PRESERVED)
[22->1] [24.13260445010813] (PRESERVED)
[22->2] [40.91897036084323] (LONGER)
[22->3] [34.40651491211047] (PRESERVED)
[22->4] [32.85207047444884] (PRESERVED)
[22->5] [31.388385822377] (PRESERVED)
[22->21] [28.22115310964262] (PRESERVED)
[23->0] [31.91197319895221] (LONGER)
[23->1] [41.038640474885] (PRESERVED)
[23->2] [38.54104227101721] (PRESERVED)
[23->3] [43.12240983500652] (PRESERVED)
[23->4] [30.21752586266194] (LONGER)
[23->5] [36.84059931543013] (PRESERVED)
[23->22] [34.26279982854776] (LONGER)
[24->0] [33.4283709535985] (LONGER)
[24->1] [29.70995422419588] (PRESERVED)
[24->2] [33.35481979218835] (PRESERVED)
[24->3] [24.77246895532186] (LONGER)
[24->4] [36.91603566413313] (LONGER)
[24->5] [20.88249969045832] (LONGER)
[24->23] [37.49069843321095] (LONGER)
[25->0] [32.74161494466939] (LONGER)
[25->1] [35.53217894329448] (LONGER)
[25->2] [28.66938306433591] (LONGER)
[25->3] [35.78119110128669] (PRESERVED)
[25->4] [28.15570883305841] (LONGER)
[25->5] [32.39667552885101] (LONGER)
[25->24] [40.39041063648631] (PRESERVED)
[26->0] [35.49383684120185] (PRESERVED)
[26->1] [34.13196517830237] (PRESERVED)
[26->2] [33.09596732878833] (LONGER)
[26->3] [33.68070728442873] (PRESERVED)
[26->4] [37.80942950671914] (LONGER)
[26->5] [32.85242353329925] (PRESERVED)
[26->25] [29.32765209859581] (PRESERVED)
[27->0] [28.26958812090897] (LONGER)
[27->1] [34.40772845876293] (LONGER)
[27->2] [26.54847933200079] (PRESERVED)
[27->3] [24.85153397238519] (LONGER)
[27->4] [34.88330452945191] (PRESERVED)
[27->5] [25.28410568617388] (PRESERVED)
[27->26] [29.89385156517109] (PRESERVED)
[28->0] [31.67876105349075] (PRESERVED)
[28->1] [29.27523357752523] (LONGER)
[28->2] [37.51855677402855] (PRESERVED)
[28->3] [38.74036581186797] (LONGER)
[28->4] [30.92837488880455] (PRESERVED)
[28->5] [35.03176289229097] (LONGER)
[28->27] [42.7830744874565] (LONGER)
[29->0] [23.5803641493637] (PRESERVED)
[29->1] [21.53574160478072] (LONGER)
[29->2] [39.59307828195671] (PRESERVED)
[29->3] [36.50273475221366] (LONGER)
[29->4] [37.01195340851633] (PRESERVED)
[29->5] [34.58443456710958] (LONGER)
[29->28] [14.55309020348534] (LONGER)
[30->0] [37.65637822494437] (LONGER)
[30->1] [45.41846209349335] (PRESERVED)
[30->2] [26.82979490254729] (LONGER)
[30->3] [39.03213061656261] (PRESERVED)
[30->4] [17.74859059266717] (LONGER)
[30->5] [36.78508527272663] (PRESERVED)
[30->29] [39.19684829829859] (PRESERVED)
[31->0] [31.40749216406073] (PRESERVED)
[31->1] [19.77994058135166] (LONGER)
[31->2] [37.73127956096045] (LONGER)
[31->3] [26.69084452800053] (LONGER)
[31->4] [43.41604553400398] (PRESERVED)
[31->5] [18.97243188463529] (LONGER)
[31->30] [42.97995107783295] (PRESERVED)
[32->0] [39.12530325988737] (PRESERVED)
[32->1] [37.31586602841948] (PRESERVED)
[32->2] [31.68671107995213] (LONGER)
[32->3] [30.03584795307745] (LONGER)
[32->4] [24.67229499165242] (PRESERVED)
[32->5] [35.6011891284066] (LONGER)
[32->31] [35.15643724600938] (PRESERVED)
[33->0] [38.03699124505511] (PRESERVED)
[33->1] [41.13429663884942] (LONGER)
[33->2] [27.04631706344105] (LONGER)
[33->3] [35.34991092242377] (PRESERVED)
[33->4] [31.20667884916105] (LONGER)
[33->5] [27.13936058788876] (LONGER)
[33->32] [37.36917491121815] (PRESERVED)
[34->0] [28.297988581245] (PRESERVED)
[34->1] [27.7116141038579] (LONGER)
[34->2] [42.88401951670208] (LONGER)
[34->3] [39.0755636801797] (PRESERVED)
[34->4] [36.87594728693411] (PRESERVED)
[34->5] [19.21996809851041] (PRESERVED)
[34->33] [32.72298671217903] (LONGER)
[35->0] [35.90067524576273] (LONGER)
[35->1] [24.24414696557726] (PRESERVED)
[35->2] [27.06559725931083] (LONGER)
[35->3] [20.08394658216296] (LONGER)
[35->4] [32.67077951639208] (LONGER)
[35->5] [33.27448176641821] (LONGER)
[35->34] [35.35298372526504] (PRESERVED)
[36->0] [26.38303399094785] (LONGER)
[36->1] [35.6584677056014] (PRESERVED)
[36->2] [34.39956473897149] (PRESERVED)
[36->3] [34.17501993746011] (LONGER)
[36->4] [40.02712709798453] (PRESERVED)
[36->5] [18.30183490163645] (PRESERVED)
[36->35] [40.75002778824004] (LONGER)
[37->0] [31.49388590023278] (PRESERVED)
[37->1] [38.59413526325968] (LONGER)
[37->2] [35.06937720970469] (LONGER)
[37->3] [37.82736507892073] (LONGER)
[37->4] [39.82160773068259] (PRESERVED)
[37->5] [24.90274319260874] (LONGER)
[37->36] [15.88198595889565] (LONGER)
[38->0] [21.72546731010931] (LONGER)
[38->1] [29.94599573332449] (LONGER)
[38->2] [31.59152022097928] (PRESERVED)
[38->3] [32.52771746014019] (LONGER)
[38->4] [35.51339441120376] (PRESERVED)
[38->5] [21.51493086057225] (PRESERVED)
[38->37] [28.32310719235447] (LONGER)
[39->0] [26.12053961481242] (PRESERVED)
[39->1] [24.8344245439895] (PRESERVED)
[39->2] [36.27727103231117] (PRESERVED)
[39->3] [29.93765874928379] (LONGER)
[39->4] [28.35499202418406] (PRESERVED)
[39->5] [35.15950036244371] (PRESERVED)
[39->38] [37.30855898728714] (LONGER)
[40->0] [40.20460985393157] (PRESERVED)
[40->1] [44.51044562596562] (LONGER)
[40->2] [28.60457474055586] (LONGER)
[40->3] [39.43962085185611] (LONGER)
[40->4] [20.9579788115614] (PRESERVED)
[40->5] [39.28971987692144] (LONGER)
[40->39] [36.1695832143258] (LONGER)
[41->0] [19.70210827001402] (PRESERVED)
[41->1] [30.59022963910308] (PRESERVED)
[41->2] [21.03797584631388] (LONGER)
[41->3] [24.8649836813429] (LONGER)
[41->4] [29.43713559270114] (PRESERVED)
[41->5] [36.40957312306571] (LONGER)
[41->40] [33.12066456914003] (LONGER)
[42->0] [36.33794808650913] (LONGER)
[42->1] [27.68909060169961] (PRESERVED)
[42->2] [42.11643122504625] (LONGER)
[42->3] [39.06262469141266] (LONGER)
[42->4] [38.38728466706263] (PRESERVED)
[42->5] [26.55943388202987] (PRESERVED)
[42->41] [40.05778534807644] (LONGER)
[43->0] [36.47940556598694] (LONGER)
[43->1] [28.87386011031077] (LONGER)
[43->2] [32.74113857850344] (PRESERVED)
[43->3] [31.18621271001371] (LONGER)
[43->4] [31.28006811975862] (PRESERVED)
[43->5] [38.80151738927634] (PRESERVED)
[43->42] [24.03699835747898] (LONGER)
[44->0] [23.9457002132534] (LONGER)
[44->1] [20.73431089082036] (PRESERVED)
[44->2] [27.06186546547623] (PRESERVED)
[44->3] [15.74011086182026] (LONGER)
[44->4] [35.21345551936052] (LONGER)
[44->5] [22.18253184881665] (LONGER)
[44->43] [36.06497734083599] (LONGER)
[45->0] [26.85415374341127] (LONGER)
[45->1] [19.70308826039425] (LONGER)
[45->2] [34.5212135890526] (LONGER)
[45->3] [29.77244342755166] (PRESERVED)
[45->4] [37.42960277911546] (LONGER)
[45->5] [24.42918536683225] (LONGER)
[45->44] [23.44326047774134] (LONGER)
[46->0] [34.32976841018246] (LONGER)
[46->1] [37.84671527331984] (PRESERVED)
[46->2] [37.46991857495789] (LONGER)
[46->3] [40.69463438315482] (LONGER)
[46->4] [31.09147143031196] (PRESERVED)
[46->5] [40.40927675872528] (PRESERVED)
[46->45] [37.54265458451953] (PRESERVED)
[47->0] [39.07152610113447] (LONGER)
[47->1] [31.95622455042554] (PRESERVED)
[47->2] [32.16748654399037] (LONGER)
[47->3] [25.75014225410041] (LONGER)
[47->4] [31.52967406715478] (PRESERVED)
[47->5] [32.76842008321158] (PRESERVED)
[47->46] [32.22941576496655] (LONGER)
[48->0] [19.06750047935196] (PRESERVED)
[48->1] [29.83462189194918] (LONGER)
[48->2] [32.81681892903035] (PRESERVED)
[48->3] [35.26610149493237] (PRESERVED)
[48->4] [35.62943203632219] (PRESERVED)
[48->5] [30.40269936658295] (PRESERVED)
[48->47] [43.31951614353053] (PRESERVED)
[49->0] [34.03436497692073] (PRESERVED)
[49->1] [28.71531992647508] (LONGER)
[49->2] [37.42582368831309] (LONGER)
[49->3] [34.2974852113593] (PRESERVED)
[49->4] [42.15389998857643] (LONGER)
[49->5] [17.75077675164522] (LONGER)
[49->48] [26.43657686114283] (LONGER)
[50->0] [33.50126795183585] (PRESERVED)
[50->1] [25.5416374968414] (LONGER)
[50->2] [28.12862587342222] (LONGER)
[50->3] [21.67322723816753] (LONGER)
[50->4] [27.36178972851667] (PRESERVED)
[50->5] [41.65245100424838] (LONGER)
[50->49] [37.14330464760677] (PRESERVED)
[51->0] [32.1340502380988] (LONGER)
[51->1] [34.15272688511588] (LONGER)
[51->2] [28.65017168993657] (PRESERVED)
[51->3] [32.92837278734355] (PRESERVED)
[51->4] [24.99500376415502] (LONGER)
[51->5] [43.81113773802096] (PRESERVED)
[51->50] [20.57426930622359] (PRESERVED)
[52->0] [40.70173956661618] (PRESERVED)
[52->1] [35.28705870232722] (PRESERVED)
[52->2] [30.31480776530569] (LONGER)
[52->3] [31.02226268261119] (LONGER)
[52->4] [22.27050610826567] (LONGER)
[52->5] [40.92297464107497] (LONGER)
[52->51] [22.78843263939361] (PRESERVED)
[53->0] [35.41328000312937] (PRESERVED)
[53->1] [36.08172579168458] (PRESERVED)
[53->2] [43.33961435848786] (LONGER)
[53->3] [43.02710961091108] (PRESERVED)
[53->4] [31.75438444181844] (LONGER)
[53->5] [31.27481143005189] (LONGER)
[53->52] [27.07687150846298] (LONGER)
[54->0] [35.73255872680612] (LONGER)
[54->1] [32.36811325784488] (LONGER)
[54->2] [26.44627364470346] (PRESERVED)
[54->3] [19.86677003805174] (LONGER)
[54->4] [33.22812457600774] (LONGER)
[54->5] [35.83042671127186] (LONGER)
[54->53] [37.27533785615169] (PRESERVED)
[55->0] [31.35186300141371] (PRESERVED)
[55->1] [31.86399732148192] (LONGER)
[55->2] [33.17076985737189] (LONGER)
[55->3] [31.50191413346739] (PRESERVED)
[55->4] [36.37008254718911] (PRESERVED)
[55->5] [12.34930504467164] (PRESERVED)
[55->54] [36.74878196991161] (LONGER)
[56->0] [35.82391486332712] (LONGER)
[56->1] [34.17742439243408] (LONGER)
[56->2] [23.32916283034039] (LONGER)
[56->3] [22.24468483410439] (PRESERVED)
[56->4] [35.5497949648442] (LONGER)
[56->5] [22.68480960661755] (PRESERVED)
[56->55] [18.98268749714389] (PRESERVED)
[57->0] [31.4170381431047] (PRESERVED)
[57->1] [32.14925668128745] (PRESERVED)
[57->2] [27.47271931298719] (LONGER)
[57->3] [29.43757040394926] (LONGER)
[57->4] [37.84845714628234] (LONGER)
[57->5] [30.44909623162138] (LONGER)
[57->56] [22.88259890632882] (PRESERVED)
[58->0] [23.41014772277105] (PRESERVED)
[58->1] [20.27065961593832] (LONGER)
[58->2] [35.58645401946377] (LONGER)
[58->3] [26.40853285190491] (PRESERVED)
[58->4] [37.02866136537744] (PRESERVED)
[58->5] [35.81536100471403] (LONGER)
[58->57] [32.9582979322596] (PRESERVED)
[59->0] [26.94850256374808] (PRESERVED)
[59->1] [38.75195266949616] (LONGER)
[59->2] [20.28293998850802] (LONGER)
[59->3] [27.13088531253591] (PRESERVED)
[59->4] [20.72992256472053] (LONGER)
[59->5] [40.4001772205452] (LONGER)
[59->58] [32.21045707389253] (LONGER)
[60->0] [33.48830762744775] (PRESERVED)
[60->1] [41.12585816827222] (PRESERVED)
[60->2] [23.38315202193483] (LONGER)
[60->3] [33.06913925456946] (LONGER)
[60->4] [29.61171718940242] (PRESERVED)
[60->5] [35.59995485348679] (LONGER)
[60->59] [27.5190938343438] (PRESERVED)
[61->0] [33.4433460861684] (PRESERVED)
[61->1] [35.139088523807] (PRESERVED)
[61->2] [23.68865392939522] (LONGER)
[61->3] [28.54480164117034] (LONGER)
[61->4] [24.36215865610225] (PRESERVED)
[61->5] [30.16697773632597] (PRESERVED)
[61->60] [34.30910736543417] (LONGER)
[62->0] [31.50085024305911] (PRESERVED)
[62->1] [39.64084223038886] (PRESERVED)
[62->2] [33.08049522832601] (PRESERVED)
[62->3] [40.1309719090402] (LONGER)
[62->4] [34.07551672895397] (LONGER)
[62->5] [34.6059757663566] (LONGER)
[62->61] [36.88418878131515] (LONGER)
[63->0] [21.48078830806632] (LONGER)
[63->1] [22.3871222880999] (LONGER)
[63->2] [29.35959055223603] (PRESERVED)
[63->3] [25.21156633206619] (PRESERVED)
[63->4] [37.09966013265633] (PRESERVED)
[63->5] [33.70295160868421] (PRESERVED)
[63->62] [25.28169050863043] (PRESERVED)
[64->0] [26.18454256505086] (PRESERVED)
[64->1] [37.37036606876484] (LONGER)
[64->2] [37.32431643080184] (LONGER)
[64->3] [43.11394947095663] (PRESERVED)
[64->4] [27.59645445897941] (PRESERVED)
[64->5] [34.59924137078651] (LONGER)
[64->63] [34.5385049634762] (PRESERVED)
[65->0] [36.62059962468757] (LONGER)
[65->1] [22.23709734644205] (LONGER)
[65->2] [33.65913259042613] (PRESERVED)
[65->3] [21.73687728486728] (LONGER)
[65->4] [37.03969296984791] (PRESERVED)
[65->5] [27.64492602645129] (LONGER)
[65->64] [43.68594384830495] (PRESERVED)
[66->0] [36.99408792187469] (PRESERVED)
[66->1] [33.37552516074129] (LONGER)
[66->2] [35.30225167048816] (LONGER)
[66->3] [34.52036518351418] (LONGER)
[66->4] [26.56488363304137] (LONGER)
[66->5] [30.21356410972867] (LONGER)
[66->65] [26.38529254334731] (LONGER)
[67->0] [19.80554969200864] (LONGER)
[67->1] [34.88620225958816] (LONGER)
[67->2] [38.07153436361357] (PRESERVED)
[67->3] [40.84874695479189] (LONGER)
[67->4] [35.6357089388711] (PRESERVED)
[67->5] [28.36735190661598] (LONGER)
[67->66] [38.21509150004638] (LONGER)
[68->0] [20.91902262287182] (PRESERVED)
[68->1] [31.86472735036622] (LONGER)
[68->2] [40.82109569672408] (PRESERVED)
[68->3] [38.51243059516125] (PRESERVED)
[68->4] [36.22393364465904] (PRESERVED)
[68->5] [26.77872757865758] (LONGER)
[68->67] [17.55306434250206] (PRESERVED)
[69->0] [35.81212241052991] (LONGER)
[69->1] [40.01575265841677] (PRESERVED)
[69->2] [37.82462560062695] (LONGER)
[69->3] [42.3355353455258] (LONGER)
[69->4] [22.55438166398817] (LONGER)
[69->5] [40.57978053878169] (PRESERVED)
[69->68] [28.11877771747533] (PRESERVED)
[70->0] [24.41088123092262] (PRESERVED)
[70->1] [35.32123153444936] (PRESERVED)
[70->2] [38.89193887083388] (LONGER)
[70->3] [39.4624364437257] (LONGER)
[70->4] [34.3011169677338] (LONGER)
[70->5] [23.20848825809246] (LONGER)
[70->69] [31.08575020369019] (LONGER)
[71->0] [40.97877769516551] (LONGER)
[71->1] [42.05583669703713] (LONGER)
[71->2] [36.65884671526432] (LONGER)
[71->3] [43.02511161760265] (PRESERVED)
[71->4] [29.53570403093626] (PRESERVED)
[71->5] [34.82712463371902] (PRESERVED)
[71->70] [35.16846725646343] (PRESERVED)
[72->0] [42.79356260246688] (PRESERVED)
[72->1] [40.1350849468453] (LONGER)
[72->2] [27.36760017948417] (PRESERVED)
[72->3] [30.44545838880054] (LONGER)
[72->4] [27.88440751852529] (PRESERVED)
[72->5] [30.65186810483602] (PRESERVED)
[72->71] [24.18326173567518] (PRESERVED)
[73->0] [37.25058187044878] (LONGER)
[73->1] [34.33387705965851] (LONGER)
[73->2] [34.94453980745605] (LONGER)
[73->3] [37.94828660112042] (PRESERVED)
[73->4] [23.35069692901303] (PRESERVED)
[73->5] [36.5512069454994] (PRESERVED)
[73->72] [28.49758647183371] (PRESERVED)
[74->0] [38.34720053232545] (LONGER)
[74->1] [29.66085623086859] (PRESERVED)
[74->2] [27.69736401040874] (PRESERVED)
[74->3] [22.37382833834698] (LONGER)
[74->4] [28.54164707758531] (LONGER)
[74->5] [30.97150998085811] (LONGER)
[74->73] [25.64670623370626] (PRESERVED)
[75->0] [21.95449727676524] (LONGER)
[75->1] [23.84216779546203] (LONGER)
[75->2] [27.39754561788826] (LONGER)
[75->3] [24.51772759291498] (LONGER)
[75->4] [24.74404809692644] (LONGER)
[75->5] [41.08380557504928] (LONGER)
[75->74] [32.00584552996532] (LONGER)
[76->0] [19.83462940678036] (PRESERVED)
[76->1] [20.79684505496462] (PRESERVED)
[76->2] [37.96742564105136] (LONGER)
[76->3] [33.80297978512852] (LONGER)
[76->4] [35.63564384892287] (LONGER)
[76->5] [25.06107273692563] (PRESERVED)
[76->75] [27.90395843509718] (LONGER)
[77->0] [32.35384926655715] (PRESERVED)
[77->1] [37.82294923092051] (LONGER)
[77->2] [23.40577818236724] (LONGER)
[77->3] [26.03157276344592] (PRESERVED)
[77->4] [27.87069344984936] (LONGER)
[77->5] [26.56908437102972] (LONGER)
[77->76] [34.15481773205309] (PRESERVED)
[78->0] [39.49095374452813] (LONGER)
[78->1] [43.79870598449321] (PRESERVED)
[78->2] [33.52781887468402] (LONGER)
[78->3] [40.44473203490023] (LONGER)
[78->4] [24.16262919170759] (PRESERVED)
[78->5] [31.40853402643608] (PRESERVED)
[78->77] [23.48201608419951] (PRESERVED)
[79->0] [34.46150103800375] (LONGER)
[79->1] [31.01973211826826] (PRESERVED)
[79->2] [20.32571193368416] (PRESERVED)
[79->3] [18.99176592236488] (LONGER)
[79->4] [32.20776176532605] (PRESERVED)
[79->5] [38.04575587638774] (PRESERVED)
[79->78] [40.85222629598546] (LONGER)
[80->0] [30.07477762976006] (PRESERVED)
[80->1] [43.00587773059483] (PRESERVED)
[80->2] [30.77539446430363] (PRESERVED)
[80->3] [39.81943529329086] (LONGER)
[80->4] [25.62520628240666] (PRESERVED)
[80->5] [32.52795807321131] (PRESERVED)
[80->79] [39.18235080577467] (LONGER)
[81->0] [26.61514248643715] (LONGER)
[81->1] [35.26949077305759] (PRESERVED)
[81->2] [21.92714498110682] (PRESERVED)
[81->3] [28.06154781716629] (LONGER)
[81->4] [17.59789133224057] (LONGER)
[81->5] [42.23892886346527] (PRESERVED)
[81->80] [25.86989682472511] (LONGER)
[82->0] [31.25708854795922] (LONGER)
[82->1] [30.86762873202817] (PRESERVED)
[82->2] [39.05691817368363] (LONGER)
[82->3] [32.03059999308052] (LONGER)
[82->4] [38.16773779242975] (LONGER)
[82->5] [30.71625989026202] (LONGER)
[82->81] [30.93348892057803] (PRESERVED)
[83->0] [35.53142058293049] (LONGER)
[83->1] [24.05057368739143] (LONGER)
[83->2] [41.04685600515982] (LONGER)
[83->3] [33.29358255310437] (PRESERVED)
[83->4] [39.44600324293535] (PRESERVED)
[83->5] [31.08199945783231] (PRESERVED)
[83->82] [24.35820936317094] (LONGER)
[84->0] [42.48666894203567] (PRESERVED)
[84->1] [35.74856573147171] (LONGER)
[84->2] [35.83697370825107] (LONGER)
[84->3] [35.54811164658622] (PRESERVED)
[84->4] [33.60160627980505] (PRESERVED)
[84->5] [26.02609758959102] (PRESERVED)
[84->83] [26.93553603497055] (LONGER)
[85->0] [36.37770963667472] (PRESERVED)
[85->1] [29.12624334460605] (LONGER)
[85->2] [42.73953999223995] (PRESERVED)
[85->3] [38.54377331190955] (PRESERVED)
[85->4] [40.13902648788449] (PRESERVED)
[85->5] [25.35697221463636] (LONGER)
[85->84] [21.69365353989076] (LONGER)
[86->0] [40.09011312541423] (PRESERVED)
[86->1] [37.17696673010648] (LONGER)
[86->2] [16.98237974914829] (LONGER)
[86->3] [21.01718237930901] (PRESERVED)
[86->4] [20.73250556199129] (LONGER)
[86->5] [36.68911422228991] (LONGER)
[86->85] [35.20680219923997] (LONGER)
[87->0] [31.70062525234306] (LONGER)
[87->1] [38.37579537263422] (PRESERVED)
[87->2] [29.92140155286212] (PRESERVED)
[87->3] [38.53311162092185] (LONGER)
[87->4] [17.8327690067644] (PRESERVED)
[87->5] [42.79414761458946] (PRESERVED)
[87->86] [32.49271467339597] (PRESERVED)
[88->0] [27.15189446655373] (LONGER)
[88->1] [28.14309098205293] (LONGER)
[88->2] [46.33113714068783] (LONGER)
[88->3] [44.00711609300046] (LONGER)
[88->4] [39.62336176388297] (LONGER)
[88->5] [29.23096928228833] (LONGER)
[88->87] [29.85435992602011] (LONGER)
[89->0] [25.6589065600795] (LONGER)
[89->1] [27.21689509391777] (LONGER)
[89->2] [40.32038701647549] (PRESERVED)
[89->3] [36.54946583310291] (PRESERVED)
[89->4] [41.61786036649228] (LONGER)
[89->5] [29.48605794911896] (LONGER)
[89->88] [21.2508318051718] (LONGER)
[90->0] [34.48596344073442] (LONGER)
[90->1] [37.94574100298771] (PRESERVED)
[90->2] [41.55628560491784] (LONGER)
[90->3] [43.92428884683156] (PRESERVED)
[90->4] [38.29646244472348] (LONGER)
[90->5] [20.95336016106761] (LONGER)
[90->89] [27.47900068283439] (LONGER)
[91->0] [37.90323962998875] (LONGER)
[91->1] [33.69838712499972] (PRESERVED)
[91->2] [36.63506228347711] (LONGER)
[91->3] [31.55338970598279] (LONGER)
[91->4] [42.60683221085059] (LONGER)
[91->5] [19.61204465185131] (PRESERVED)
[91->90] [26.87665615874585] (PRESERVED)
[92->0] [20.93882194079388] (PRESERVED)
[92->1] [23.61637923900984] (PRESERVED)
[92->2] [39.36861145344362] (LONGER)
[92->3] [32.44327918062729] (LONGER)
[92->4] [43.37084996742095] (PRESERVED)
[92->5] [17.30726030748948] (LONGER)
[92->91] [21.72890774666257] (PRESERVED)
[93->0] [41.02909116362398] (LONGER)
[93->1] [43.99559996892247] (PRESERVED)
[93->2] [18.63147238623595] (LONGER)
[93->3] [29.72080837898669] (LONGER)
[93->4] [24.72313085780479] (LONGER)
[93->5] [38.06945041948365] (LONGER)
[93->92] [37.96423547062794] (LONGER)
[94->0] [19.67370331976105] (PRESERVED)
[94->1] [25.78004527747845] (LONGER)
[94->2] [39.01803569348527] (LONGER)
[94->3] [36.80178546566487] (LONGER)
[94->4] [33.29633391613935] (LONGER)
[94->5] [36.38543944501546] (LONGER)
[94->93] [39.14132040887949] (LONGER)
[95->0] [28.23618475861401] (LONGER)
[95->1] [33.15588782515033] (LONGER)
[95->2] [31.80811551355103] (PRESERVED)
[95->3] [30.25708710029162] (LONGER)
[95->4] [28.80622182825668] (LONGER)
[95->5] [40.17235327685255] (LONGER)
[95->94] [20.82570696629608] (LONGER)
[96->0] [39.46692272537693] (LONGER)
[96->1] [37.69696749296374] (PRESERVED)
[96->2] [36.16186615220488] (LONGER)
[96->3] [38.6363653064096] (PRESERVED)
[96->4] [38.11788792995783] (PRESERVED)
[96->5] [25.79867337010884] (PRESERVED)
[96->95] [38.78638802653728] (PRESERVED)
[97->0] [39.54141948483893] (PRESERVED)
[97->1] [43.54753627883726] (PRESERVED)
[97->2] [31.5051979253891] (LONGER)
[97->3] [36.33848105618803] (PRESERVED)
[97->4] [34.99745420031254] (PRESERVED)
[97->5] [26.22551564531147] (PRESERVED)
[97->96] [21.36256242089462] (LONGER)
[98->0] [20.26788622905468] (PRESERVED)
[98->1] [33.42431778478601] (LONGER)
[98->2] [27.79004776500283] (PRESERVED)
[98->3] [28.85592380162462] (PRESERVED)
[98->4] [29.15383047965382] (PRESERVED)
[98->5] [30.84764210956656] (PRESERVED)
[98->97] [26.90757257015229] (PRESERVED)
[99->0] [41.63413902046107] (PRESERVED)
[99->1] [35.67599724597177] (PRESERVED)
[99->2] [29.47207823712128] (LONGER)
[99->3] [31.95561819722615] (LONGER)
[99->4] [31.79285975474848] (LONGER)
[99->5] [33.05107370687971] (LONGER)
[99->98] [39.70498049697081] (PRESERVED)

Long edges	360 of 666 [54.05%]
Short edges	0 of 666 [0.00%]
Preserved edges	306 of 666 [45.95%]

Polyhedra	94

CA	332766
RMS Absolute	5.76859
CR	440.522
RMS Relative	0.210944

Projection Mode	Minimum Distance

Optimization Runtime	-3.229045987129211

Lambda, uppercase (Λ) lowercase (λ)	0.01

Using Minimum Distance?	YES
Using Minimum Perimeter?	NO
Using Minimum Area?	NO

Iterations	10
Sammon's stress	0.0444793
