Using	PP Digraph

Executed in	2.41718 seconds

Intrinsic Dimensionality	4

Reordered	YES

Number of nodes	100
Number of edges	484

Is PP Digraph directed?	YES
Is PP Digraph connected??	NO

Nodes:
0 [#0] at {13.0779, 14.3195, 13.4918, -4.1564}
89 [#1] at {10.6955, 29.5071, -7.2940, -19.5615}
98 [#2] at {-1.8721, -6.1702, 4.7043, -28.4166}
27 [#3] at {17.2342, 2.5803, 27.6702, -29.0602}
39 [#4] at {19.1156, 16.6480, 8.4391, -45.7815}
21 [#5] at {21.5908, 24.9395, 21.3899, -31.0102}, [FLIPPED]
80 [#6] at {5.8587, 11.7128, 2.9191, -44.6343}, [FLIPPED]
78 [#7] at {6.7395, 4.2091, 26.2178, -20.9217}, [FLIPPED]
67 [#8] at {2.8988, -4.2540, 17.6852, -22.7031}, [FLIPPED]
60 [#9] at {-1.2657, 21.1819, -3.2618, -17.9189}, [FLIPPED]
26 [#10] at {25.8377, -1.2364, 19.0198, -25.0986}, [FLIPPED]
81 [#11] at {23.0631, 3.4627, 1.3694, -43.5704}, [FLIPPED]
41 [#12] at {3.6436, 3.7302, 19.5987, -11.9595}, [FLIPPED]
44 [#13] at {33.6096, 2.9153, 6.1405, -29.4486}, [FLIPPED]
43 [#14] at {32.6098, 21.7055, 5.8489, -25.7364}, [FLIPPED]
72 [#15] at {2.6722, 13.6050, 24.7605, -20.3170}, [FLIPPED]
73 [#16] at {9.3041, -2.8880, 18.9331, -34.7114}, [FLIPPED]
63 [#17] at {14.3362, 4.5121, 18.0640, -44.0327}, [FLIPPED]
52 [#18] at {29.9056, 9.6164, 17.6551, -35.2376}, [FLIPPED]
55 [#19] at {21.9977, 18.1826, -11.7109, -23.8582}, [FLIPPED]
92 [#20] at {1.8567, 11.6929, -8.8743, -35.2899}, [FLIPPED]
70 [#21] at {18.2104, 18.6029, 15.2451, -6.7215}, [FLIPPED]
10 [#22] at {-4.0695, 4.5660, 2.6700, -32.6871}, [FLIPPED]
93 [#23] at {21.9258, -0.3827, -11.2249, -20.2281}, [FLIPPED]
85 [#24] at {0.9528, 12.8191, -10.8907, -24.6628}, [FLIPPED]
13 [#25] at {18.7798, -4.0564, -4.7492, -14.1724}, [FLIPPED]
94 [#26] at {31.4413, 17.0144, 17.1767, -20.7260}, [FLIPPED]
42 [#27] at {-0.5417, 6.3125, -2.1071, -14.9781}, [FLIPPED]
49 [#28] at {21.9026, -8.0799, -1.0690, -26.6716}, [FLIPPED]
25 [#29] at {23.3310, 20.0245, -6.3864, -38.6127}, [FLIPPED]
22 [#30] at {9.2872, 0.3365, -7.3310, -38.1329}, [FLIPPED]
45 [#31] at {1.1699, 23.1391, -3.8639, -30.2180}, [FLIPPED]
28 [#32] at {23.8016, -4.4587, 20.7544, -15.5981}, [FLIPPED]
34 [#33] at {6.2197, 0.4734, -11.4644, -17.7854}, [FLIPPED]
90 [#34] at {15.6219, 25.4514, 7.9636, -40.3975}, [FLIPPED]
1 [#35] at {32.7641, 0.6333, -3.3353, -18.5002}, [FLIPPED]
96 [#36] at {29.5262, 10.9131, 24.3389, -23.2525}, [FLIPPED]
91 [#37] at {14.9516, 4.1227, -6.0939, -41.4113}, [FLIPPED]
56 [#38] at {2.5421, -4.1290, 11.5699, -34.6010}, [FLIPPED]
16 [#39] at {6.5118, -7.4160, 1.5132, -24.0680}, [FLIPPED]
61 [#40] at {31.0379, 24.5861, 10.1172, -27.6824}, [FLIPPED]
38 [#41] at {20.1818, 23.5361, -3.9847, -11.1817}, [FLIPPED]
77 [#42] at {1.2610, 6.7815, 23.0425, -34.9238}, [FLIPPED]
14 [#43] at {19.4125, -0.1602, 11.0882, -7.3452}, [FLIPPED]
12 [#44] at {18.5074, 31.6259, 8.1179, -22.1074}, [FLIPPED]
7 [#45] at {27.3290, 1.3890, 5.9646, -10.2868}, [FLIPPED]
57 [#46] at {8.1291, 32.1406, 10.7259, -22.7685}, [FLIPPED]
6 [#47] at {1.5784, 27.5439, 9.1748, -24.4948}, [FLIPPED]
18 [#48] at {8.5104, 11.1517, 10.8952, -44.7936}, [FLIPPED]
86 [#49] at {-5.6333, 13.0468, 14.1950, -26.6484}, [FLIPPED]
65 [#50] at {6.3000, 20.4241, 0.6071, -6.4599}, [FLIPPED]
75 [#51] at {19.9917, 15.6736, -0.3056, -4.6442}, [FLIPPED]
31 [#52] at {20.4806, 7.8905, 18.6054, -7.3344}, [FLIPPED]
99 [#53] at {30.1079, 3.0458, -4.0906, -33.4368}, [FLIPPED]
29 [#54] at {5.3774, 3.7397, 3.9049, -4.1628}, [FLIPPED]
83 [#55] at {18.3387, 15.7006, 24.1688, -34.7666}, [FLIPPED]
84 [#56] at {35.5834, 7.5789, 11.0488, -23.9791}, [FLIPPED]
71 [#57] at {10.8824, 15.7590, 28.7993, -21.5028}, [FLIPPED]
95 [#58] at {24.0322, 24.0542, 9.6021, -9.2186}, [FLIPPED]
11 [#59] at {33.6424, 10.8504, 12.4269, -9.5396}, [FLIPPED]
47 [#60] at {7.4978, 24.1919, 20.0795, -17.7265}, [FLIPPED]
48 [#61] at {22.4252, 23.4472, 23.9721, -19.4028}, [FLIPPED]
76 [#62] at {17.2560, -11.3750, 7.3373, -22.7902}, [FLIPPED]
88 [#63] at {0.8216, 21.0714, 3.7963, -38.3207}, [FLIPPED]
30 [#64] at {19.7114, 33.2886, 3.6203, -28.3977}, [FLIPPED]
58 [#65] at {-3.5502, 0.5960, -3.6116, -24.6870}, [FLIPPED]
15 [#66] at {30.3535, 10.8644, -8.6548, -31.0452}, [FLIPPED]
69 [#67] at {13.8357, -5.8537, -4.2187, -33.3844}, [FLIPPED]
19 [#68] at {-7.8935, 10.5875, 6.4023, -19.9309}, [FLIPPED]
62 [#69] at {25.7284, 1.1115, 13.4133, -40.2823}, [FLIPPED]
23 [#70] at {30.0732, -6.4067, 7.9593, -19.9820}, [FLIPPED]
53 [#71] at {13.7150, 15.5278, -14.0594, -30.6781}, [FLIPPED]
50 [#72] at {28.1999, 17.8505, 8.7364, -37.3482}, [FLIPPED]
33 [#73] at {32.8729, 18.2602, 0.9254, -17.1659}, [FLIPPED]
68 [#74] at {20.2833, 7.2264, 27.5287, -17.2508}, [FLIPPED]
54 [#75] at {2.8911, 12.4013, -4.0022, -9.7922}, [FLIPPED]
51 [#76] at {27.9080, 8.5365, 3.7838, -42.0563}, [FLIPPED]
79 [#77] at {0.8033, 13.3551, 15.3429, -37.2970}, [FLIPPED]
97 [#78] at {11.1628, 8.3988, -14.9534, -22.4997}, [FLIPPED]
40 [#79] at {25.0889, 8.4749, -13.1243, -24.8715}, [FLIPPED]
46 [#80] at {8.8364, 21.9007, -5.1400, -37.6919}, [FLIPPED]
20 [#81] at {10.0831, 25.0806, 18.6314, -30.3435}, [FLIPPED]
24 [#82] at {-3.6055, 24.6559, 12.0308, -26.9851}, [FLIPPED]
5 [#83] at {14.2045, 23.3159, 20.8470, -11.9005}, [FLIPPED]
9 [#84] at {22.2502, 26.6313, 16.0648, -35.8060}, [FLIPPED]
66 [#85] at {30.9290, 20.4569, -1.1702, -25.3149}, [FLIPPED]
37 [#86] at {18.9273, 1.8148, -2.4125, -7.9057}, [FLIPPED]
87 [#87] at {23.2032, 24.5542, -7.9806, -18.3822}, [FLIPPED]
4 [#88] at {18.8537, -7.1699, 13.6128, -38.0641}, [FLIPPED]
35 [#89] at {26.7182, 12.2493, 6.3171, -6.6375}, [FLIPPED]
8 [#90] at {14.6447, 11.5491, -9.2100, -8.7250}, [FLIPPED]
64 [#91] at {12.4427, -5.8460, 17.7604, -12.0159}, [FLIPPED]
82 [#92] at {13.8040, 27.1493, -2.8836, -31.2526}, [FLIPPED]
17 [#93] at {17.3605, -9.7962, 14.9407, -27.9324}, [FLIPPED]
74 [#94] at {8.7695, 17.3490, 20.9233, -36.3673}, [FLIPPED]
3 [#95] at {2.0887, 23.0607, 8.6525, -10.9864}, [FLIPPED]
2 [#96] at {9.4830, -7.7636, 6.3705, -13.0522}, [FLIPPED]
32 [#97] at {-3.6053, 10.5313, 15.8485, -13.2900}, [FLIPPED]
36 [#98] at {3.1211, 3.1745, 6.4895, -12.3842}, [FLIPPED]
59 [#99] at {13.4517, 29.9434, 6.5099, -13.8588}, [FLIPPED]

Flips	95 out of 100 [95.00%]

Edges:
[1->0] [30.0948943380254] (PRESERVED)
[2->0] [36.18156736870861] (LONGER)
[2->1] [40.65938638042159] (LONGER)
[3->0] [31.24601454317132] (LONGER)
[3->2] [31.13629297198298] (LONGER)
[4->0] [42.42705022464713] (PRESERVED)
[4->1] [34.2238874185954] (LONGER)
[4->2] [35.73015372728707] (LONGER)
[4->3] [29.16976719671235] (PRESERVED)
[5->0] [31.12492777500859] (LONGER)
[5->1] [33.06675043018056] (PRESERVED)
[5->2] [42.46714812106961] (PRESERVED)
[5->3] [23.70988152375356] (LONGER)
[5->4] [21.46604432567512] (PRESERVED)
[6->0] [42.53413751220211] (LONGER)
[6->1] [32.75644242233408] (PRESERVED)
[6->2] [25.41199212066135] (PRESERVED)
[6->3] [32.6798472670621] (LONGER)
[6->5] [30.8095989880303] (LONGER)
[7->0] [24.19551751040717] (LONGER)
[7->1] [42.1963613168031] (LONGER)
[7->2] [26.47443899963039] (LONGER)
[7->3] [13.45868930823353] (LONGER)
[7->6] [34.09108146761309] (PRESERVED)
[8->0] [28.46318624433474] (LONGER)
[8->1] [42.83023861727821] (LONGER)
[8->2] [15.0858008889156] (LONGER)
[8->3] [19.80717157708002] (LONGER)
[8->7] [12.74182157487187] (LONGER)
[9->0] [26.8871462313396] (PRESERVED)
[9->1] [15.20980413952144] (PRESERVED)
[9->2] [30.3671569746597] (PRESERVED)
[9->3] [42.06166179682117] (LONGER)
[9->8] [33.55580072710583] (PRESERVED)
[10->0] [29.56235980634123] (PRESERVED)
[10->1] [43.56056441032689] (PRESERVED)
[10->2] [31.75087942927128] (LONGER)
[10->3] [13.38319800610423] (LONGER)
[10->9] [42.25153891936701] (PRESERVED)
[11->0] [43.7948403668945] (LONGER)
[11->1] [38.50643687528376] (LONGER)
[11->2] [30.9082009671587] (LONGER)
[11->3] [30.61099077568468] (PRESERVED)
[11->10] [26.12519572324551] (PRESERVED)
[12->0] [17.30092599914514] (LONGER)
[12->1] [38.6675867672394] (PRESERVED)
[12->2] [24.92225413816213] (PRESERVED)
[12->3] [23.31541572434686] (LONGER)
[12->11] [41.33691545363293] (LONGER)
[13->0] [35.2894112220009] (LONGER)
[13->1] [38.86408852160682] (LONGER)
[13->2] [36.66909065406485] (LONGER)
[13->3] [27.05445203843263] (PRESERVED)
[13->12] [37.22380913599853] (PRESERVED)
[14->0] [30.98636130395122] (LONGER)
[14->1] [27.42194178744007] (LONGER)
[14->2] [44.43583907869825] (LONGER)
[14->3] [33.00602647329593] (LONGER)
[14->13] [19.1816476461134] (LONGER)
[15->0] [22.29212812692596] (PRESERVED)
[15->1] [36.67844953436721] (LONGER)
[15->2] [29.65743429432961] (PRESERVED)
[15->3] [20.45739754801173] (PRESERVED)
[15->14] [36.72722169041154] (PRESERVED)
[16->0] [35.68690631583664] (PRESERVED)
[16->1] [44.37071268874501] (LONGER)
[16->2] [19.43614716223374] (LONGER)
[16->3] [14.17959439205833] (PRESERVED)
[16->15] [23.60418112382412] (LONGER)
[17->0] [41.33755311255732] (PRESERVED)
[17->1] [43.35746182909089] (LONGER)
[17->2] [28.26953236155594] (LONGER)
[17->3] [18.12691196697563] (PRESERVED)
[17->16] [12.95096731073697] (LONGER)
[18->0] [35.89797325068005] (PRESERVED)
[18->1] [40.40869401809977] (PRESERVED)
[18->2] [38.38346908327478] (PRESERVED)
[18->3] [18.66907036905796] (PRESERVED)
[18->17] [18.60057847507345] (LONGER)
[19->0] [33.43380643992503] (LONGER)
[19->1] [17.14509022236547] (PRESERVED)
[19->2] [38.11902283835921] (LONGER)
[19->3] [42.94241708859236] (LONGER)
[19->18] [33.58219389238855] (LONGER)
[20->0] [40.02939652520641] (LONGER)
[20->1] [25.40378835572787] (PRESERVED)
[20->2] [23.7616310147831] (PRESERVED)
[20->3] [41.15602864825689] (LONGER)
[20->19] [24.2178686262958] (LONGER)
[21->0] [7.371821546698071] (LONGER)
[21->1] [29.12475207570459] (PRESERVED)
[21->2] [39.98492195183911] (PRESERVED)
[21->3] [30.18402802226642] (LONGER)
[21->20] [41.38950872630657] (LONGER)
[22->0] [36.33566272145797] (PRESERVED)
[22->1] [33.34113435391814] (LONGER)
[22->2] [11.93607040667816] (LONGER)
[22->3] [33.10524848542303] (PRESERVED)
[22->21] [39.06118120044147] (PRESERVED)
[23->0] [34.11237827430791] (PRESERVED)
[23->1] [32.17792774687963] (LONGER)
[23->2] [30.34183282955425] (LONGER)
[23->3] [40.26942331780332] (PRESERVED)
[23->22] [32.38124323128653] (LONGER)
[24->0] [34.12168454685973] (LONGER)
[24->1] [20.30691124264991] (PRESERVED)
[24->2] [25.01736478443305] (PRESERVED)
[24->3] [43.31512344684698] (LONGER)
[24->23] [25.17807858039841] (PRESERVED)
[25->0] [28.34143354868787] (PRESERVED)
[25->1] [35.03399197102672] (LONGER)
[25->2] [26.89300847268078] (PRESERVED)
[25->3] [36.31934570300545] (PRESERVED)
[25->24] [27.39255996889731] (PRESERVED)
[26->0] [25.15164765072489] (LONGER)
[26->1] [34.44740249308628] (LONGER)
[26->2] [43.15100970897245] (LONGER)
[26->3] [24.28489939764009] (PRESERVED)
[26->25] [33.58540996047982] (PRESERVED)
[27->0] [24.69900203219559] (LONGER)
[27->1] [26.68668491091438] (PRESERVED)
[27->2] [19.61057766762399] (LONGER)
[27->3] [37.61526826038953] (PRESERVED)
[27->26] [39.2727155974081] (LONGER)
[28->0] [36.03552795319811] (LONGER)
[28->1] [40.34456599620933] (LONGER)
[28->2] [24.60204846597102] (LONGER)
[28->3] [31.09791262083699] (PRESERVED)
[28->27] [29.13253814501565] (LONGER)
[29->0] [41.47350672684576] (LONGER)
[29->1] [24.76585219408171] (LONGER)
[29->2] [39.34874280664635] (LONGER)
[29->3] [39.90705584542766] (LONGER)
[29->28] [31.02838798447535] (LONGER)
[30->0] [42.40147793465074] (PRESERVED)
[30->1] [34.60934754792236] (PRESERVED)
[30->2] [20.15250496800117] (PRESERVED)
[30->3] [37.08888522255382] (LONGER)
[30->29] [24.20676668698487] (PRESERVED)
[31->0] [34.64117197326695] (LONGER)
[31->1] [16.01925766658563] (LONGER)
[31->2] [30.73995492932685] (LONGER)
[31->3] [40.9446325859933] (LONGER)
[31->30] [25.70046916371086] (PRESERVED)
[32->0] [25.52015582167662] (LONGER)
[32->1] [46.12882734019655] (PRESERVED)
[32->2] [32.92403497242857] (LONGER)
[32->3] [17.93700881169021] (LONGER)
[32->31] [45.75627122321169] (LONGER)
[33->0] [32.36212889153763] (LONGER)
[33->1] [29.72430682920569] (LONGER)
[33->2] [22.00141351038089] (PRESERVED)
[33->3] [42.2420744594992] (LONGER)
[33->32] [37.09832121423012] (PRESERVED)
[34->0] [38.39751329322488] (LONGER)
[34->1] [26.60175478962238] (LONGER)
[34->2] [38.21164841100261] (LONGER)
[34->3] [32.28882215488009] (LONGER)
[34->33] [40.01316038161913] (PRESERVED)
[35->0] [32.61519697354405] (LONGER)
[35->1] [36.5720345705336] (LONGER)
[35->2] [37.53562718201803] (LONGER)
[35->3] [36.30184037340145] (LONGER)
[35->34] [38.94801243486226] (LONGER)
[36->0] [27.64911896989053] (LONGER)
[36->1] [41.40768530557067] (LONGER)
[36->2] [41.10815631253653] (LONGER)
[36->3] [16.28976963727511] (LONGER)
[36->35] [30.07666813063611] (LONGER)
[37->0] [43.34756070031639] (LONGER)
[37->1] [33.78368019398038] (LONGER)
[37->2] [25.97003760883711] (LONGER)
[37->3] [36.05764302703705] (LONGER)
[37->36] [38.91567638747158] (LONGER)
[38->0] [37.17416182577294] (LONGER)
[38->1] [42.18887218732587] (LONGER)
[38->2] [10.44200972081119] (PRESERVED)
[38->3] [23.46894324408394] (LONGER)
[38->37] [24.09306989457871] (LONGER)
[39->0] [32.48853026470398] (PRESERVED)
[39->1] [38.4538382197187] (PRESERVED)
[39->2] [10.04663065617433] (PRESERVED)
[39->3] [30.39749512151498] (PRESERVED)
[39->38] [15.44811568616718] (PRESERVED)
[40->0] [31.50912200967041] (PRESERVED)
[40->1] [28.40994795033791] (LONGER)
[40->2] [45.37462300352743] (PRESERVED)
[40->3] [31.38161026363392] (PRESERVED)
[40->39] [41.38552016231812] (LONGER)
[41->0] [22.14028049682216] (LONGER)
[41->1] [14.38103542138287] (PRESERVED)
[41->2] [41.72980881969631] (LONGER)
[41->3] [42.06548892019388] (LONGER)
[41->40] [24.29176702248326] (PRESERVED)
[42->0] [35.13272687909807] (LONGER)
[42->1] [41.97338331014225] (LONGER)
[42->2] [23.58385031076035] (LONGER)
[42->3] [18.12700867503989] (LONGER)
[42->41] [43.96435449856698] (LONGER)
[43->0] [16.30136687431174] (LONGER)
[43->1] [37.99046915490243] (LONGER)
[43->2] [31.207516507472] (PRESERVED)
[43->3] [27.54562843312204] (PRESERVED)
[43->42] [35.79310515107807] (PRESERVED)
[44->0] [26.0788393661291] (PRESERVED)
[44->1] [17.59325979302074] (LONGER)
[44->2] [43.53536631271886] (LONGER)
[44->3] [35.71978995428879] (PRESERVED)
[44->43] [35.18409083288088] (LONGER)
[45->0] [21.55294511835941] (PRESERVED)
[45->1] [36.45694534080251] (PRESERVED)
[45->2] [35.21535718809525] (PRESERVED)
[45->3] [30.4449768675648] (LONGER)
[45->44] [33.71130089480006] (PRESERVED)
[46->0] [26.38450723361118] (PRESERVED)
[46->1] [18.66877001962234] (PRESERVED)
[46->2] [40.44628878839443] (PRESERVED)
[46->3] [35.82471308098047] (LONGER)
[46->45] [38.63620542340031] (LONGER)
[47->0] [27.19211399156351] (LONGER)
[47->1] [19.55853988241598] (PRESERVED)
[47->2] [34.40805146429782] (LONGER)
[47->3] [35.08857992779961] (LONGER)
[47->46] [8.332309927495176] (LONGER)
[48->0] [41.09771152010668] (LONGER)
[48->1] [36.18288162569536] (PRESERVED)
[48->2] [26.7278322469374] (PRESERVED)
[48->3] [26.0483065045148] (LONGER)
[48->47] [27.05103525932404] (LONGER)
[49->0] [29.2935365246763] (PRESERVED)
[49->1] [32.39709408038943] (LONGER)
[49->2] [21.83204645839464] (LONGER)
[49->3] [28.6333258496544] (PRESERVED)
[49->48] [23.31893868938523] (PRESERVED)
[50->0] [15.95385880623837] (PRESERVED)
[50->1] [18.32763786156004] (LONGER)
[50->2] [35.67802502639685] (PRESERVED)
[50->3] [41.00176747812542] (PRESERVED)
[50->49] [28.08975252323506] (LONGER)
[51->0] [15.499669674419] (PRESERVED)
[51->1] [23.43382939785454] (LONGER)
[51->2] [39.31157386176051] (PRESERVED)
[51->3] [39.46932464031482] (PRESERVED)
[51->50] [14.63411279574326] (LONGER)
[52->0] [11.50565159240169] (PRESERVED)
[52->1] [37.19273371028905] (LONGER)
[52->2] [36.53822535499344] (PRESERVED)
[52->3] [24.34992073789848] (PRESERVED)
[52->51] [20.63198599997591] (LONGER)
[53->0] [39.79438593272267] (PRESERVED)
[53->1] [35.77461641760571] (LONGER)
[53->2] [34.78800142171835] (PRESERVED)
[53->3] [34.55209504918992] (PRESERVED)
[53->52] [36.22971178233272] (PRESERVED)
[54->0] [16.22149422798316] (LONGER)
[54->1] [32.47735499602408] (LONGER)
[54->2] [27.19646867902849] (LONGER)
[54->3] [36.42250916544583] (LONGER)
[54->53] [39.15318143336875] (LONGER)
[55->0] [32.87199093409136] (PRESERVED)
[55->1] [38.34241505183365] (LONGER)
[55->2] [36.13863251571606] (PRESERVED)
[55->3] [14.77110593048675] (LONGER)
[55->54] [40.72197408027534] (LONGER)
[56->0] [30.83569575310281] (PRESERVED)
[56->1] [38.16051589923447] (PRESERVED)
[56->2] [40.64352336446385] (LONGER)
[56->3] [25.76369231390997] (PRESERVED)
[56->55] [25.53130080664688] (PRESERVED)
[57->0] [23.28324594442502] (LONGER)
[57->1] [38.67218263823094] (PRESERVED)
[57->2] [35.66423792520411] (PRESERVED)
[57->3] [16.50495617814274] (LONGER)
[57->56] [31.59529361786348] (PRESERVED)
[58->0] [15.98486007637574] (PRESERVED)
[58->1] [24.49597083315811] (PRESERVED)
[58->2] [44.46455717046742] (LONGER)
[58->3] [35.03554831259355] (LONGER)
[58->57] [27.58911137005231] (PRESERVED)
[59->0] [21.56496886843599] (LONGER)
[59->1] [36.9321683706212] (PRESERVED)
[59->2] [44.35044265982809] (PRESERVED)
[59->3] [30.83893540175344] (LONGER)
[59->58] [16.57653208191487] (PRESERVED)
[60->0] [18.87192456023536] (LONGER)
[60->1] [28.12745099289516] (PRESERVED)
[60->2] [36.88260431329537] (LONGER)
[60->3] [27.34831787883974] (LONGER)
[60->59] [31.4186081380022] (LONGER)
[61->0] [22.64898812885058] (LONGER)
[61->1] [33.93968627105229] (LONGER)
[61->2] [43.81831711509359] (PRESERVED)
[61->3] [23.86034471070161] (PRESERVED)
[61->60] [15.53522711229951] (PRESERVED)
[62->0] [32.59996574321804] (PRESERVED)
[62->1] [44.03277878042842] (LONGER)
[62->2] [20.77414838350647] (PRESERVED)
[62->3] [25.44580462287779] (PRESERVED)
[62->61] [39.08317897369654] (LONGER)
[63->0] [38.17080581423382] (PRESERVED)
[63->1] [25.3684725993493] (PRESERVED)
[63->2] [29.12521745647823] (PRESERVED)
[63->3] [35.59518409097233] (PRESERVED)
[63->62] [39.706414450229] (LONGER)
[64->0] [32.99871916902269] (LONGER)
[64->1] [17.11099072590762] (LONGER)
[64->2] [44.98908959836271] (LONGER)
[64->3] [39.08928626172978] (LONGER)
[64->63] [24.58826632872083] (LONGER)
[65->0] [34.33451094325648] (LONGER)
[65->1] [32.84238502838653] (PRESERVED)
[65->2] [11.47436186173354] (LONGER)
[65->3] [37.86295324651547] (LONGER)
[65->64] [40.93867191824098] (LONGER)
[66->0] [39.03664930337833] (LONGER)
[66->1] [29.45696238059731] (LONGER)
[66->2] [38.91066165792333] (PRESERVED)
[66->3] [39.5497838075653] (LONGER)
[66->65] [36.34226099313522] (LONGER)
[67->0] [39.69215839030871] (LONGER)
[67->1] [38.2201087146445] (PRESERVED)
[67->2] [18.73855272985253] (LONGER)
[67->3] [33.44072494638979] (LONGER)
[67->66] [24.03088077917531] (PRESERVED)
[68->0] [27.4376247005836] (LONGER)
[68->1] [29.85344773870941] (PRESERVED)
[68->2] [19.79819298791492] (LONGER)
[68->3] [35.08826500779015] (LONGER)
[68->67] [32.19121170961945] (LONGER)
[69->0] [40.49165863530724] (PRESERVED)
[69->1] [43.47916268249125] (LONGER)
[69->2] [32.11622100850395] (LONGER)
[69->3] [20.08740843617404] (PRESERVED)
[69->68] [41.03121073671663] (PRESERVED)
[70->0] [31.61448640342337] (LONGER)
[70->1] [43.5676225497342] (LONGER)
[70->2] [33.20081487549979] (LONGER)
[70->3] [26.76824194882255] (LONGER)
[70->69] [22.74312666999061] (PRESERVED)
[71->0] [38.26657999374628] (LONGER)
[71->1] [19.33618833269314] (PRESERVED)
[71->2] [32.7253793619738] (PRESERVED)
[71->3] [43.86340167396593] (LONGER)
[71->70] [36.71432064572907] (LONGER)
[72->0] [36.95204085927573] (LONGER)
[72->1] [31.86882238142394] (PRESERVED)
[72->2] [39.71588285102075] (LONGER)
[72->3] [27.93930554108104] (LONGER)
[72->71] [27.91677490282542] (LONGER)
[73->0] [27.10223487487346] (PRESERVED)
[73->1] [26.29878459200916] (PRESERVED)
[73->2] [44.10118135345565] (LONGER)
[73->3] [36.70401503337451] (PRESERVED)
[73->72] [22.14362622104366] (LONGER)
[74->0] [21.69630876894908] (PRESERVED)
[74->1] [42.50073868603172] (PRESERVED)
[74->2] [36.2761388868696] (PRESERVED)
[74->3] [13.0524109786138] (LONGER)
[74->73] [31.43220390552212] (LONGER)
[75->0] [21.10096141082295] (LONGER)
[75->1] [21.44275857091946] (LONGER)
[75->2] [28.11155453131618] (LONGER)
[75->3] [40.9459975626211] (LONGER)
[75->74] [37.13618984191386] (PRESERVED)
[76->0] [42.23772171510011] (PRESERVED)
[76->1] [36.94279944975709] (LONGER)
[76->2] [35.91705631639429] (LONGER)
[76->3] [29.81385148724674] (PRESERVED)
[76->75] [41.74183114562683] (PRESERVED)
[77->0] [35.40224605924483] (PRESERVED)
[77->1] [34.43424493561766] (PRESERVED)
[77->2] [24.09222786550545] (LONGER)
[77->3] [24.61457891780455] (LONGER)
[77->76] [30.2348844962306] (LONGER)
[78->0] [34.41403910484811] (LONGER)
[78->1] [22.65123647637664] (PRESERVED)
[78->2] [28.3477632168002] (LONGER)
[78->3] [43.9377525241046] (LONGER)
[78->77] [35.61886152513402] (LONGER)
[79->0] [36.27610338089995] (PRESERVED)
[79->1] [26.67790963383842] (PRESERVED)
[79->2] [35.66230229282789] (PRESERVED)
[79->3] [42.1684834051864] (LONGER)
[79->78] [14.24475172946699] (LONGER)
[80->0] [39.33491302849066] (PRESERVED)
[80->1] [19.86618600572875] (PRESERVED)
[80->2] [32.94823913001886] (PRESERVED)
[80->3] [39.93511867724677] (PRESERVED)
[80->79] [25.93270426149043] (LONGER)
[81->0] [28.93013236468664] (PRESERVED)
[81->1] [28.43142805417884] (LONGER)
[81->2] [36.29350868653037] (PRESERVED)
[81->3] [25.31305738452703] (PRESERVED)
[81->80] [25.11459786035139] (LONGER)
[82->0] [30.14070114454411] (LONGER)
[82->1] [25.62446109057604] (PRESERVED)
[82->2] [31.76448503108875] (PRESERVED)
[82->3] [34.21294802527573] (LONGER)
[82->81] [15.56941295026872] (LONGER)
[83->0] [14.00982790784346] (PRESERVED)
[83->1] [30.02079582423512] (PRESERVED)
[83->2] [40.7584745017186] (PRESERVED)
[83->3] [27.93131247214306] (LONGER)
[83->82] [24.98520407064768] (LONGER)
[84->0] [35.27081197708139] (LONGER)
[84->1] [30.84311997411109] (LONGER)
[84->2] [42.91258564604107] (LONGER)
[84->3] [27.99648749051188] (PRESERVED)
[84->83] [25.88565648780351] (LONGER)
[85->0] [31.92150500590441] (PRESERVED)
[85->1] [23.70443619512771] (PRESERVED)
[85->2] [42.76733368880336] (LONGER)
[85->3] [36.78202089900861] (LONGER)
[85->84] [22.81567261451988] (PRESERVED)
[86->0] [21.39123740097595] (LONGER)
[86->1] [31.53269295483295] (PRESERVED)
[86->2] [31.10813034926663] (LONGER)
[86->3] [36.82298214152242] (LONGER)
[86->85] [28.21686371314224] (LONGER)
[87->0] [29.50773720236689] (LONGER)
[87->1] [13.52162511071627] (LONGER)
[87->2] [42.82936814366026] (PRESERVED)
[87->3] [43.62894426667982] (LONGER)
[87->86] [26.00239629581154] (PRESERVED)
[88->0] [40.55738285690425] (PRESERVED)
[88->1] [46.81023327270963] (PRESERVED)
[88->2] [24.55601070062077] (PRESERVED)
[88->3] [19.40019572203672] (LONGER)
[88->87] [43.347325653341] (PRESERVED)
[89->0] [15.74721274578611] (PRESERVED)
[89->1] [30.11391222634325] (PRESERVED)
[89->2] [40.41792381568354] (PRESERVED)
[89->3] [33.79600622865519] (LONGER)
[89->88] [38.4683217147939] (LONGER)
[90->0] [23.37460984424745] (PRESERVED)
[90->1] [21.42861231276349] (PRESERVED)
[90->2] [34.1780870936032] (PRESERVED)
[90->3] [43.13717493481622] (PRESERVED)
[90->89] [19.79160028729656] (LONGER)
[91->0] [22.06907952046883] (PRESERVED)
[91->1] [44.0176459914628] (LONGER)
[91->2] [25.3862994106456] (LONGER)
[91->3] [21.96977307918468] (PRESERVED)
[91->90] [32.33687145857886] (LONGER)
[92->0] [34.16854237770853] (PRESERVED)
[92->1] [13.0902983018613] (PRESERVED)
[92->2] [37.7033867990982] (PRESERVED)
[92->3] [39.41756285716268] (LONGER)
[92->91] [43.43693807580132] (LONGER)
[93->0] [34.16586388066878] (PRESERVED)
[93->1] [46.40717421673387] (LONGER)
[93->2] [22.09209085740789] (LONGER)
[93->3] [17.79054084706957] (PRESERVED)
[93->92] [41.30795185294628] (LONGER)
[94->0] [33.4740547720763] (LONGER)
[94->1] [35.07388678015017] (LONGER)
[94->2] [31.50664243869645] (PRESERVED)
[94->3] [19.71501049511207] (PRESERVED)
[94->93] [30.29200428867084] (PRESERVED)
[95->0] [16.34743759140238] (LONGER)
[95->1] [21.05839046002054] (LONGER)
[95->2] [34.48953657745447] (PRESERVED)
[95->3] [36.56732947812012] (LONGER)
[95->94] [29.52999159289266] (LONGER)
[96->0] [25.10841901291394] (LONGER)
[96->1] [40.24506742898374] (LONGER)
[96->2] [19.24368294380968] (PRESERVED)
[96->3] [29.61433498156982] (PRESERVED)
[96->95] [31.84784611916169] (LONGER)
[97->0] [19.53603247066459] (PRESERVED)
[97->1] [33.7565498499799] (LONGER)
[97->2] [25.19823031028374] (LONGER)
[97->3] [29.76498144020962] (LONGER)
[97->96] [24.41097547606163] (PRESERVED)
[98->0] [18.44123157655168] (PRESERVED)
[98->1] [31.50042114980452] (PRESERVED)
[98->2] [19.29966863655025] (LONGER)
[98->3] [30.43425845578772] (PRESERVED)
[98->97] [13.70329277919403] (LONGER)
[99->0] [19.67555067204761] (PRESERVED)
[99->1] [15.19391767507663] (LONGER)
[99->2] [41.88314498040062] (LONGER)
[99->3] [37.9722100419156] (PRESERVED)
[99->98] [28.73099793636123] (PRESERVED)

Long edges	272 of 484 [56.20%]
Short edges	0 of 484 [0.00%]
Preserved edges	212 of 484 [43.80%]

Polyhedra	96

CA	593730
RMS Absolute	7.70538
CR	724.772
RMS Relative	0.270572

Projection Mode	Minimum Distance

Optimization Runtime	-2.417081952095032

Lambda, uppercase (Λ) lowercase (λ)	0.01

Using Minimum Distance?	YES
Using Minimum Perimeter?	NO
Using Minimum Area?	NO

Iterations	10
Sammon's stress	0.0731693
