Using	GC Digraph
Executed in	0.334306 seconds

Reordered	YES

Number of nodes	200
Number of edges	0

Is GC Digraph directed?	YES
Is GC Digraph connected??	NO

Nodes:
10 [#10] at {0.0000, 0.0000, 0.0000, 0.0000, 0.0000}
24 [#24] at {6.0551, 0.0000, 0.0000, 0.0000, 0.0000}
185 [#185] at {-10.0007, 11.7199, 0.0000, 0.0000, 0.0000}
51 [#51] at {-4.3147, -3.6395, 12.4819, 0.0000, 0.0000}
26 [#26] at {3.1960, 14.2670, -0.6300, 13.6971, 0.0000}
56 [#56] at {-8.1293, 9.7500, 7.8560, 17.1139, 2.1844}
34 [#34] at {6.2159, 15.8091, 4.6019, -5.3436, 0.1968}
27 [#27] at {9.6552, 11.5455, 8.8191, -2.6985, 3.4013}
170 [#170] at {-16.4569, 11.5780, -0.1006, -2.9265, -1.8477}, [FLIPPED]
162 [#162] at {-17.2806, -1.5357, 6.5905, -1.1021, 0.8765}
17 [#17] at {-2.9479, -8.1821, 6.1189, -1.8036, -11.5508}, [FLIPPED]
199 [#199] at {-6.4911, -0.2372, -7.1775, -1.9183, 12.2514}
132 [#132] at {-4.5963, 16.3122, -2.6354, -8.0625, -7.8390}, [FLIPPED]
147 [#147] at {-13.4277, 15.5203, 6.7202, 11.0538, -10.5620}, [FLIPPED]
115 [#115] at {4.2421, -9.5686, 2.1055, 15.7531, 0.6294}
140 [#140] at {-2.7484, 19.0444, 9.5286, 1.1850, 12.5367}
103 [#103] at {-6.7084, 11.0024, -6.5052, -12.4094, 6.2148}
113 [#113] at {-2.8816, 14.5301, 8.9551, 17.7063, 11.5406}
164 [#164] at {5.4813, 0.4016, -2.7086, 6.4674, 17.9567}
37 [#37] at {-11.6538, -3.6942, -1.1346, -3.4716, -16.0483}, [FLIPPED]
168 [#168] at {1.8451, 23.5674, 1.5046, 0.7414, 9.4644}
165 [#165] at {-6.3664, -13.6982, 7.1227, 0.0920, 8.0769}
58 [#58] at {-1.9481, 19.6395, 0.2919, -5.5702, 12.5368}
53 [#53] at {4.0001, 13.5680, 9.5469, -9.9314, -12.1562}, [FLIPPED]
81 [#81] at {-2.3411, 25.2039, 6.3880, 0.6545, -10.9557}, [FLIPPED]
127 [#127] at {6.2437, 19.7553, 10.8464, -0.2038, -13.4877}, [FLIPPED]
29 [#29] at {13.5649, -2.8835, 15.8031, 6.6845, -5.3223}, [FLIPPED]
23 [#23] at {11.2175, 15.9485, 1.9712, -6.0747, -11.9681}, [FLIPPED]
49 [#49] at {3.6676, 1.1442, -7.8852, 15.2430, -16.7457}, [FLIPPED]
191 [#191] at {3.5234, -10.9412, 4.4525, -3.7345, 13.0153}
166 [#166] at {15.9219, 13.3138, 10.5114, 0.2212, 7.7167}
188 [#188] at {-1.3577, -8.4349, -3.3980, 6.7579, 17.4799}
189 [#189] at {3.3613, 13.3384, 0.0655, 3.5700, 20.8815}
182 [#182] at {2.1352, 4.0118, 8.4893, 25.5308, 7.3116}
76 [#76] at {12.5109, 7.3288, -7.0861, -5.7157, 11.8906}
177 [#177] at {-9.2251, 4.3264, 10.9643, 6.7841, -23.2899}, [FLIPPED]
95 [#95] at {-2.0168, 12.0006, -16.7569, -0.3921, 10.9454}
28 [#28] at {-3.8399, -14.8571, -0.4812, 8.4688, -13.9138}, [FLIPPED]
108 [#108] at {-1.6422, -10.6713, 5.4259, -6.2387, -16.6388}, [FLIPPED]
111 [#111] at {-10.4202, -0.5579, -1.8519, -11.6007, 15.0956}
87 [#87] at {-18.5858, 21.8377, -0.8593, -1.8831, -5.7750}, [FLIPPED]
65 [#65] at {18.2761, 12.9543, 4.4894, -6.3861, 4.1538}
80 [#80] at {5.7914, -6.4908, -1.0823, 10.3542, 19.0468}
161 [#161] at {-21.6843, -7.9132, 8.3729, 12.6269, -3.9612}, [FLIPPED]
21 [#21] at {-7.8337, -1.0934, 13.2642, -7.7682, 17.4145}
126 [#126] at {-11.6187, 17.2366, 2.2769, 10.7594, -21.0212}, [FLIPPED]
131 [#131] at {15.5997, -0.2437, 15.8548, 11.7629, 7.6285}
11 [#11] at {-4.0713, 5.2485, -3.2983, 29.2122, -2.6817}, [FLIPPED]
88 [#88] at {-1.9597, -1.4229, 18.3868, 24.7084, -2.3316}, [FLIPPED]
82 [#82] at {4.1642, 23.1707, 10.5886, -3.9314, -15.6320}, [FLIPPED]
112 [#112] at {6.8290, -7.2121, -15.0864, 15.8005, -0.7281}, [FLIPPED]
32 [#32] at {-3.5435, 23.7309, 6.4051, 21.5545, -9.5186}, [FLIPPED]
102 [#102] at {-3.2843, 16.9572, 1.8364, 21.9992, 15.3255}
64 [#64] at {-17.9423, -0.1427, 0.1675, 25.4441, 0.0325}
173 [#173] at {2.5616, 24.8552, 18.3305, 12.3834, 1.2669}
183 [#183] at {-7.2638, 3.4398, -19.5515, -7.6662, -7.9066}, [FLIPPED]
178 [#178] at {-20.8944, 2.2696, -14.8026, -1.9832, 3.5955}
36 [#36] at {-15.3226, 6.9793, 16.3736, 3.4342, -20.7700}, [FLIPPED]
4 [#4] at {-26.0867, 15.5122, 3.2648, 11.1714, 2.4018}
138 [#138] at {8.4144, 10.3198, -18.1995, -3.8843, -9.9860}, [FLIPPED]
198 [#198] at {5.0640, -9.0977, -15.0129, 15.9484, -4.7961}, [FLIPPED]
156 [#156] at {-21.4446, -3.8855, -3.0504, 7.8102, 15.0918}
42 [#42] at {-13.5582, -5.7240, -18.3102, -1.6426, -4.2002}, [FLIPPED]
19 [#19] at {4.0099, 22.1050, 6.7003, 5.2405, -21.9876}, [FLIPPED]
146 [#146] at {-6.7597, -11.2261, -5.2598, -12.9606, 10.3085}
50 [#50] at {6.3598, 5.4937, 3.8402, -17.4872, 14.0963}
0 [#0] at {6.3015, 28.5466, 13.6390, 3.2716, 4.6006}
118 [#118] at {-7.9832, 1.3512, 7.8431, 28.6197, -12.5304}, [FLIPPED]
110 [#110] at {13.9904, 21.2610, 12.5326, -7.4679, -5.4940}, [FLIPPED]
99 [#99] at {-4.4214, -15.1190, 10.1963, 22.2724, -2.0780}, [FLIPPED]
96 [#96] at {12.0338, -5.8120, 17.6672, 17.3307, 8.1763}
139 [#139] at {-21.7552, 10.0118, -11.8262, -1.8237, -13.2041}, [FLIPPED]
155 [#155] at {-8.2100, 16.0688, 0.2852, 29.6716, -5.7253}, [FLIPPED]
136 [#136] at {-10.7918, -0.4177, 8.8847, 7.2253, -27.5752}, [FLIPPED]
104 [#104] at {14.7594, -5.5548, 3.2055, -14.1255, -9.1677}, [FLIPPED]
128 [#128] at {-4.8251, 25.2147, -8.2142, 0.3069, 16.0018}
46 [#46] at {-14.7226, 22.2067, 18.4795, 5.7964, -12.7301}, [FLIPPED]
69 [#69] at {-7.3112, -11.1792, 9.6846, -4.5144, 19.7311}
89 [#89] at {16.2254, -0.9949, 7.7764, 20.0632, -13.5232}, [FLIPPED]
83 [#83] at {-1.8343, -11.2019, 11.2272, -6.5961, -20.5047}, [FLIPPED]
41 [#41] at {-16.7868, 2.9640, -13.1254, -4.1832, 16.4929}
122 [#122] at {-1.5359, 19.1740, 26.2580, 13.5848, 1.0876}
167 [#167] at {18.6320, 2.5413, 7.8630, 3.7992, -20.2329}, [FLIPPED]
9 [#9] at {16.7996, -4.9954, -5.8920, -10.5115, -10.1586}, [FLIPPED]
130 [#130] at {-10.6044, 5.2230, -19.0846, 8.1076, -18.0649}, [FLIPPED]
144 [#144] at {18.0983, -9.2070, 17.7763, 6.7763, 0.9926}
91 [#91] at {13.0754, 19.8377, 18.2657, -3.2117, 10.4482}
67 [#67] at {-7.7622, 19.4729, -7.5955, -17.9416, -8.5022}, [FLIPPED]
150 [#150] at {2.8672, 8.0977, 23.5851, 0.7410, -22.0456}, [FLIPPED]
141 [#141] at {-10.9048, -0.6048, 10.1010, -18.2018, -16.6976}, [FLIPPED]
86 [#86] at {8.2639, 7.3063, 29.4146, 9.3245, -9.0631}, [FLIPPED]
169 [#169] at {-4.3851, -10.1522, 24.1494, 19.3747, 3.8720}
16 [#16] at {12.7135, 12.0565, 7.7791, 1.8554, 24.5396}
157 [#157] at {9.4210, 2.4489, -8.1025, 12.2137, -26.0030}, [FLIPPED]
116 [#116] at {-22.4457, -7.1509, 22.4415, 3.3180, 1.3305}
7 [#7] at {10.5651, 16.8691, 13.2422, -2.0825, 21.4652}
175 [#175] at {-25.1103, 19.4442, 6.4414, 11.7591, 11.9735}
15 [#15] at {-5.9258, 32.7778, 0.7629, 0.8073, -14.7763}, [FLIPPED]
14 [#14] at {-5.1221, -0.8576, 3.1864, -25.5983, -6.3664}, [FLIPPED]
129 [#129] at {6.2386, -20.8836, 12.0140, -8.1909, 1.6462}
119 [#119] at {4.3969, 19.8644, 20.3646, 11.1103, -21.1920}, [FLIPPED]
3 [#3] at {-11.2537, -24.1391, -1.5845, 4.5795, 6.6834}
54 [#54] at {-15.1487, 1.0723, 8.6312, -22.7355, -7.4305}, [FLIPPED]
190 [#190] at {-25.9451, 9.4250, 1.3643, 23.8180, 6.6173}
59 [#59] at {-21.9092, -0.9781, 4.3475, 10.3822, -24.8687}, [FLIPPED]
109 [#109] at {-15.3101, -19.5133, 17.0681, 11.0452, -0.8169}, [FLIPPED]
160 [#160] at {-10.0073, 0.0986, -19.1112, -13.5572, 10.8935}
61 [#61] at {8.2617, 25.0412, -4.8140, -14.4276, 9.9781}
123 [#123] at {-11.3728, 5.3281, 13.7078, 15.7760, -28.1026}, [FLIPPED]
158 [#158] at {-4.9900, -2.3706, 6.6743, 32.5012, -14.0562}, [FLIPPED]
153 [#153] at {-13.3539, 21.9303, -15.6276, 20.9020, -2.3253}, [FLIPPED]
31 [#31] at {-6.0558, 27.7032, -9.2113, 21.2681, -9.8638}, [FLIPPED]
44 [#44] at {-9.1520, -8.8001, 23.5921, 17.5411, -15.4021}, [FLIPPED]
72 [#72] at {-11.6236, 7.8944, -0.1850, 14.4809, -30.5275}, [FLIPPED]
22 [#22] at {7.9305, 0.6751, -6.7604, 17.2859, 24.8227}
78 [#78] at {-11.6872, 4.6860, 27.4987, -7.1375, 13.2125}
105 [#105] at {5.7992, -3.0747, 2.9191, 3.4681, -31.6337}, [FLIPPED]
149 [#149] at {2.5015, 11.8358, -17.3160, -10.1617, 18.9165}
84 [#84] at {-28.9924, -2.1060, -6.6951, 11.6476, 11.2961}
60 [#60] at {-21.6170, -17.6770, 11.1646, 12.7959, 4.9452}
121 [#121] at {-6.3192, 29.9822, 12.9639, 8.0304, -19.3457}, [FLIPPED]
90 [#90] at {-20.6259, -1.0748, 23.0400, -7.0574, 10.9185}
125 [#125] at {25.0781, 13.6032, -9.3188, 2.1204, -9.6793}, [FLIPPED]
145 [#145] at {1.2302, -11.8261, 5.4219, 8.1412, -29.1490}, [FLIPPED]
186 [#186] at {10.9428, -4.7945, -25.0434, 8.8689, -2.0297}, [FLIPPED]
74 [#74] at {23.6020, 11.1668, -10.7497, -3.3778, 11.4750}
97 [#97] at {-1.7492, -23.8831, -9.1492, 13.0125, 5.4582}
40 [#40] at {11.8447, -5.8973, 22.7602, -10.4501, 11.3337}
134 [#134] at {-17.3958, -7.5934, 10.3023, -20.3739, 6.0968}
8 [#8] at {10.1667, 12.0465, -14.3789, 28.2125, 2.7651}
98 [#98] at {-0.0166, 2.5353, 16.1998, 17.0065, -29.2647}, [FLIPPED]
107 [#107] at {16.7961, -13.8716, 9.7865, -11.1995, -10.2080}, [FLIPPED]
71 [#71] at {-8.7526, 10.5206, 31.5743, 18.7673, -5.2567}, [FLIPPED]
47 [#47] at {-5.9251, 28.3321, 11.3011, 3.2918, -24.1619}, [FLIPPED]
57 [#57] at {-1.5697, 1.3914, -14.1719, -15.7790, 20.3929}
143 [#143] at {17.2705, 5.9395, -9.6423, -19.4348, -7.0257}, [FLIPPED]
68 [#68] at {21.5985, -1.2910, -16.4832, -5.4208, -8.6161}, [FLIPPED]
151 [#151] at {6.7442, -26.2337, 7.3337, 4.4167, -9.3408}, [FLIPPED]
174 [#174] at {-10.2370, -17.8431, 9.5034, -5.5567, -21.9307}, [FLIPPED]
152 [#152] at {23.3792, 17.1168, -1.7635, -8.8263, 13.1372}
124 [#124] at {-6.1059, 32.7346, -4.8320, 23.2950, -2.5032}, [FLIPPED]
70 [#70] at {4.8022, 1.7718, -8.9723, 14.7837, -30.9619}, [FLIPPED]
55 [#55] at {4.2336, 10.3568, 6.5124, 30.5083, 20.0071}
171 [#171] at {10.1952, -26.5938, 1.1290, 6.2982, 6.6629}
2 [#2] at {-4.3313, 17.5721, -9.6953, 25.2222, 20.9613}
33 [#33] at {2.6517, 39.3393, 4.5515, 2.4859, -7.6053}, [FLIPPED]
93 [#93] at {-8.1581, -5.6934, 10.1226, 1.7104, -33.5913}, [FLIPPED]
92 [#92] at {-11.1985, -6.3877, -7.0108, -18.3381, 20.3641}
197 [#197] at {11.8344, 26.8985, -9.3176, -16.7567, -2.1443}, [FLIPPED]
172 [#172] at {11.2371, 22.1151, -14.9754, -8.9669, 17.0971}
154 [#154] at {-15.0432, 1.2199, 17.7472, -8.8859, 25.9964}
20 [#20] at {-17.3780, 13.9751, 10.1902, -6.9041, -29.6374}, [FLIPPED]
159 [#159] at {-3.6736, 41.2353, 3.0714, 3.1848, 1.0908}
75 [#75] at {-7.2187, -27.9437, 11.9997, 5.8634, -11.5678}, [FLIPPED]
39 [#39] at {13.5009, -14.0383, 18.7224, 7.9259, 19.6359}
30 [#30] at {18.6054, 22.5901, -0.8018, -10.3253, 18.0229}
195 [#195] at {-3.3422, 32.1502, -17.9300, -5.1394, -8.7339}, [FLIPPED]
106 [#106] at {15.2861, -19.2640, -0.7034, -7.2259, -17.0558}, [FLIPPED]
52 [#52] at {-26.8159, -3.1426, 18.6645, -2.8003, 17.8209}
43 [#43] at {-6.0508, 15.7266, 20.6014, 4.7869, -31.3121}, [FLIPPED]
1 [#1] at {-1.7424, 23.3161, -21.2865, -15.5107, -7.5011}, [FLIPPED]
12 [#12] at {3.0175, -2.3552, 18.1373, -25.3387, 10.9776}
120 [#120] at {-2.4472, 9.8372, 18.8531, 37.3717, -3.9838}, [FLIPPED]
135 [#135] at {-23.1341, 7.7461, -11.8295, 28.9660, 10.6416}
114 [#114] at {-5.3316, -10.9991, -16.5282, 0.4398, 26.7538}
48 [#48] at {0.0511, -5.2453, -20.9122, -8.9717, -24.5446}, [FLIPPED]
148 [#148] at {-22.5749, -18.3145, 2.6895, 26.0925, -5.0645}, [FLIPPED]
94 [#94] at {8.6580, 23.2461, -9.6212, 21.5203, 22.3495}
73 [#73] at {8.8835, 7.2892, 17.3461, -28.2760, 6.3849}
184 [#184] at {-15.9795, 40.3915, 6.8709, 8.9203, 2.9309}
137 [#137] at {-15.3615, -6.1902, 11.3700, -21.3679, 20.6408}
181 [#181] at {4.7233, 8.6016, 27.9371, 31.4282, -9.7720}, [FLIPPED]
85 [#85] at {-13.0276, -18.8171, -1.5688, -11.9105, 22.6361}
18 [#18] at {-21.0463, -23.9353, 17.5340, 5.2423, 9.3867}
13 [#13] at {-28.0120, 13.8597, -13.3641, 15.2627, 19.7062}
192 [#192] at {-6.2693, 32.6356, 29.2837, 0.9685, -7.6055}, [FLIPPED]
187 [#187] at {2.1173, 12.9283, 12.6006, 20.2553, -35.6084}, [FLIPPED]
45 [#45] at {-40.0849, 0.1733, 6.0514, 8.3333, 9.3721}
101 [#101] at {21.6651, 11.8045, -13.0194, 10.1165, 25.7585}
25 [#25] at {-1.2813, 9.3049, 3.2333, 44.2354, 3.5234}
100 [#100] at {-26.4160, 11.4477, 32.1719, 14.4506, 6.4218}
79 [#79] at {14.2710, -19.2817, 7.3533, 23.9024, 19.1453}
66 [#66] at {-18.5018, -6.5757, 19.3188, -15.6600, 24.2377}
142 [#142] at {-24.2542, 28.3385, -8.7947, 14.8402, 21.0091}
133 [#133] at {1.8193, -24.2222, -17.9336, 17.2855, 15.6978}
193 [#193] at {18.1351, -10.0366, 11.6995, 27.8151, 20.8789}
63 [#63] at {16.7955, -0.1463, -30.8662, -9.3114, -8.1526}, [FLIPPED]
35 [#35] at {-18.6416, 15.4997, -20.9989, -0.3630, -29.9439}, [FLIPPED]
176 [#176] at {-4.8089, 7.2227, -23.7785, -27.5845, -9.2010}, [FLIPPED]
194 [#194] at {2.5024, -5.8981, -31.1644, 3.0749, -24.5889}, [FLIPPED]
179 [#179] at {-7.6536, -1.1518, -18.6373, 10.2709, -38.0695}, [FLIPPED]
77 [#77] at {-37.1685, 16.3504, -17.6618, 13.7499, 8.7327}
117 [#117] at {16.2030, 18.9838, 27.2393, 17.0748, -26.5743}, [FLIPPED]
180 [#180] at {-5.4033, 5.5416, -10.1392, 46.3661, 2.2332}
196 [#196] at {-5.0362, 7.2921, 20.9278, 44.6139, 3.2296}
5 [#5] at {33.1808, 23.4714, -15.6945, 2.1982, 1.5793}
38 [#38] at {-36.4836, 11.2064, -21.5930, 0.2243, 11.2881}
62 [#62] at {-12.5429, -12.1313, 5.8894, 12.6151, -40.6098}, [FLIPPED]
163 [#163] at {18.3016, -16.5791, 26.2612, 17.9320, 23.1104}
6 [#6] at {7.5386, 18.6369, -13.8167, -3.9733, 40.0594}

Flips	95 out of 200 [47.50%]

Edges:

Long edges	0 of 0 [nan%]
Short edges	0 of 0 [nan%]

CAE	8.85744e-20
Absolute RMSE	1.48807e-12
CRE	7.27023e-23
Relative RMSE	4.27398e-14

