Using	PP Digraph

Executed in	3.91711 seconds

Intrinsic Dimensionality	8

Reordered	YES

Number of nodes	100
Number of edges	840

Is PP Digraph directed?	YES
Is PP Digraph connected??	NO

Nodes:
0 [#0] at {5.8963, 4.6795, 3.2885, -6.0400, 15.0886, -0.0877, -4.1478, -29.2560}
89 [#1] at {20.0540, 0.4946, -1.2903, 3.4082, 9.3954, -11.5364, 11.4492, -28.0157}
98 [#2] at {12.6620, 5.4067, 11.1520, 0.4127, 7.1065, 24.4427, 8.8936, -17.2022}
27 [#3] at {14.1457, 5.2510, 5.2116, -11.6667, 17.0279, 7.2402, 5.3450, -30.0866}
39 [#4] at {2.4932, 9.6420, 20.9582, 14.3636, 4.2474, -1.9742, 9.2780, -22.8311}
21 [#5] at {18.7595, 3.6082, 7.8974, 12.2667, 13.4860, 5.0450, -13.7890, -24.9297}
80 [#6] at {10.4385, -0.3802, 4.8396, 14.7511, 6.1696, -0.3664, -0.9592, -36.7639}
78 [#7] at {16.6706, 14.8202, 6.8830, 0.9839, 1.3475, -1.4946, 24.0451, -25.0002}
67 [#8] at {-1.3490, 7.5670, -0.0223, 7.6610, 8.3722, -7.3093, 0.8822, -16.7044}
60 [#9] at {15.2640, 2.6817, 10.8927, 14.5571, 19.6412, 3.4927, 0.6802, -13.7276}, [FLIPPED]
26 [#10] at {24.5979, 12.9374, -6.7799, -4.7485, 1.7663, 3.9898, 6.3675, -11.9657}, [FLIPPED]
81 [#11] at {5.8379, 25.5872, 17.5277, 14.4867, -0.2305, 5.8625, 6.2885, -21.9291}, [FLIPPED]
41 [#12] at {24.2799, 4.3491, 9.2563, -9.3242, 1.2618, -1.8863, 8.9839, -32.1188}, [FLIPPED]
44 [#13] at {7.4264, 15.1516, 3.3407, 11.1598, 0.2521, 11.4561, 0.5697, -5.3374}, [FLIPPED]
43 [#14] at {31.5429, 13.0246, 12.9901, 14.5312, 0.0296, 7.3353, -2.7660, -18.6648}, [FLIPPED]
72 [#15] at {13.7507, 0.4337, -7.1907, -7.3450, -3.3077, 0.6300, 3.7087, -24.2306}, [FLIPPED]
73 [#16] at {21.8229, 10.2903, 3.7744, -3.7763, 17.2338, 7.2823, -10.0429, -18.9587}, [FLIPPED]
63 [#17] at {11.9537, 6.1436, -7.3984, 10.6622, 0.5531, 19.8123, -0.8664, -17.3735}, [FLIPPED]
52 [#18] at {23.9523, 21.1360, 7.3861, 8.7395, 1.9099, 0.7984, -9.7160, -33.1341}, [FLIPPED]
55 [#19] at {15.3740, 27.4413, 2.8242, 9.1665, 4.7493, 17.0545, 3.0313, -19.7011}, [FLIPPED]
92 [#20] at {12.8056, 14.1319, 8.6336, 2.0314, 1.7010, 17.1679, 4.9287, -39.9441}, [FLIPPED]
70 [#21] at {17.2060, 18.6614, 10.7904, -7.9942, -3.3430, 12.4007, 9.6763, -12.3926}, [FLIPPED]
10 [#22] at {14.0155, -9.6786, 8.5270, 0.5409, 4.5707, 8.5986, 4.8818, -16.8485}, [FLIPPED]
93 [#23] at {13.4807, 11.8339, 4.0644, 4.0613, 13.2773, 12.7722, 21.1823, -19.0210}, [FLIPPED]
85 [#24] at {17.7597, 14.3856, 17.4063, -2.6563, 14.6821, 2.2281, -1.5655, -35.7791}, [FLIPPED]
13 [#25] at {27.7423, 4.4884, 13.9979, -2.2346, 5.6117, 14.8204, 7.4700, -28.6355}, [FLIPPED]
94 [#26] at {-1.8050, 3.8916, 2.4260, 11.7618, 5.9124, 8.4096, 1.0122, -28.1934}, [FLIPPED]
42 [#27] at {11.4956, 0.7569, 11.4050, -3.0442, -5.7539, 7.2761, 15.8835, -22.0717}, [FLIPPED]
49 [#28] at {22.5857, 9.9580, -0.4900, 10.1313, -11.3846, 2.2611, 13.7321, -24.9145}, [FLIPPED]
25 [#29] at {8.5774, 12.0535, -10.5318, 4.9030, -3.2645, 8.3476, 7.3564, -32.4825}, [FLIPPED]
22 [#30] at {15.2068, -2.1277, 3.5495, 9.1335, 19.4457, 5.7836, 9.5638, -27.1385}, [FLIPPED]
45 [#31] at {10.8450, 18.4030, 9.7728, 5.9051, -12.4777, 15.8467, 3.2957, -18.5587}, [FLIPPED]
28 [#32] at {23.0349, 10.3046, 10.5588, 10.4881, -9.1284, -0.7721, 14.3119, -9.0624}, [FLIPPED]
34 [#33] at {19.1481, 9.2564, -2.1893, 13.7842, 9.2021, -0.8434, -9.1207, -8.3323}, [FLIPPED]
90 [#34] at {16.9036, 11.0208, -4.2574, 1.3445, -10.7259, 11.1726, -5.3453, -17.0539}, [FLIPPED]
1 [#35] at {1.6893, 7.8613, 17.8718, 4.0624, 9.3212, 11.6009, -2.2031, -10.2081}, [FLIPPED]
96 [#36] at {18.5709, 6.3443, 14.1217, -5.7766, 1.4387, 14.5781, -9.9235, -29.8994}, [FLIPPED]
91 [#37] at {33.4015, 17.2880, 1.8163, 2.6602, 11.5705, 6.3073, 2.0799, -15.3577}, [FLIPPED]
56 [#38] at {12.2826, 3.5425, 8.4723, 5.4184, 3.8180, -5.7572, -12.9707, -11.0589}, [FLIPPED]
16 [#39] at {20.5163, 11.7042, 6.2218, -9.3218, 4.8818, 11.0762, -8.4678, -14.2484}, [FLIPPED]
61 [#40] at {2.9918, 20.2424, 12.8524, 2.7241, 6.2127, 18.6188, 3.7554, -23.6406}, [FLIPPED]
38 [#41] at {2.3786, 15.4454, 7.4658, 3.3562, 3.0558, -5.3256, 10.3825, -35.7916}, [FLIPPED]
77 [#42] at {15.0951, 25.6934, -1.1527, -3.1289, -4.1309, -6.8457, 4.1798, -14.2146}, [FLIPPED]
14 [#43] at {21.2551, 11.9397, -5.6411, 5.2024, -0.7379, -11.0726, -1.7242, -27.4004}, [FLIPPED]
12 [#44] at {10.6658, 15.3659, 3.1621, 17.6967, 4.4527, 6.7136, 15.3351, -31.4728}, [FLIPPED]
7 [#45] at {26.0322, -1.4391, -0.2522, -1.1397, -6.3008, -0.6732, -0.3937, -21.3597}, [FLIPPED]
57 [#46] at {16.7225, 30.1091, 1.4844, 3.5995, 3.5299, 2.4023, 7.5654, -32.3578}, [FLIPPED]
6 [#47] at {20.8298, 15.4362, -9.1700, 10.7013, 11.7426, -2.8738, 0.3567, -28.3194}, [FLIPPED]
18 [#48] at {32.8239, 15.3858, 6.8267, 1.8630, 7.3553, -6.4814, 9.1038, -24.1007}, [FLIPPED]
86 [#49] at {11.0617, 18.3023, 0.9356, 14.2432, -2.2691, -8.1920, -7.2724, -25.6580}, [FLIPPED]
65 [#50] at {17.0953, 11.8514, 16.4261, 9.5326, -11.4024, -8.5739, 0.1972, -26.6594}, [FLIPPED]
75 [#51] at {2.9588, 8.8809, 22.0940, 1.7001, -1.0623, 5.8638, 2.6605, -31.0211}, [FLIPPED]
31 [#52] at {16.4623, 23.4556, 12.8226, 12.2249, 5.0569, -11.8896, 2.6679, -23.2049}, [FLIPPED]
99 [#53] at {10.3441, 2.6079, 16.6454, -1.8917, 2.6915, -2.2011, -11.7329, -28.2058}, [FLIPPED]
29 [#54] at {10.9877, 5.2571, 1.9621, 13.9722, -7.5524, 9.6418, -11.7467, -21.2848}, [FLIPPED]
83 [#55] at {14.4714, 5.0496, 7.1605, 22.2948, 2.3973, -7.3709, 2.3588, -19.6382}, [FLIPPED]
84 [#56] at {11.2080, 15.5993, -1.7338, 6.1110, 17.6612, 13.5638, -6.2728, -20.2272}, [FLIPPED]
71 [#57] at {6.9462, 6.1183, 6.2961, 4.4270, -9.0034, -4.3909, 12.3730, -33.9692}, [FLIPPED]
95 [#58] at {27.0196, 9.9498, 9.3365, 17.6851, 1.7254, 10.3347, 9.7024, -31.5011}, [FLIPPED]
11 [#59] at {5.4137, 2.9589, 9.4835, -8.4956, -3.8868, -10.4898, 4.0189, -18.4314}, [FLIPPED]
47 [#60] at {8.4309, 7.8619, 16.2071, 7.2109, 12.0990, 9.6678, 12.4271, -33.4988}, [FLIPPED]
48 [#61] at {8.0976, 18.9493, -5.2818, -12.6940, 6.2524, 3.8328, 1.4084, -22.1648}, [FLIPPED]
76 [#62] at {12.5802, 0.4759, 14.2348, 0.6441, -13.1210, 6.7158, -2.2019, -24.2253}, [FLIPPED]
88 [#63] at {25.5910, 2.6447, 12.8889, -0.6294, 2.1351, -6.3734, 0.2541, -9.4816}, [FLIPPED]
30 [#64] at {-4.0792, 13.2607, 7.5483, -1.0205, 7.3430, 1.1584, 13.0729, -15.9352}, [FLIPPED]
58 [#65] at {25.0890, 0.2081, -1.4280, 6.6772, 4.7122, 17.4098, 4.7951, -29.3384}, [FLIPPED]
15 [#66] at {24.3003, 14.3453, 10.8905, 18.5411, 13.4211, 9.1764, 12.6611, -17.6370}, [FLIPPED]
69 [#67] at {12.9007, -4.6128, 21.2483, 7.1014, 8.0137, -0.4078, 4.5660, -19.1601}, [FLIPPED]
19 [#68] at {6.3543, -0.4450, 9.5072, 16.0427, -6.7877, 8.3705, 8.7511, -17.8438}, [FLIPPED]
62 [#69] at {5.3043, 5.6837, 1.0664, 11.1450, 14.3171, -2.3219, 15.9882, -19.3810}, [FLIPPED]
23 [#70] at {5.0966, 20.5176, 10.5223, -2.4143, -4.3111, -10.7306, -1.3175, -16.7200}, [FLIPPED]
53 [#71] at {19.2263, -2.9884, -1.9685, 13.2407, 1.0202, 5.2774, 10.6376, -12.9089}, [FLIPPED]
50 [#72] at {22.5211, 21.8961, 12.9073, 10.6159, 17.5051, -1.7152, 2.1917, -22.6221}, [FLIPPED]
33 [#73] at {21.1560, 21.7149, 14.2280, -2.2607, 9.2597, 8.4769, 16.2137, -19.1556}, [FLIPPED]
68 [#74] at {9.9957, 13.2449, 14.8445, 23.2240, -2.9848, 3.8817, -3.1273, -17.9948}, [FLIPPED]
54 [#75] at {14.0666, 20.1258, 15.6782, 4.0926, 4.8133, -0.5445, 11.7653, -6.6258}, [FLIPPED]
51 [#76] at {5.9863, 5.0967, 5.6973, -6.8213, -0.9567, 6.7287, -5.5794, -8.1413}, [FLIPPED]
79 [#77] at {23.5718, 15.8547, 18.5923, 7.9142, 8.5218, 10.7873, -8.7238, -16.7719}, [FLIPPED]
97 [#78] at {23.4450, 8.2312, 22.9185, 6.5071, 6.4763, -4.4278, 12.3266, -24.2990}, [FLIPPED]
40 [#79] at {21.5651, 15.0566, 20.0222, -1.0504, -8.4211, 4.0037, 12.2158, -27.6444}, [FLIPPED]
46 [#80] at {4.9884, 26.4423, 9.8556, 5.6257, 15.5480, 2.6274, 0.0769, -19.6325}, [FLIPPED]
20 [#81] at {15.9917, 20.3615, 8.1393, -10.8009, -1.3721, 2.9995, 5.0385, -31.5607}, [FLIPPED]
24 [#82] at {15.7366, 16.1637, 6.0207, 17.5950, 2.9502, 12.7069, -6.2673, -35.6078}, [FLIPPED]
5 [#83] at {28.2415, 15.5657, 5.1304, 4.8947, -8.4811, -1.0556, -7.7110, -16.3832}, [FLIPPED]
9 [#84] at {10.0711, 12.7086, -1.8749, 13.9824, -4.0598, -3.9373, 11.2142, -9.1478}, [FLIPPED]
66 [#85] at {26.9084, 2.2006, 2.1399, 7.9523, 11.1709, 2.4226, 2.8682, -34.6800}, [FLIPPED]
37 [#86] at {14.9768, 21.1595, 6.5908, 4.3721, 18.6083, -1.2883, 1.7434, -33.4810}, [FLIPPED]
87 [#87] at {13.9300, 19.5445, 23.5173, 2.7186, -1.7014, 5.5445, -2.1282, -10.8801}, [FLIPPED]
4 [#88] at {14.3457, 6.9392, 7.1588, 3.6662, 10.4787, -18.1459, -1.9690, -23.6591}, [FLIPPED]
35 [#89] at {16.7383, 18.5124, 10.2591, -9.4329, -1.3721, 0.4789, -10.0070, -26.3221}, [FLIPPED]
8 [#90] at {23.3619, 18.7134, -0.8162, 0.1793, -11.0786, 4.2293, 2.8559, -31.4105}, [FLIPPED]
64 [#91] at {4.3034, 6.3777, -2.2089, -10.5073, 4.8272, 9.7176, 11.4522, -19.5669}, [FLIPPED]
82 [#92] at {1.5501, 11.0259, 3.5325, 1.4620, -0.9032, 1.9173, -7.5918, -32.9382}, [FLIPPED]
17 [#93] at {20.7029, 13.0095, -4.3165, 5.4992, 10.6159, 6.3276, 8.2515, -4.9707}, [FLIPPED]
74 [#94] at {3.7774, 21.9005, -4.7965, 3.8853, 6.5609, 0.5829, -5.0968, -18.4698}, [FLIPPED]
3 [#95] at {23.9193, -1.2626, 17.7934, 12.6574, -4.3008, 8.6379, 3.2192, -20.8790}, [FLIPPED]
2 [#96] at {19.8402, 3.4281, 4.6209, -5.2101, 18.2479, 1.5268, 8.6738, -13.3713}, [FLIPPED]
32 [#97] at {11.5978, 12.7996, 25.8418, -2.3310, 13.5327, 0.6242, -0.8591, -19.2358}, [FLIPPED]
36 [#98] at {16.3685, 10.5734, 13.4701, -6.1537, 9.3560, -8.8660, 7.6478, -16.0538}, [FLIPPED]
59 [#99] at {11.0850, 20.7717, -9.0315, 11.4414, 2.9045, 2.0536, 12.5085, -21.4139}, [FLIPPED]

Flips	91 out of 100 [91.00%]

Edges:
[1->0] [27.13816251616134] (LONGER)
[2->0] [33.62445286499949] (LONGER)
[2->1] [40.81357609747121] (LONGER)
[3->0] [15.87453647074892] (PRESERVED)
[3->2] [27.50251305094277] (PRESERVED)
[4->0] [33.27692673919165] (LONGER)
[4->3] [37.37582670525106] (PRESERVED)
[5->0] [25.75983433957914] (PRESERVED)
[5->4] [33.86875476981814] (LONGER)
[6->0] [25.04138439992296] (LONGER)
[6->5] [22.0937771091284] (LONGER)
[7->0] [35.84588926844841] (PRESERVED)
[7->6] [35.37978106027556] (LONGER)
[8->0] [23.22963693718794] (PRESERVED)
[8->1] [28.04152697464245] (PRESERVED)
[8->2] [38.11293894530759] (PRESERVED)
[8->3] [33.64542131395668] (LONGER)
[8->4] [25.64516787371598] (PRESERVED)
[8->5] [31.07464399831354] (LONGER)
[8->6] [27.10799012017132] (LONGER)
[8->7] [34.03060521768352] (LONGER)
[9->0] [29.52622157023993] (PRESERVED)
[9->1] [30.84512404360245] (PRESERVED)
[9->2] [29.83093180634788] (PRESERVED)
[9->3] [32.21907018667156] (LONGER)
[9->4] [27.13928930517263] (LONGER)
[9->5] [20.06077429299605] (LONGER)
[9->6] [28.26790442233269] (LONGER)
[9->7] [37.17735545572581] (LONGER)
[9->8] [26.81651118463894] (LONGER)
[10->0] [33.53533692894938] (LONGER)
[10->1] [29.23743453927279] (LONGER)
[10->2] [32.06252178637336] (LONGER)
[10->3] [30.54311408028003] (LONGER)
[10->4] [42.45470707041841] (PRESERVED)
[10->5] [36.59056064626533] (PRESERVED)
[10->6] [40.00113666834008] (PRESERVED)
[10->7] [28.25907104652721] (LONGER)
[10->9] [35.10752809139361] (PRESERVED)
[11->0] [38.65119718697709] (LONGER)
[11->1] [42.04339571552143] (LONGER)
[11->2] [33.47733726563303] (LONGER)
[11->3] [41.05432317814477] (PRESERVED)
[11->4] [19.19469357048402] (LONGER)
[11->5] [36.72376617071592] (LONGER)
[11->6] [34.76906476222785] (PRESERVED)
[11->7] [30.17044902297808] (LONGER)
[11->10] [39.74388250251409] (LONGER)
[12->0] [27.55933672125495] (PRESERVED)
[12->1] [22.09641509156558] (PRESERVED)
[12->2] [34.41484780543237] (PRESERVED)
[12->3] [21.78522536838375] (LONGER)
[12->4] [35.999823296758] (PRESERVED)
[12->5] [35.59210200733853] (PRESERVED)
[12->6] [30.98250153812186] (LONGER)
[12->7] [23.60318360523367] (PRESERVED)
[12->11] [39.99879870277547] (PRESERVED)
[13->0] [36.81811911772794] (LONGER)
[13->1] [41.24000471339148] (PRESERVED)
[13->2] [26.91814820417445] (LONGER)
[13->3] [40.02811447630879] (LONGER)
[13->4] [30.87928031629823] (PRESERVED)
[13->5] [33.01428151305871] (PRESERVED)
[13->6] [37.8180273945439] (PRESERVED)
[13->7] [36.17048949114363] (LONGER)
[13->12] [42.68960186258954] (PRESERVED)
[14->0] [40.5048478024166] (LONGER)
[14->1] [36.74259825775088] (PRESERVED)
[14->2] [33.13703846459895] (PRESERVED)
[14->3] [39.93906171576929] (PRESERVED)
[14->4] [34.434270098555] (LONGER)
[14->5] [25.10424685020868] (LONGER)
[14->6] [33.45777584677578] (LONGER)
[14->7] [35.83174234861519] (LONGER)
[14->13] [29.93971790746625] (PRESERVED)
[15->0] [24.8425471340816] (PRESERVED)
[15->1] [23.95437986431745] (LONGER)
[15->2] [34.26854548487214] (LONGER)
[15->3] [26.26893408667402] (LONGER)
[15->4] [39.64825686316274] (PRESERVED)
[15->5] [35.43462779861772] (PRESERVED)
[15->6] [30.23716729978553] (LONGER)
[15->7] [30.38561957481375] (PRESERVED)
[15->14] [38.59957391541068] (PRESERVED)
[16->0] [22.14053304571917] (LONGER)
[16->1] [33.70279704844589] (LONGER)
[16->2] [30.63442755380892] (LONGER)
[16->3] [22.56816316436792] (LONGER)
[16->4] [40.50951075265129] (LONGER)
[16->5] [19.92859162024748] (LONGER)
[16->6] [34.18075715360133] (PRESERVED)
[16->7] [40.09111126770074] (LONGER)
[16->15] [31.27919229857274] (PRESERVED)
[17->0] [34.5146394723478] (PRESERVED)
[17->1] [38.90130150739851] (LONGER)
[17->2] [24.69592370396478] (LONGER)
[17->3] [35.95656491691935] (PRESERVED)
[17->4] [39.24959803298725] (PRESERVED)
[17->5] [29.97842467707295] (LONGER)
[17->6] [32.03229372459408] (LONGER)
[17->7] [39.09638246663823] (LONGER)
[17->16] [31.14265228133838] (LONGER)
[18->0] [32.44329579467211] (PRESERVED)
[18->1] [35.03301165176444] (PRESERVED)
[18->2] [40.55369018033257] (LONGER)
[18->3] [35.71859483856525] (LONGER)
[18->4] [35.8958999255954] (LONGER)
[18->5] [24.14200742347862] (LONGER)
[18->6] [28.24102217952904] (LONGER)
[18->7] [36.94401024654133] (LONGER)
[18->17] [35.79251207733343] (LONGER)
[19->0] [37.18829270038704] (PRESERVED)
[19->1] [42.15599554732929] (LONGER)
[19->2] [27.1957971227051] (PRESERVED)
[19->3] [35.97132820165743] (LONGER)
[19->4] [35.35171179127217] (PRESERVED)
[19->5] [33.84732454189854] (PRESERVED)
[19->6] [38.02908979436312] (PRESERVED)
[19->7] [32.70631658636681] (LONGER)
[19->18] [27.37880807156883] (PRESERVED)
[20->0] [30.07337813943186] (LONGER)
[20->1] [37.50789688662615] (PRESERVED)
[20->2] [26.46073673561435] (LONGER)
[20->3] [26.66145672681008] (PRESERVED)
[20->4] [33.39404945302602] (LONGER)
[20->5] [33.36378411324124] (LONGER)
[20->6] [27.65125107254396] (LONGER)
[20->7] [30.93131865501804] (LONGER)
[20->19] [26.28846498416498] (PRESERVED)
[21->0] [36.80580955835944] (LONGER)
[21->1] [39.95719329875032] (LONGER)
[21->2] [23.34707530981911] (PRESERVED)
[21->3] [31.73736885544122] (LONGER)
[21->4] [35.69936512062804] (LONGER)
[21->5] [41.14618262789842] (LONGER)
[21->6] [43.83728039664054] (LONGER)
[21->7] [26.29467394147024] (LONGER)
[21->20] [31.22239729813033] (PRESERVED)
[22->0] [27.64749957295116] (LONGER)
[22->1] [29.00157131218964] (PRESERVED)
[22->2] [22.58291829346604] (LONGER)
[22->3] [26.74725649633778] (LONGER)
[22->4] [31.91637977152132] (LONGER)
[22->5] [29.03364919332621] (PRESERVED)
[22->6] [28.78284088279776] (LONGER)
[22->7] [34.00123471314227] (PRESERVED)
[22->21] [31.79982818934843] (LONGER)
[23->0] [33.56157489054693] (LONGER)
[23->1] [31.34485975984033] (LONGER)
[23->2] [20.8356362449035] (PRESERVED)
[23->3] [26.65339220930764] (PRESERVED)
[23->4] [31.18159885862593] (LONGER)
[23->5] [38.66788239035774] (LONGER)
[23->6] [36.07645250297925] (PRESERVED)
[23->7] [20.64747193719496] (PRESERVED)
[23->22] [29.30920156375598] (PRESERVED)
[24->0] [22.37096083498743] (PRESERVED)
[24->1] [32.11905604106039] (PRESERVED)
[24->2] [34.06632438981188] (PRESERVED)
[24->3] [20.90900566689174] (LONGER)
[24->4] [31.13899167386766] (PRESERVED)
[24->5] [26.58490922688273] (PRESERVED)
[24->6] [28.51494697698234] (LONGER)
[24->7] [33.0019276878305] (PRESERVED)
[24->23] [34.05002576945236] (PRESERVED)
[25->0] [32.46351267049253] (LONGER)
[25->1] [32.64732088969307] (PRESERVED)
[25->2] [21.70103417117571] (PRESERVED)
[25->3] [23.36718678545757] (PRESERVED)
[25->4] [36.17876005704754] (PRESERVED)
[25->5] [30.85792746003107] (PRESERVED)
[25->6] [32.61263180769417] (LONGER)
[25->7] [29.37048698855263] (LONGER)
[25->24] [24.14359772971051] (LONGER)
[26->0] [23.7010448606383] (PRESERVED)
[26->1] [33.04375309482411] (PRESERVED)
[26->2] [29.29072887042674] (LONGER)
[26->3] [30.98722263875732] (PRESERVED)
[26->4] [24.68658386135641] (PRESERVED)
[26->5] [27.41492775588998] (LONGER)
[26->6] [18.36676355899495] (LONGER)
[26->7] [35.44654822877397] (LONGER)
[26->25] [35.8649690374211] (LONGER)
[27->0] [32.60511412605643] (LONGER)
[27->1] [30.24107368043733] (PRESERVED)
[27->2] [23.82527089933513] (LONGER)
[27->3] [28.88313144949747] (PRESERVED)
[27->4] [28.0015069506873] (LONGER)
[27->5] [39.64084325945445] (PRESERVED)
[27->6] [32.59297049433535] (LONGER)
[27->7] [21.53540235935906] (PRESERVED)
[27->26] [29.70846230139096] (LONGER)
[28->0] [40.33698261022212] (PRESERVED)
[28->1] [27.90721938899974] (PRESERVED)
[28->2] [35.58107705542987] (PRESERVED)
[28->3] [39.11785007285518] (LONGER)
[28->4] [34.17930267150747] (PRESERVED)
[28->5] [38.90471024190997] (LONGER)
[28->6] [31.23264341950252] (PRESERVED)
[28->7] [21.89158903548972] (LONGER)
[28->27] [24.33722128878666] (PRESERVED)
[29->0] [30.3819389186817] (PRESERVED)
[29->1] [30.74589586278735] (LONGER)
[29->2] [33.96575054823029] (PRESERVED)
[29->3] [31.97629365163587] (LONGER)
[29->4] [37.19901122670117] (PRESERVED)
[29->5] [36.93937812791668] (LONGER)
[29->6] [27.27169095496215] (LONGER)
[29->7] [29.05900144369078] (LONGER)
[29->28] [23.01521260825332] (PRESERVED)
[30->0] [24.68348512227075] (LONGER)
[30->1] [22.17850733992622] (LONGER)
[30->2] [28.22574020568352] (LONGER)
[30->3] [22.92243130583464] (PRESERVED)
[30->4] [30.66568836962153] (LONGER)
[30->5] [25.70089844881159] (PRESERVED)
[30->6] [21.8282004007697] (PRESERVED)
[30->7] [31.01130954017175] (PRESERVED)
[30->29] [31.89035839401296] (PRESERVED)
[31->0] [39.76428708257627] (PRESERVED)
[31->1] [43.79867212135259] (PRESERVED)
[31->2] [26.36055931239072] (PRESERVED)
[31->3] [39.93981900319021] (PRESERVED)
[31->4] [31.53599918803469] (LONGER)
[31->5] [38.06285225880858] (LONGER)
[31->6] [37.62555222306153] (LONGER)
[31->7] [32.29905364228581] (PRESERVED)
[31->30] [41.50852208796648] (LONGER)
[32->0] [44.57440061579882] (LONGER)
[32->1] [33.49726283628569] (LONGER)
[32->2] [35.04880432605154] (LONGER)
[32->3] [43.52877796876109] (LONGER)
[32->4] [30.67308669655382] (LONGER)
[32->5] [40.7436132088629] (PRESERVED)
[32->6] [39.47766029497037] (PRESERVED)
[32->7] [24.9749825993446] (PRESERVED)
[32->31] [27.10603668707138] (LONGER)
[33->0] [33.42631689324285] (PRESERVED)
[33->1] [33.3316344631798] (LONGER)
[33->2] [38.21841110109928] (LONGER)
[33->3] [39.40417113401451] (LONGER)
[33->4] [37.2589916041875] (PRESERVED)
[33->5] [22.05418624310042] (PRESERVED)
[33->6] [33.21833337756135] (PRESERVED)
[33->7] [41.51098480627532] (PRESERVED)
[33->32] [32.79044679289261] (LONGER)
[34->0] [34.87623743876457] (LONGER)
[34->1] [38.16508222678339] (LONGER)
[34->2] [31.37968945459859] (LONGER)
[34->3] [37.00978576125673] (PRESERVED)
[34->4] [40.73254196372406] (LONGER)
[34->5] [32.9016125331567] (LONGER)
[34->6] [35.50503517544226] (LONGER)
[34->7] [37.03911487743363] (LONGER)
[34->33] [28.26668943356833] (PRESERVED)
[35->0] [29.64872108922643] (LONGER)
[35->1] [42.40262223413915] (LONGER)
[35->2] [22.95152313702949] (PRESERVED)
[35->3] [33.16930517237711] (PRESERVED)
[35->4] [24.9125846033495] (LONGER)
[35->5] [29.7920483312804] (LONGER)
[35->6] [35.89521816184176] (LONGER)
[35->7] [39.31846088314726] (LONGER)
[35->34] [34.60279780675973] (PRESERVED)
[36->0] [26.75860350590266] (LONGER)
[36->1] [39.54649217466937] (LONGER)
[36->2] [26.97518136036988] (LONGER)
[36->3] [25.78553785298972] (LONGER)
[36->4] [37.71286608334936] (LONGER)
[36->5] [25.44569038617397] (LONGER)
[36->6] [31.4975571832144] (LONGER)
[36->7] [40.1218936085153] (LONGER)
[36->35] [30.2739571875935] (LONGER)
[37->0] [35.75740752995613] (LONGER)
[37->1] [32.27259992149801] (PRESERVED)
[37->2] [32.59058559956597] (LONGER)
[37->3] [31.47569673602387] (PRESERVED)
[37->4] [41.79766579884924] (LONGER)
[37->5] [29.65630100778942] (PRESERVED)
[37->6] [39.19141292094903] (LONGER)
[37->7] [32.4857622051784] (PRESERVED)
[37->36] [32.99871602056253] (LONGER)
[38->0] [27.71988419316477] (LONGER)
[38->1] [33.42764772744461] (PRESERVED)
[38->2] [38.39913511118301] (PRESERVED)
[38->3] [36.74070585975841] (PRESERVED)
[38->4] [31.89093227567181] (LONGER)
[38->5] [22.19030749551153] (PRESERVED)
[38->6] [30.96288686802317] (LONGER)
[38->7] [41.92177366703648] (PRESERVED)
[38->37] [33.72703020617256] (LONGER)
[39->0] [27.48030573924834] (PRESERVED)
[39->1] [38.23981200621865] (LONGER)
[39->2] [26.72402407001569] (PRESERVED)
[39->3] [26.31796531629286] (LONGER)
[39->4] [40.82321081789558] (LONGER)
[39->5] [28.11260965138589] (PRESERVED)
[39->6] [39.05040565709132] (PRESERVED)
[39->7] [38.39731280155183] (PRESERVED)
[39->38] [25.91697286245984] (LONGER)
[40->0] [30.68598907138657] (PRESERVED)
[40->1] [43.35185959963795] (PRESERVED)
[40->2] [20.60133998841275] (PRESERVED)
[40->3] [30.08573111448659] (LONGER)
[40->4] [27.80086915090404] (PRESERVED)
[40->5] [34.46086071976934] (LONGER)
[40->6] [35.27731422699391] (PRESERVED)
[40->7] [33.11966570821554] (LONGER)
[40->39] [29.41707208831138] (LONGER)
[41->0] [25.69213832051819] (LONGER)
[41->1] [27.44061095040071] (PRESERVED)
[41->2] [38.4592359231259] (LONGER)
[41->3] [29.73554217405978] (LONGER)
[41->4] [22.77598306516971] (LONGER)
[41->5] [37.50489975512139] (LONGER)
[41->6] [24.81977522288043] (PRESERVED)
[41->7] [23.05065709314309] (LONGER)
[41->40] [28.7692101763928] (LONGER)
[42->0] [35.56756025024649] (LONGER)
[42->1] [33.92051280730163] (LONGER)
[42->2] [41.44640626268968] (LONGER)
[42->3] [37.83618747818603] (LONGER)
[42->4] [37.48998477602834] (PRESERVED)
[42->5] [41.346690072911] (PRESERVED)
[42->6] [41.71432078195708] (PRESERVED)
[42->7] [27.78132765848011] (LONGER)
[42->41] [30.67675521364237] (LONGER)
[43->0] [29.58372693059674] (PRESERVED)
[43->1] [20.77016645340023] (PRESERVED)
[43->2] [44.28409868594797] (PRESERVED)
[43->3] [34.72469810841346] (LONGER)
[43->4] [37.39385301755622] (PRESERVED)
[43->5] [30.37425349508448] (LONGER)
[43->6] [26.8403024333678] (LONGER)
[43->7] [31.14275448491362] (LONGER)
[43->42] [23.55351872802024] (PRESERVED)
[44->0] [35.27421513973593] (PRESERVED)
[44->1] [30.2955961504917] (LONGER)
[44->2] [32.12862410748387] (PRESERVED)
[44->3] [35.22733853595127] (LONGER)
[44->4] [24.78418216267725] (PRESERVED)
[44->5] [35.08654086307997] (LONGER)
[44->6] [24.61821008668099] (PRESERVED)
[44->7] [22.89745569266094] (PRESERVED)
[44->43] [31.75486729508394] (LONGER)
[45->0] [31.83917434375756] (PRESERVED)
[45->1] [24.701781992137] (LONGER)
[45->2] [35.66781419549624] (PRESERVED)
[45->3] [32.29023287846058] (LONGER)
[45->4] [39.69600224760965] (PRESERVED)
[45->5] [30.67424836754204] (LONGER)
[45->6] [30.26460645710709] (PRESERVED)
[45->7] [32.81931858008072] (PRESERVED)
[45->44] [37.48164875700044] (LONGER)
[46->0] [33.86252617768974] (LONGER)
[46->1] [34.03648153529724] (LONGER)
[46->2] [38.21435979010248] (LONGER)
[46->3] [32.97275148355206] (PRESERVED)
[46->4] [35.06896223639784] (LONGER)
[46->5] [37.9471909819224] (PRESERVED)
[46->6] [34.80546023385502] (LONGER)
[46->7] [24.80727021857434] (PRESERVED)
[46->45] [37.38768319138657] (LONGER)
[47->0] [28.53642113553898] (LONGER)
[47->1] [23.29846323014924] (LONGER)
[47->2] [40.62384078734473] (LONGER)
[47->3] [31.84031228823225] (LONGER)
[47->4] [38.17888642914143] (PRESERVED)
[47->5] [26.74454119341355] (PRESERVED)
[47->6] [26.09978420588261] (PRESERVED)
[47->7] [32.43339433362301] (PRESERVED)
[47->46] [23.65749825885764] (LONGER)
[48->0] [34.89360077163071] (LONGER)
[48->1] [22.4418333881784] (PRESERVED)
[48->2] [39.12659558890757] (LONGER)
[48->3] [31.12964445507572] (PRESERVED)
[48->4] [36.61314864875398] (LONGER)
[48->5] [33.78034788341706] (PRESERVED)
[48->6] [34.93060038930559] (LONGER)
[48->7] [23.38889449049758] (PRESERVED)
[48->47] [24.58543647971424] (PRESERVED)
[49->0] [31.91992988973038] (PRESERVED)
[49->1] [31.99419931220586] (PRESERVED)
[49->2] [44.16195944566906] (PRESERVED)
[49->3] [40.72828355357748] (LONGER)
[49->4] [30.20545506789071] (PRESERVED)
[49->5] [28.17769542195914] (LONGER)
[49->6] [25.70162333823652] (LONGER)
[49->7] [35.97103296803593] (LONGER)
[49->48] [32.19051652841167] (PRESERVED)
[50->0] [37.30099655127014] (LONGER)
[50->1] [32.54047448518908] (PRESERVED)
[50->2] [42.07033051610393] (LONGER)
[50->3] [41.52174204231068] (LONGER)
[50->4] [25.4473781600865] (LONGER)
[50->5] [33.97715799256247] (LONGER)
[50->6] [28.89602804897197] (LONGER)
[50->7] [30.94013866422408] (PRESERVED)
[50->49] [21.92081530028139] (PRESERVED)
[51->0] [28.02817007427016] (LONGER)
[51->1] [37.55963518714535] (LONGER)
[51->2] [29.48430893381725] (LONGER)
[51->3] [30.64705370155099] (PRESERVED)
[51->4] [19.05109520121686] (LONGER)
[51->5] [33.32687989371945] (LONGER)
[51->6] [27.3304892711349] (PRESERVED)
[51->7] [31.75969672351336] (LONGER)
[51->50] [25.34944371678451] (PRESERVED)
[52->0] [34.80916712218919] (LONGER)
[52->1] [30.59767875662691] (PRESERVED)
[52->2] [43.37683644428021] (PRESERVED)
[52->3] [39.10614993914036] (LONGER)
[52->4] [24.48509450501467] (LONGER)
[52->5] [32.4821623780111] (LONGER)
[52->6] [31.71070586016746] (LONGER)
[52->7] [28.6054657834387] (LONGER)
[52->51] [31.70518610507799] (PRESERVED)
[53->0] [20.89205533975806] (PRESERVED)
[53->1] [33.43747177070531] (PRESERVED)
[53->2] [36.39517606385253] (LONGER)
[53->3] [28.9410234672243] (LONGER)
[53->4] [29.44090356420199] (PRESERVED)
[53->5] [23.08238352197753] (LONGER)
[53->6] [25.1012578427701] (LONGER)
[53->7] [39.8169062696869] (LONGER)
[53->52] [31.90309856633372] (PRESERVED)
[54->0] [34.01556868085262] (PRESERVED)
[54->1] [39.32115421259348] (LONGER)
[54->2] [33.87887507066946] (LONGER)
[54->3] [40.71167216893149] (LONGER)
[54->4] [34.21962165036066] (LONGER)
[54->5] [24.13413695394148] (LONGER)
[54->6] [26.1800929620464] (PRESERVED)
[54->7] [42.59980020876316] (PRESERVED)
[54->53] [27.70895931016967] (LONGER)
[55->0] [35.22036332523683] (PRESERVED)
[55->1] [26.44194945018831] (LONGER)
[55->2] [39.76276346844331] (PRESERVED)
[55->3] [41.26688431366184] (PRESERVED)
[55->4] [22.54918874229947] (PRESERVED)
[55->5] [26.21898078443865] (LONGER)
[55->6] [21.80904236082197] (LONGER)
[55->7] [33.00321773371161] (PRESERVED)
[55->54] [26.43054777753468] (LONGER)
[56->0] [24.48146591363195] (LONGER)
[56->1] [37.24216891293877] (LONGER)
[56->2] [27.81076409877924] (LONGER)
[56->3] [27.43304596765992] (LONGER)
[56->4] [36.9382422085913] (LONGER)
[56->5] [22.36233087680269] (LONGER)
[56->6] [31.6481308316041] (PRESERVED)
[56->7] [39.57059415002558] (LONGER)
[56->55] [34.77166788239246] (PRESERVED)
[57->0] [31.87275715918775] (PRESERVED)
[57->1] [26.22796201658351] (PRESERVED)
[57->2] [38.17082926266503] (PRESERVED)
[57->3] [34.49855955542233] (PRESERVED)
[57->4] [25.71027064456271] (PRESERVED)
[57->5] [39.63400535784233] (LONGER)
[57->6] [24.3949117290057] (LONGER)
[57->7] [22.68686996315603] (PRESERVED)
[57->56] [41.77614590233438] (PRESERVED)
[58->0] [39.46511520638253] (PRESERVED)
[58->1] [31.73402465124283] (PRESERVED)
[58->2] [31.0082867078763] (LONGER)
[58->3] [36.4840581272638] (LONGER)
[58->4] [31.32018234924638] (PRESERVED)
[58->5] [30.01993973757013] (PRESERVED)
[58->6] [26.19353884667211] (LONGER)
[58->7] [28.35168528995851] (LONGER)
[58->57] [30.78656122111282] (PRESERVED)
[59->0] [26.45252450394178] (PRESERVED)
[59->1] [28.33315895634266] (PRESERVED)
[59->2] [38.82105009833553] (PRESERVED)
[59->3] [31.6099030604727] (PRESERVED)
[59->4] [29.88479448933731] (LONGER)
[59->5] [38.91804354158499] (PRESERVED)
[59->6] [34.10063407852812] (LONGER)
[59->7] [30.27443107959499] (PRESERVED)
[59->58] [43.23668648816056] (LONGER)
[60->0] [27.49300320089361] (LONGER)
[60->1] [31.59025054293608] (LONGER)
[60->2] [24.83922400992106] (LONGER)
[60->3] [24.67241324011094] (LONGER)
[60->4] [20.81011372572944] (LONGER)
[60->5] [31.67638268632911] (PRESERVED)
[60->6] [24.16055949219645] (LONGER)
[60->7] [26.25691872893547] (PRESERVED)
[60->59] [35.84194894972286] (PRESERVED)
[61->0] [22.37863115132812] (LONGER)
[61->1] [33.7622362429525] (LONGER)
[61->2] [33.94471831725246] (PRESERVED)
[61->3] [23.26719696303124] (PRESERVED)
[61->4] [40.48215257229116] (PRESERVED)
[61->5] [37.92299328308923] (PRESERVED)
[61->6] [38.35582633773942] (PRESERVED)
[61->7] [31.5993350738115] (PRESERVED)
[61->60] [36.04332998620819] (PRESERVED)
[62->0] [33.13612737169451] (LONGER)
[62->1] [36.67936692715109] (LONGER)
[62->2] [30.4909592707614] (LONGER)
[62->3] [35.4791014824038] (PRESERVED)
[62->4] [30.49750807659352] (LONGER)
[62->5] [32.69134340365425] (PRESERVED)
[62->6] [29.55740662050628] (LONGER)
[62->7] [35.25484024762603] (PRESERVED)
[62->61] [36.34666868580105] (PRESERVED)
[63->0] [33.6328819595385] (PRESERVED)
[63->1] [28.29923883550477] (LONGER)
[63->2] [35.88148934092642] (PRESERVED)
[63->3] [34.29521719758356] (LONGER)
[63->4] [33.99743283155577] (PRESERVED)
[63->5] [30.55976527281856] (PRESERVED)
[63->6] [36.58225120543283] (LONGER)
[63->7] [33.13232350150814] (LONGER)
[63->62] [28.37076601364604] (LONGER)
[64->0] [27.42323315856989] (LONGER)
[64->1] [34.01566297750681] (LONGER)
[64->2] [30.30309346166239] (LONGER)
[64->3] [30.09772276659784] (PRESERVED)
[64->4] [23.54012805562405] (PRESERVED)
[64->5] [40.58023800596767] (PRESERVED)
[64->6] [35.87977091025768] (PRESERVED)
[64->7] [26.13415145191843] (LONGER)
[64->63] [36.21482681418452] (LONGER)
[65->0] [32.65185425084643] (PRESERVED)
[65->1] [30.69169895230668] (PRESERVED)
[65->2] [24.45890026747481] (PRESERVED)
[65->3] [27.95948444308732] (LONGER)
[65->4] [39.97738915604529] (LONGER)
[65->5] [27.64965058845775] (LONGER)
[65->6] [26.94109411656878] (PRESERVED)
[65->7] [33.82240873546502] (LONGER)
[65->64] [40.99004500435434] (PRESERVED)
[66->0] [40.00377046344086] (LONGER)
[66->1] [33.78848122323767] (PRESERVED)
[66->2] [28.833518267732] (LONGER)
[66->3] [36.82201223167439] (LONGER)
[66->4] [29.38367000942949] (LONGER)
[66->5] [31.05116609081599] (LONGER)
[66->6] [33.9848446836568] (LONGER)
[66->7] [28.74383729708964] (LONGER)
[66->65] [28.90353133239996] (PRESERVED)
[67->0] [29.30313019694447] (LONGER)
[67->1] [29.1622992139756] (LONGER)
[67->2] [29.80024116298516] (LONGER)
[67->3] [31.11282200087242] (PRESERVED)
[67->4] [20.41218994220612] (LONGER)
[67->5] [27.14243070330823] (PRESERVED)
[67->6] [26.37358377158262] (LONGER)
[67->7] [33.08781988926516] (PRESERVED)
[67->66] [30.27315521706056] (PRESERVED)
[68->0] [37.41019099219141] (PRESERVED)
[68->1] [35.12411718030953] (LONGER)
[68->2] [27.79979430345865] (PRESERVED)
[68->3] [40.11688246353449] (LONGER)
[68->4] [22.46187254898871] (PRESERVED)
[68->5] [34.16893631716395] (LONGER)
[68->6] [27.14081795198548] (PRESERVED)
[68->7] [31.96443746115841] (PRESERVED)
[68->67] [24.36013193674687] (LONGER)
[69->0] [28.46371173933801] (LONGER)
[69->1] [22.67562268860673] (LONGER)
[69->2] [33.08365130628891] (LONGER)
[69->3] [30.70153267997583] (LONGER)
[69->4] [24.24998328934429] (LONGER)
[69->5] [34.72314672812892] (PRESERVED)
[69->6] [27.38534788734709] (PRESERVED)
[69->7] [24.80192435377284] (LONGER)
[69->68] [27.3564545020027] (LONGER)
[70->0] [31.17275137716138] (PRESERVED)
[70->1] [35.73773550033209] (LONGER)
[70->2] [42.02359113874419] (LONGER)
[70->3] [37.8170103450414] (LONGER)
[70->4] [28.54813579685492] (PRESERVED)
[70->5] [38.51714604578667] (LONGER)
[70->6] [37.56793871712966] (PRESERVED)
[70->7] [31.9429972416264] (LONGER)
[70->69] [34.89475888599597] (LONGER)
[71->0] [36.72068305292945] (LONGER)
[71->1] [26.29972711017824] (PRESERVED)
[71->2] [29.59891830388241] (PRESERVED)
[71->3] [36.72626533553903] (LONGER)
[71->4] [33.61125018351343] (LONGER)
[71->5] [32.22772174196163] (PRESERVED)
[71->6] [29.90948829633531] (PRESERVED)
[71->7] [30.40041757611499] (LONGER)
[71->70] [39.94258846085517] (LONGER)
[72->0] [32.17800414263415] (LONGER)
[72->1] [31.53809068705389] (PRESERVED)
[72->2] [36.64627487394332] (LONGER)
[72->3] [32.38885366132388] (PRESERVED)
[72->4] [29.26157771050195] (LONGER)
[72->5] [26.43826821283786] (PRESERVED)
[72->6] [32.6288967546392] (LONGER)
[72->7] [30.94690177734833] (LONGER)
[72->71] [36.66890495885819] (LONGER)
[73->0] [35.79050833864575] (LONGER)
[73->1] [35.01743438536246] (LONGER)
[73->2] [25.91637679991346] (LONGER)
[73->3] [28.09742810127204] (PRESERVED)
[73->4] [31.80697648906367] (LONGER)
[73->5] [39.34288158353478] (LONGER)
[73->6] [40.90621539264822] (LONGER)
[73->7] [19.73971737638912] (LONGER)
[73->72] [23.45096843324747] (PRESERVED)
[74->0] [39.3744985177342] (LONGER)
[74->1] [40.25690910110082] (LONGER)
[74->2] [35.6686970810551] (LONGER)
[74->3] [44.9562015385108] (PRESERVED)
[74->4] [21.19032043804851] (LONGER)
[74->5] [27.79208214036503] (LONGER)
[74->6] [28.57546035724222] (LONGER)
[74->7] [37.94904594411312] (PRESERVED)
[74->73] [37.31773197297387] (LONGER)
[75->0] [37.850442955495] (LONGER)
[75->1] [36.18112249446951] (LONGER)
[75->2] [31.66026563759116] (PRESERVED)
[75->3] [37.15638637308151] (LONGER)
[75->4] [25.46345442869849] (PRESERVED)
[75->5] [38.94508201054686] (PRESERVED)
[75->6] [41.67524192904926] (PRESERVED)
[75->7] [24.96546414017239] (PRESERVED)
[75->74] [29.36101156658856] (PRESERVED)
[76->0] [27.53889756322398] (PRESERVED)
[76->1] [38.70785499462775] (LONGER)
[76->2] [28.23323600302299] (PRESERVED)
[76->3] [31.858519327867] (LONGER)
[76->4] [35.41060374516503] (PRESERVED)
[76->5] [33.09439176313813] (LONGER)
[76->6] [38.17920765114904] (PRESERVED)
[76->7] [38.80462669373198] (LONGER)
[76->75] [29.98704353746245] (LONGER)
[77->0] [34.70468534007082] (PRESERVED)
[77->1] [41.18755197067512] (PRESERVED)
[77->2] [28.96280126689399] (LONGER)
[77->3] [34.98420428602083] (PRESERVED)
[77->4] [32.74143794205826] (LONGER)
[77->5] [21.36085903084689] (LONGER)
[77->6] [35.5224696789178] (LONGER)
[77->7] [39.71968924281296] (LONGER)
[77->76] [31.60837321626942] (PRESERVED)
[78->0] [35.38819585265861] (PRESERVED)
[78->1] [27.21508505037972] (PRESERVED)
[78->2] [34.58165889028773] (LONGER)
[78->3] [32.6940277620381] (LONGER)
[78->4] [22.9993924004302] (PRESERVED)
[78->5] [33.51749992669998] (PRESERVED)
[78->6] [31.41032904525806] (LONGER)
[78->7] [23.44508261554054] (PRESERVED)
[78->77] [28.53570534845901] (LONGER)
[79->0] [38.70288946254232] (PRESERVED)
[79->1] [35.32818764370473] (LONGER)
[79->2] [32.12688288709246] (LONGER)
[79->3] [34.56232019426795] (LONGER)
[79->4] [29.31799041640051] (PRESERVED)
[79->5] [40.34743668404157] (LONGER)
[79->6] [36.48318777444005] (PRESERVED)
[79->7] [21.75699519972798] (PRESERVED)
[79->78] [20.49016738901118] (PRESERVED)
[80->0] [27.7795159162131] (LONGER)
[80->1] [38.30767838880384] (PRESERVED)
[80->2] [34.07403739424454] (PRESERVED)
[80->3] [31.84383346445019] (LONGER)
[80->4] [27.05299395952944] (LONGER)
[80->5] [31.45466484278221] (PRESERVED)
[80->6] [35.34203225708375] (LONGER)
[80->7] [33.52400633727993] (LONGER)
[80->79] [36.61011213470545] (PRESERVED)
[81->0] [27.64463003054118] (PRESERVED)
[81->1] [32.90755235660004] (LONGER)
[81->2] [33.50041286505712] (PRESERVED)
[81->3] [24.49220935736892] (PRESERVED)
[81->4] [35.28726947746906] (PRESERVED)
[81->5] [37.99869496009646] (PRESERVED)
[81->6] [35.44154320796737] (PRESERVED)
[81->7] [24.56645095057165] (PRESERVED)
[81->80] [29.73475079173614] (PRESERVED)
[82->0] [33.92164697526166] (LONGER)
[82->1] [38.982933424935] (LONGER)
[82->2] [34.21041491048673] (PRESERVED)
[82->3] [37.03942763702002] (PRESERVED)
[82->4] [32.76598841519895] (LONGER)
[82->5] [23.21633946569973] (PRESERVED)
[82->6] [22.84822668235482] (LONGER)
[82->7] [38.92250986379553] (LONGER)
[82->81] [32.94874010753858] (LONGER)
[83->0] [38.41419750570613] (PRESERVED)
[83->1] [35.62943522529557] (LONGER)
[83->2] [39.64585611950111] (LONGER)
[83->3] [40.70808663386374] (LONGER)
[83->4] [39.13189927746556] (LONGER)
[83->5] [30.40803310292684] (LONGER)
[83->6] [36.66786194418935] (LONGER)
[83->7] [36.50078137832335] (LONGER)
[83->82] [31.78939075195731] (PRESERVED)
[84->0] [39.13134666884331] (LONGER)
[84->1] [30.91659366946783] (LONGER)
[84->2] [37.60630079541899] (LONGER)
[84->3] [42.69452149106827] (PRESERVED)
[84->4] [29.19194335384893] (PRESERVED)
[84->5] [38.98087507092537] (PRESERVED)
[84->6] [35.28969645406391] (LONGER)
[84->7] [27.2912080269672] (PRESERVED)
[84->83] [30.1389177350717] (PRESERVED)
[85->0] [27.29563387298258] (LONGER)
[85->1] [19.95895492769813] (PRESERVED)
[85->2] [34.56135850941673] (LONGER)
[85->3] [25.52022622455432] (PRESERVED)
[85->4] [35.99248669691721] (LONGER)
[85->5] [22.47029027026286] (PRESERVED)
[85->6] [19.57581927125004] (LONGER)
[85->7] [31.45041269931094] (PRESERVED)
[85->84] [37.95207926784247] (LONGER)
[86->0] [23.23260821758116] (LONGER)
[86->1] [28.80682992733529] (PRESERVED)
[86->2] [37.42317061110936] (PRESERVED)
[86->3] [24.75170848605138] (PRESERVED)
[86->4] [31.17122441385737] (LONGER)
[86->5] [27.696896629258] (LONGER)
[86->6] [27.7308847157879] (LONGER)
[86->7] [30.36266401443276] (LONGER)
[86->85] [24.62155339947619] (PRESERVED)
[87->0] [37.77312728368097] (PRESERVED)
[87->1] [43.69405392801585] (LONGER)
[87->2] [30.9171924891146] (PRESERVED)
[87->3] [39.04863017711481] (LONGER)
[87->4] [27.12679735554111] (PRESERVED)
[87->5] [34.3032452866285] (LONGER)
[87->6] [40.87854249125917] (PRESERVED)
[87->7] [35.39498525160335] (PRESERVED)
[87->86] [35.7478743896654] (PRESERVED)
[88->0] [23.85601675653333] (PRESERVED)
[88->1] [19.73477461724931] (LONGER)
[88->2] [44.90616176417916] (LONGER)
[88->3] [31.9989876673723] (LONGER)
[88->4] [29.66779765487823] (LONGER)
[88->5] [28.16521819230904] (LONGER)
[88->6] [26.54297236662538] (PRESERVED)
[88->7] [33.37612818700579] (LONGER)
[88->87] [36.0622912151135] (LONGER)
[89->0] [26.13827920775395] (LONGER)
[89->1] [36.84372062820918] (PRESERVED)
[89->2] [37.04942286723507] (LONGER)
[89->3] [29.10640241011292] (PRESERVED)
[89->4] [37.20271091479272] (LONGER)
[89->5] [30.99234458543026] (PRESERVED)
[89->6] [35.487162177587] (LONGER)
[89->7] [36.14035230912875] (LONGER)
[89->88] [29.66289151940127] (LONGER)
[90->0] [36.25709020633091] (PRESERVED)
[90->1] [33.26602010264424] (PRESERVED)
[90->2] [37.582646403375] (PRESERVED)
[90->3] [35.35289947821452] (LONGER)
[90->4] [39.76594521600426] (PRESERVED)
[90->5] [37.34328240058343] (LONGER)
[90->6] [33.73041222626107] (LONGER)
[90->7] [28.23297198801603] (LONGER)
[90->89] [23.63460864658345] (PRESERVED)
[91->0] [24.37782894970222] (PRESERVED)
[91->1] [31.95558907126679] (PRESERVED)
[91->2] [24.55053568064022] (LONGER)
[91->3] [21.38936588527764] (LONGER)
[91->4] [36.35410358340938] (PRESERVED)
[91->5] [40.00157308123366] (LONGER)
[91->6] [36.39021050393277] (LONGER)
[91->7] [27.65609352172443] (LONGER)
[91->90] [33.5979389518733] (LONGER)
[92->0] [20.01703513861023] (LONGER)
[92->1] [33.97357703900077] (PRESERVED)
[92->2] [36.12682040560583] (PRESERVED)
[92->3] [29.87525849509905] (LONGER)
[92->4] [30.02207625941784] (PRESERVED)
[92->5] [28.39638504407428] (PRESERVED)
[92->6] [22.38924918279024] (LONGER)
[92->7] [36.53888956180592] (PRESERVED)
[92->91] [28.99244974669433] (PRESERVED)
[93->0] [35.83702848356312] (PRESERVED)
[93->1] [32.13222106760914] (LONGER)
[93->2] [29.6327085776188] (LONGER)
[93->3] [34.20301069596842] (PRESERVED)
[93->4] [38.59850634260391] (PRESERVED)
[93->5] [34.36807001937246] (PRESERVED)
[93->6] [40.17836026140753] (PRESERVED)
[93->7] [31.0332649495667] (PRESERVED)
[93->92] [40.42277867998786] (LONGER)
[94->0] [25.59976318420203] (LONGER)
[94->1] [35.43260614049273] (LONGER)
[94->2] [37.20647319012344] (PRESERVED)
[94->3] [33.53501148919634] (PRESERVED)
[94->4] [34.09642457365985] (LONGER)
[94->5] [31.23475216323377] (PRESERVED)
[94->6] [33.2351416391687] (LONGER)
[94->7] [35.84110610276952] (PRESERVED)
[94->93] [27.89631861748612] (LONGER)
[95->0] [38.68667425885889] (PRESERVED)
[95->1] [34.36601362552043] (PRESERVED)
[95->2] [28.12264293380157] (PRESERVED)
[95->3] [37.86935214971729] (LONGER)
[95->4] [28.58540663658428] (PRESERVED)
[95->5] [27.98928178775728] (LONGER)
[95->6] [28.55160432363921] (LONGER)
[95->7] [33.93795598973997] (LONGER)
[95->94] [42.27649413316684] (PRESERVED)
[96->0] [25.05531515042299] (LONGER)
[96->1] [24.27018995007496] (LONGER)
[96->2] [28.17278163827549] (PRESERVED)
[96->3] [20.05993248547307] (LONGER)
[96->4] [35.88440514254104] (PRESERVED)
[96->5] [31.4738259475608] (LONGER)
[96->6] [35.9287312848323] (PRESERVED)
[96->7] [29.14740286287915] (LONGER)
[96->95] [34.30071958080004] (LONGER)
[97->0] [27.11083166905138] (PRESERVED)
[97->1] [37.22350841004901] (LONGER)
[97->2] [31.41609748516944] (LONGER)
[97->3] [28.07940583760945] (LONGER)
[97->4] [24.57802211026195] (LONGER)
[97->5] [29.83311561045058] (PRESERVED)
[97->6] [35.64240681363896] (PRESERVED)
[97->7] [34.736973929739] (LONGER)
[97->96] [27.61692044818541] (PRESERVED)
[98->0] [25.91218316770613] (PRESERVED)
[98->1] [24.27216877929093] (LONGER)
[98->2] [34.73213809581893] (LONGER)
[98->3] [25.54130285427066] (LONGER)
[98->4] [28.15327599668241] (PRESERVED)
[98->5] [34.25622454406781] (PRESERVED)
[98->6] [35.38407104603763] (PRESERVED)
[98->7] [24.08002287564842] (PRESERVED)
[98->97] [19.63131262745278] (PRESERVED)
[99->0] [35.14586178788738] (LONGER)
[99->1] [29.79240198815198] (LONGER)
[99->2] [36.29473104528027] (PRESERVED)
[99->3] [36.60617815228816] (LONGER)
[99->4] [33.70579921155188] (LONGER)
[99->5] [38.28298726426316] (LONGER)
[99->6] [32.93483156811415] (PRESERVED)
[99->7] [24.29438952804344] (LONGER)
[99->98] [34.07418910596933] (PRESERVED)

Long edges	461 of 840 [54.88%]
Short edges	0 of 840 [0.00%]
Preserved edges	379 of 840 [45.12%]

Polyhedra	92

CA	224038
RMS Absolute	4.73327
CR	318.713
RMS Relative	0.179425

Projection Mode	Minimum Distance

Optimization Runtime	-3.917017042636871

Lambda, uppercase (Λ) lowercase (λ)	0.01

Using Minimum Distance?	YES
Using Minimum Perimeter?	NO
Using Minimum Area?	NO

Iterations	10
Sammon's stress	0.0321843
