Using	PP Digraph

Executed in	4.74701 seconds

Intrinsic Dimensionality	10

Reordered	YES

Number of nodes	100
Number of edges	1006

Is PP Digraph directed?	YES
Is PP Digraph connected??	NO

Nodes:
0 [#0] at {25.7569, 7.8740, 2.5567, 11.0255, 4.1388, -3.9670, -5.4025, -2.4889, -5.9240, -12.7401}
89 [#1] at {18.0652, 16.5236, -4.1454, 0.9355, 16.7883, -10.4567, 4.3841, -2.3035, 2.7094, -20.5646}
98 [#2] at {12.2353, 16.8013, 21.8497, 0.5501, 8.4525, 2.9101, -2.8866, -1.9750, -7.3808, -11.0445}
27 [#3] at {13.2645, -6.2125, 8.9735, 11.2121, 2.6737, -7.7906, 10.0773, 7.2582, 4.9197, -16.9616}
39 [#4] at {19.7407, 15.2097, 7.1791, 5.0344, 12.4669, 5.7746, -13.6967, 6.5319, 11.5761, -27.5507}
21 [#5] at {21.5466, 6.1942, 7.5093, -5.7072, 11.1355, -6.7570, 15.3028, 7.7474, 2.3215, -17.4188}
80 [#6] at {2.0223, 22.8031, 3.8573, 10.0202, 8.6019, 3.0757, 3.0221, 9.0186, -6.2982, -17.3660}
78 [#7] at {10.0790, 21.9937, 2.1012, 4.1418, -2.1849, -3.9702, 0.5300, -4.1697, -9.9137, -14.7639}
67 [#8] at {8.5226, 15.4792, 15.0318, 19.3999, 11.3264, -4.3965, 4.1209, 5.8918, 3.4913, -26.4312}
60 [#9] at {1.0266, 17.6687, 3.0553, -0.5952, 15.5656, -5.1077, 4.2294, -1.8696, 3.7178, -23.0207}
26 [#10] at {6.6549, 7.8102, 14.3879, 13.0537, 13.1111, -0.2076, -2.2017, -8.9901, 1.3482, -21.0722}
81 [#11] at {17.3554, 13.1295, 15.7131, 7.4552, 13.7528, 6.7817, 10.8540, -0.2696, -8.6428, -32.1411}, [FLIPPED]
41 [#12] at {16.0910, 3.3265, 10.1037, 5.7948, 2.5518, 14.5803, -1.0209, -6.8571, 1.5917, -35.3512}, [FLIPPED]
44 [#13] at {18.6145, 9.5826, 5.8108, 16.4591, 2.6731, 0.0441, 5.9467, -13.9925, 7.6868, -16.2878}, [FLIPPED]
43 [#14] at {11.9405, 15.4283, 4.7151, 19.5648, 3.2926, 7.5148, -0.9502, -1.2948, 16.2567, -17.3954}, [FLIPPED]
72 [#15] at {12.4420, 9.6987, 1.0574, -0.1563, 14.1823, 7.0164, 9.0578, 17.3835, -0.5381, -13.2207}, [FLIPPED]
73 [#16] at {24.1773, 5.2129, 0.8781, 9.1734, -4.6544, 10.8965, -2.8043, 12.0352, 1.1176, -12.3031}, [FLIPPED]
63 [#17] at {11.0719, 9.2414, 12.0983, -1.8699, -8.3547, 6.2104, -11.2153, -8.5582, 1.3078, -21.0346}, [FLIPPED]
52 [#18] at {26.3138, 3.9029, -0.7323, -0.7298, 6.2239, 5.5365, 14.2641, 0.5650, 1.5495, -10.8337}, [FLIPPED]
55 [#19] at {4.7729, 13.7763, 1.0455, 2.4541, 1.3305, -2.8130, 0.2562, 4.0162, -3.9217, -36.6374}, [FLIPPED]
92 [#20] at {15.0391, 7.2128, 8.8889, 9.0270, 6.8177, 2.0390, 14.3185, 1.3702, 1.6261, -1.9736}, [FLIPPED]
70 [#21] at {14.3943, 10.7286, 19.9218, 14.7055, -0.1728, 6.8841, -1.4645, 12.9985, 6.7530, -27.8224}, [FLIPPED]
10 [#22] at {21.5168, 14.3244, 8.2948, -5.7601, 6.1534, -4.8716, -10.6022, -1.1231, -1.2314, -15.3337}, [FLIPPED]
93 [#23] at {11.9358, 15.4246, 9.6358, -1.9686, 19.6730, 9.5921, 6.9787, 9.6702, 11.9312, -19.6491}, [FLIPPED]
85 [#24] at {16.7856, 5.6645, 2.9072, -12.4143, 2.8676, 8.6966, 6.2935, 9.5231, -5.4908, -16.1258}, [FLIPPED]
13 [#25] at {9.9737, 10.7816, 1.0743, -0.8599, 2.6231, 17.7518, 2.8306, -7.1062, -6.2935, -17.1947}, [FLIPPED]
94 [#26] at {2.3023, 12.0266, 14.3920, -4.0203, -4.0741, -2.1376, -0.8880, 6.7093, 3.4724, -12.8638}, [FLIPPED]
42 [#27] at {24.9071, 14.8213, 10.4169, 13.6291, 8.3548, 15.8188, -0.7634, 4.7971, -0.8855, -14.3804}, [FLIPPED]
49 [#28] at {23.5887, 10.5180, 16.4522, 6.8995, -10.1418, 13.8680, -2.2621, 1.0970, 5.2966, -21.9730}, [FLIPPED]
25 [#29] at {15.1913, 4.0203, 19.5611, -7.0328, -4.5729, 4.9205, 5.4627, 4.5243, 13.7785, -17.4125}, [FLIPPED]
22 [#30] at {12.6223, 13.2297, 3.1744, 8.5396, 7.6263, -6.9383, 21.3905, -1.1259, -1.4174, -21.0966}, [FLIPPED]
45 [#31] at {18.4619, 10.9412, 6.9274, 5.1687, -9.4228, -2.7955, 8.7125, 8.5312, 17.8445, -17.1049}, [FLIPPED]
28 [#32] at {18.0842, -0.7598, 6.7342, -6.7174, -2.6582, -5.9747, 5.2264, -10.9265, 0.0872, -20.3693}, [FLIPPED]
34 [#33] at {6.9776, 10.1963, -5.7819, 2.6519, -3.4055, -3.4655, -6.4403, 13.7965, 5.1759, -16.9920}, [FLIPPED]
90 [#34] at {22.5382, 10.8448, 0.0544, -8.0039, -2.9821, 7.8182, 0.3109, 1.7997, 11.8284, -11.6892}, [FLIPPED]
1 [#35] at {22.4945, 22.1085, 2.8233, 2.2908, 3.2665, 1.0313, -4.6370, -13.1717, 10.4369, -18.6689}, [FLIPPED]
96 [#36] at {10.7394, 0.9161, 2.0750, 14.2486, 9.0015, 14.0808, 13.2507, 9.8951, 3.5723, -24.2194}, [FLIPPED]
91 [#37] at {31.0190, 14.1011, 15.8025, 5.7924, 5.6805, 6.2463, 12.6966, 2.2184, -1.9798, -14.1684}, [FLIPPED]
56 [#38] at {8.4222, 11.8524, 12.9418, 6.0579, -10.9929, -5.2440, 7.7234, 12.4465, -2.9773, -21.9975}, [FLIPPED]
16 [#39] at {12.6642, 11.4805, 18.6929, 2.7267, 11.0438, -1.5913, -4.7223, 6.0428, 12.6515, -12.1369}, [FLIPPED]
61 [#40] at {17.8465, 14.8891, 8.9464, -4.3955, 14.2507, 6.9820, 4.3021, -11.3935, -5.5016, -22.6800}, [FLIPPED]
38 [#41] at {16.8321, 10.7621, -10.0143, 12.3792, 7.2754, 2.6218, 12.2941, 4.8250, 9.0477, -25.5764}, [FLIPPED]
77 [#42] at {17.3787, 1.6524, -8.9919, 11.5813, 0.3517, 5.3593, 5.5024, -5.8216, -6.2514, -23.4867}, [FLIPPED]
14 [#43] at {5.2192, 5.4606, 6.0963, -3.4887, 11.9444, 8.8762, -6.2290, 5.4600, 12.9260, -21.1171}, [FLIPPED]
12 [#44] at {17.1452, 14.0686, 7.7632, 4.1034, 5.9827, 11.5631, 9.6785, 2.5650, 21.8652, -18.2866}, [FLIPPED]
7 [#45] at {6.8428, 17.8212, -2.4704, 6.3781, 1.0143, 12.0599, -6.9962, 6.1546, 0.8938, -12.0114}, [FLIPPED]
57 [#46] at {13.6208, 1.2406, 14.6903, -9.2379, 10.3792, 10.1633, 9.4294, -1.5993, -3.2213, -19.8384}, [FLIPPED]
6 [#47] at {6.0175, 15.8046, 9.5226, -6.8997, 0.7490, 7.1943, -7.0742, 1.9147, 2.9087, -32.7367}, [FLIPPED]
18 [#48] at {13.5786, 1.1390, -1.9474, 0.7827, 6.7908, -0.4554, -9.7980, -1.0702, -6.6790, -24.5249}, [FLIPPED]
86 [#49] at {27.2773, 12.8065, 18.8268, 4.1426, 11.1068, 9.8886, -1.7034, 4.8559, 10.3347, -17.0989}, [FLIPPED]
65 [#50] at {13.6076, 9.2572, 3.4415, -4.6309, -2.8131, -3.8938, 12.4528, -2.4498, -4.3023, -34.4622}, [FLIPPED]
75 [#51] at {3.5596, 17.3126, 8.0502, 7.2898, -3.0487, 6.3160, 18.3763, -1.6972, 4.0192, -26.8092}, [FLIPPED]
31 [#52] at {26.8810, 7.9601, 12.1032, 5.8447, -1.9638, 3.5321, 14.5836, 14.1003, 5.3290, -26.6430}, [FLIPPED]
99 [#53] at {21.9510, 19.2875, 8.0494, 13.7386, 10.1513, -11.5803, -1.6901, 3.7462, 8.2347, -23.7070}, [FLIPPED]
29 [#54] at {16.9200, 20.7289, -2.0954, -5.9691, -8.9755, 12.9131, 5.5156, 2.6865, 1.8975, -23.0831}, [FLIPPED]
83 [#55] at {16.4989, 20.2678, 15.4493, 0.7234, -3.3081, 0.7387, 13.4622, -5.6828, 10.3830, -14.1479}, [FLIPPED]
84 [#56] at {24.7259, 14.9334, -2.7711, 14.0610, 10.7125, -2.4192, 3.4990, 8.7933, 3.9835, -11.9413}, [FLIPPED]
71 [#57] at {7.4139, 19.2055, 15.4948, 11.3591, 2.5107, 13.4268, 1.1275, -4.6998, 0.0274, -9.3864}, [FLIPPED]
95 [#58] at {18.9715, 3.8117, -2.0321, 11.4250, 1.5848, -9.1228, 4.1169, -0.5491, 8.3184, -32.0622}, [FLIPPED]
11 [#59] at {2.3927, 2.7357, 4.8557, -2.9499, -0.2149, 11.1168, 3.9865, -5.3267, 15.0130, -14.9217}, [FLIPPED]
47 [#60] at {9.0319, 9.2752, 6.9252, 9.0233, -0.4145, -8.4462, -5.4130, 5.0079, 13.8286, -12.5797}, [FLIPPED]
48 [#61] at {16.3444, -2.8250, 5.3102, 8.2057, 12.6814, 12.1185, -6.6311, -0.0854, 3.1376, -11.9815}, [FLIPPED]
76 [#62] at {11.2743, 10.2635, 7.9385, 6.1541, 12.6034, 0.2697, 3.7422, 18.7679, -5.8078, -28.6646}, [FLIPPED]
88 [#63] at {17.1995, -0.2776, 20.9846, 14.5821, -3.2275, 8.4836, 6.3300, 0.8409, 1.9997, -17.6726}, [FLIPPED]
30 [#64] at {18.2948, 19.0645, 20.7165, -3.6716, 10.1475, -4.3690, 7.9519, -0.1780, 10.3883, -27.0298}, [FLIPPED]
58 [#65] at {19.8520, 20.3118, 5.4657, 8.0648, 7.4796, 10.0094, -8.9549, -7.5731, -2.6978, -29.0687}, [FLIPPED]
15 [#66] at {25.0759, 15.5840, -2.8357, -3.5104, 3.6515, 2.6763, -1.7510, 8.4877, -8.0014, -29.6719}, [FLIPPED]
69 [#67] at {9.4097, 20.7088, 16.8350, 9.0602, 1.7587, -2.5040, 7.8434, 11.7233, 1.5485, -10.5542}, [FLIPPED]
19 [#68] at {20.3704, 25.5429, 7.2358, 16.5990, -4.4494, 1.6547, 9.7204, -0.0962, -0.4854, -24.4367}, [FLIPPED]
62 [#69] at {20.1474, 20.5489, 9.6639, -4.7545, -1.6033, -7.2864, 6.5594, 5.4085, -8.4108, -15.8880}, [FLIPPED]
23 [#70] at {15.8917, 17.9117, 2.9615, 19.2797, 3.5523, 19.8043, 4.9092, 5.9978, 1.9848, -21.5519}, [FLIPPED]
53 [#71] at {25.8185, 17.8652, 6.4717, 4.5153, 6.6627, 8.1699, 14.4951, -8.6035, 5.5769, -29.7012}, [FLIPPED]
50 [#72] at {12.3530, -1.7545, 12.9532, -1.0554, 0.1604, 13.5512, -1.5248, 11.1684, 0.4699, -24.4374}, [FLIPPED]
33 [#73] at {21.2404, 7.0904, 11.4588, 6.8785, 13.0898, -1.5973, 7.4491, 7.4617, 14.2028, -33.1012}, [FLIPPED]
68 [#74] at {31.6248, 1.9955, 12.6351, 5.1284, 1.0206, 0.0139, 2.0027, -6.7544, 9.5625, -25.7304}, [FLIPPED]
54 [#75] at {16.9246, 27.1478, 13.5467, 4.0695, 2.3007, 9.4508, -0.2232, 6.4387, 2.4332, -31.9608}, [FLIPPED]
51 [#76] at {14.3601, 0.5304, 9.4905, 6.6365, 12.2052, -2.0552, -0.4470, -0.7476, -13.0671, -24.8386}, [FLIPPED]
79 [#77] at {24.3053, 23.5407, 0.3274, 6.2873, 1.5539, 3.3635, 4.8736, 15.9228, 1.0440, -20.4752}, [FLIPPED]
97 [#78] at {17.9228, 14.0462, 16.7604, 0.0220, -4.1710, -8.2765, -5.5553, 5.1826, 4.5440, -30.7745}, [FLIPPED]
40 [#79] at {15.3232, 5.8147, 4.1906, 14.2401, -15.1267, -1.5738, 0.5938, -2.6164, 1.0195, -19.1747}, [FLIPPED]
46 [#80] at {24.5361, -0.7390, 4.5810, -1.5303, -8.5101, -0.1720, 1.8987, 6.6127, 3.1011, -29.2277}, [FLIPPED]
20 [#81] at {4.8725, 17.4400, 4.9199, 8.6408, -7.5125, 6.9708, 1.8839, 8.8634, 11.7346, -27.9160}, [FLIPPED]
24 [#82] at {5.4571, 20.4110, 1.9400, -5.3492, 0.5551, 4.3555, 13.9224, 12.2847, 9.0623, -20.8218}, [FLIPPED]
5 [#83] at {13.3010, -2.9373, 6.5456, 6.0092, 15.2938, 6.6993, 2.1841, -3.0317, 11.8456, -28.8509}, [FLIPPED]
9 [#84] at {12.0902, 17.4309, -2.2421, -3.2488, 9.4652, 1.6266, 8.5815, -6.4593, 16.8684, -25.6633}, [FLIPPED]
66 [#85] at {12.3920, 4.3908, 8.8815, 20.2333, 4.9972, 3.6547, -6.8684, 7.1424, -3.5059, -23.3821}, [FLIPPED]
37 [#86] at {9.9012, 22.9739, 4.8418, 1.0306, 16.4248, 14.5876, 1.3568, 0.9747, 1.5455, -23.0153}, [FLIPPED]
87 [#87] at {21.7664, 12.3471, -1.6727, -2.5506, 5.7355, -3.9047, -2.5122, 14.3963, 10.9580, -29.3269}, [FLIPPED]
4 [#88] at {1.1037, -0.1395, 1.6323, 2.7274, 3.4126, 6.3283, 3.1670, 11.1113, -3.3731, -31.0471}, [FLIPPED]
35 [#89] at {16.7348, 8.4955, -6.7795, 7.8705, 0.7466, 7.6319, -6.4962, 1.1048, 14.3372, -27.6133}, [FLIPPED]
8 [#90] at {11.3701, 14.7230, -6.5602, 1.3765, 2.2976, 0.9656, -1.4923, -2.4394, 8.9279, -6.3757}, [FLIPPED]
64 [#91] at {2.4958, -0.1000, -0.0195, 9.3078, 9.1966, 2.4442, 8.7655, 3.7031, 6.1513, -9.5975}, [FLIPPED]
82 [#92] at {13.1155, 7.5493, 3.0286, 6.3938, -3.9357, 15.0631, 16.7419, -1.8965, -1.7924, -16.0182}, [FLIPPED]
17 [#93] at {20.9272, 7.1279, 11.6162, -0.4169, 9.3918, 4.7574, -7.5502, 18.1287, -0.7017, -16.1529}, [FLIPPED]
74 [#94] at {1.7807, 11.2039, 2.4221, 13.9700, -3.0940, -1.2431, -0.0782, -5.6820, 3.8252, -28.0449}, [FLIPPED]
3 [#95] at {18.4655, 8.9545, 5.1708, 0.3374, 2.0574, 14.6545, 10.8465, 7.5817, 10.0401, -35.9443}, [FLIPPED]
2 [#96] at {7.5090, 1.8529, 12.1323, -0.6559, 11.6416, -11.2222, 3.0821, 6.0720, 2.3804, -16.6588}, [FLIPPED]
32 [#97] at {16.3396, 9.4989, 12.2469, 7.9622, -8.3615, 5.8700, 5.4479, 4.4313, -15.2659, -22.3384}, [FLIPPED]
36 [#98] at {4.4025, 8.4404, 18.4249, 0.7914, 3.3449, 8.9961, 10.3598, -2.6660, 5.4164, -27.0021}, [FLIPPED]
59 [#99] at {6.0762, 8.2799, 14.9137, 2.6209, 0.5682, -5.5153, 1.4440, -7.8689, 14.9063, -25.2825}, [FLIPPED]

Flips	89 out of 100 [89.00%]

Edges:
[1->0] [26.72824137479271] (LONGER)
[2->0] [28.67016871264651] (LONGER)
[2->1] [34.69189132606212] (PRESERVED)
[3->0] [29.70694326913988] (PRESERVED)
[3->2] [37.38581468950087] (PRESERVED)
[4->0] [31.42143368539918] (PRESERVED)
[4->3] [39.29790797671807] (LONGER)
[5->0] [31.70436163996467] (PRESERVED)
[5->4] [37.27733402034022] (LONGER)
[6->0] [32.91450894110364] (PRESERVED)
[6->5] [35.32108302645995] (PRESERVED)
[7->0] [24.30587795080349] (LONGER)
[7->6] [21.66077736328011] (LONGER)
[8->0] [32.70307366276646] (LONGER)
[8->7] [32.52007219460582] (LONGER)
[9->0] [35.5879061741021] (PRESERVED)
[9->8] [26.35590754148098] (LONGER)
[10->0] [27.90048923490889] (LONGER)
[10->1] [30.08664303424398] (LONGER)
[10->2] [24.12162504374234] (LONGER)
[10->3] [29.7305246517627] (PRESERVED)
[10->4] [29.9686447007847] (PRESERVED)
[10->5] [35.65530145591345] (PRESERVED)
[10->6] [28.65766300733316] (LONGER)
[10->7] [29.81152581092401] (LONGER)
[10->8] [20.4567648512867] (LONGER)
[10->9] [23.98111458704148] (PRESERVED)
[11->0] [33.83782610415813] (PRESERVED)
[11->1] [32.62128586962217] (LONGER)
[11->2] [28.39879010408171] (LONGER)
[11->3] [35.45574891160206] (LONGER)
[11->4] [34.20891131220566] (LONGER)
[11->5] [30.28841039150973] (LONGER)
[11->6] [29.79090821226731] (LONGER)
[11->7] [33.50781466442832] (LONGER)
[11->8] [24.91294638683603] (LONGER)
[11->9] [30.64828690265724] (LONGER)
[11->10] [26.34378777887195] (PRESERVED)
[12->0] [33.92602140545644] (PRESERVED)
[12->1] [38.78243562791572] (LONGER)
[12->2] [35.09361559176333] (PRESERVED)
[12->3] [36.07962599761738] (LONGER)
[12->4] [28.98253046817272] (PRESERVED)
[12->5] [38.83078531018262] (LONGER)
[12->6] [38.17328615600861] (PRESERVED)
[12->7] [37.19912192700433] (PRESERVED)
[12->8] [33.520367119187] (LONGER)
[12->9] [35.90439777892093] (LONGER)
[12->11] [24.85277096274684] (LONGER)
[13->0] [23.90105012376228] (LONGER)
[13->1] [29.66870642713474] (LONGER)
[13->2] [33.49230081248933] (PRESERVED)
[13->3] [29.21970113143398] (LONGER)
[13->4] [35.2587784498642] (LONGER)
[13->5] [34.96285974032018] (PRESERVED)
[13->6] [35.70020434963696] (LONGER)
[13->7] [29.49586201381339] (LONGER)
[13->8] [29.05341138366967] (LONGER)
[13->9] [32.81640660334823] (LONGER)
[13->12] [29.81614653301618] (PRESERVED)
[14->0] [31.51177723101556] (PRESERVED)
[14->1] [34.53151855309419] (LONGER)
[14->2] [36.169493543558] (LONGER)
[14->3] [33.40798297624516] (LONGER)
[14->4] [26.72191565293128] (LONGER)
[14->5] [40.36500158783526] (LONGER)
[14->6] [30.38679903544711] (LONGER)
[14->7] [33.99188185264425] (LONGER)
[14->8] [25.42709163990812] (LONGER)
[14->9] [32.54678906744869] (LONGER)
[14->13] [20.71773781890651] (LONGER)
[15->0] [34.09773961348169] (LONGER)
[15->1] [29.87407459874834] (LONGER)
[15->2] [33.19612691240483] (PRESERVED)
[15->3] [30.73739313905008] (LONGER)
[15->4] [33.76646034622818] (LONGER)
[15->5] [22.89677415813032] (PRESERVED)
[15->6] [24.39532315843514] (LONGER)
[15->7] [34.53194973574148] (LONGER)
[15->8] [33.34821964000852] (PRESERVED)
[15->9] [29.24161900811199] (PRESERVED)
[15->14] [36.09353483501604] (PRESERVED)
[16->0] [24.11528030810446] (PRESERVED)
[16->1] [38.75817132622002] (LONGER)
[16->2] [36.01038151423567] (LONGER)
[16->3] [30.77568605698582] (PRESERVED)
[16->4] [31.4106424828339] (PRESERVED)
[16->5] [34.75813863637881] (LONGER)
[16->6] [34.21139854178543] (LONGER)
[16->7] [33.70091230013747] (LONGER)
[16->8] [37.88900235591497] (LONGER)
[16->9] [42.66960747805324] (PRESERVED)
[16->15] [28.06575359231983] (PRESERVED)
[17->0] [30.43423982130329] (LONGER)
[17->1] [39.60144124550553] (PRESERVED)
[17->2] [27.21812059363766] (LONGER)
[17->3] [38.41037045951919] (PRESERVED)
[17->4] [31.59327018705858] (LONGER)
[17->5] [41.06088560954953] (PRESERVED)
[17->6] [36.81597675478507] (LONGER)
[17->7] [27.63790090054905] (LONGER)
[17->8] [38.52485069113378] (PRESERVED)
[17->9] [35.3360643126714] (PRESERVED)
[17->16] [32.28916977871295] (LONGER)
[18->0] [26.74582822292639] (LONGER)
[18->1] [28.47828472176417] (LONGER)
[18->2] [35.61488729785509] (LONGER)
[18->3] [28.47585338215587] (PRESERVED)
[18->4] [38.77248436002936] (LONGER)
[18->5] [19.81302590567608] (LONGER)
[18->6] [37.38633319531215] (LONGER)
[18->7] [33.78743664393792] (LONGER)
[18->8] [40.09072029764587] (LONGER)
[18->9] [36.10708456975144] (PRESERVED)
[18->17] [38.42244186184957] (LONGER)
[19->0] [34.7787563650818] (LONGER)
[19->1] [29.49804359720856] (LONGER)
[19->2] [36.0206446315167] (PRESERVED)
[19->3] [34.78594530115276] (LONGER)
[19->4] [31.49446057717096] (PRESERVED)
[19->5] [34.7502105126626] (PRESERVED)
[19->6] [25.52371785610909] (PRESERVED)
[19->7] [26.35863427392283] (PRESERVED)
[19->8] [27.92372437307547] (PRESERVED)
[19->9] [23.33732188490785] (PRESERVED)
[19->18] [39.6528997559008] (PRESERVED)
[20->0] [27.91733570002222] (PRESERVED)
[20->1] [32.33812969585045] (LONGER)
[20->2] [28.52515121766422] (PRESERVED)
[20->3] [24.29214551388437] (LONGER)
[20->4] [41.4183161660461] (LONGER)
[20->5] [25.27993175763593] (PRESERVED)
[20->6] [30.47753326288325] (LONGER)
[20->7] [30.78542016273087] (LONGER)
[20->8] [32.31038860477211] (LONGER)
[20->9] [33.45942458206951] (LONGER)
[20->19] [41.76060528938391] (LONGER)
[21->0] [35.10319372305081] (PRESERVED)
[21->1] [41.7332759257033] (PRESERVED)
[21->2] [32.30033531841129] (LONGER)
[21->3] [30.5168237247501] (PRESERVED)
[21->4] [26.08341250220521] (PRESERVED)
[21->5] [37.32307123268627] (LONGER)
[21->6] [31.40090177321066] (PRESERVED)
[21->7] [37.99444271335676] (PRESERVED)
[21->8] [21.37184343030541] (PRESERVED)
[21->9] [37.71867135896361] (LONGER)
[21->20] [36.30223806310876] (PRESERVED)
[22->0] [20.89963232039332] (PRESERVED)
[22->1] [25.09001938627575] (PRESERVED)
[22->2] [22.31909567408687] (LONGER)
[22->3] [36.5702838026201] (PRESERVED)
[22->4] [25.61975125424552] (PRESERVED)
[22->5] [29.35687985240152] (PRESERVED)
[22->6] [33.2876534615516] (PRESERVED)
[22->7] [24.60292725460137] (PRESERVED)
[22->8] [35.87504870168377] (PRESERVED)
[22->9] [29.62981233387493] (LONGER)
[22->21] [36.03529967578891] (LONGER)
[23->0] [39.49475238676401] (PRESERVED)
[23->1] [29.72187222265742] (PRESERVED)
[23->2] [31.74875447899253] (PRESERVED)
[23->3] [36.15293016071519] (LONGER)
[23->4] [26.12324401429958] (PRESERVED)
[23->5] [26.58114816175269] (LONGER)
[23->6] [29.12865817707104] (PRESERVED)
[23->7] [39.19953217120182] (LONGER)
[23->8] [30.04004640160724] (PRESERVED)
[23->9] [24.93479975147833] (PRESERVED)
[23->22] [33.44573768580259] (PRESERVED)
[24->0] [33.00950549318625] (PRESERVED)
[24->1] [33.74319095506139] (PRESERVED)
[24->2] [31.33963547371245] (PRESERVED)
[24->3] [33.89480574031387] (LONGER)
[24->4] [36.79127997279782] (LONGER)
[24->5] [23.30898615369529] (PRESERVED)
[24->6] [33.06843461844858] (LONGER)
[24->7] [31.85086528117648] (LONGER)
[24->8] [42.08945865998763] (LONGER)
[24->9] [33.91678068298344] (LONGER)
[24->23] [29.54348910807321] (PRESERVED)
[25->0] [31.3705832088886] (PRESERVED)
[25->1] [35.2586145116156] (PRESERVED)
[25->2] [28.76177541556635] (LONGER)
[25->3] [39.30419187502788] (LONGER)
[25->4] [36.23660430400135] (PRESERVED)
[25->5] [36.65352955493763] (LONGER)
[25->6] [29.0700977024489] (LONGER)
[25->7] [26.07080344359482] (PRESERVED)
[25->8] [39.33711634500004] (PRESERVED)
[25->9] [31.38612301598963] (PRESERVED)
[25->24] [24.12093369916947] (LONGER)
[26->0] [34.61072591002578] (LONGER)
[26->1] [36.19722600444063] (LONGER)
[26->2] [24.10138348098871] (LONGER)
[26->3] [30.51445596754068] (PRESERVED)
[26->4] [35.07028994190523] (LONGER)
[26->5] [31.50457094334914] (LONGER)
[26->6] [27.35952637030988] (PRESERVED)
[26->7] [26.22193268665241] (PRESERVED)
[26->8] [32.42896481611838] (PRESERVED)
[26->9] [27.77148572032152] (PRESERVED)
[26->25] [31.733505396363] (PRESERVED)
[27->0] [25.08957936463543] (LONGER)
[27->1] [36.22848004168398] (PRESERVED)
[27->2] [27.14029741813455] (LONGER)
[27->3] [36.59934321420355] (PRESERVED)
[27->4] [26.98183114141987] (LONGER)
[27->5] [35.66240097484346] (LONGER)
[27->6] [29.60205413856142] (PRESERVED)
[27->7] [33.11937408625579] (PRESERVED)
[27->8] [30.50254332077967] (PRESERVED)
[27->9] [38.60099565066029] (PRESERVED)
[27->26] [36.71459623091323] (LONGER)
[28->0] [31.26809304280474] (LONGER)
[28->1] [43.67768369114906] (LONGER)
[28->2] [31.52187304416742] (LONGER)
[28->3] [36.19167575863437] (PRESERVED)
[28->4] [30.55777965806364] (PRESERVED)
[28->5] [39.01574274317179] (LONGER)
[28->6] [38.71100080259428] (LONGER)
[28->7] [35.04465897540321] (PRESERVED)
[28->8] [35.93361715168744] (LONGER)
[28->9] [43.25858687215332] (LONGER)
[28->27] [23.65796694567769] (LONGER)
[29->0] [38.39107420613954] (PRESERVED)
[29->1] [40.78093517712376] (LONGER)
[29->2] [31.76088965027456] (PRESERVED)
[29->3] [29.57927400511011] (LONGER)
[29->4] [34.85205761860381] (PRESERVED)
[29->5] [28.52565669798718] (PRESERVED)
[29->6] [40.86370600101728] (LONGER)
[29->7] [39.13943041478676] (LONGER)
[29->8] [37.75464713956764] (LONGER)
[29->9] [37.17521720600998] (LONGER)
[29->28] [24.32574163839326] (PRESERVED)
[30->0] [32.22749924486444] (PRESERVED)
[30->1] [23.58205223888881] (LONGER)
[30->2] [35.35370185711738] (LONGER)
[30->3] [26.45700956456158] (LONGER)
[30->4] [42.0500566276643] (PRESERVED)
[30->5] [22.50671182427439] (PRESERVED)
[30->6] [28.03474749602731] (LONGER)
[30->7] [27.66862737420286] (PRESERVED)
[30->8] [26.46888801080647] (PRESERVED)
[30->9] [25.08254535085058] (LONGER)
[30->29] [37.70932488677389] (PRESERVED)
[31->0] [34.72735848220437] (PRESERVED)
[31->1] [35.98237416481856] (PRESERVED)
[31->2] [39.83922831306202] (PRESERVED)
[31->3] [26.52928232527529] (LONGER)
[31->4] [35.03029469981235] (PRESERVED)
[31->5] [29.56550881924528] (PRESERVED)
[31->6] [37.66757352610762] (PRESERVED)
[31->7] [35.70446118829388] (PRESERVED)
[31->8] [33.78949550823957] (PRESERVED)
[31->9] [37.28354812467386] (PRESERVED)
[31->30] [31.83656251573143] (LONGER)
[32->0] [28.18520764360945] (LONGER)
[32->1] [30.91725557145119] (PRESERVED)
[32->2] [33.39091944005088] (PRESERVED)
[32->3] [28.29046139773433] (LONGER)
[32->4] [40.11651200228076] (LONGER)
[32->5] [26.77293458217842] (PRESERVED)
[32->6] [41.98540566241129] (LONGER)
[32->7] [30.40689586640998] (LONGER)
[32->8] [40.45444085396041] (PRESERVED)
[32->9] [33.43165578748886] (PRESERVED)
[32->31] [32.41874875532083] (LONGER)
[33->0] [31.02340445126827] (PRESERVED)
[33->1] [31.94503239709789] (PRESERVED)
[33->2] [38.40400089855316] (LONGER)
[33->3] [31.16220875432592] (LONGER)
[33->4] [30.93365441046376] (LONGER)
[33->5] [34.85341269873543] (LONGER)
[33->6] [27.60110697941298] (PRESERVED)
[33->7] [28.61706530503369] (PRESERVED)
[33->8] [35.04086017692771] (PRESERVED)
[33->9] [30.66320430056265] (LONGER)
[33->32] [35.76758243271296] (PRESERVED)
[34->0] [30.73187096608929] (LONGER)
[34->1] [32.71089295851086] (PRESERVED)
[34->2] [35.19312787769669] (LONGER)
[34->3] [36.08442523224265] (PRESERVED)
[34->4] [30.99587206584566] (LONGER)
[34->5] [29.6402873362265] (PRESERVED)
[34->6] [38.47305111890109] (LONGER)
[34->7] [32.99532297759777] (LONGER)
[34->8] [43.18836179468958] (LONGER)
[34->9] [36.15668208094122] (LONGER)
[34->33] [27.92018067516829] (PRESERVED)
[35->0] [27.072272912132] (LONGER)
[35->1] [26.05432168939359] (LONGER)
[35->2] [32.13883331042749] (PRESERVED)
[35->3] [41.83424798041803] (LONGER)
[35->4] [27.19042208641454] (LONGER)
[35->5] [36.94989231901498] (LONGER)
[35->6] [36.68624641423144] (LONGER)
[35->7] [27.38543298873332] (LONGER)
[35->8] [36.38633483193108] (LONGER)
[35->9] [30.79535568452341] (LONGER)
[35->34] [24.99804257999756] (LONGER)
[36->0] [36.84008298859717] (PRESERVED)
[36->1] [37.64891833870274] (PRESERVED)
[36->2] [40.65975650083089] (LONGER)
[36->3] [26.53144340571095] (LONGER)
[36->4] [35.91547899227191] (LONGER)
[36->5] [32.67756861778751] (LONGER)
[36->6] [30.77574393044633] (LONGER)
[36->7] [40.35763999938463] (PRESERVED)
[36->8] [29.36851762067367] (PRESERVED)
[36->9] [35.05458225856559] (LONGER)
[36->35] [43.17409722214184] (PRESERVED)
[37->0] [27.26394529459256] (PRESERVED)
[37->1] [33.91160355776053] (LONGER)
[37->2] [27.24581705746746] (PRESERVED)
[37->3] [33.13022603617728] (LONGER)
[37->4] [36.43771993461927] (LONGER)
[37->5] [24.87039030828386] (LONGER)
[37->6] [35.55834275057995] (LONGER)
[37->7] [33.31071829681851] (LONGER)
[37->8] [33.2601116268172] (LONGER)
[37->9] [39.26097264337183] (LONGER)
[37->36] [33.29494141178237] (LONGER)
[38->0] [34.19331190682781] (LONGER)
[38->1] [38.66641306528844] (PRESERVED)
[38->2] [32.45374225356233] (PRESERVED)
[38->3] [26.56202660349118] (LONGER)
[38->4] [39.77257634240366] (LONGER)
[38->5] [31.50744710389752] (LONGER)
[38->6] [27.90369578181224] (PRESERVED)
[38->7] [27.09738244265401] (LONGER)
[38->8] [28.49306097323305] (LONGER)
[38->9] [34.62561196513762] (LONGER)
[38->37] [33.54985657715166] (LONGER)
[39->0] [31.39529128976721] (LONGER)
[39->1] [31.83480433731162] (LONGER)
[39->2] [23.24467476799321] (PRESERVED)
[39->3] [29.86508498757922] (LONGER)
[39->4] [24.03507223499173] (PRESERVED)
[39->5] [29.46616351734529] (LONGER)
[39->6] [31.58723399850766] (LONGER)
[39->7] [34.97321107401093] (LONGER)
[39->8] [26.43771838633765] (PRESERVED)
[39->9] [28.33928321419734] (LONGER)
[39->38] [33.14601029185272] (PRESERVED)
[40->0] [29.74899162472153] (LONGER)
[40->1] [25.83809244268761] (LONGER)
[40->2] [23.57114550460848] (PRESERVED)
[40->3] [39.80789262952672] (PRESERVED)
[40->4] [32.57342212159131] (PRESERVED)
[40->5] [29.45868535972962] (PRESERVED)
[40->6] [32.26580426079082] (PRESERVED)
[40->7] [27.73398268205075] (LONGER)
[40->8] [34.96162325418556] (LONGER)
[40->9] [25.75842070285725] (PRESERVED)
[40->39] [33.07776571944933] (PRESERVED)
[41->0] [32.5068240518536] (PRESERVED)
[41->1] [25.30484551496655] (LONGER)
[41->2] [44.40810017644465] (PRESERVED)
[41->3] [29.90730653827905] (LONGER)
[41->4] [33.21777407308417] (LONGER)
[41->5] [30.15840093335546] (LONGER)
[41->6] [31.15652480487424] (LONGER)
[41->7] [34.85813673361798] (PRESERVED)
[41->8] [30.54681142660897] (PRESERVED)
[41->9] [30.16507887157319] (PRESERVED)
[41->40] [35.68761879285905] (LONGER)
[42->0] [24.28016635098403] (LONGER)
[42->1] [31.32436665443501] (LONGER)
[42->2] [40.51813410148642] (PRESERVED)
[42->3] [30.64914172413283] (LONGER)
[42->4] [38.68141769817766] (PRESERVED)
[42->5] [35.53534647241474] (LONGER)
[42->6] [34.46505021306244] (PRESERVED)
[42->7] [29.25555746401827] (LONGER)
[42->8] [36.96221884116284] (PRESERVED)
[42->9] [35.70967147212602] (PRESERVED)
[42->41] [23.20148820655846] (LONGER)
[43->0] [36.96020582088065] (LONGER)
[43->1] [32.96500042938366] (LONGER)
[43->2] [32.71666352749731] (PRESERVED)
[43->3] [33.7580551298805] (PRESERVED)
[43->4] [22.13046453450036] (PRESERVED)
[43->5] [33.37773094028731] (LONGER)
[43->6] [32.01862675535607] (PRESERVED)
[43->7] [37.89779040804654] (LONGER)
[43->8] [33.40843382597285] (LONGER)
[43->9] [25.3852892250562] (LONGER)
[43->42] [37.44551729288619] (LONGER)
[44->0] [38.5762575883961] (LONGER)
[44->1] [34.41257198846699] (LONGER)
[44->2] [37.54836761214832] (PRESERVED)
[44->3] [34.27811196722282] (PRESERVED)
[44->4] [28.95904519283535] (PRESERVED)
[44->5] [31.32203110164208] (LONGER)
[44->6] [36.25103955616665] (PRESERVED)
[44->7] [40.05184885883648] (PRESERVED)
[44->8] [33.05014367721747] (LONGER)
[44->9] [32.98266479952157] (LONGER)
[44->43] [25.86225743307485] (LONGER)
[45->0] [29.90735047082091] (PRESERVED)
[45->1] [34.54525826616452] (PRESERVED)
[45->2] [30.77311595577365] (LONGER)
[45->3] [38.77395051535515] (LONGER)
[45->4] [28.97217482979037] (PRESERVED)
[45->5] [39.80724188338028] (PRESERVED)
[45->6] [20.70299424295614] (PRESERVED)
[45->7] [24.66973403186723] (PRESERVED)
[45->8] [34.63659700997903] (LONGER)
[45->9] [30.64409280023775] (LONGER)
[45->44] [32.01821849126838] (LONGER)
[46->0] [35.58359558933159] (LONGER)
[46->1] [35.20673607420149] (PRESERVED)
[46->2] [26.34193835321447] (LONGER)
[46->3] [32.27547291142196] (LONGER)
[46->4] [37.35910816063723] (LONGER)
[46->5] [24.42731685422554] (LONGER)
[46->6] [36.2003040711809] (LONGER)
[46->7] [35.98186429652234] (PRESERVED)
[46->8] [37.87711600019956] (PRESERVED)
[46->9] [31.36973882950375] (PRESERVED)
[46->45] [36.85953830543782] (LONGER)
[47->0] [38.19043623953896] (LONGER)
[47->1] [35.49604596021909] (LONGER)
[47->2] [30.55978236870051] (LONGER)
[47->3] [40.85935069721855] (PRESERVED)
[47->4] [25.35975148336776] (PRESERVED)
[47->5] [37.56645655469525] (LONGER)
[47->6] [30.58400738096445] (PRESERVED)
[47->7] [30.77865445756989] (LONGER)
[47->8] [33.99823726266427] (LONGER)
[47->9] [26.79506482934067] (PRESERVED)
[47->46] [29.87150529511194] (LONGER)
[48->0] [22.33882582213826] (LONGER)
[48->1] [27.71498716349969] (PRESERVED)
[48->2] [32.53234213159802] (LONGER)
[48->3] [31.76566837682931] (PRESERVED)
[48->4] [28.70114422124146] (LONGER)
[48->5] [33.44373843004049] (LONGER)
[48->6] [32.48366961307701] (PRESERVED)
[48->7] [28.10287588444986] (LONGER)
[48->8] [35.37616515950323] (LONGER)
[48->9] [29.39578334899793] (PRESERVED)
[48->47] [27.08387182780945] (PRESERVED)
[49->0] [30.49980121438528] (PRESERVED)
[49->1] [35.23308111065689] (LONGER)
[49->2] [26.80604611867684] (PRESERVED)
[49->3] [35.53464124437259] (LONGER)
[49->4] [21.80013501339954] (PRESERVED)
[49->5] [30.66965362284246] (PRESERVED)
[49->6] [36.9520675671115] (LONGER)
[49->7] [39.12242898392573] (LONGER)
[49->8] [31.29063063135416] (PRESERVED)
[49->9] [37.25559460600518] (PRESERVED)
[49->48] [36.57209148307119] (LONGER)
[50->0] [35.17171101419917] (PRESERVED)
[50->1] [29.93213400642156] (PRESERVED)
[50->2] [37.29741799190913] (LONGER)
[50->3] [32.51969426262453] (LONGER)
[50->4] [39.64538475957396] (LONGER)
[50->5] [27.19072125062847] (LONGER)
[50->6] [35.04486394928329] (LONGER)
[50->7] [28.60853335104253] (LONGER)
[50->8] [35.22506164533596] (PRESERVED)
[50->9] [29.1189560543413] (PRESERVED)
[50->49] [40.82100767214487] (LONGER)
[51->0] [40.57342904253842] (LONGER)
[51->1] [36.21917593888658] (PRESERVED)
[51->2] [35.8598763692671] (LONGER)
[51->3] [33.80019410568876] (PRESERVED)
[51->4] [40.83109320978891] (LONGER)
[51->5] [34.32443875658009] (LONGER)
[51->6] [27.38574923073864] (PRESERVED)
[51->7] [29.66614650929277] (PRESERVED)
[51->8] [28.39056312183448] (PRESERVED)
[51->9] [28.02249246879461] (PRESERVED)
[51->50] [24.43278581215713] (LONGER)
[52->0] [34.74611170532973] (LONGER)
[52->1] [37.46225933698103] (LONGER)
[52->2] [38.64007775957069] (LONGER)
[52->3] [27.12199371830275] (LONGER)
[52->4] [35.19409949648161] (PRESERVED)
[52->5] [24.46608758631871] (LONGER)
[52->6] [37.63361122188827] (PRESERVED)
[52->7] [39.28448177272731] (PRESERVED)
[52->8] [31.71201881018338] (LONGER)
[52->9] [40.57009044517845] (LONGER)
[52->51] [30.40537775227885] (LONGER)
[53->0] [25.49111690616166] (PRESERVED)
[53->1] [22.23923857174724] (LONGER)
[53->2] [33.40906815838139] (PRESERVED)
[53->3] [31.78856750047499] (LONGER)
[53->4] [24.13395477576319] (PRESERVED)
[53->5] [30.8794327291955] (LONGER)
[53->6] [30.97624708430326] (PRESERVED)
[53->7] [31.02863513678792] (PRESERVED)
[53->8] [19.92257622612492] (PRESERVED)
[53->9] [28.80122047239511] (LONGER)
[53->52] [31.55359559645242] (LONGER)
[54->0] [36.39868911856146] (PRESERVED)
[54->1] [36.24881634091653] (LONGER)
[54->2] [37.15346062105775] (PRESERVED)
[54->3] [42.53917363442801] (LONGER)
[54->4] [35.40878822085796] (PRESERVED)
[54->5] [35.6373069450859] (PRESERVED)
[54->6] [32.69932304441424] (LONGER)
[54->7] [27.92806662930335] (LONGER)
[54->8] [42.10423079381471] (PRESERVED)
[54->9] [35.63871700691533] (LONGER)
[54->53] [39.7247474610722] (LONGER)
[55->0] [34.97486375303205] (PRESERVED)
[55->1] [33.51950011513025] (PRESERVED)
[55->2] [28.64316147694737] (LONGER)
[55->3] [34.4794931143929] (LONGER)
[55->4] [38.27726328653216] (LONGER)
[55->5] [29.19220681147808] (PRESERVED)
[55->6] [34.61009053648135] (LONGER)
[55->7] [28.97150888024084] (LONGER)
[55->8] [33.10110113550862] (PRESERVED)
[55->9] [31.85632618622139] (LONGER)
[55->54] [28.60707928116213] (LONGER)
[56->0] [20.96256935832699] (PRESERVED)
[56->1] [22.85798992183413] (PRESERVED)
[56->2] [35.61499069596697] (LONGER)
[56->3] [29.82862864345964] (PRESERVED)
[56->4] [29.62669600848942] (LONGER)
[56->5] [27.84122077496222] (PRESERVED)
[56->6] [28.42036102933234] (LONGER)
[56->7] [30.5485464448652] (PRESERVED)
[56->8] [28.83724465689154] (PRESERVED)
[56->9] [32.95037515929565] (PRESERVED)
[56->55] [34.16438919345251] (LONGER)
[57->0] [32.12115946165996] (PRESERVED)
[57->1] [39.2147505910726] (PRESERVED)
[57->2] [20.33036742234035] (LONGER)
[57->3] [38.43786602488659] (LONGER)
[57->4] [35.27009463281308] (LONGER)
[57->5] [40.3916248579613] (LONGER)
[57->6] [24.87880250680499] (LONGER)
[57->7] [26.44692592024303] (PRESERVED)
[57->8] [29.98398332173336] (PRESERVED)
[57->9] [32.73998485879921] (PRESERVED)
[57->56] [34.45480249207834] (PRESERVED)
[58->0] [28.06130656124049] (LONGER)
[58->1] [26.01228046266516] (LONGER)
[58->2] [42.82471080130571] (PRESERVED)
[58->3] [24.35651128081432] (PRESERVED)
[58->4] [31.54329881222285] (PRESERVED)
[58->5] [30.62704432595992] (LONGER)
[58->6] [37.48346790650185] (LONGER)
[58->7] [34.32438151046161] (LONGER)
[58->8] [28.52745838277927] (PRESERVED)
[58->9] [31.63315628205064] (LONGER)
[58->57] [42.3813855458873] (PRESERVED)
[59->0] [39.48019159672685] (PRESERVED)
[59->1] [38.45634766027421] (LONGER)
[59->2] [36.23848797687963] (LONGER)
[59->3] [32.91103579108724] (PRESERVED)
[59->4] [36.60184331810621] (LONGER)
[59->5] [36.16745900065519] (LONGER)
[59->6] [37.16603412462445] (LONGER)
[59->7] [36.79642095105235] (PRESERVED)
[59->8] [39.59793435180704] (LONGER)
[59->9] [30.83974558021913] (LONGER)
[59->58] [36.11685751162368] (PRESERVED)
[60->0] [28.14202348434427] (PRESERVED)
[60->1] [30.96647643100005] (LONGER)
[60->2] [32.80806939276752] (LONGER)
[60->3] [24.90621558739522] (PRESERVED)
[60->4] [28.88226876976208] (LONGER)
[60->5] [33.34923866399312] (LONGER)
[60->6] [31.1741613517051] (LONGER)
[60->7] [30.35027692072239] (LONGER)
[60->8] [27.50983564181631] (LONGER)
[60->9] [29.32662420491709] (LONGER)
[60->59] [28.62292598682117] (LONGER)
[61->0] [25.3040464319979] (LONGER)
[61->1] [35.30166616556314] (LONGER)
[61->2] [31.08093311411047] (LONGER)
[61->3] [30.01706554947539] (PRESERVED)
[61->4] [28.24795578901102] (PRESERVED)
[61->5] [35.18763160272633] (LONGER)
[61->6] [35.49411959193776] (LONGER)
[61->7] [37.52238283851919] (LONGER)
[61->8] [35.36773597765342] (LONGER)
[61->9] [35.85474904124477] (LONGER)
[61->60] [30.65382268726653] (LONGER)
[62->0] [33.86489729583055] (LONGER)
[62->1] [31.20408309332078] (LONGER)
[62->2] [32.86255985492653] (LONGER)
[62->3] [29.8376573986083] (PRESERVED)
[62->4] [29.75862522571561] (PRESERVED)
[62->5] [27.60679931225961] (PRESERVED)
[62->6] [22.84287071662935] (LONGER)
[62->7] [34.0640559257583] (PRESERVED)
[62->8] [23.2668361074835] (LONGER)
[62->9] [28.56002803127944] (PRESERVED)
[62->61] [34.20423239169978] (LONGER)
[63->0] [30.61130215185246] (LONGER)
[63->1] [43.3898981888922] (LONGER)
[63->2] [30.10427243476828] (PRESERVED)
[63->3] [23.88012772762006] (PRESERVED)
[63->4] [37.47613704430177] (PRESERVED)
[63->5] [34.94237116375541] (PRESERVED)
[63->6] [37.32515853624664] (LONGER)
[63->7] [37.11621241101323] (LONGER)
[63->8] [29.48314271785625] (LONGER)
[63->9] [41.43256047561219] (PRESERVED)
[63->62] [34.86255167966489] (LONGER)
[64->0] [37.64209204562353] (PRESERVED)
[64->1] [29.06920043533713] (PRESERVED)
[64->2] [28.43901255708737] (LONGER)
[64->3] [35.80927735196006] (PRESERVED)
[64->4] [29.99415547510091] (LONGER)
[64->5] [25.21433340854063] (LONGER)
[64->6] [35.90255693211894] (PRESERVED)
[64->7] [35.6306753678631] (LONGER)
[64->8] [27.81720557404132] (LONGER)
[64->9] [26.994576958838] (LONGER)
[64->63] [34.84623750927234] (PRESERVED)
[65->0] [26.99623840670919] (PRESERVED)
[65->1] [31.20111690544314] (PRESERVED)
[65->2] [29.35222088019063] (LONGER)
[65->3] [43.54167380148147] (LONGER)
[65->4] [22.54893407929513] (LONGER)
[65->5] [40.92149143906317] (LONGER)
[65->6] [30.79765208755151] (LONGER)
[65->7] [27.78705623446794] (PRESERVED)
[65->8] [31.48920162254442] (PRESERVED)
[65->9] [31.94040782635395] (LONGER)
[65->64] [33.22796742951654] (PRESERVED)
[66->0] [27.73930360514582] (LONGER)
[66->1] [27.71852525910301] (PRESERVED)
[66->2] [35.68539213443604] (LONGER)
[66->3] [39.38579990423592] (PRESERVED)
[66->4] [28.69720858230625] (LONGER)
[66->5] [30.09231218000531] (LONGER)
[66->6] [31.83590396089686] (LONGER)
[66->7] [28.60908719935212] (LONGER)
[66->8] [37.56174626813004] (PRESERVED)
[66->9] [33.95690838284573] (PRESERVED)
[66->65] [25.67701297130399] (PRESERVED)
[67->0] [32.9477458878505] (LONGER)
[67->1] [34.61250652717538] (PRESERVED)
[67->2] [24.03519172285577] (LONGER)
[67->3] [30.20226358895052] (PRESERVED)
[67->4] [36.19354978698925] (PRESERVED)
[67->5] [29.80269398058729] (LONGER)
[67->6] [21.09019275478432] (PRESERVED)
[67->7] [26.76287630471655] (PRESERVED)
[67->8] [23.17618703329749] (PRESERVED)
[67->9] [30.29811919044444] (PRESERVED)
[67->66] [37.50028394294508] (LONGER)
[68->0] [30.00560814343449] (LONGER)
[68->1] [33.43370287363] (LONGER)
[68->2] [34.22179468475429] (LONGER)
[68->3] [37.01613683246293] (LONGER)
[68->4] [35.93776944091562] (PRESERVED)
[68->5] [36.56308806924136] (LONGER)
[68->6] [27.98106398311782] (PRESERVED)
[68->7] [24.90649002159928] (PRESERVED)
[68->8] [26.12986016605513] (PRESERVED)
[68->9] [35.33552203709159] (PRESERVED)
[68->67] [26.2374491434749] (PRESERVED)
[69->0] [27.5168458213536] (PRESERVED)
[69->1] [28.31337288762309] (PRESERVED)
[69->2] [25.03254575388496] (LONGER)
[69->3] [35.10203345948646] (PRESERVED)
[69->4] [38.03023645686073] (PRESERVED)
[69->5] [23.99094045611638] (PRESERVED)
[69->6] [28.7979623373347] (PRESERVED)
[69->7] [19.56407252967436] (LONGER)
[69->8] [34.75072685130311] (LONGER)
[69->9] [31.47645380151422] (PRESERVED)
[69->68] [27.40596865186894] (PRESERVED)
[70->0] [33.9167249607074] (PRESERVED)
[70->1] [39.43697171330684] (PRESERVED)
[70->2] [36.79742475574275] (LONGER)
[70->3] [38.86310926635597] (LONGER)
[70->4] [31.52107799373905] (LONGER)
[70->5] [41.29886096643123] (LONGER)
[70->6] [26.58919746278661] (LONGER)
[70->7] [34.47739097783349] (LONGER)
[70->8] [29.64380246563644] (PRESERVED)
[70->9] [38.05909808717052] (PRESERVED)
[70->69] [39.38692523161593] (LONGER)
[71->0] [34.12425562202839] (LONGER)
[71->1] [29.50512491653957] (LONGER)
[71->2] [36.47936875633076] (PRESERVED)
[71->3] [38.63853446917006] (PRESERVED)
[71->4] [33.89191596093196] (PRESERVED)
[71->5] [30.53386465920617] (PRESERVED)
[71->6] [37.32075081417809] (PRESERVED)
[71->7] [34.45929908324136] (LONGER)
[71->8] [33.34842319543301] (LONGER)
[71->9] [33.26919652129744] (PRESERVED)
[71->70] [29.29655449316444] (LONGER)
[72->0] [35.04839660187443] (PRESERVED)
[72->1] [41.86079776125618] (PRESERVED)
[72->2] [31.99462033866241] (LONGER)
[72->3] [29.57041060447602] (LONGER)
[72->4] [30.45334422291847] (LONGER)
[72->5] [32.85442922707517] (PRESERVED)
[72->6] [34.88998598730805] (PRESERVED)
[72->7] [38.30534717994409] (LONGER)
[72->8] [35.41236537539694] (LONGER)
[72->9] [37.4814369053245] (PRESERVED)
[72->71] [37.57510333897249] (PRESERVED)
[73->0] [35.87532992333161] (LONGER)
[73->1] [29.39500155082773] (PRESERVED)
[73->2] [38.90328401761178] (PRESERVED)
[73->3] [27.67670114168832] (LONGER)
[73->4] [25.10661642821096] (PRESERVED)
[73->5] [25.5773370075363] (PRESERVED)
[73->6] [37.62673924989648] (PRESERVED)
[73->7] [42.21036922677223] (LONGER)
[73->8] [24.19464406266446] (LONGER)
[73->9] [31.21571662610203] (PRESERVED)
[73->72] [31.25653260932931] (LONGER)
[74->0] [26.69310502254957] (LONGER)
[74->1] [33.93350029912043] (LONGER)
[74->2] [36.25132121402653] (LONGER)
[74->3] [29.64005421717382] (PRESERVED)
[74->4] [30.66258703609719] (LONGER)
[74->5] [30.32738101797391] (LONGER)
[74->6] [45.25979937064474] (LONGER)
[74->7] [38.86735043421114] (LONGER)
[74->8] [35.38882812346578] (LONGER)
[74->9] [40.18142276627871] (LONGER)
[74->73] [24.374675943917] (PRESERVED)
[75->0] [36.71339317784336] (PRESERVED)
[75->1] [35.64837224410912] (PRESERVED)
[75->2] [30.0446125929516] (PRESERVED)
[75->3] [42.82016011897505] (LONGER)
[75->4] [24.35933810434314] (LONGER)
[75->5] [37.24844069876426] (PRESERVED)
[75->6] [27.51417034624367] (LONGER)
[75->7] [31.07980457068411] (PRESERVED)
[75->8] [27.7138082364504] (PRESERVED)
[75->9] [32.13660951197463] (LONGER)
[75->74] [34.78559241218984] (LONGER)
[76->0] [23.34234375971668] (PRESERVED)
[76->1] [29.53744427970126] (PRESERVED)
[76->2] [26.97886940534135] (LONGER)
[76->3] [27.42335492695258] (LONGER)
[76->4] [34.01335846924449] (LONGER)
[76->5] [29.58637067500975] (LONGER)
[76->6] [30.65710218433793] (LONGER)
[76->7] [29.57492961798478] (LONGER)
[76->8] [28.26783556433766] (PRESERVED)
[76->9] [29.89964906196003] (PRESERVED)
[76->75] [36.21143392658136] (PRESERVED)
[77->0] [29.80541920920356] (LONGER)
[77->1] [29.91874108108316] (PRESERVED)
[77->2] [35.7140387695611] (PRESERVED)
[77->3] [36.89638261857807] (PRESERVED)
[77->4] [29.28653417086892] (LONGER)
[77->5] [29.7450297054092] (LONGER)
[77->6] [26.22784214750716] (PRESERVED)
[77->7] [29.24991837340999] (LONGER)
[77->8] [31.63248012484087] (LONGER)
[77->9] [35.06978805906284] (PRESERVED)
[77->76] [37.14365548477821] (PRESERVED)
[78->0] [31.67973403270818] (LONGER)
[78->1] [33.91943981265987] (LONGER)
[78->2] [30.66653117902287] (LONGER)
[78->3] [33.236646031758] (PRESERVED)
[78->4] [26.9032342192417] (PRESERVED)
[78->5] [32.47676634477541] (PRESERVED)
[78->6] [35.68770964498638] (LONGER)
[78->7] [31.12713499055568] (LONGER)
[78->8] [28.95229946384807] (LONGER)
[78->9] [33.05550520307948] (PRESERVED)
[78->77] [30.83635383805346] (LONGER)
[79->0] [25.07154405482398] (LONGER)
[79->1] [38.54122895388814] (LONGER)
[79->2] [36.80730349640805] (PRESERVED)
[79->3] [27.27624654508327] (LONGER)
[79->4] [38.55353252141281] (PRESERVED)
[79->5] [38.63800667828576] (PRESERVED)
[79->6] [35.58358634244968] (LONGER)
[79->7] [26.65038362433671] (LONGER)
[79->8] [33.6917864463924] (LONGER)
[79->9] [39.45424519111682] (LONGER)
[79->78] [29.07291547893598] (LONGER)
[80->0] [30.02090700060167] (PRESERVED)
[80->1] [36.45217641940213] (PRESERVED)
[80->2] [39.94851858489596] (LONGER)
[80->3] [27.25547906346469] (PRESERVED)
[80->4] [33.47326375402762] (LONGER)
[80->5] [28.86788726596413] (PRESERVED)
[80->6] [41.64739819617293] (LONGER)
[80->7] [36.26651464764001] (LONGER)
[80->8] [38.62018023864311] (LONGER)
[80->9] [40.18746416937407] (PRESERVED)
[80->79] [24.79330236316476] (LONGER)
[81->0] [38.96702360317406] (PRESERVED)
[81->1] [38.43347687974723] (PRESERVED)
[81->2] [38.31894532511561] (LONGER)
[81->3] [34.79536372091723] (LONGER)
[81->4] [29.88493713280607] (PRESERVED)
[81->5] [39.15830196286465] (LONGER)
[81->6] [27.43299291833346] (PRESERVED)
[81->7] [32.2092437637829] (PRESERVED)
[81->8] [28.34241721969056] (PRESERVED)
[81->9] [31.4807814626294] (PRESERVED)
[81->80] [30.88750589328487] (LONGER)
[82->0] [42.44392607788896] (LONGER)
[82->1] [32.828984512034] (PRESERVED)
[82->2] [37.50312669289094] (PRESERVED)
[82->3] [36.29927996373511] (LONGER)
[82->4] [36.84778919519006] (LONGER)
[82->5] [28.40910091274198] (PRESERVED)
[82->6] [26.47973430799259] (PRESERVED)
[82->7] [32.21312702404986] (LONGER)
[82->8] [34.78065570957958] (LONGER)
[82->9] [26.33546129480463] (PRESERVED)
[82->81] [22.35604075654505] (LONGER)
[83->0] [34.41626870411064] (PRESERVED)
[83->1] [31.55192863112276] (LONGER)
[83->2] [37.80840413106623] (LONGER)
[83->3] [27.75652784227193] (LONGER)
[83->4] [26.95188953246913] (PRESERVED)
[83->5] [31.58527459178366] (PRESERVED)
[83->6] [38.44490431955022] (PRESERVED)
[83->7] [41.83842477022002] (PRESERVED)
[83->8] [30.18627874117138] (LONGER)
[83->9] [29.59952025557393] (LONGER)
[83->82] [37.73864899163413] (LONGER)
[84->0] [38.240992960181] (LONGER)
[84->1] [22.77391996411967] (LONGER)
[84->2] [39.3864589614692] (LONGER)
[84->3] [37.93420584018217] (PRESERVED)
[84->4] [30.71988092177425] (PRESERVED)
[84->5] [30.27354802487395] (PRESERVED)
[84->6] [34.96208252718779] (PRESERVED)
[84->7] [34.22782305022807] (LONGER)
[84->8] [34.92297135345297] (LONGER)
[84->9] [21.44894896539321] (PRESERVED)
[84->83] [26.96349214266984] (PRESERVED)
[85->0] [24.25656099880914] (PRESERVED)
[85->1] [36.36023584289483] (PRESERVED)
[85->2] [31.43813494204956] (LONGER)
[85->3] [27.02508905231143] (LONGER)
[85->4] [27.51528339764779] (LONGER)
[85->5] [38.33248886444296] (PRESERVED)
[85->6] [27.10637170988444] (LONGER)
[85->7] [32.06046987283234] (LONGER)
[85->8] [21.49215095630859] (LONGER)
[85->9] [34.90564105846249] (PRESERVED)
[85->84] [41.3929000340674] (PRESERVED)
[86->0] [36.03894936351421] (LONGER)
[86->1] [29.04575462204604] (LONGER)
[86->2] [27.97592477087494] (PRESERVED)
[86->3] [42.86406456384568] (LONGER)
[86->4] [25.50689250953574] (PRESERVED)
[86->5] [35.00772766500555] (LONGER)
[86->6] [22.32765515836454] (PRESERVED)
[86->7] [30.58493744789353] (PRESERVED)
[86->8] [30.54506920621812] (PRESERVED)
[86->9] [22.85698589374656] (PRESERVED)
[86->85] [33.4374272727438] (PRESERVED)
[87->0] [33.0797861512082] (LONGER)
[87->1] [26.1870291782571] (LONGER)
[87->2] [40.81833627292412] (LONGER)
[87->3] [33.80496518115859] (LONGER)
[87->4] [21.85556118938859] (PRESERVED)
[87->5] [27.3394674105934] (LONGER)
[87->6] [35.28587231822912] (LONGER)
[87->7] [36.78418747681678] (LONGER)
[87->8] [34.02992608580507] (LONGER)
[87->9] [31.38357883922763] (LONGER)
[87->86] [32.99606248242336] (LONGER)
[88->0] [38.05634881525307] (LONGER)
[88->1] [37.29479303250761] (PRESERVED)
[88->2] [38.5426482377455] (LONGER)
[88->3] [28.98807114204761] (PRESERVED)
[88->4] [35.24732607593377] (PRESERVED)
[88->5] [34.22463368896288] (LONGER)
[88->6] [28.68763784897042] (PRESERVED)
[88->7] [35.47435657844275] (PRESERVED)
[88->8] [32.10505337766499] (PRESERVED)
[88->9] [29.88336847089661] (PRESERVED)
[88->87] [31.35494337268839] (PRESERVED)
[89->0] [31.15744082947468] (LONGER)
[89->1] [31.94799686162964] (LONGER)
[89->2] [42.57742269031354] (LONGER)
[89->3] [35.2696567100413] (PRESERVED)
[89->4] [22.06231478868277] (PRESERVED)
[89->5] [38.72423409597023] (LONGER)
[89->6] [36.13092766448271] (PRESERVED)
[89->7] [35.95652768793134] (PRESERVED)
[89->8] [35.1590305971813] (LONGER)
[89->9] [33.74810924352158] (LONGER)
[89->88] [30.72230814184962] (PRESERVED)
[90->0] [27.09624008058832] (LONGER)
[90->1] [25.86672370378638] (LONGER)
[90->2] [33.82999597753683] (PRESERVED)
[90->3] [34.82471351483085] (LONGER)
[90->4] [32.92151815542812] (PRESERVED)
[90->5] [33.37096007473696] (PRESERVED)
[90->6] [29.7387137231933] (LONGER)
[90->7] [24.78110471890411] (LONGER)
[90->8] [37.98303184860872] (LONGER)
[90->9] [27.60798608044831] (LONGER)
[90->89] [25.97165673832117] (LONGER)
[91->0] [32.79786502665236] (LONGER)
[91->1] [31.89571100930553] (LONGER)
[91->2] [35.90918162473208] (PRESERVED)
[91->3] [21.33627725227161] (LONGER)
[91->4] [38.57391602348127] (PRESERVED)
[91->5] [30.13370507853027] (PRESERVED)
[91->6] [28.59454976172972] (PRESERVED)
[91->7] [34.08940840875363] (PRESERVED)
[91->8] [31.23415331615002] (PRESERVED)
[91->9] [27.58152844252031] (PRESERVED)
[91->90] [24.79895641200534] (LONGER)
[92->0] [33.57780367072377] (LONGER)
[92->1] [38.22115223695688] (PRESERVED)
[92->2] [34.88802525535704] (LONGER)
[92->3] [31.43427592308509] (PRESERVED)
[92->4] [42.26390877393742] (PRESERVED)
[92->5] [32.50620141082072] (PRESERVED)
[92->6] [31.62203643515632] (PRESERVED)
[92->7] [30.40798304562143] (LONGER)
[92->8] [36.9475143618852] (LONGER)
[92->9] [36.33884124786465] (PRESERVED)
[92->91] [26.83417859781134] (LONGER)
[93->0] [28.44667194163264] (PRESERVED)
[93->1] [34.98436334916651] (PRESERVED)
[93->2] [27.85127365017495] (LONGER)
[93->3] [32.28982032201696] (LONGER)
[93->4] [24.07366617949074] (PRESERVED)
[93->5] [28.67933228851967] (LONGER)
[93->6] [31.67418602710458] (LONGER)
[93->7] [36.1867708645762] (LONGER)
[93->8] [33.53667543305144] (LONGER)
[93->9] [36.34956318904548] (LONGER)
[93->92] [38.1769721690132] (LONGER)
[94->0] [31.97181234796481] (PRESERVED)
[94->1] [32.79073224462791] (PRESERVED)
[94->2] [35.84612054603928] (LONGER)
[94->3] [30.92720896805067] (PRESERVED)
[94->4] [33.57738350874467] (LONGER)
[94->5] [39.92290174843931] (PRESERVED)
[94->6] [27.3851431125502] (LONGER)
[94->7] [25.65223496193434] (LONGER)
[94->8] [24.9882567144666] (LONGER)
[94->9] [26.00700159411856] (PRESERVED)
[94->93] [40.63632386569001] (LONGER)
[95->0] [41.0515129853927] (LONGER)
[95->1] [37.70834367305472] (LONGER)
[95->2] [41.96261369435514] (LONGER)
[95->3] [35.79420814552775] (LONGER)
[95->4] [30.50146498534534] (LONGER)
[95->5] [31.97866422578388] (LONGER)
[95->6] [37.54890164756767] (PRESERVED)
[95->7] [41.4778177898502] (PRESERVED)
[95->8] [35.10529462000282] (LONGER)
[95->9] [36.03485659032599] (LONGER)
[95->94] [33.94723817130567] (PRESERVED)
[96->0] [30.59273618667442] (PRESERVED)
[96->1] [26.61653549720076] (PRESERVED)
[96->2] [27.90610343297726] (PRESERVED)
[96->3] [19.95198835408703] (LONGER)
[96->4] [34.0506126335084] (LONGER)
[96->5] [20.8738254409685] (LONGER)
[96->6] [30.81633592060182] (PRESERVED)
[96->7] [32.33889179631822] (PRESERVED)
[96->8] [27.23748007637671] (PRESERVED)
[96->9] [23.10820965031326] (PRESERVED)
[96->95] [38.3998700066106] (LONGER)
[97->0] [28.15405194886063] (LONGER)
[97->1] [40.52430727967844] (LONGER)
[97->2] [28.44346128208387] (LONGER)
[97->3] [32.43082044569826] (LONGER)
[97->4] [40.38389011153179] (PRESERVED)
[97->5] [35.05047862027264] (PRESERVED)
[97->6] [29.73625524000476] (LONGER)
[97->7] [25.13974586372017] (PRESERVED)
[97->8] [33.18039216633303] (PRESERVED)
[97->9] [39.42072042329546] (PRESERVED)
[97->96] [35.4250216506667] (PRESERVED)
[98->0] [39.52250917495223] (LONGER)
[98->1] [37.48582446273024] (PRESERVED)
[98->2] [28.2936625056288] (LONGER)
[98->3] [31.19344171957523] (PRESERVED)
[98->4] [34.93857942814649] (PRESERVED)
[98->5] [31.67787641404577] (PRESERVED)
[98->6] [31.50371468979313] (LONGER)
[98->7] [34.29246327973243] (LONGER)
[98->8] [27.9922910830305] (PRESERVED)
[98->9] [27.20143212756823] (PRESERVED)
[98->97] [30.06691435135897] (PRESERVED)
[99->0] [35.95840011164088] (LONGER)
[99->1] [32.80139352750221] (LONGER)
[99->2] [32.38862192720386] (LONGER)
[99->3] [29.20169084857893] (PRESERVED)
[99->4] [31.97330817519774] (PRESERVED)
[99->5] [33.72274862127161] (PRESERVED)
[99->6] [36.64257499730315] (PRESERVED)
[99->7] [33.49210044724106] (PRESERVED)
[99->8] [28.00889496254332] (PRESERVED)
[99->9] [25.76329406717378] (LONGER)
[99->98] [20.88945169134589] (PRESERVED)

Long edges	548 of 1006 [54.47%]
Short edges	0 of 1006 [0.00%]
Preserved edges	458 of 1006 [45.53%]

Polyhedra	90

CA	163028
RMS Absolute	4.03767
CR	244.332
RMS Relative	0.157099

Projection Mode	Minimum Distance

Optimization Runtime	-4.746913015842438

Lambda, uppercase () lowercase ()	0.01

Using Minimum Distance?	YES
Using Minimum Perimeter?	NO
Using Minimum Area?	NO

Iterations	10
Sammon's stress	0.024655
