Using	PP Digraph

Executed in	2.73853 seconds

Intrinsic Dimensionality	5

Reordered	YES

Number of nodes	100
Number of edges	576

Is PP Digraph directed?	YES
Is PP Digraph connected??	NO

Nodes:
0 [#0] at {3.8159, 1.7529, 3.5010, 3.0566, -7.3555}
89 [#1] at {27.2088, 6.1521, 10.6015, 20.1198, -11.0663}
98 [#2] at {11.9605, -7.5060, -1.1555, 12.0156, -13.7147}
27 [#3] at {24.8995, 0.3730, 0.0677, 8.2900, -6.7712}
39 [#4] at {3.6565, -4.7733, 11.1138, 7.4457, -35.3168}
21 [#5] at {30.2267, 15.3151, -4.0753, 15.4463, -20.6718}
80 [#6] at {21.3921, 5.4144, -5.1067, 17.9057, -33.7695}, [FLIPPED]
78 [#7] at {7.7150, 9.5047, 9.2029, 14.8842, -42.6217}, [FLIPPED]
67 [#8] at {34.2996, 8.7594, 17.1326, 9.6665, -22.0498}, [FLIPPED]
60 [#9] at {12.0914, 24.4307, -3.2284, -1.1230, -10.5953}, [FLIPPED]
26 [#10] at {3.9459, 25.4066, 2.2717, 0.0838, -32.0020}, [FLIPPED]
81 [#11] at {9.8833, 26.1694, -5.3929, -6.1867, -23.3372}, [FLIPPED]
41 [#12] at {0.3295, 21.1693, 10.9486, -7.6254, -24.4138}, [FLIPPED]
44 [#13] at {25.0383, 4.2185, 13.8244, 18.5343, -32.8015}, [FLIPPED]
43 [#14] at {25.6967, 8.8900, 24.1416, -2.8131, -27.4314}, [FLIPPED]
72 [#15] at {11.3548, 12.0171, -2.5206, 24.4530, -24.6187}, [FLIPPED]
73 [#16] at {18.7006, 14.6537, 19.8455, -10.0846, -14.0634}, [FLIPPED]
63 [#17] at {3.9077, 24.0449, 22.2082, 7.3402, -29.3398}, [FLIPPED]
52 [#18] at {19.7952, 8.9606, 23.7601, 4.3014, -10.2396}, [FLIPPED]
55 [#19] at {10.4288, 13.1554, 18.3277, 6.1172, -41.5448}, [FLIPPED]
92 [#20] at {20.4257, -7.1432, 17.5901, -2.3200, -29.8924}, [FLIPPED]
70 [#21] at {4.8460, 2.4765, 18.4866, 17.1250, -19.2659}, [FLIPPED]
10 [#22] at {4.3380, -4.6263, 0.7408, -5.0581, -24.7040}, [FLIPPED]
93 [#23] at {1.2921, 6.3713, -4.7117, 9.6178, -11.9851}, [FLIPPED]
85 [#24] at {17.0912, 10.4876, -12.4287, 11.0489, -15.1770}, [FLIPPED]
13 [#25] at {3.5086, 18.8897, 19.2482, 12.4296, -15.1723}, [FLIPPED]
94 [#26] at {14.0885, 18.6370, -5.0157, 4.1520, -7.7794}, [FLIPPED]
42 [#27] at {0.1305, -0.5740, 15.5122, 6.4793, -27.3339}, [FLIPPED]
49 [#28] at {6.5839, 10.0495, 11.0043, 24.2296, -20.0646}, [FLIPPED]
25 [#29] at {15.5813, -1.7929, 17.9554, 20.6590, -26.0785}, [FLIPPED]
22 [#30] at {11.9184, 6.5045, -6.3244, -5.2792, -38.2742}, [FLIPPED]
45 [#31] at {0.3805, -4.7201, 8.6701, 6.3689, -18.7616}, [FLIPPED]
28 [#32] at {16.5540, 9.3090, 30.0828, 12.2864, -25.4125}, [FLIPPED]
34 [#33] at {19.2446, 23.0125, -6.5568, 18.4899, -23.5555}, [FLIPPED]
90 [#34] at {32.2989, 2.8884, -2.6131, 0.6861, -22.4928}, [FLIPPED]
1 [#35] at {17.3943, -9.1200, 2.6833, 14.6156, -31.1765}, [FLIPPED]
96 [#36] at {13.5296, 14.8803, 23.7282, -10.2070, -28.4279}, [FLIPPED]
91 [#37] at {3.4851, 9.0290, 11.5340, -14.0066, -21.3805}, [FLIPPED]
56 [#38] at {19.8607, 2.4686, -12.4253, 10.4623, -22.2510}, [FLIPPED]
16 [#39] at {29.6107, 15.0863, 19.7028, -0.2775, -18.2759}, [FLIPPED]
61 [#40] at {10.8910, -6.1205, 12.2774, -5.8263, -16.6066}, [FLIPPED]
38 [#41] at {26.7926, 23.4817, -0.4527, 2.3180, -12.5687}, [FLIPPED]
77 [#42] at {33.9460, 16.9217, 12.7775, 6.7020, -34.9040}, [FLIPPED]
14 [#43] at {13.1562, 18.8114, 26.4088, 2.7860, -27.1839}, [FLIPPED]
12 [#44] at {-2.8419, 9.3030, 1.4881, -2.9462, -16.0547}, [FLIPPED]
7 [#45] at {20.8806, -3.7501, -3.2025, 1.5698, -33.7678}, [FLIPPED]
57 [#46] at {21.0309, 23.7783, 20.8161, 16.1668, -23.8597}, [FLIPPED]
6 [#47] at {21.3767, 9.6672, 7.6309, 1.9236, -44.4632}, [FLIPPED]
18 [#48] at {5.0723, 23.0878, -3.6058, 13.9809, -28.8709}, [FLIPPED]
86 [#49] at {30.6701, 22.3196, 9.2838, 13.2116, -18.5312}, [FLIPPED]
65 [#50] at {13.5333, 16.2183, 0.8498, 9.6700, -44.3637}, [FLIPPED]
75 [#51] at {8.8562, 3.0040, 8.2547, -7.3747, -39.5150}, [FLIPPED]
31 [#52] at {15.7641, 29.1771, 16.9362, -1.8279, -21.0640}, [FLIPPED]
99 [#53] at {11.6395, 0.4649, -0.5858, -12.4049, -16.7857}, [FLIPPED]
29 [#54] at {30.7997, 9.5944, -4.0990, 3.0213, -36.2134}, [FLIPPED]
83 [#55] at {24.4958, 2.5859, 2.9298, -10.5595, -31.8198}, [FLIPPED]
84 [#56] at {18.1037, 3.8232, 21.4747, 2.9023, -38.1858}, [FLIPPED]
71 [#57] at {-0.1829, 24.4655, 3.8331, 11.6333, -15.3710}, [FLIPPED]
95 [#58] at {20.7947, -9.2624, 13.8088, 1.9441, -20.3763}, [FLIPPED]
11 [#59] at {9.9288, 19.7389, 12.5495, 13.2784, -3.7504}, [FLIPPED]
47 [#60] at {21.6022, 8.7470, -7.5963, -9.3346, -19.6865}, [FLIPPED]
48 [#61] at {9.5497, 1.9384, 23.1265, -6.1540, -15.2147}, [FLIPPED]
76 [#62] at {10.1609, 30.2244, 10.7227, 10.4869, -31.4563}, [FLIPPED]
88 [#63] at {17.3872, 10.0097, 5.9305, -17.7372, -22.8259}, [FLIPPED]
30 [#64] at {15.9073, 13.8227, 5.5712, -5.2000, -2.4811}, [FLIPPED]
58 [#65] at {19.5755, 28.7926, 3.7456, 0.7453, -35.9310}, [FLIPPED]
15 [#66] at {7.6445, 4.9881, -10.4164, -1.5296, -34.0071}, [FLIPPED]
69 [#67] at {17.1442, 6.3465, 0.6625, 18.7790, -9.1040}, [FLIPPED]
19 [#68] at {-4.0386, 19.7695, 5.8171, 7.8485, -31.8468}, [FLIPPED]
62 [#69] at {28.7851, 1.3389, 9.9094, -10.6447, -21.5093}, [FLIPPED]
23 [#70] at {8.1419, 24.5111, 11.9033, -10.4663, -14.9773}, [FLIPPED]
53 [#71] at {24.3364, -1.7985, 17.2734, 5.1626, -36.3039}, [FLIPPED]
50 [#72] at {10.5199, 20.9788, 10.8332, 18.9809, -33.2871}, [FLIPPED]
33 [#73] at {29.6377, 25.1723, 10.4506, -2.6162, -23.6019}, [FLIPPED]
68 [#74] at {18.4110, -0.1080, 3.0404, -3.7136, -5.7343}, [FLIPPED]
54 [#75] at {14.6413, 17.2231, -13.6369, 3.5730, -27.2389}, [FLIPPED]
51 [#76] at {17.6006, 28.7882, -4.4227, 11.9142, -25.0471}, [FLIPPED]
79 [#77] at {32.7857, 7.4100, 8.1094, 5.8964, -12.4045}, [FLIPPED]
97 [#78] at {4.4573, 5.4307, 13.4672, 7.8175, -6.0406}, [FLIPPED]
40 [#79] at {25.6194, 23.7716, 9.7571, 11.1624, -37.7241}, [FLIPPED]
46 [#80] at {6.6055, 14.3727, -8.1490, -8.3947, -21.2639}, [FLIPPED]
20 [#81] at {9.3457, 26.7194, 9.4615, 3.6179, -11.9876}, [FLIPPED]
24 [#82] at {29.9350, 10.5640, 1.1040, 16.2883, -35.6633}, [FLIPPED]
5 [#83] at {-2.4050, 11.7650, 16.0841, -1.2812, -32.4810}, [FLIPPED]
9 [#84] at {23.1883, 18.4785, 1.7222, -10.0373, -36.6932}, [FLIPPED]
66 [#85] at {7.5216, 6.8240, 0.4477, 19.3850, -34.1930}, [FLIPPED]
37 [#86] at {31.1584, 13.5710, 8.9583, -9.6891, -24.5915}, [FLIPPED]
87 [#87] at {30.7483, 12.7239, -5.6147, -2.7101, -16.1907}, [FLIPPED]
4 [#88] at {2.6415, -1.0270, -5.5133, 11.6533, -30.6547}, [FLIPPED]
35 [#89] at {10.8439, 8.3913, 14.9106, -4.9485, -6.7287}, [FLIPPED]
8 [#90] at {19.7842, 15.7864, 10.8297, 25.0518, -18.2804}, [FLIPPED]
64 [#91] at {-0.5299, 8.7093, -9.7524, 4.0675, -27.6409}, [FLIPPED]
82 [#92] at {9.4688, 11.5539, 16.8428, -8.6145, -35.1056}, [FLIPPED]
17 [#93] at {21.7220, 26.6947, 1.3187, -9.5063, -22.3018}, [FLIPPED]
74 [#94] at {24.3429, -7.3882, 4.8901, 5.3594, -19.6991}, [FLIPPED]
3 [#95] at {-2.3753, 8.2143, 17.8946, 12.5237, -24.2463}, [FLIPPED]
2 [#96] at {21.4449, 22.7941, 15.8172, 8.4572, -8.8536}, [FLIPPED]
32 [#97] at {-3.9314, 13.4901, 0.3781, 13.8916, -18.2016}, [FLIPPED]
36 [#98] at {17.7860, 3.9562, 17.9974, 13.6307, -12.7577}, [FLIPPED]
59 [#99] at {3.0528, 15.5299, 0.4817, -7.5250, -34.7838}, [FLIPPED]

Flips	94 out of 100 [94.00%]

Edges:
[1->0] [30.36316725143586] (PRESERVED)
[2->0] [17.15948208613644] (LONGER)
[2->1] [25.09921621595819] (PRESERVED)
[3->0] [22.04411179107868] (LONGER)
[3->2] [17.11970092848725] (LONGER)
[4->0] [30.02778053950618] (LONGER)
[4->3] [37.62084120552916] (LONGER)
[5->0] [35.63275955572001] (LONGER)
[5->1] [20.55688542524736] (PRESERVED)
[5->2] [30.38336318588664] (PRESERVED)
[5->3] [22.65493430657056] (LONGER)
[5->4] [40.23321818022905] (LONGER)
[6->0] [36.25768500103488] (PRESERVED)
[6->1] [28.31011780375267] (LONGER)
[6->2] [26.6156041155818] (PRESERVED)
[6->3] [29.76340252151236] (PRESERVED)
[6->4] [28.16468238510575] (LONGER)
[6->5] [18.83447624813735] (LONGER)
[7->0] [38.6186674991335] (PRESERVED)
[7->1] [37.63451176216154] (LONGER)
[7->2] [35.47572856952749] (PRESERVED)
[7->3] [42.3188701078608] (PRESERVED)
[7->4] [18.23945979203944] (LONGER)
[7->6] [22.27214923228804] (LONGER)
[8->0] [37.73307778218334] (PRESERVED)
[8->1] [18.15604458935563] (LONGER)
[8->2] [34.24974985068762] (LONGER)
[8->3] [26.17697922576657] (LONGER)
[8->4] [36.59651965427268] (PRESERVED)
[8->7] [34.93716811634601] (PRESERVED)
[9->0] [25.61286810561426] (PRESERVED)
[9->1] [34.71871056950812] (PRESERVED)
[9->2] [34.73639598561133] (PRESERVED)
[9->3] [29.27303606989657] (PRESERVED)
[9->4] [42.59451718044547] (PRESERVED)
[9->8] [37.42967038284273] (PRESERVED)
[10->0] [34.31206216785027] (LONGER)
[10->1] [42.67353555095163] (LONGER)
[10->2] [40.44766162612721] (PRESERVED)
[10->3] [42.1251520334954] (LONGER)
[10->4] [32.46967179836868] (LONGER)
[10->9] [23.60630667156096] (PRESERVED)
[11->0] [32.44902939496373] (LONGER)
[11->1] [42.4181492908184] (PRESERVED)
[11->2] [39.75198996121662] (LONGER)
[11->3] [37.48024554317837] (LONGER)
[11->4] [39.97561122041521] (PRESERVED)
[11->10] [14.45610021932442] (PRESERVED)
[12->0] [29.14985216487988] (LONGER)
[12->1] [43.54411604324437] (PRESERVED)
[12->2] [40.05378116859604] (PRESERVED)
[12->3] [41.46240939361813] (LONGER)
[12->4] [32.09562436655343] (LONGER)
[12->11] [19.66088683349638] (LONGER)
[13->0] [38.08020391115495] (LONGER)
[13->1] [22.22084518944109] (PRESERVED)
[13->2] [30.65433803225086] (LONGER)
[13->3] [31.40977517300809] (LONGER)
[13->4] [25.97434351202392] (PRESERVED)
[13->12] [40.75306203899336] (LONGER)
[14->0] [37.32612288843289] (PRESERVED)
[14->1] [31.41414472034984] (PRESERVED)
[14->2] [38.80066946253812] (LONGER)
[14->3] [34.68211840286888] (LONGER)
[14->4] [31.77422178639047] (PRESERVED)
[14->13] [24.76391579551469] (LONGER)
[15->0] [30.8912883532696] (LONGER)
[15->1] [25.69787668547031] (LONGER)
[15->2] [25.63133739820443] (PRESERVED)
[15->3] [30.09182555327014] (PRESERVED)
[15->4] [30.50860323956357] (LONGER)
[15->14] [40.95967520155847] (PRESERVED)
[16->0] [29.54344249087023] (PRESERVED)
[16->1] [33.93233939285471] (PRESERVED)
[16->2] [38.28915199976678] (LONGER)
[16->3] [32.005083399497] (PRESERVED)
[16->4] [37.93403715595557] (PRESERVED)
[16->15] [43.19042888180828] (PRESERVED)
[17->0] [36.72274065241144] (PRESERVED)
[17->1] [38.66584648429421] (PRESERVED)
[17->2] [43.26859666372122] (LONGER)
[17->3] [44.73767094437495] (PRESERVED)
[17->4] [31.45431428035292] (PRESERVED)
[17->16] [29.14787461176936] (LONGER)
[18->0] [26.97386606917823] (PRESERVED)
[18->1] [22.06584847204055] (PRESERVED)
[18->2] [32.01411038721126] (LONGER)
[18->3] [26.2501213836429] (LONGER)
[18->4] [35.32364136324624] (LONGER)
[18->17] [29.26450918821256] (LONGER)
[19->0] [39.64662444720155] (LONGER)
[19->1] [38.92710544400742] (PRESERVED)
[19->2] [40.22611061067808] (PRESERVED)
[19->3] [43.81942771799013] (LONGER)
[19->4] [21.44519759380082] (LONGER)
[19->18] [33.4388027361308] (LONGER)
[20->0] [33.0204451173535] (LONGER)
[20->1] [33.60920003852845] (PRESERVED)
[20->2] [29.83982828918308] (LONGER)
[20->3] [32.10456757514794] (LONGER)
[20->4] [21.29688021517272] (PRESERVED)
[20->19] [26.82316719325699] (LONGER)
[21->0] [23.78925695500895] (PRESERVED)
[21->1] [25.53390913552865] (LONGER)
[21->2] [24.35156652744116] (LONGER)
[21->3] [31.30493767431398] (PRESERVED)
[21->4] [21.43944372725733] (PRESERVED)
[21->20] [28.75934744627895] (LONGER)
[22->0] [20.3814968101481] (PRESERVED)
[22->1] [39.4511311086081] (LONGER)
[22->2] [21.96058926293048] (PRESERVED)
[22->3] [30.78924283840194] (PRESERVED)
[22->4] [19.41807702750678] (LONGER)
[22->21] [29.78729738291613] (PRESERVED)
[23->0] [12.63443971428107] (LONGER)
[23->1] [31.89597037792436] (PRESERVED)
[23->2] [18.10470272634114] (LONGER)
[23->3] [25.39838348013068] (PRESERVED)
[23->4] [30.48481766750158] (PRESERVED)
[23->22] [23.17557634343076] (PRESERVED)
[24->0] [25.12646005166405] (PRESERVED)
[24->1] [27.39945937426939] (LONGER)
[24->2] [21.91459129674132] (PRESERVED)
[24->3] [19.94245658991887] (PRESERVED)
[24->4] [37.23207798938952] (LONGER)
[24->23] [18.39412958921737] (PRESERVED)
[25->0] [26.28102901082984] (LONGER)
[25->1] [29.57550588575935] (LONGER)
[25->2] [34.44954391883071] (PRESERVED)
[25->3] [35.44073951468283] (LONGER)
[25->4] [32.50789939276043] (LONGER)
[25->24] [35.50226074362339] (LONGER)
[26->0] [21.55259432354978] (PRESERVED)
[26->1] [28.94281640175006] (PRESERVED)
[26->2] [28.2833345370551] (PRESERVED)
[26->3] [22.23577020352218] (LONGER)
[26->4] [41.06318681386526] (LONGER)
[26->25] [28.7037904766061] (PRESERVED)
[27->0] [23.96069737003373] (LONGER)
[27->1] [35.40172098432404] (LONGER)
[27->2] [26.11408944260376] (LONGER)
[27->3] [35.76358500427516] (PRESERVED)
[27->4] [10.68046611430239] (PRESERVED)
[27->26] [37.05502328338157] (PRESERVED)
[28->0] [27.25093152348204] (PRESERVED)
[28->1] [23.20771935255866] (LONGER)
[28->2] [25.97049794841263] (LONGER)
[28->3] [31.29684297297798] (LONGER)
[28->4] [27.25110435043911] (PRESERVED)
[28->27] [23.29675743517678] (PRESERVED)
[29->0] [31.94250156830807] (PRESERVED)
[29->1] [21.86450514312107] (LONGER)
[29->2] [25.26955105564837] (PRESERVED)
[29->3] [30.61464871602755] (PRESERVED)
[29->4] [21.39691864879081] (LONGER)
[29->28] [17.84451994331859] (PRESERVED)
[30->0] [34.78821389436686] (LONGER)
[30->1] [43.6552966181253] (PRESERVED)
[30->2] [33.54538242110994] (LONGER)
[30->3] [37.72961158612845] (PRESERVED)
[30->4] [25.88838163552731] (PRESERVED)
[30->29] [38.64324072267003] (PRESERVED)
[31->0] [14.88258875339778] (PRESERVED)
[31->1] [33.01511090941718] (PRESERVED)
[31->2] [17.19765039566735] (LONGER)
[31->3] [29.1305020939099] (LONGER)
[31->4] [17.08622086444105] (PRESERVED)
[31->30] [31.62860043104431] (LONGER)
[32->0] [36.56765362348487] (LONGER)
[32->1] [27.75223655700561] (LONGER)
[32->2] [37.63759596629971] (LONGER)
[32->3] [37.60155149269013] (LONGER)
[32->4] [29.08617931207834] (LONGER)
[32->31] [31.56189302728395] (PRESERVED)
[33->0] [35.94166454670984] (PRESERVED)
[33->1] [28.29748446020661] (PRESERVED)
[33->2] [33.94650372339994] (LONGER)
[33->3] [31.21149820603127] (PRESERVED)
[33->4] [39.84457085165097] (PRESERVED)
[33->32] [39.74192105759563] (PRESERVED)
[34->0] [32.93501639523789] (PRESERVED)
[34->1] [26.8219777633698] (LONGER)
[34->2] [27.00426395328899] (LONGER)
[34->3] [19.31971349210725] (PRESERVED)
[34->4] [35.74441082659085] (LONGER)
[34->33] [30.15051018576477] (LONGER)
[35->0] [31.69088666907625] (LONGER)
[35->1] [28.75714512518863] (PRESERVED)
[35->2] [18.93518759583739] (LONGER)
[35->3] [28.08765963348682] (LONGER)
[35->4] [18.63449817188392] (PRESERVED)
[35->34] [25.76502461968724] (PRESERVED)
[36->0] [35.99715689318236] (LONGER)
[36->1] [40.70319244404369] (LONGER)
[36->2] [42.81506362818829] (LONGER)
[36->3] [41.36070401144531] (LONGER)
[36->4] [31.65344661605252] (LONGER)
[36->35] [40.71312511645901] (LONGER)
[37->0] [24.60558976662741] (PRESERVED)
[37->1] [42.92966539707988] (PRESERVED)
[37->2] [35.2446150242375] (LONGER)
[37->3] [37.08842068959672] (PRESERVED)
[37->4] [29.0711647479145] (PRESERVED)
[37->36] [18.65297699675753] (LONGER)
[38->0] [28.07697057388015] (LONGER)
[38->1] [28.56854641505478] (PRESERVED)
[38->2] [19.0838334615828] (LONGER)
[38->3] [20.74120365379768] (PRESERVED)
[38->4] [32.38705677969273] (PRESERVED)
[38->37] [38.53219678605513] (LONGER)
[39->0] [35.15714816769673] (LONGER)
[39->1] [25.22799300115985] (LONGER)
[39->2] [37.80124957636318] (PRESERVED)
[39->3] [28.80926110738796] (LONGER)
[39->4] [38.62429178892671] (LONGER)
[39->38] [37.65143100195807] (PRESERVED)
[40->0] [18.8032140194581] (PRESERVED)
[40->1] [33.51996408498836] (PRESERVED)
[40->2] [22.58766726748246] (LONGER)
[40->3] [26.14356865879306] (PRESERVED)
[40->4] [24.11894340193777] (PRESERVED)
[40->39] [29.81389374855261] (PRESERVED)
[41->0] [32.30212427667492] (LONGER)
[41->1] [27.23689033697446] (PRESERVED)
[41->2] [35.7222021741719] (LONGER)
[41->3] [24.64021444012451] (LONGER)
[41->4] [44.8461248062022] (PRESERVED)
[41->40] [37.06534045610354] (PRESERVED)
[42->0] [44.67863007302707] (LONGER)
[42->1] [30.23876224577011] (LONGER)
[42->2] [41.84997087257662] (PRESERVED)
[42->3] [36.2106563760974] (LONGER)
[42->4] [37.3043450196171] (LONGER)
[42->41] [28.05938613354923] (LONGER)
[43->0] [36.00330520184608] (PRESERVED)
[43->1] [34.17362897123604] (PRESERVED)
[43->2] [41.47801607325032] (LONGER)
[43->3] [40.23307572572831] (LONGER)
[43->4] [31.11711432307183] (PRESERVED)
[43->42] [26.39186097060056] (LONGER)
[44->0] [14.73406089222957] (PRESERVED)
[44->1] [39.40753376278508] (LONGER)
[44->2] [27.16565246459651] (LONGER)
[44->3] [32.61570900442075] (LONGER)
[44->4] [28.49638447250078] (LONGER)
[44->43] [33.52771601186484] (LONGER)
[45->0] [32.65342972994726] (LONGER)
[45->1] [34.46898955437997] (LONGER)
[45->2] [24.68011754490864] (PRESERVED)
[45->3] [28.59762948253465] (LONGER)
[45->4] [23.22921345136061] (LONGER)
[45->44] [33.00433996715092] (LONGER)
[46->0] [39.05834539037225] (LONGER)
[46->1] [25.14925132262679] (PRESERVED)
[46->2] [40.79068631225279] (PRESERVED)
[46->3] [36.70600679067876] (PRESERVED)
[46->4] [37.66318380641959] (LONGER)
[46->45] [40.57052894352844] (LONGER)
[47->0] [42.02788871684872] (LONGER)
[47->1] [38.75108212521241] (PRESERVED)
[47->2] [38.83428940940795] (LONGER)
[47->3] [40.21454165818371] (PRESERVED)
[47->4] [25.47186038056084] (LONGER)
[47->46] [31.63012676155341] (LONGER)
[48->0] [33.00788741763747] (LONGER)
[48->1] [36.51554958418559] (PRESERVED)
[48->2] [34.97151964619938] (LONGER)
[48->3] [37.99159542139369] (LONGER)
[48->4] [32.85074909392004] (PRESERVED)
[48->47] [30.99533946379269] (PRESERVED)
[49->0] [37.49135347075779] (LONGER)
[49->1] [19.45648970247503] (LONGER)
[49->2] [37.05699840454106] (LONGER)
[49->3] [27.61174627474075] (LONGER)
[49->4] [42.21502358609402] (LONGER)
[49->48] [30.48741168989408] (PRESERVED)
[50->0] [41.52172736554569] (PRESERVED)
[50->1] [40.01701234328402] (LONGER)
[50->2] [38.91275811088036] (LONGER)
[50->3] [42.3789903148764] (LONGER)
[50->4] [27.02487394622703] (LONGER)
[50->49] [32.89210564124044] (LONGER)
[51->0] [34.53428892834875] (PRESERVED)
[51->1] [43.78942818579601] (PRESERVED)
[51->2] [35.35945766110969] (LONGER)
[51->3] [40.60638607273721] (PRESERVED)
[51->4] [18.24743482831966] (LONGER)
[51->50] [23.7772772035147] (LONGER)
[52->0] [35.87670805120137] (LONGER)
[52->1] [35.81787071167016] (PRESERVED)
[52->2] [43.96684432157173] (LONGER)
[52->3] [38.78578187459251] (LONGER)
[52->4] [40.27738066524798] (PRESERVED)
[52->51] [34.34134251730978] (PRESERVED)
[53->0] [20.18805463964436] (PRESERVED)
[53->1] [38.60660336722378] (LONGER)
[53->2] [25.87958929229427] (PRESERVED)
[53->3] [26.54868064493793] (LONGER)
[53->4] [31.07235974113572] (PRESERVED)
[53->52] [35.75756196201983] (LONGER)
[54->0] [40.9897602034525] (LONGER)
[54->1] [34.14065275649803] (LONGER)
[54->2] [35.25750947802717] (PRESERVED)
[54->3] [32.12177220833409] (PRESERVED)
[54->4] [34.56868105913777] (LONGER)
[54->53] [32.83607260742867] (PRESERVED)
[55->0] [34.82214712501813] (PRESERVED)
[55->1] [38.09017603465283] (LONGER)
[55->2] [33.36316731880228] (PRESERVED)
[55->3] [31.55927158514692] (LONGER)
[55->4] [29.86350974593178] (LONGER)
[55->54] [18.4933734157135] (PRESERVED)
[56->0] [38.49689076166112] (LONGER)
[56->1] [35.19174689899499] (LONGER)
[56->2] [36.87951944378933] (PRESERVED)
[56->3] [39.14392528337616] (PRESERVED)
[56->4] [20.46562174662042] (LONGER)
[56->55] [24.65860132347542] (PRESERVED)
[57->0] [25.87996626256398] (PRESERVED)
[57->1] [34.95781089358819] (PRESERVED)
[57->2] [34.60367898514333] (LONGER)
[57->3] [36.17855782791243] (LONGER)
[57->4] [36.57909797155572] (PRESERVED)
[57->56] [40.84700817927157] (PRESERVED)
[58->0] [26.20393281763957] (PRESERVED)
[58->1] [26.57185754939862] (PRESERVED)
[58->2] [21.23368922418904] (LONGER)
[58->3] [22.88834844042614] (PRESERVED)
[58->4] [23.97120363061343] (PRESERVED)
[58->57] [42.38020074975783] (LONGER)
[59->0] [23.66898463957422] (LONGER)
[59->1] [24.23469449730408] (PRESERVED)
[59->2] [32.17324218619461] (PRESERVED)
[59->3] [28.08849274090903] (LONGER)
[59->4] [40.89868973981989] (LONGER)
[59->58] [36.95417986233823] (LONGER)
[60->0] [28.1783622722924] (LONGER)
[60->1] [36.21049504309815] (PRESERVED)
[60->2] [29.83454046339812] (LONGER)
[60->3] [24.8427683971096] (PRESERVED)
[60->4] [37.15916056370369] (PRESERVED)
[60->59] [37.79219582052021] (LONGER)
[61->0] [23.7628894903426] (LONGER)
[61->1] [34.55420054083059] (LONGER)
[61->2] [31.89056678775517] (PRESERVED)
[61->3] [32.39903657473484] (LONGER)
[61->4] [28.51534667664279] (LONGER)
[61->60] [34.14126574259992] (PRESERVED)
[62->0] [39.2312903405569] (LONGER)
[62->1] [37.13037752584756] (LONGER)
[62->2] [43.41668416137306] (LONGER)
[62->3] [42.84899404614162] (PRESERVED)
[62->4] [35.93675158901672] (PRESERVED)
[62->61] [38.66564757198299] (LONGER)
[63->0] [30.49548750605354] (PRESERVED)
[63->1] [41.28681578991242] (PRESERVED)
[63->2] [36.80627099471987] (LONGER)
[63->3] [33.44906490291712] (LONGER)
[63->4] [34.98763654670696] (PRESERVED)
[63->62] [36.80891084870529] (PRESERVED)
[64->0] [19.70030235600037] (LONGER)
[64->1] [30.44123124791269] (LONGER)
[64->2] [30.63184175244474] (PRESERVED)
[64->3] [22.19075217168622] (LONGER)
[64->4] [42.00843960300755] (LONGER)
[64->63] [24.24762093493911] (PRESERVED)
[65->0] [42.44379578433215] (PRESERVED)
[65->1] [40.14337887198452] (LONGER)
[65->2] [44.94642775834076] (PRESERVED)
[65->3] [41.91374541014101] (LONGER)
[65->4] [38.46621072696778] (LONGER)
[65->64] [37.35139527840614] (LONGER)
[66->0] [30.82474421479787] (LONGER)
[66->1] [42.67141517763712] (LONGER)
[66->2] [29.25322507263261] (PRESERVED)
[66->3] [35.59734294400662] (LONGER)
[66->4] [25.63223359690852] (LONGER)
[66->65] [30.30585371555266] (LONGER)
[67->0] [21.37878920754315] (PRESERVED)
[67->1] [14.34453516652044] (LONGER)
[67->2] [17.00197844731472] (LONGER)
[67->3] [14.54786594494924] (PRESERVED)
[67->4] [35.07632866121902] (PRESERVED)
[67->66] [35.31910517335351] (PRESERVED)
[68->0] [31.85032289849852] (LONGER)
[68->1] [42.03738049316162] (LONGER)
[68->2] [37.34543614526874] (LONGER)
[68->3] [43.30908404314918] (PRESERVED)
[68->4] [26.49196022287645] (PRESERVED)
[68->67] [35.94680437464944] (LONGER)
[69->0] [32.44626543169809] (LONGER)
[69->1] [32.88833819856872] (LONGER)
[69->2] [32.52654636768963] (LONGER)
[69->3] [26.24166258843827] (LONGER)
[69->4] [34.46976142911338] (LONGER)
[69->68] [43.390020339561] (LONGER)
[70->0] [29.12401647623077] (LONGER)
[70->1] [40.65831206562632] (LONGER)
[70->2] [41.43951381117623] (LONGER)
[70->3] [37.71845419984366] (LONGER)
[70->4] [40.160314212316] (LONGER)
[70->69] [31.77683760359272] (LONGER)
[71->0] [38.28615576282914] (LONGER)
[71->1] [31.2510461523095] (PRESERVED)
[71->2] [32.90287315294782] (LONGER)
[71->3] [34.39519838555822] (LONGER)
[71->4] [21.9233889280077] (LONGER)
[71->70] [41.01683389356224] (LONGER)
[72->0] [37.34130208717184] (LONGER)
[72->1] [31.51929301829037] (LONGER)
[72->2] [37.26635074123774] (LONGER)
[72->3] [39.55571509975223] (LONGER)
[72->4] [29.11246312051715] (LONGER)
[72->71] [30.84187411270527] (LONGER)
[73->0] [39.49258377484705] (LONGER)
[73->1] [32.27632986746182] (PRESERVED)
[73->2] [42.74227500047211] (LONGER)
[73->3] [33.87444477327608] (PRESERVED)
[73->4] [42.55211900716746] (PRESERVED)
[73->72] [30.71578403974762] (PRESERVED)
[74->0] [16.2837084847802] (LONGER)
[74->1] [27.7529082635452] (LONGER)
[74->2] [20.61647642266616] (LONGER)
[74->3] [14.01183460978792] (PRESERVED)
[74->4] [36.11499298737471] (LONGER)
[74->73] [33.7713251693687] (LONGER)
[75->0] [32.33951029641629] (PRESERVED)
[75->1] [37.46145186381415] (LONGER)
[75->2] [32.07305214247319] (PRESERVED)
[75->3] [31.90842308630793] (LONGER)
[75->4] [36.01880715991221] (LONGER)
[75->74] [33.29043652780592] (LONGER)
[76->0] [37.08320315584043] (PRESERVED)
[76->1] [33.06411561774095] (PRESERVED)
[76->2] [38.57700527764607] (LONGER)
[76->3] [35.04288202389673] (LONGER)
[76->4] [41.08078474692184] (PRESERVED)
[76->75] [17.37209605350155] (PRESERVED)
[77->0] [30.43100229988606] (PRESERVED)
[77->1] [15.58812503976605] (PRESERVED)
[77->2] [27.94941040366864] (LONGER)
[77->3] [14.62330552207552] (PRESERVED)
[77->4] [39.15785880490411] (PRESERVED)
[77->76] [32.26017715374589] (LONGER)
[78->0] [11.73273464147613] (PRESERVED)
[78->1] [26.51352704071749] (LONGER)
[78->2] [22.67144451837641] (PRESERVED)
[78->3] [24.97534107349558] (LONGER)
[78->4] [31.10521868259436] (LONGER)
[78->77] [29.65312965183896] (LONGER)
[79->0] [44.57934609804042] (LONGER)
[79->1] [33.2349655840707] (LONGER)
[79->2] [43.14070434045568] (LONGER)
[79->3] [40.10275459646165] (PRESERVED)
[79->4] [36.31299150767614] (PRESERVED)
[79->78] [42.5796697950309] (PRESERVED)
[80->0] [25.04680995329913] (PRESERVED)
[80->1] [41.96101902807136] (LONGER)
[80->2] [32.09099391524975] (PRESERVED)
[80->3] [32.96353808295205] (PRESERVED)
[80->4] [34.56474775472292] (LONGER)
[80->79] [37.73483453345953] (LONGER)
[81->0] [26.66847374981257] (LONGER)
[81->1] [31.88367032330418] (PRESERVED)
[81->2] [36.93833783483063] (LONGER)
[81->3] [32.76182418424617] (PRESERVED)
[81->4] [39.82202855578222] (PRESERVED)
[81->80] [26.46573808986293] (PRESERVED)
[82->0] [41.73729009436877] (LONGER)
[82->1] [27.14390823868267] (PRESERVED)
[82->2] [33.98099024771443] (LONGER)
[82->3] [32.07819688389478] (LONGER)
[82->4] [33.23101105615518] (LONGER)
[82->81] [38.41672234764184] (LONGER)
[83->0] [30.77956362904536] (PRESERVED)
[83->1] [43.07121230430863] (LONGER)
[83->2] [37.46893311029422] (PRESERVED)
[83->3] [43.41010550163835] (PRESERVED)
[83->4] [20.47347600707199] (LONGER)
[83->82] [39.88151465541014] (LONGER)
[84->0] [41.11390597522479] (PRESERVED)
[84->1] [42.58089471282893] (LONGER)
[84->2] [42.70687608566237] (PRESERVED)
[84->3] [39.55610085735819] (LONGER)
[84->4] [36.30274792619283] (LONGER)
[84->83] [31.63480757215008] (LONGER)
[85->0] [32.18131913426527] (LONGER)
[85->1] [32.03937708261046] (LONGER)
[85->2] [26.48189660895472] (LONGER)
[85->3] [34.91138155270858] (PRESERVED)
[85->4] [20.17451373712833] (LONGER)
[85->84] [35.42343827331739] (PRESERVED)
[86->0] [37.10253673672543] (PRESERVED)
[86->1] [33.83551274377908] (PRESERVED)
[86->2] [38.78769500095213] (LONGER)
[86->3] [30.54855825853099] (PRESERVED)
[86->4] [38.80908097815779] (PRESERVED)
[86->85] [40.17635266292015] (LONGER)
[87->0] [32.25108723339371] (LONGER)
[87->1] [29.43037522942651] (PRESERVED)
[87->2] [31.70312714358118] (LONGER)
[87->3] [20.70673660341331] (PRESERVED)
[87->4] [42.29549062340283] (PRESERVED)
[87->86] [18.23565732957593] (LONGER)
[88->0] [26.59174791953565] (LONGER)
[88->1] [37.01573718521495] (PRESERVED)
[88->2] [20.85442279466838] (LONGER)
[88->3] [33.3205419282931] (PRESERVED)
[88->4] [18.19246416586935] (PRESERVED)
[88->87] [37.34438639415932] (LONGER)
[89->0] [16.97395088759717] (PRESERVED)
[89->1] [30.63699793175195] (LONGER)
[89->2] [29.13199974008111] (LONGER)
[89->3] [25.64028233359451] (PRESERVED)
[89->4] [34.78900022215311] (PRESERVED)
[89->88] [37.69870372106595] (PRESERVED)
[90->0] [33.29831966710359] (PRESERVED)
[90->1] [14.97876947053782] (LONGER)
[90->2] [30.62963698797087] (LONGER)
[90->3] [28.15984202337332] (PRESERVED)
[90->4] [35.82029073606471] (PRESERVED)
[90->89] [34.41989051507672] (LONGER)
[91->0] [25.60175761898914] (LONGER)
[91->1] [41.5048588407597] (PRESERVED)
[91->2] [27.38547711405151] (PRESERVED)
[91->3] [35.58028415470177] (LONGER)
[91->4] [26.55255710375345] (PRESERVED)
[91->90] [37.60762135175204] (PRESERVED)
[92->0] [34.81816452949945] (PRESERVED)
[92->1] [42.26567498479096] (LONGER)
[92->2] [39.70641415564133] (PRESERVED)
[92->3] [41.63080098473967] (LONGER)
[92->4] [24.31370989258409] (LONGER)
[92->91] [32.12360360792957] (LONGER)
[93->0] [36.45146460919156] (LONGER)
[93->1] [39.27115065534456] (LONGER)
[93->2] [42.5209133720154] (LONGER)
[93->3] [35.5303051764953] (LONGER)
[93->4] [43.23546370920123] (LONGER)
[93->92] [28.01993282096415] (PRESERVED)
[94->0] [25.77813331967495] (LONGER)
[94->1] [22.7280599900925] (PRESERVED)
[94->2] [16.43176239950403] (LONGER)
[94->3] [16.1095760443263] (PRESERVED)
[94->4] [26.86563833089288] (LONGER)
[94->93] [37.53707922696138] (LONGER)
[95->0] [25.73280185198991] (LONGER)
[95->1] [34.11845083712448] (LONGER)
[95->2] [30.44204718647233] (PRESERVED)
[95->3] [38.03285870953388] (LONGER)
[95->4] [19.98449944572937] (LONGER)
[95->94] [34.61812802512397] (PRESERVED)
[96->0] [30.60415680733657] (PRESERVED)
[96->1] [21.86996503679512] (PRESERVED)
[96->2] [36.50221507746796] (LONGER)
[96->3] [27.69567650880355] (LONGER)
[96->4] [42.42444478271462] (PRESERVED)
[96->95] [32.2142320147693] (LONGER)
[97->0] [21.03735083941277] (LONGER)
[97->1] [34.89674227855028] (LONGER)
[97->2] [26.82150221286832] (LONGER)
[97->3] [34.13810883100977] (LONGER)
[97->4] [28.99761843862119] (LONGER)
[97->96] [32.95157358535955] (LONGER)
[98->0] [23.47679847492129] (LONGER)
[98->1] [13.90246399765515] (LONGER)
[98->2] [23.14465416438927] (PRESERVED)
[98->3] [21.19616837509869] (LONGER)
[98->4] [29.50248051397857] (LONGER)
[98->97] [30.04475556983315] (LONGER)
[99->0] [32.61579814754252] (LONGER)
[99->1] [45.8325612718633] (LONGER)
[99->2] [37.92655435709909] (PRESERVED)
[99->3] [41.73729417113157] (PRESERVED)
[99->4] [27.3867415543114] (LONGER)
[99->98] [39.88153352805481] (LONGER)

Long edges	326 of 576 [56.60%]
Short edges	0 of 576 [0.00%]
Preserved edges	250 of 576 [43.40%]

Polyhedra	95

CA	427798
RMS Absolute	6.54062
CR	549.166
RMS Relative	0.235523

Projection Mode	Minimum Distance

Optimization Runtime	-2.73843902349472

Lambda, uppercase (Λ) lowercase (λ)	0.01

Using Minimum Distance?	YES
Using Minimum Perimeter?	NO
Using Minimum Area?	NO

Iterations	10
Sammon's stress	0.055384
