Using	PCA Digraph
Executed in	0.034923 seconds

Intrinsic Dimensionality	2

Reordered	NO

Number of nodes	5
Number of edges	0

Is PCA Digraph directed?	YES
Is PCA Digraph connected??	NO

Node Matrix
"[
4 2 0.6 
4.2 2.1 0.59 
3.9 2 0.58 
4.3 2.1 0.62 
4.1 2.2 0.63 
]"

Node Matrix Transposition
"[
-0.09999999999999964 0.1000000000000005 -0.1999999999999997 0.2000000000000002 0 
-0.08000000000000007 0.02000000000000002 -0.08000000000000007 0.02000000000000002 0.1200000000000001 
-0.004000000000000004 -0.01400000000000001 -0.02400000000000002 0.01600000000000001 0.02600000000000002 
]"

Matrix Transposition Centered
"[
-0.09999999999999964 0.1000000000000005 -0.1999999999999997 0.2000000000000002 0 
-0.08000000000000007 0.02000000000000002 -0.08000000000000007 0.02000000000000002 0.1200000000000001 
-0.004000000000000004 -0.01400000000000001 -0.02400000000000002 0.01600000000000001 0.02600000000000002 
]"

Covariance Matrix
"[
0.025 0.007499999999999999 0.001749999999999999 
0.007499999999999999 0.007000000000000013 0.001350000000000002 
0.001749999999999999 0.001350000000000002 0.0004300000000000008 
]"

Eigenvalues
[
0.02787491680078481	0.004395883075782134	0.0001592001234330653
]

Eigenvectors
"[
0.9376919847854925 0.3405541538536191 0.06896818079440094 
-0.3473785926143825 0.9232922596965804 0.1638887323083344 
-0.007864798935422907 -0.1776352202617119 0.9840649742066216 
]"

Principal Components (PCs)
"[
0.9376919847854925 0.3405541538536191 0.06896818079440094 
-0.3473785926143825 0.9232922596965804 0.1638887323083344 
]"

Final PCA Transformation
"[
4.473257155325849 4.694161285860366 4.378108593231412 4.789999529762746 4.637206229998953 
0.5554033883206312 0.5766180084443296 0.5868634729359028 0.5467968111521414 0.7102406429677595 
]"

Sammon's stress	9.46177e-05

Nodes:
A [#0] at {4.4733, 0.5554}
B [#1] at {4.6942, 0.5766}
C [#2] at {4.3781, 0.5869}
D [#3] at {4.7900, 0.5468}
E [#4] at {4.6372, 0.7102}

Flips	0 out of 5 [0.00%]


CA	5.24931e-05
RMS Absolute	0.00144904
CR	0.00400579
RMS Relative	0.0141524

