Using	MDS Digraph

Executed in	7.41385 seconds

Intrinsic Dimensionality	2

Reordered	NO

Number of nodes	200
Number of edges	0

Is MDS Digraph directed?	YES
Is MDS Digraph connected??	NO

Randomized Coordinates	(Omitted)

C Cloned	(Omitted)

C Squared	(Omitted)

C Double Centered	(Omitted)

C Scaled by -0.5	(Omitted)

Eigenvalues
[
108.2702640655887	78.43206605409149
]

Eigenvectors
"[
9.599 7.362 9.924 -0.900 -2.275 7.280 5.274 -1.170 4.766 -3.954 8.647 6.654 8.616 9.237 0.238 1.521 3.875 9.090 9.693 7.463 4.393 9.421 1.929 9.084 -2.327 3.485 2.284 -3.745 -0.079 4.096 2.011 8.828 1.288 8.655 2.197 -2.038 9.541 7.345 -1.640 6.773 4.938 2.353 0.705 7.831 9.295 2.725 9.505 6.820 9.520 1.128 8.069 -4.346 4.726 3.724 9.551 9.635 9.068 -1.915 3.267 3.139 7.332 6.087 5.165 6.458 6.719 4.498 9.467 -0.964 -4.224 -0.313 9.007 4.529 4.396 4.142 9.505 9.550 4.809 8.213 8.605 3.853 -2.200 9.618 -1.385 6.571 4.440 2.754 0.176 8.523 9.327 8.173 7.725 3.855 9.374 8.380 -3.644 6.930 7.754 1.501 4.728 0.520 -11.291 -9.493 -11.089 6.836 14.170 4.762 -10.296 -10.811 -7.580 -10.880 5.562 -11.240 -1.013 -3.795 -10.100 11.049 -10.833 -9.579 -10.804 -9.084 0.153 -8.939 -10.542 12.397 -6.382 3.792 11.131 -9.367 -11.090 11.578 -11.213 -5.465 -10.987 12.852 -6.136 -1.233 -9.756 12.024 -3.179 -7.641 -7.047 -10.733 -5.127 -9.932 -6.259 8.251 -11.027 -11.327 2.463 -10.741 -10.046 1.119 -0.918 -9.571 -3.251 -1.145 0.323 -9.527 -10.871 -3.075 5.464 -9.992 -5.874 -10.466 -10.934 11.112 4.155 -9.517 -9.998 -11.249 -11.105 -10.748 7.464 -3.004 -11.193 -11.677 -11.244 0.048 -8.568 -6.055 -11.449 -11.006 5.864 -9.634 4.166 -3.259 -11.431 7.901 -6.568 0.606 -11.008 -8.834 -4.482 -6.275 -8.615 -11.256 1.255 -10.986 -11.154 -10.634 
-4.548 0.030 -5.805 1.698 0.591 0.250 1.639 1.218 1.824 -2.315 -1.787 0.757 -1.705 -5.713 2.200 2.512 2.264 -2.079 -5.014 0.020 2.041 -5.595 2.489 -8.038 0.279 2.189 2.300 -5.753 1.851 2.073 2.201 -2.396 2.303 -1.601 2.286 0.694 -5.414 0.073 1.058 0.688 1.768 2.271 2.221 -0.573 -4.467 2.248 -8.122 0.545 -4.563 2.390 -0.843 -2.862 -13.490 2.128 -2.485 -6.643 -2.570 0.491 2.205 2.224 0.112 1.178 1.702 -12.095 -12.261 -13.809 -5.516 1.510 -2.581 1.941 -2.150 1.956 2.009 2.000 -6.743 -4.620 1.725 -0.830 -9.061 2.028 -7.835 -4.989 -8.297 0.891 1.979 2.361 2.167 -1.352 -6.695 -0.962 -0.250 2.185 -4.259 -1.154 -5.084 0.414 -0.442 2.369 1.853 2.025 -4.701 -9.342 -0.407 7.876 -2.048 8.549 0.813 -1.018 5.379 0.415 8.463 -4.727 8.836 -13.878 1.917 4.847 0.077 2.963 0.945 -10.065 8.966 3.360 0.308 3.108 -12.654 8.872 4.481 3.536 -4.794 4.091 -5.539 6.930 -5.886 2.430 6.508 8.522 1.846 3.805 8.027 5.429 6.141 -0.767 7.012 1.501 6.075 -17.631 -0.584 -3.170 9.072 -0.492 1.116 -13.977 8.878 -9.415 7.984 8.554 9.164 2.550 -5.539 8.308 8.427 -8.577 -12.944 -7.366 -3.344 4.768 -12.614 2.661 1.609 -1.119 -3.373 -6.284 7.560 7.960 -4.097 -2.263 -2.540 9.065 4.334 7.111 -1.802 -5.640 8.261 2.903 8.736 8.092 -3.634 7.327 6.498 8.947 -4.861 3.517 7.368 6.610 4.134 -5.342 9.056 -2.373 -2.183 1.334 
]"

Sammon's stress	0.00619834

Nodes:	(Omitted)

Flips	0 out of 200 [0.00%]

CA	23985.3
RMS Absolute	0.77436
CR	737.284
RMS Relative	0.136106

