Using	PP Digraph

Executed in	0.099389 seconds

Intrinsic Dimensionality	4

Reordered	YES

Number of nodes	100
Number of edges	484

Is PP Digraph directed?	YES
Is PP Digraph connected??	NO

Nodes:
0 [#0] at {0.0000, 0.0000, 0.0000, 0.0000}
89 [#1] at {29.3062, 0.0000, 0.0000, 0.0000}
98 [#2] at {16.1419, 27.0970, 0.0000, 0.0000}
27 [#3] at {13.9643, 14.9704, 25.5719, 0.0000}
39 [#4] at {15.3723, 11.7989, 8.6680, 23.9668}
21 [#5] at {13.0349, 11.7841, 8.4538, -24.5596}, [FLIPPED]
80 [#6] at {13.2144, 12.2842, 7.0828, -25.3841}, [FLIPPED]
78 [#7] at {11.7833, 10.6115, 6.7333, -25.6470}, [FLIPPED]
67 [#8] at {15.8757, 12.9704, 9.1680, -25.0575}, [FLIPPED]
60 [#9] at {17.2744, 10.7636, 7.1403, -25.2252}, [FLIPPED]
26 [#10] at {15.4508, 10.9634, 4.8426, -25.8113}, [FLIPPED]
81 [#11] at {16.8755, 12.1746, 5.6574, -24.2861}, [FLIPPED]
41 [#12] at {14.4162, 9.4712, 8.3789, -25.9263}, [FLIPPED]
44 [#13] at {15.3700, 10.0893, 6.8915, -24.0801}, [FLIPPED]
43 [#14] at {15.1005, 10.2893, 5.7656, -25.6132}, [FLIPPED]
72 [#15] at {14.8343, 10.2999, 7.7396, -26.3371}, [FLIPPED]
73 [#16] at {17.8588, 11.2061, 7.9408, -25.6334}, [FLIPPED]
63 [#17] at {16.6378, 10.8855, 7.3242, -24.5368}, [FLIPPED]
52 [#18] at {16.9777, 12.3797, 6.0637, -25.5130}, [FLIPPED]
55 [#19] at {13.2250, 12.4489, 8.7907, -25.4296}, [FLIPPED]
92 [#20] at {14.5750, 10.5707, 7.9324, -24.1761}, [FLIPPED]
70 [#21] at {16.7134, 12.7185, 8.6813, -25.1352}, [FLIPPED]
10 [#22] at {15.1566, 11.9493, 8.2539, -26.0165}, [FLIPPED]
93 [#23] at {15.0778, 10.9263, 7.1838, -26.1304}, [FLIPPED]
85 [#24] at {14.0740, 10.8911, 8.7982, -24.5503}, [FLIPPED]
13 [#25] at {16.2815, 11.4491, 6.5469, -24.8225}, [FLIPPED]
94 [#26] at {14.7983, 12.1285, 5.9965, -24.8137}, [FLIPPED]
42 [#27] at {15.6098, 9.0523, 7.0354, -26.7651}, [FLIPPED]
49 [#28] at {14.7535, 10.1812, 5.8551, -24.8477}, [FLIPPED]
25 [#29] at {14.6483, 10.7528, 6.5564, -25.6582}, [FLIPPED]
22 [#30] at {12.3589, 11.6312, 7.1442, -24.4345}, [FLIPPED]
45 [#31] at {14.8137, 9.9402, 8.6084, -24.4115}, [FLIPPED]
28 [#32] at {14.1926, 10.7685, 9.1270, -25.3780}, [FLIPPED]
34 [#33] at {16.0343, 11.2067, 7.4669, -26.0799}, [FLIPPED]
90 [#34] at {14.0037, 12.3880, 6.6817, -25.5792}, [FLIPPED]
1 [#35] at {13.8479, 8.8192, 4.7407, -24.7576}, [FLIPPED]
96 [#36] at {13.7255, 13.4470, 3.4904, -25.3695}, [FLIPPED]
91 [#37] at {13.8170, 11.9621, 5.3626, -25.2455}, [FLIPPED]
56 [#38] at {16.5200, 9.6705, 8.6209, -24.4315}, [FLIPPED]
16 [#39] at {13.3990, 10.6748, 8.7306, -24.6607}, [FLIPPED]
61 [#40] at {12.9809, 12.1494, 6.2480, -25.9517}, [FLIPPED]
38 [#41] at {15.4159, 10.8432, 6.7215, -25.9420}, [FLIPPED]
77 [#42] at {12.7386, 11.9600, 7.2051, -25.1004}, [FLIPPED]
14 [#43] at {15.8101, 12.1795, 6.0794, -24.5870}, [FLIPPED]
12 [#44] at {15.2852, 12.6436, 7.5254, -24.2779}, [FLIPPED]
7 [#45] at {13.7930, 9.9555, 7.6236, -25.6860}, [FLIPPED]
57 [#46] at {14.8771, 8.1290, 7.4484, -25.6815}, [FLIPPED]
6 [#47] at {13.3343, 11.6704, 8.9823, -27.0904}, [FLIPPED]
18 [#48] at {14.2330, 11.5546, 6.5576, -25.4571}, [FLIPPED]
86 [#49] at {15.0355, 12.0595, 8.3631, -25.6638}, [FLIPPED]
65 [#50] at {14.8841, 12.5990, 9.4937, -26.3396}, [FLIPPED]
75 [#51] at {14.6423, 11.4064, 8.4676, -25.3775}, [FLIPPED]
31 [#52] at {14.8556, 12.6045, 7.6278, -25.5110}, [FLIPPED]
99 [#53] at {15.8788, 11.7993, 6.0553, -26.9998}, [FLIPPED]
29 [#54] at {14.6700, 10.5552, 5.0943, -27.9107}, [FLIPPED]
83 [#55] at {15.3389, 10.1547, 5.6703, -25.2706}, [FLIPPED]
84 [#56] at {16.3633, 10.7695, 6.2987, -26.9606}, [FLIPPED]
71 [#57] at {15.4582, 11.2539, 9.7480, -26.2090}, [FLIPPED]
95 [#58] at {13.1917, 13.5618, 8.6460, -25.7466}, [FLIPPED]
11 [#59] at {13.5853, 11.9007, 6.9309, -27.0138}, [FLIPPED]
47 [#60] at {17.1267, 12.8923, 8.8400, -25.2217}, [FLIPPED]
48 [#61] at {14.7029, 10.0649, 7.5866, -25.1080}, [FLIPPED]
76 [#62] at {13.8781, 9.5477, 6.2948, -25.2583}, [FLIPPED]
88 [#63] at {15.3586, 10.8250, 5.6314, -26.3208}, [FLIPPED]
30 [#64] at {14.1302, 10.2891, 6.5739, -25.8229}, [FLIPPED]
58 [#65] at {13.9560, 10.0694, 3.7303, -24.5932}, [FLIPPED]
15 [#66] at {13.6868, 8.0474, 7.7373, -26.2506}, [FLIPPED]
69 [#67] at {12.0717, 10.0142, 6.2067, -26.9604}, [FLIPPED]
19 [#68] at {14.6920, 10.7874, 5.8961, -26.7581}, [FLIPPED]
62 [#69] at {15.6473, 12.3407, 7.2796, -25.6883}, [FLIPPED]
23 [#70] at {15.7242, 9.8976, 3.6781, -25.0277}, [FLIPPED]
53 [#71] at {15.6457, 7.8541, 6.0539, -25.8614}, [FLIPPED]
50 [#72] at {13.7495, 11.8919, 7.8955, -26.7571}, [FLIPPED]
33 [#73] at {14.1699, 12.3632, 8.4400, -26.2853}, [FLIPPED]
68 [#74] at {15.7572, 11.2735, 8.0602, -25.6260}, [FLIPPED]
54 [#75] at {16.8690, 11.0217, 3.9877, -26.5238}, [FLIPPED]
51 [#76] at {13.7898, 10.4853, 6.1767, -25.5914}, [FLIPPED]
79 [#77] at {14.6772, 8.2101, 10.0893, -26.3170}, [FLIPPED]
97 [#78] at {13.4676, 13.9328, 7.5546, -25.0523}, [FLIPPED]
40 [#79] at {13.5694, 8.8431, 7.9083, -24.8814}, [FLIPPED]
46 [#80] at {16.1710, 10.1568, 6.8137, -27.6772}, [FLIPPED]
20 [#81] at {14.2700, 8.7253, 7.5108, -27.0934}, [FLIPPED]
24 [#82] at {12.9312, 12.3698, 3.8282, -25.3495}, [FLIPPED]
5 [#83] at {14.6849, 13.7049, 6.9651, -25.9259}, [FLIPPED]
9 [#84] at {17.8297, 12.7241, 7.9958, -25.4334}, [FLIPPED]
66 [#85] at {14.1765, 9.3139, 7.1145, -26.8380}, [FLIPPED]
37 [#86] at {11.7029, 9.4241, 8.1983, -25.5331}, [FLIPPED]
87 [#87] at {16.9020, 8.4464, 7.1866, -26.9971}, [FLIPPED]
4 [#88] at {14.0935, 10.6494, 6.5850, -25.8632}, [FLIPPED]
35 [#89] at {14.2442, 10.2034, 7.8755, -26.0683}, [FLIPPED]
8 [#90] at {15.3660, 10.7898, 6.8832, -25.5624}, [FLIPPED]
64 [#91] at {16.0758, 9.7108, 4.8632, -25.4984}, [FLIPPED]
82 [#92] at {18.0100, 12.6902, 7.0572, -26.3425}, [FLIPPED]
17 [#93] at {16.3059, 8.7446, 6.5591, -27.1197}, [FLIPPED]
74 [#94] at {14.9075, 11.0462, 5.4650, -25.8621}, [FLIPPED]
3 [#95] at {14.0386, 9.8178, 4.4714, -25.9381}, [FLIPPED]
2 [#96] at {13.8597, 11.8573, 7.6656, -26.2025}, [FLIPPED]
32 [#97] at {12.9585, 9.6042, 4.0367, -26.6137}, [FLIPPED]
36 [#98] at {16.0301, 9.8582, 5.2351, -25.9334}, [FLIPPED]
59 [#99] at {16.7196, 12.7583, 6.3180, -27.0616}, [FLIPPED]

Flips	95 out of 100 [95.00%]

Edges:
[1->0] [29.30616900927176] (PRESERVED)
[2->0] [31.5405726802796] (PRESERVED)
[2->1] [30.12543850303263] (LONGER)
[3->0] [32.75720020087188] (SHORTER)
[3->2] [28.38514474157213] (LONGER)
[4->0] [32.01662538432181] (LONGER)
[4->1] [31.351431562211] (LONGER)
[4->2] [29.73490723039169] (LONGER)
[4->3] [29.53288407859957] (LONGER)
[5->0] [31.35941705453086] (PRESERVED)
[5->1] [32.8368399210399] (LONGER)
[5->2] [30.31135600727886] (LONGER)
[5->3] [30.12008261940861] (LONGER)
[5->4] [48.58316800266731] (LONGER)
[6->0] [31.93806686385386] (SHORTER)
[6->1] [33.23201253309826] (LONGER)
[6->2] [30.37279654559324] (LONGER)
[6->3] [31.52740417478103] (LONGER)
[6->5] [1.685760933033077] (LONGER)
[7->0] [30.89591141235359] (PRESERVED)
[7->1] [33.50764062120759] (LONGER)
[7->2] [31.52575129953289] (LONGER)
[7->3] [32.19343151948856] (LONGER)
[7->6] [2.244333720497105] (LONGER)
[8->0] [33.64818846535427] (PRESERVED)
[8->1] [32.56593752680859] (LONGER)
[8->2] [30.19204895332544] (LONGER)
[8->3] [30.07685276088575] (LONGER)
[8->7] [5.346731782569697] (LONGER)
[9->0] [33.18970017942315] (PRESERVED)
[9->1] [30.78825623512965] (LONGER)
[9->2] [30.90885366687028] (LONGER)
[9->3] [31.69679269263692] (LONGER)
[9->8] [3.311486399951413] (LONGER)
[10->0] [32.38207275638791] (PRESERVED)
[10->1] [31.6518748575815] (LONGER)
[10->2] [30.8292825897717] (LONGER)
[10->3] [33.37954051511193] (LONGER)
[10->9] [2.998078204262219] (LONGER)
[11->0] [32.47802127593367] (PRESERVED)
[11->1] [30.40661895048511] (LONGER)
[11->2] [29.06949684807084] (LONGER)
[11->3] [31.66530443561218] (LONGER)
[11->10] [2.546936249017176] (LONGER)
[12->0] [32.24764788321778] (PRESERVED)
[12->1] [32.46223036083626] (LONGER)
[12->2] [32.4965327535108] (LONGER)
[12->3] [31.59455293242809] (LONGER)
[12->11] [4.8428567462538] (LONGER)
[13->0] [31.07047193075767] (PRESERVED)
[13->1] [30.38678301498859] (LONGER)
[13->2] [30.2853258361207] (LONGER)
[13->3] [30.8967233699627] (LONGER)
[13->12] [2.629175340416563] (LONGER)
[14->0] [31.98705136457564] (PRESERVED)
[14->1] [31.57447096943985] (LONGER)
[14->2] [31.19069915856329] (LONGER)
[14->3] [32.73419212383285] (LONGER)
[14->13] [1.931487379983021] (LONGER)
[15->0] [32.85864826799787] (LONGER)
[15->1] [32.69663802289159] (LONGER)
[15->2] [32.20862525784049] (LONGER)
[15->3] [32.15902512514955] (LONGER)
[15->14] [2.119408889944533] (LONGER)
[16->0] [34.12681965844459] (PRESERVED)
[16->1] [31.25295525226375] (LONGER)
[16->2] [31.23450260529211] (LONGER)
[16->3] [31.57948107553385] (LONGER)
[16->15] [3.241033655970281] (LONGER)
[17->0] [32.41927835409048] (LONGER)
[17->1] [30.57255640276096] (LONGER)
[17->2] [30.31101915145712] (LONGER)
[17->3] [30.96561583434115] (LONGER)
[17->16] [1.782204745459594] (LONGER)
[18->0] [33.60327897690939] (PRESERVED)
[18->1] [31.51076387522208] (LONGER)
[18->2] [30.08286826417987] (LONGER)
[18->3] [32.361588295385] (LONGER)
[18->17] [2.211259155662967] (LONGER)
[19->0] [32.46252105120611] (PRESERVED)
[19->1] [33.72708737795185] (LONGER)
[19->2] [30.77360602854336] (LONGER)
[19->3] [30.58064217769144] (LONGER)
[19->18] [4.64011403518301] (LONGER)
[20->0] [31.17011793368771] (PRESERVED)
[20->1] [31.24341613844427] (LONGER)
[20->2] [30.38054217751882] (LONGER)
[20->3] [30.25497927614559] (LONGER)
[20->19] [2.767297282032213] (LONGER)
[21->0] [33.88567245902021] (SHORTER)
[21->1] [32.05433580656445] (LONGER)
[21->2] [30.23590866833672] (LONGER)
[21->3] [30.49095142825162] (LONGER)
[21->20] [3.265909516883917] (LONGER)
[22->0] [33.42891431081781] (PRESERVED)
[22->1] [32.98451424532428] (LONGER)
[22->2] [31.23148621183436] (LONGER)
[22->3] [31.42158110280259] (LONGER)
[22->21] [1.993572193140677] (LONGER)
[23->0] [32.88049669637002] (PRESERVED)
[23->1] [32.49975044519573] (LONGER)
[23->2] [31.57568485401386] (LONGER)
[23->3] [32.22596201822377] (LONGER)
[23->22] [1.486904978804099] (LONGER)
[24->0] [31.57247611448935] (LONGER)
[24->1] [32.10546349143711] (LONGER)
[24->2] [30.77386668912439] (LONGER)
[24->3] [30.01209974327021] (LONGER)
[24->23] [2.472194583830677] (LONGER)
[25->0] [32.48364017470949] (PRESERVED)
[25->1] [30.97966363600482] (LONGER)
[25->2] [30.06479695590841] (LONGER)
[25->3] [31.55746225538422] (LONGER)
[25->24] [3.213531705992917] (LONGER)
[26->0] [31.90251505759382] (PRESERVED)
[26->1] [31.76881582621549] (LONGER)
[26->2] [29.62327838035486] (LONGER)
[26->3] [31.74405563251174] (LONGER)
[26->25] [1.72177002789482] (LONGER)
[27->0] [33.03750278093063] (PRESERVED)
[27->1] [32.17767698265367] (SHORTER)
[27->2] [33.04177932557507] (PRESERVED)
[27->3] [33.13158346653537] (PRESERVED)
[27->26] [3.874081725458628] (PRESERVED)
[28->0] [31.19313527044052] (PRESERVED)
[28->1] [31.09861035480525] (LONGER)
[28->2] [30.6554763949282] (LONGER)
[28->3] [32.08920620707218] (LONGER)
[28->27] [2.660310124633542] (SHORTER)
[29->0] [32.11738178930532] (PRESERVED)
[29->1] [32.12176394596037] (LONGER)
[29->2] [31.15594306067464] (LONGER)
[29->3] [32.22092196073851] (LONGER)
[29->28] [1.219312934601209] (LONGER)
[30->0] [30.59597045363981] (SHORTER)
[30->1] [32.71971231536121] (LONGER)
[30->2] [30.02645098908627] (LONGER)
[30->3] [30.82781070721696] (LONGER)
[30->29] [2.80277621076907] (LONGER)
[31->0] [31.43691925109711] (PRESERVED)
[31->1] [31.28680709180788] (LONGER)
[31->2] [31.08287497964112] (LONGER)
[31->3] [30.16128128909645] (LONGER)
[31->30] [3.32116027524152] (LONGER)
[32->0] [32.32240015840408] (PRESERVED)
[32->1] [32.73721533667762] (LONGER)
[32->2] [31.58744679457332] (LONGER)
[32->3] [30.53174972057776] (LONGER)
[32->31] [1.508272274853443] (LONGER)
[33->0] [33.44553696683611] (PRESERVED)
[33->1] [32.21250584788461] (LONGER)
[33->2] [31.43926745329796] (LONGER)
[33->3] [32.03749287943739] (LONGER)
[33->32] [2.613877656886047] (LONGER)
[34->0] [32.38062970357433] (SHORTER)
[34->1] [32.96310279691522] (LONGER)
[34->2] [30.32922288816514] (LONGER)
[34->3] [31.9030248252419] (LONGER)
[34->33] [2.527128981914919] (LONGER)
[35->0] [30.08244991685351] (PRESERVED)
[35->1] [30.85686016107277] (LONGER)
[35->2] [31.22101157874294] (LONGER)
[35->3] [32.93518905365507] (LONGER)
[35->34] [4.147724103975727] (LONGER)
[36->0] [32.01573717720709] (PRESERVED)
[36->1] [32.85384825252591] (LONGER)
[36->2] [29.11969704512738] (LONGER)
[36->3] [33.66868438178125] (LONGER)
[36->35] [4.834201959903047] (LONGER)
[37->0] [31.62433075971728] (PRESERVED)
[37->1] [32.3898229695687] (LONGER)
[37->2] [30.0093781175152] (LONGER)
[37->3] [32.47804256724843] (LONGER)
[37->36] [2.394482372001113] (LONGER)
[38->0] [32.21250904540035] (PRESERVED)
[38->1] [30.46673771508856] (LONGER)
[38->2] [31.22562063434449] (LONGER)
[38->3] [30.31255630922605] (LONGER)
[38->37] [4.882281767780324] (LONGER)
[39->0] [31.27073179508276] (PRESERVED)
[39->1] [32.42475268988186] (PRESERVED)
[39->2] [31.0094715208112] (PRESERVED)
[39->3] [30.17537850632531] (PRESERVED)
[39->38] [3.288429242547781] (PRESERVED)
[40->0] [32.07243372430599] (SHORTER)
[40->1] [33.56563118727249] (LONGER)
[40->2] [30.7562754572136] (LONGER)
[40->3] [32.49348288503403] (LONGER)
[40->39] [3.190467819483783] (PRESERVED)
[41->0] [32.7626310909243] (PRESERVED)
[41->1] [32.07300188632178] (LONGER)
[41->2] [31.35083365717728] (LONGER)
[41->3] [32.36451802514599] (LONGER)
[41->40] [2.80355444124626] (LONGER)
[42->0] [31.42064283238012] (LONGER)
[42->1] [33.15828566135468] (LONGER)
[42->2] [30.37520299520647] (LONGER)
[42->3] [31.27194968338239] (LONGER)
[42->41] [3.059035088473099] (LONGER)
[43->0] [32.24560066117548] (PRESERVED)
[43->1] [31.17629259549635] (LONGER)
[43->2] [29.39592235327886] (LONGER)
[43->3] [31.55424977716947] (LONGER)
[43->42] [3.318649754790284] (LONGER)
[44->0] [32.24197135722319] (SHORTER)
[44->1] [31.66222868024296] (LONGER)
[44->2] [29.25203712564306] (LONGER)
[44->3] [30.36856723653586] (LONGER)
[44->43] [1.636262439590534] (LONGER)
[45->0] [31.73716895061687] (PRESERVED)
[45->1] [32.5217214027794] (LONGER)
[45->2] [31.89416548524196] (LONGER)
[45->3] [31.73465292074265] (LONGER)
[45->44] [3.383041929026878] (LONGER)
[46->0] [31.66107480803518] (PRESERVED)
[46->1] [31.4530591516946] (LONGER)
[46->2] [32.80853622153845] (LONGER)
[46->3] [32.18128423478468] (LONGER)
[46->45] [2.131251848878912] (LONGER)
[47->0] [33.59427168432143] (PRESERVED)
[47->1] [34.72570794094772] (LONGER)
[47->2] [32.56432469743538] (LONGER)
[47->3] [31.94354966186443] (LONGER)
[47->46] [4.388655712927278] (LONGER)
[48->0] [32.0491641388664] (PRESERVED)
[48->1] [32.43105314355365] (LONGER)
[48->2] [30.59859988626931] (LONGER)
[48->3] [31.9584912190798] (LONGER)
[48->47] [3.060799646054089] (LONGER)
[49->0] [33.16729692030992] (PRESERVED)
[49->1] [32.82763879720866] (LONGER)
[49->2] [30.91795714467565] (LONGER)
[49->3] [31.05469272106875] (LONGER)
[49->48] [2.049773018782282] (LONGER)
[50->0] [34.12004866643657] (PRESERVED)
[50->1] [33.92100875563697] (LONGER)
[50->2] [31.55435599089293] (LONGER)
[50->3] [30.96372813470627] (LONGER)
[50->49] [1.431439681591579] (LONGER)
[51->0] [32.56104648195448] (PRESERVED)
[51->1] [32.5707719282181] (LONGER)
[51->2] [31.0509215805264] (LONGER)
[51->3] [30.81776281627204] (LONGER)
[51->50] [1.859880861697269] (LONGER)
[52->0] [32.99330789720849] (PRESERVED)
[52->1] [32.81290084707537] (LONGER)
[52->2] [30.34272682209034] (LONGER)
[52->3] [31.29206031887323] (LONGER)
[52->51] [1.484577690744405] (LONGER)
[53->0] [34.01488994543419] (PRESERVED)
[53->1] [32.94195067083916] (LONGER)
[53->2] [31.61872247577375] (LONGER)
[53->3] [33.52023396398062] (LONGER)
[53->52] [2.526748244590118] (LONGER)
[54->0] [33.63901808911787] (PRESERVED)
[54->1] [33.62423703223613] (LONGER)
[54->2] [32.87486789327069] (LONGER)
[54->3] [34.90457395528556] (LONGER)
[54->53] [2.182184242769533] (LONGER)
[55->0] [31.76721333387617] (PRESERVED)
[55->1] [31.12807075615191] (LONGER)
[55->2] [30.95869021777246] (LONGER)
[55->3] [32.55390096440056] (LONGER)
[55->54] [2.812435098552012] (LONGER)
[56->0] [33.91586475382871] (PRESERVED)
[56->1] [32.4044444791143] (LONGER)
[56->2] [32.14312895472376] (LONGER)
[56->3] [33.49224968556161] (LONGER)
[56->55] [2.162922780098859] (LONGER)
[57->0] [33.87536399804436] (PRESERVED)
[57->1] [33.17153382043103] (LONGER)
[57->2] [32.14659653835845] (LONGER)
[57->3] [30.8763812160687] (LONGER)
[57->56] [3.676435529795346] (LONGER)
[58->0] [33.0996315538406] (PRESERVED)
[58->1] [34.36919645554723] (LONGER)
[58->2] [30.4884715261359] (LONGER)
[58->3] [30.85380093278623] (LONGER)
[58->57] [3.448425396254196] (LONGER)
[59->0] [33.22602808040708] (PRESERVED)
[59->1] [34.15481913288373] (LONGER)
[59->2] [31.86289090776291] (LONGER)
[59->3] [32.96657787820872] (LONGER)
[59->58] [2.731532727353324] (LONGER)
[60->0] [34.26091735491038] (PRESERVED)
[60->1] [32.07532727814325] (LONGER)
[60->2] [30.28234315570709] (LONGER)
[60->3] [30.50257236693325] (LONGER)
[60->59] [4.514481129790405] (LONGER)
[61->0] [31.70875573087031] (PRESERVED)
[61->1] [31.66272003476643] (LONGER)
[61->2] [31.30700511067771] (LONGER)
[61->3] [31.28082820195143] (LONGER)
[61->60] [3.930967340300846] (LONGER)
[62->0] [31.00588727967641] (PRESERVED)
[62->1] [31.72992369987675] (LONGER)
[62->2] [31.47550077441184] (LONGER)
[62->3] [32.23348499619612] (LONGER)
[62->61] [1.624509628045888] (LONGER)
[63->0] [32.82628413329781] (LONGER)
[63->1] [32.1902471565535] (LONGER)
[63->2] [31.46248500992888] (LONGER)
[63->3] [33.30966614963291] (LONGER)
[63->62] [2.322173723470672] (LONGER)
[64->0] [31.86794425437575] (LONGER)
[64->1] [32.34525159895963] (LONGER)
[64->2] [31.56879687286168] (LONGER)
[64->3] [32.39884050394398] (LONGER)
[64->63] [1.712446548012921] (LONGER)
[65->0] [30.24733725470724] (SHORTER)
[65->1] [30.91535817356805] (LONGER)
[65->2] [30.22340556588551] (LONGER)
[65->3] [33.25505907377103] (LONGER)
[65->64] [3.110837043407519] (LONGER)
[66->0] [31.63935866922717] (PRESERVED)
[66->1] [32.5221032683927] (LONGER)
[66->2] [33.43460216601957] (LONGER)
[66->3] [32.48337325463597] (LONGER)
[66->65] [4.792128841841667] (LONGER)
[67->0] [31.80250821869243] (PRESERVED)
[67->1] [34.09837469733714] (LONGER)
[67->2] [32.76851205044257] (LONGER)
[67->3] [33.61574143165668] (LONGER)
[67->66] [3.053373563904053] (LONGER)
[68->0] [32.90875745147483] (PRESERVED)
[68->1] [32.87406283074851] (LONGER)
[68->2] [31.91967111359388] (LONGER)
[68->3] [33.48370953165135] (LONGER)
[68->67] [2.757032903666822] (LONGER)
[69->0] [33.3168320372751] (SHORTER)
[69->1] [32.43053026085142] (LONGER)
[69->2] [30.51019908161859] (LONGER)
[69->3] [31.68974641741394] (LONGER)
[69->68] [2.526645524473603] (LONGER)
[70->0] [31.38674624742107] (PRESERVED)
[70->1] [30.3701422782311] (LONGER)
[70->2] [30.59258493491519] (LONGER)
[70->3] [33.68308796710895] (LONGER)
[70->69] [4.402491651147656] (LONGER)
[71->0] [31.81099869541979] (PRESERVED)
[71->1] [30.88296731209617] (LONGER)
[71->2] [32.80239236702104] (LONGER)
[71->3] [33.21498500677066] (LONGER)
[71->70] [3.243638338205072] (LONGER)
[72->0] [33.29784167179608] (LONGER)
[72->1] [34.08383517152964] (LONGER)
[72->2] [31.86219871571954] (LONGER)
[72->3] [32.21678278475366] (LONGER)
[72->71] [4.90846342990774] (LONGER)
[73->0] [33.40335123905984] (PRESERVED)
[73->1] [33.82461106945653] (LONGER)
[73->2] [31.35479910635691] (LONGER)
[73->3] [31.48421120180717] (LONGER)
[73->72] [0.9581388588770164] (LONGER)
[74->0] [33.12161757825243] (PRESERVED)
[74->1] [32.12985354775213] (LONGER)
[74->2] [31.1799822001232] (LONGER)
[74->3] [31.30867448487719] (LONGER)
[74->73] [2.070198312274887] (LONGER)
[75->0] [33.54775612466502] (PRESERVED)
[75->1] [31.55267492622456] (LONGER)
[75->2] [31.27867919206309] (LONGER)
[75->3] [34.54582495758352] (LONGER)
[75->74] [4.323262039426351] (LONGER)
[76->0] [31.5146594777732] (PRESERVED)
[76->1] [32.30743629568897] (LONGER)
[76->2] [31.21780272536809] (LONGER)
[76->3] [32.42281765979015] (LONGER)
[76->75] [3.928075075631852] (LONGER)
[77->0] [32.82076738895665] (LONGER)
[77->1] [32.79922252127327] (LONGER)
[77->2] [33.95931673340912] (LONGER)
[77->3] [31.28100939867511] (LONGER)
[77->76] [4.668927836971228] (LONGER)
[78->0] [32.56053809444801] (PRESERVED)
[78->1] [33.61061830731472] (LONGER)
[78->2] [29.41325160535638] (LONGER)
[78->3] [30.87982163160921] (LONGER)
[78->77] [6.498915444913933] (LONGER)
[79->0] [30.72377069957397] (PRESERVED)
[79->1] [31.7406416759334] (LONGER)
[79->2] [31.96004698056623] (LONGER)
[79->3] [31.12530454469483] (LONGER)
[79->78] [5.105840322383296] (LONGER)
[80->0] [34.3091204638067] (PRESERVED)
[80->1] [32.98705499131439] (LONGER)
[80->2] [33.15758166694309] (LONGER)
[80->3] [33.85168492113797] (LONGER)
[80->79] [4.18439150660757] (LONGER)
[81->0] [32.714312448835] (PRESERVED)
[81->1] [33.05573845794403] (LONGER)
[81->2] [33.63753287623813] (LONGER)
[81->3] [33.15637525424031] (LONGER)
[81->80] [2.547517339141475] (LONGER)
[82->0] [31.26466801359004] (PRESERVED)
[82->1] [32.83901676359997] (LONGER)
[82->2] [29.73970220093] (LONGER)
[82->3] [33.51435276116787] (LONGER)
[82->81] [5.628211805786415] (LONGER)
[83->0] [33.528150306869] (PRESERVED)
[83->1] [33.50029980462862] (LONGER)
[83->2] [30.03561479310853] (LONGER)
[83->3] [31.94507558294393] (LONGER)
[83->82] [3.876852259890082] (LONGER)
[84->0] [34.50492175038222] (PRESERVED)
[84->1] [31.69229276969402] (LONGER)
[84->2] [30.33511789988626] (LONGER)
[84->3] [31.23718130689771] (LONGER)
[84->83] [3.48661759033521] (LONGER)
[85->0] [32.53638775279149] (PRESERVED)
[85->1] [32.96281808341028] (LONGER)
[85->2] [33.03019568516058] (LONGER)
[85->3] [33.06046450066907] (LONGER)
[85->84] [5.265390400637819] (LONGER)
[86->0] [30.73958288591437] (PRESERVED)
[86->1] [33.43409867186492] (LONGER)
[86->2] [32.42202721916075] (LONGER)
[86->3] [31.45880450684674] (LONGER)
[86->85] [3.001408472966972] (LONGER)
[87->0] [33.72699177216967] (PRESERVED)
[87->1] [31.71266377963227] (LONGER)
[87->2] [33.59924259563005] (LONGER)
[87->3] [33.43727014874269] (LONGER)
[87->86] [5.581532173262905] (LONGER)
[88->0] [32.00477908063106] (PRESERVED)
[88->1] [32.51313266973824] (LONGER)
[88->2] [31.41634789405033] (LONGER)
[88->3] [32.37432456438281] (LONGER)
[88->87] [3.793225956594438] (LONGER)
[89->0] [32.38186793562101] (PRESERVED)
[89->1] [32.74980071695094] (SHORTER)
[89->2] [32.10252940190227] (PRESERVED)
[89->3] [31.86721550433926] (PRESERVED)
[89->88] [1.388930548836383] (PRESERVED)
[90->0] [32.45536223800313] (PRESERVED)
[90->1] [31.80507968862835] (LONGER)
[90->2] [31.10209412563728] (LONGER)
[90->3] [31.97103112193912] (LONGER)
[90->89] [1.686099667250196] (PRESERVED)
[91->0] [32.0398247654384] (PRESERVED)
[91->1] [30.71098150499263] (LONGER)
[91->2] [31.24262143290798] (LONGER)
[91->3] [33.33373015430467] (LONGER)
[91->90] [2.398362609019369] (LONGER)
[92->0] [35.05901905359018] (SHORTER)
[92->1] [32.13065587565869] (LONGER)
[92->2] [30.89948756856658] (LONGER)
[92->3] [32.53133348020029] (LONGER)
[92->91] [4.25958266360943] (LONGER)
[93->0] [33.47911014349096] (PRESERVED)
[93->1] [31.99963577917724] (LONGER)
[93->2] [33.39664547525695] (LONGER)
[93->3] [33.78174470035555] (LONGER)
[93->92] [4.395871952452184] (LONGER)
[94->0] [32.29497722556868] (PRESERVED)
[94->1] [32.06331873028743] (LONGER)
[94->2] [30.94941532565681] (LONGER)
[94->3] [33.00644593106022] (LONGER)
[94->93] [3.16725595431134] (LONGER)
[95->0] [31.40459538029427] (PRESERVED)
[95->1] [31.97284877829936] (LONGER)
[95->2] [31.55585368834126] (LONGER)
[95->3] [33.83148397572889] (LONGER)
[95->94] [1.804682042484522] (LONGER)
[96->0] [32.83318514856577] (PRESERVED)
[96->1] [33.5339042015689] (LONGER)
[96->2] [31.34944886277907] (LONGER)
[96->3] [31.88900666373916] (LONGER)
[96->95] [3.803233954110188] (LONGER)
[97->0] [31.3806840588283] (PRESERVED)
[97->1] [32.92525999897344] (LONGER)
[97->2] [32.26014006479203] (LONGER)
[97->3] [34.66790211420355] (LONGER)
[97->96] [4.384842009366319] (LONGER)
[98->0] [32.46681302499524] (PRESERVED)
[98->1] [31.19906488983284] (PRESERVED)
[98->2] [31.57740424734117] (LONGER)
[98->3] [33.4144714607309] (SHORTER)
[98->97] [3.376201383129134] (PRESERVED)
[99->0] [34.85063284934722] (PRESERVED)
[99->1] [33.06727814622788] (LONGER)
[99->2] [31.27583068441189] (LONGER)
[99->3] [33.39953213744168] (LONGER)
[99->98] [3.366268761299698] (SHORTER)

Long edges	375 of 484 [77.48%]
Short edges	15 of 484 [3.10%]
Preserved edges	94 of 484 [19.42%]

Polyhedra	96

CA	7.73497e+06
RMS Absolute	27.8118
CR	7243.59
RMS Relative	0.855381

Projection Mode	Minimum Distance

Optimization Runtime	0

Lambda, uppercase (Λ) lowercase (λ)	1

Using Minimum Distance?	YES
Using Minimum Perimeter?	NO
Using Minimum Area?	NO

Iterations	1
Sammon's stress	0.733102
