Using	PP Digraph

Executed in	4.35011 seconds

Intrinsic Dimensionality	9

Reordered	YES

Number of nodes	100
Number of edges	924

Is PP Digraph directed?	YES
Is PP Digraph connected??	NO

Nodes:
0 [#0] at {13.5818, 16.1331, 3.8885, 15.7955, 5.4006, 2.8318, 13.5159, 11.7278, -10.4392}
89 [#1] at {22.1342, 19.9624, 4.2056, 11.0800, -8.7354, -1.2336, 16.4361, -3.0513, -21.5486}
98 [#2] at {28.2747, 10.3696, -3.3714, 12.6845, 6.5610, 1.1236, 8.9147, 14.4339, -27.1099}
27 [#3] at {24.7255, 12.2646, 9.7563, 11.9475, 5.2581, -1.1991, 14.5428, -11.1389, -28.8457}
39 [#4] at {9.3512, 15.8020, -12.5945, 0.9126, -0.1593, 6.2990, 0.9958, 8.0051, -28.0367}
21 [#5] at {25.6280, 16.0706, 14.8720, -3.5425, 11.4533, -7.0962, 11.0983, 5.2373, -21.1000}
80 [#6] at {10.4970, 19.5100, 20.8267, 2.6349, -0.5420, 0.3790, 5.9613, -9.5230, -29.0434}
78 [#7] at {8.8383, 11.5978, -4.8287, 13.8743, 13.3979, -5.5380, 10.7217, 7.5163, -22.5934}
67 [#8] at {15.2122, -5.3725, 10.2787, 9.7363, -5.9430, 4.3589, -5.6515, 6.6876, -26.1922}
60 [#9] at {27.4880, 13.6265, -0.7775, -1.0459, 0.3025, 9.1494, 10.7603, -3.1298, -33.2037}
26 [#10] at {27.8548, 11.8235, 14.7265, 7.9391, 14.8685, 4.8383, 9.0253, -4.1757, -18.4949}, [FLIPPED]
81 [#11] at {1.7583, 11.0754, 6.0810, 16.2285, 13.3662, 6.6598, 3.4809, -8.5798, -25.6503}, [FLIPPED]
41 [#12] at {20.7544, 6.4930, 11.2251, 20.5802, 0.0825, 8.2161, 8.7702, 12.1807, -19.0514}, [FLIPPED]
44 [#13] at {14.7076, 19.1280, 9.4563, -3.9015, 4.6401, -11.3291, 2.2092, 10.9595, -14.3586}, [FLIPPED]
43 [#14] at {12.1151, 21.9403, 0.6174, -2.1907, -7.4463, 3.1774, 11.7029, 11.5503, -23.9441}, [FLIPPED]
72 [#15] at {12.4425, 20.8950, 4.8859, 4.6169, 14.4188, 5.6936, -10.6040, -0.5482, -12.5983}, [FLIPPED]
73 [#16] at {6.6258, 1.9826, 6.8381, 8.2636, -3.7152, 6.4897, 17.6873, 9.5405, -25.8070}, [FLIPPED]
63 [#17] at {19.4494, 0.7759, 14.6881, 11.6515, 16.5056, 4.3984, -9.7599, 0.2232, -20.8035}, [FLIPPED]
52 [#18] at {-0.4448, 10.6426, 18.3559, 1.6207, 1.6594, 10.6780, 3.0313, -2.7873, -28.9148}, [FLIPPED]
55 [#19] at {14.3061, 6.0168, 3.1531, 5.2522, 18.5415, -1.9475, -6.4576, 7.8360, -31.1480}, [FLIPPED]
92 [#20] at {12.2816, 18.9599, 3.9942, 3.9004, 16.6077, 18.1038, 10.1996, -1.1551, -18.7533}, [FLIPPED]
70 [#21] at {12.0473, 16.8259, 19.0849, -3.3285, 4.4555, 8.1175, 6.9534, 12.9621, -12.0415}, [FLIPPED]
10 [#22] at {19.2863, 1.8654, -4.7404, 3.3023, 9.5826, -1.5269, -2.1849, 15.8262, -18.8577}, [FLIPPED]
93 [#23] at {21.0030, -1.3927, -0.2218, 15.6447, 9.0868, -5.5289, 2.2895, -0.9441, -28.0451}, [FLIPPED]
85 [#24] at {18.3204, 11.3559, 5.7720, -6.4682, 13.1868, 8.3369, 16.5323, 11.3074, -25.0547}, [FLIPPED]
13 [#25] at {5.5906, 7.4508, 3.4818, 12.3119, -0.8707, -7.7673, 14.0697, -2.5528, -16.2780}, [FLIPPED]
94 [#26] at {5.1181, 14.3088, 6.8698, 1.1229, -7.7039, -6.3231, 1.8456, 10.3142, -31.0633}, [FLIPPED]
42 [#27] at {15.8150, -0.1967, 15.3505, -7.6433, -4.2708, 3.8704, 7.5511, 6.7800, -16.4581}, [FLIPPED]
49 [#28] at {12.5207, 16.2434, 4.6401, -5.1245, -4.7314, 9.3743, -3.8515, 13.2070, -11.4541}, [FLIPPED]
25 [#29] at {23.2607, 23.9062, 10.3130, 12.6073, -2.9893, 10.0157, -2.2014, 1.9725, -12.0468}, [FLIPPED]
22 [#30] at {26.1662, 9.7806, 16.6102, 9.1867, -1.9226, -9.3473, -0.9365, 10.8046, -19.3769}, [FLIPPED]
45 [#31] at {18.4054, 11.7454, 11.4989, -8.1606, 16.6632, 4.2323, -0.1052, -5.9958, -29.2799}, [FLIPPED]
28 [#32] at {11.0058, 6.5164, 0.9285, 6.7264, 12.0325, 20.6695, -4.3731, 11.2987, -24.6350}, [FLIPPED]
34 [#33] at {29.3785, -0.4737, 19.8149, 7.2518, 2.1779, 5.9322, 0.9310, 7.3003, -18.7364}, [FLIPPED]
90 [#34] at {21.2261, 4.9273, 6.8480, 5.9096, 4.2026, -0.7865, -13.8754, -7.6887, -19.0457}, [FLIPPED]
1 [#35] at {6.5952, 25.9425, 17.1619, 6.4293, 13.3660, 5.7465, 6.4159, 9.2111, -24.5786}, [FLIPPED]
96 [#36] at {10.0177, 23.3122, 0.0840, 2.1411, 11.2984, -2.9858, 12.4608, 6.4366, -11.3129}, [FLIPPED]
91 [#37] at {2.6067, 9.6130, 9.4861, 10.5915, 5.4184, -2.5377, -3.3939, 16.0744, -14.1126}, [FLIPPED]
56 [#38] at {27.3294, 11.9866, 16.8286, -5.3643, -4.9630, -1.5573, -2.0094, -3.7530, -25.3780}, [FLIPPED]
16 [#39] at {12.3736, 19.4973, 10.4189, 2.7974, 11.0167, 8.3153, 7.5160, -11.9174, -13.4497}, [FLIPPED]
61 [#40] at {11.4704, -0.8141, 15.0773, 1.0929, 13.3952, -1.7310, 1.5468, -2.3653, -33.4651}, [FLIPPED]
38 [#41] at {2.8668, 3.4195, 5.5334, -9.1627, 4.5150, 4.2976, -4.8747, -4.8857, -18.6814}, [FLIPPED]
77 [#42] at {11.5321, 6.3380, 1.3818, 5.9356, -12.6439, -2.2047, 0.4667, 1.4683, -7.6250}, [FLIPPED]
14 [#43] at {-2.6330, 10.4474, -2.3024, -2.1138, 3.3903, -2.9089, 4.5942, -1.4305, -23.5311}, [FLIPPED]
12 [#44] at {19.9651, 10.2361, -10.6964, 1.3506, 11.0986, 2.3631, 11.4267, 0.2068, -22.5668}, [FLIPPED]
7 [#45] at {9.8084, 8.6918, -2.9627, 0.8940, 1.3282, -3.0852, -12.0374, 1.6453, -13.3110}, [FLIPPED]
57 [#46] at {20.0941, 10.1929, -6.1293, 13.7785, 7.8066, 10.0100, 0.4929, -10.0157, -20.4752}, [FLIPPED]
6 [#47] at {9.2774, -5.3566, 1.5514, 2.7581, -0.1766, 12.6100, 1.9328, -4.3273, -27.1961}, [FLIPPED]
18 [#48] at {14.2921, 2.4663, 12.2121, 11.7848, 1.5425, 3.3312, 8.2324, -12.5664, -12.2120}, [FLIPPED]
86 [#49] at {8.1159, -1.3727, -0.1764, -4.8493, -3.8895, -4.0046, 3.4319, 7.4367, -15.7699}, [FLIPPED]
65 [#50] at {9.1879, 18.6011, 20.4168, 14.2452, -5.4448, 5.7460, -3.6945, -0.1323, -17.0640}, [FLIPPED]
75 [#51] at {8.1022, 6.2925, 19.2883, 12.8415, -5.3616, 9.3155, 10.9008, 2.5489, -15.3476}, [FLIPPED]
31 [#52] at {8.9085, -5.0880, 2.0337, 12.9762, 4.9462, 11.8983, 2.7316, -2.0277, -18.0807}, [FLIPPED]
99 [#53] at {13.1940, 22.8038, 4.5733, 10.6605, 3.7675, 15.3672, 10.5275, 4.7623, -33.5336}, [FLIPPED]
29 [#54] at {9.4815, 6.9839, 12.8317, -13.0178, 10.4560, 2.6446, -3.2145, 11.6591, -22.4875}, [FLIPPED]
83 [#55] at {18.6578, 16.6031, 16.5490, 16.8888, 2.6298, 8.1215, -3.0366, -4.1055, -31.1725}, [FLIPPED]
84 [#56] at {6.4825, 9.2254, 13.1516, 15.7139, -2.1002, 4.7166, 6.1631, 10.7680, -34.0254}, [FLIPPED]
71 [#57] at {20.6220, 22.5083, 13.8448, -4.7869, -5.2308, 3.9645, 14.5355, 7.8480, -22.4619}, [FLIPPED]
95 [#58] at {5.2189, 15.7753, 3.3470, 12.0315, 0.1114, 12.5887, 7.0355, 1.9070, -7.3043}, [FLIPPED]
11 [#59] at {27.7233, 10.0831, 13.2511, 12.1365, 10.1050, 12.2948, 4.1477, 6.3629, -35.7980}, [FLIPPED]
47 [#60] at {15.2535, 22.9312, 4.8745, -8.6024, -0.2882, 4.6973, -5.2294, -5.4717, -24.3541}, [FLIPPED]
48 [#61] at {28.0102, 7.0231, 11.2514, -5.8107, 12.0282, 13.5837, -0.2238, -1.4968, -16.3474}, [FLIPPED]
76 [#62] at {16.2263, -2.6700, 11.1380, 2.8295, -5.8301, -10.5659, 6.0135, -0.3606, -25.6703}, [FLIPPED]
88 [#63] at {22.0008, 6.6367, 2.5694, 2.7660, -10.0899, 16.8317, -0.2010, 6.9546, -16.7538}, [FLIPPED]
30 [#64] at {16.0876, 27.6155, 7.7305, 8.7061, 12.2282, -2.3207, 0.2539, -6.8521, -29.6270}, [FLIPPED]
58 [#65] at {21.5476, 13.7671, 5.2272, 19.0978, -10.5492, -3.0558, 0.8697, 6.1602, -24.2655}, [FLIPPED]
15 [#66] at {4.4133, 3.3722, -4.0258, 2.8538, 13.0497, 8.1630, 8.4876, 5.9242, -32.9794}, [FLIPPED]
69 [#67] at {28.7685, 9.1846, 3.6494, 0.2905, -1.6702, -0.8787, 2.6674, 16.7750, -26.7219}, [FLIPPED]
19 [#68] at {27.4377, 4.7835, 5.4406, 2.8724, 3.4255, -4.7417, 4.4896, 1.1372, -5.8365}, [FLIPPED]
62 [#69] at {23.5207, 18.3387, -3.7534, -0.5565, 12.8123, -3.3621, -7.6841, 1.9802, -25.7650}, [FLIPPED]
23 [#70] at {11.7649, 4.7377, 12.3430, -4.7412, -3.4358, 13.6702, 16.8840, -5.3752, -22.7810}, [FLIPPED]
53 [#71] at {9.9000, 13.1102, 14.2670, 8.8795, 11.4193, -11.3876, -5.6554, 9.0628, -25.7967}, [FLIPPED]
50 [#72] at {7.5698, 16.1206, 9.1623, 4.1051, -0.5193, -0.7360, -11.7236, 12.7365, -26.7463}, [FLIPPED]
33 [#73] at {15.5169, 14.4479, 9.7457, 4.0754, 5.0423, 8.6147, -10.8144, 9.2803, -36.2086}, [FLIPPED]
68 [#74] at {12.2558, 10.1966, 8.2939, 11.7084, 14.0987, -12.3197, 0.3132, -4.2479, -13.1226}, [FLIPPED]
54 [#75] at {11.4878, 0.9367, 8.6016, 8.9718, 19.3537, 5.0272, 8.7822, 4.0022, -12.8223}, [FLIPPED]
51 [#76] at {13.6948, 21.4472, 8.2868, -8.0047, -1.5443, -6.0034, 4.0086, -8.6639, -16.5407}, [FLIPPED]
79 [#77] at {9.0032, 15.8830, 1.6175, 2.6744, 5.6202, -3.1074, 15.4420, -3.7281, -34.1963}, [FLIPPED]
97 [#78] at {21.4667, 22.4709, 5.6300, 9.8681, 13.1968, 6.2690, 0.6397, 16.3898, -23.7750}, [FLIPPED]
40 [#79] at {4.9915, 19.1297, -0.4539, 18.7490, 0.2319, 1.3799, -5.7345, 0.5088, -16.7947}, [FLIPPED]
46 [#80] at {24.9819, 18.4928, 19.9251, -0.9669, 2.0322, 13.9503, -1.8746, 3.7793, -19.2857}, [FLIPPED]
20 [#81] at {21.8137, 11.8909, -0.1825, -5.2889, -5.8957, 0.9516, -6.6613, 7.0173, -28.8616}, [FLIPPED]
24 [#82] at {5.6026, 8.2279, 23.4050, -0.3528, 4.8329, -2.9540, -2.6381, -5.3730, -16.0842}, [FLIPPED]
5 [#83] at {13.2227, 15.1915, 5.4089, 8.6885, -1.2030, -16.6561, 4.3675, 2.3010, -28.4709}, [FLIPPED]
9 [#84] at {17.6997, 3.9741, 2.7731, -4.7533, 3.9054, -1.0257, -1.5321, -2.4761, -39.5842}, [FLIPPED]
66 [#85] at {7.6624, 5.4879, 21.0122, 6.2443, 9.0250, -1.7052, 9.5651, 7.6343, -13.7899}, [FLIPPED]
37 [#86] at {13.0079, 10.1215, 14.0095, -2.4026, -7.4855, 14.0762, 2.2770, 8.7004, -32.5683}, [FLIPPED]
87 [#87] at {9.5723, 19.7611, -4.3556, 8.7065, -9.9704, 7.0502, 3.6261, -5.8037, -25.0742}, [FLIPPED]
4 [#88] at {14.8350, 7.4415, -0.6187, 3.6646, -9.8768, -2.0248, -2.0363, -13.4544, -25.1516}, [FLIPPED]
35 [#89] at {12.8666, 3.7532, 3.2893, -6.3288, 9.9175, -2.7508, 12.2534, -5.0670, -12.6152}, [FLIPPED]
8 [#90] at {26.4357, 17.0319, 2.2650, 14.4198, 6.1375, -1.9547, -2.8112, -3.4935, -11.4600}, [FLIPPED]
64 [#91] at {12.3685, 7.3324, 5.3731, 2.6134, 7.8528, 12.7242, 13.3041, 18.6168, -14.0136}, [FLIPPED]
82 [#92] at {14.1638, 6.8090, 3.1536, 12.3235, 0.3422, 13.7027, -11.6202, 6.4805, -17.2046}, [FLIPPED]
17 [#93] at {10.7586, 7.8624, 13.6343, -1.7452, 8.0859, 14.4236, -3.6918, 2.6599, -6.7721}, [FLIPPED]
74 [#94] at {14.7912, 9.1728, 5.6214, 6.0081, -4.5413, 16.2749, 3.2420, -11.3697, -27.9872}, [FLIPPED]
3 [#95] at {0.9591, 20.4133, 3.9166, 3.3527, 6.0707, 15.9240, -2.1405, 0.7404, -27.1454}, [FLIPPED]
2 [#96] at {21.4131, 16.7328, -0.6016, -1.0823, -2.4974, 4.1680, 10.7766, -2.1197, -7.2168}, [FLIPPED]
32 [#97] at {11.7857, 8.1847, 15.2071, 2.1323, 8.6400, -5.0849, 18.4142, 8.8129, -30.4889}, [FLIPPED]
36 [#98] at {25.0708, -0.4796, 6.5110, -0.6997, 0.5959, 5.8058, 14.3727, 0.7548, -23.3370}, [FLIPPED]
59 [#99] at {25.4892, 8.7984, -4.5642, -4.7069, 9.4791, 11.5991, 0.4722, 2.3083, -14.5773}, [FLIPPED]

Flips	90 out of 100 [90.00%]

Edges:
[1->0] [26.01668610462379] (LONGER)
[2->0] [24.9430356434827] (LONGER)
[2->1] [28.67894080367466] (PRESERVED)
[3->0] [32.67102240161062] (PRESERVED)
[3->2] [29.74580768106409] (PRESERVED)
[4->0] [32.16232578131243] (PRESERVED)
[4->3] [38.81296570408031] (PRESERVED)
[5->0] [30.6028444144991] (LONGER)
[5->4] [38.87663700295665] (LONGER)
[6->0] [37.10979983747844] (PRESERVED)
[6->5] [28.66209151228235] (PRESERVED)
[7->0] [20.7371590932743] (PRESERVED)
[7->6] [37.86568385416247] (LONGER)
[8->0] [36.25823895102795] (LONGER)
[8->7] [36.43783338669748] (LONGER)
[9->0] [36.29791098807515] (PRESERVED)
[9->1] [24.4587050955696] (PRESERVED)
[9->2] [25.67262404070861] (PRESERVED)
[9->3] [22.76766660342145] (LONGER)
[9->4] [27.04672957894892] (LONGER)
[9->5] [29.41865056211007] (LONGER)
[9->6] [31.02327176551726] (LONGER)
[9->7] [34.69986908673413] (LONGER)
[9->8] [35.02856273929292] (PRESERVED)
[10->0] [28.86384571214067] (LONGER)
[10->1] [29.64857011782479] (PRESERVED)
[10->2] [29.2523363107014] (PRESERVED)
[10->3] [19.12152245716257] (PRESERVED)
[10->4] [41.05944341879269] (PRESERVED)
[10->5] [20.2145809497363] (PRESERVED)
[10->6] [28.85029894340155] (LONGER)
[10->7] [32.33442040857923] (LONGER)
[10->8] [36.11880362216483] (LONGER)
[10->9] [27.85126657539623] (LONGER)
[11->0] [31.51107203428845] (PRESERVED)
[11->1] [35.91921972168079] (LONGER)
[11->2] [37.99692513714739] (PRESERVED)
[11->3] [28.76399245847482] (PRESERVED)
[11->4] [33.66514559710296] (PRESERVED)
[11->5] [39.05660943963282] (PRESERVED)
[11->6] [28.3049195559557] (PRESERVED)
[11->7] [25.38910524158595] (PRESERVED)
[11->8] [34.73093155821326] (LONGER)
[11->10] [30.52785585622502] (LONGER)
[12->0] [19.371860738206] (LONGER)
[12->1] [28.05218744537175] (PRESERVED)
[12->2] [22.56754935402387] (LONGER)
[12->3] [30.23662256971322] (LONGER)
[12->4] [36.51340125042687] (LONGER)
[12->5] [33.64936117042058] (LONGER)
[12->6] [36.46195170891164] (LONGER)
[12->7] [29.58605067714193] (PRESERVED)
[12->8] [25.10638222829182] (LONGER)
[12->11] [33.29633751744694] (PRESERVED)
[13->0] [27.8228255213476] (LONGER)
[13->1] [32.23495759679751] (PRESERVED)
[13->2] [32.84527164320762] (LONGER)
[13->3] [36.77055473585508] (PRESERVED)
[13->4] [32.86705628829048] (LONGER)
[13->5] [19.48347450665414] (LONGER)
[13->6] [31.67131652313597] (LONGER)
[13->7] [29.55604470226024] (LONGER)
[13->8] [36.95111815496885] (LONGER)
[13->12] [35.6095343279568] (LONGER)
[14->0] [26.85032048122642] (PRESERVED)
[14->1] [23.57435832077886] (LONGER)
[14->2] [29.304071306305] (LONGER)
[14->3] [35.54565407642826] (LONGER)
[14->4] [20.8880102619384] (LONGER)
[14->5] [30.54706197739477] (LONGER)
[14->6] [31.60347417963101] (LONGER)
[14->7] [30.57692888572377] (LONGER)
[14->8] [36.3965247181817] (PRESERVED)
[14->13] [25.19056408819057] (LONGER)
[15->0] [31.25020310947492] (PRESERVED)
[15->1] [39.22596806846556] (LONGER)
[15->2] [37.32790049580912] (PRESERVED)
[15->3] [37.98344348222091] (LONGER)
[15->4] [31.83910541755055] (PRESERVED)
[15->5] [33.35485182520392] (PRESERVED)
[15->6] [33.78170807566388] (LONGER)
[15->7] [32.03776346817217] (PRESERVED)
[15->8] [37.82863088585955] (PRESERVED)
[15->14] [36.37135450698131] (LONGER)
[16->0] [25.86282175416475] (LONGER)
[16->1] [29.01293295849641] (LONGER)
[16->2] [29.99643713958218] (LONGER)
[16->3] [32.27693702232622] (LONGER)
[16->4] [30.47428471188227] (LONGER)
[16->5] [35.5278639421964] (PRESERVED)
[16->6] [33.29205684331703] (PRESERVED)
[16->7] [27.66599350626667] (PRESERVED)
[16->8] [26.53910768920716] (LONGER)
[16->15] [42.59984576976912] (PRESERVED)
[17->0] [36.21306890123777] (LONGER)
[17->1] [43.03340221080247] (LONGER)
[17->2] [34.60071172635778] (LONGER)
[17->3] [33.56292252606958] (LONGER)
[17->4] [41.19848073309548] (PRESERVED)
[17->5] [33.48043352035469] (PRESERVED)
[17->6] [35.5936443292947] (LONGER)
[17->7] [34.6385987149554] (LONGER)
[17->8] [25.89430144340221] (PRESERVED)
[17->16] [38.95445414632591] (LONGER)
[18->0] [37.0761398661791] (LONGER)
[18->1] [37.01804440620015] (PRESERVED)
[18->2] [43.23327238144354] (LONGER)
[18->3] [34.2498838130834] (PRESERVED)
[18->4] [34.99830783290005] (LONGER)
[18->5] [36.74826182249195] (PRESERVED)
[18->6] [19.24511635211701] (LONGER)
[18->7] [37.15883915498049] (LONGER)
[18->8] [30.05050520023652] (LONGER)
[18->17] [33.24924403706681] (LONGER)
[19->0] [35.39813818968181] (LONGER)
[19->1] [42.07341026228048] (PRESERVED)
[19->2] [27.58598972989252] (LONGER)
[19->3] [34.91986664794078] (PRESERVED)
[19->4] [29.49761138295054] (LONGER)
[19->5] [30.60426603265021] (LONGER)
[19->6] [36.6791887649596] (PRESERVED)
[19->7] [24.63436233107341] (LONGER)
[19->8] [29.44843341130109] (LONGER)
[19->18] [33.69846375008452] (LONGER)
[20->0] [27.4974294165277] (PRESERVED)
[20->1] [34.87379311018697] (PRESERVED)
[20->2] [34.12841995399913] (LONGER)
[20->3] [31.92876855543291] (PRESERVED)
[20->4] [31.27235662667011] (LONGER)
[20->5] [32.69539650190001] (LONGER)
[20->6] [33.02382470924336] (LONGER)
[20->7] [30.04708057436566] (LONGER)
[20->8] [41.71055965097864] (LONGER)
[20->19] [33.04368039337763] (LONGER)
[21->0] [25.99003098578485] (LONGER)
[21->1] [35.19606802957571] (LONGER)
[21->2] [36.77136477032143] (LONGER)
[21->3] [38.86138446219667] (PRESERVED)
[21->4] [37.01901300994074] (PRESERVED)
[21->5] [25.34042086194563] (LONGER)
[21->6] [30.47446090898563] (PRESERVED)
[21->7] [36.42896384414269] (PRESERVED)
[21->8] [35.66201814839781] (LONGER)
[21->20] [28.05146968597449] (LONGER)
[22->0] [28.9363739649696] (LONGER)
[22->1] [39.01426286117088] (PRESERVED)
[22->2] [21.26984822677322] (PRESERVED)
[22->3] [39.34612171810305] (PRESERVED)
[22->4] [25.92345798104968] (PRESERVED)
[22->5] [31.64827920509936] (LONGER)
[22->6] [44.28919033993848] (PRESERVED)
[22->7] [24.41088154411345] (LONGER)
[22->8] [27.58565578519519] (LONGER)
[22->21] [33.84236592067607] (LONGER)
[23->0] [32.54557720591342] (PRESERVED)
[23->1] [32.87269506715891] (PRESERVED)
[23->2] [23.27657697372792] (LONGER)
[23->3] [24.53028647777245] (LONGER)
[23->4] [33.29709407992994] (LONGER)
[23->5] [33.08217373948259] (PRESERVED)
[23->6] [37.08489235074362] (LONGER)
[23->7] [23.06685724212972] (PRESERVED)
[23->8] [25.35632871337364] (PRESERVED)
[23->22] [24.2538270042008] (PRESERVED)
[24->0] [29.29698588141433] (PRESERVED)
[24->1] [34.49146005292535] (LONGER)
[24->2] [26.80383532900438] (PRESERVED)
[24->3] [32.75401489537754] (PRESERVED)
[24->4] [30.5855330827783] (LONGER)
[24->5] [22.14042027064825] (PRESERVED)
[24->6] [35.3634257908814] (PRESERVED)
[24->7] [29.37533688963905] (LONGER)
[24->8] [38.32665029023548] (PRESERVED)
[24->23] [35.57530514586653] (LONGER)
[25->0] [23.27115129090836] (LONGER)
[25->1] [23.88393340487876] (LONGER)
[25->2] [33.71825898206465] (LONGER)
[25->3] [27.2289204974227] (LONGER)
[25->4] [33.03485967664258] (PRESERVED)
[25->5] [33.19632466725417] (PRESERVED)
[25->6] [30.12875833079532] (PRESERVED)
[25->7] [21.45445923427142] (LONGER)
[25->8] [32.48413064880994] (LONGER)
[25->24] [35.60046477556016] (PRESERVED)
[26->0] [33.43981961219864] (LONGER)
[26->1] [30.60675703244367] (LONGER)
[26->2] [33.64242757645231] (LONGER)
[26->3] [36.5345533751719] (PRESERVED)
[26->4] [25.10990044322487] (PRESERVED)
[26->5] [32.9820188488001] (PRESERVED)
[26->6] [27.63714819242566] (PRESERVED)
[26->7] [30.41213442269659] (PRESERVED)
[26->8] [28.02406063715907] (LONGER)
[26->25] [27.68209568495158] (LONGER)
[27->0] [33.81284616776402] (LONGER)
[27->1] [34.1846495263093] (PRESERVED)
[27->2] [36.46084608970025] (LONGER)
[27->3] [35.91241396707589] (PRESERVED)
[27->4] [36.78595667020507] (LONGER)
[27->5] [27.96404346063531] (LONGER)
[27->6] [31.70281652715614] (PRESERVED)
[27->7] [38.81921735657615] (PRESERVED)
[27->8] [25.04060941298045] (LONGER)
[27->26] [29.11443065595554] (LONGER)
[28->0] [29.82705938229389] (PRESERVED)
[28->1] [35.71279344964679] (LONGER)
[28->2] [35.62603642067486] (PRESERVED)
[28->3] [43.90379324543073] (LONGER)
[28->4] [26.45031703006067] (PRESERVED)
[28->5] [34.52975834733973] (PRESERVED)
[28->6] [36.84797632289306] (LONGER)
[28->7] [37.49200447662523] (LONGER)
[28->8] [31.88588403760997] (PRESERVED)
[28->27] [25.08103580942674] (PRESERVED)
[29->0] [25.9292046641904] (PRESERVED)
[29->1] [26.05572433597521] (LONGER)
[29->2] [32.73652595232427] (PRESERVED)
[29->3] [32.66022720416947] (LONGER)
[29->4] [35.28157010431335] (PRESERVED)
[29->5] [33.45905547320491] (PRESERVED)
[29->6] [31.284796603527] (LONGER)
[29->7] [37.54744915247713] (LONGER)
[29->8] [34.7162683713119] (PRESERVED)
[29->28] [25.56166284976567] (LONGER)
[30->0] [29.93008279163795] (PRESERVED)
[30->1] [29.80175371826028] (LONGER)
[30->2] [27.71144156668157] (PRESERVED)
[30->3] [31.48948265149053] (LONGER)
[30->4] [39.68454861971319] (LONGER)
[30->5] [23.82629524641152] (LONGER)
[30->6] [32.42887691291576] (PRESERVED)
[30->7] [34.51762499867741] (PRESERVED)
[30->8] [26.07014975743012] (LONGER)
[30->29] [27.72602043950458] (PRESERVED)
[31->0] [40.71568224228598] (LONGER)
[31->1] [39.01070693726584] (PRESERVED)
[31->2] [37.01476022994439] (PRESERVED)
[31->3] [29.1266222565] (LONGER)
[31->4] [35.3171546558069] (LONGER)
[31->5] [24.03469173201865] (PRESERVED)
[31->6] [26.202034152248] (LONGER)
[31->7] [35.97642451027661] (LONGER)
[31->8] [36.56815771281451] (PRESERVED)
[31->30] [36.08319706852796] (PRESERVED)
[32->0] [32.77219161315904] (LONGER)
[32->1] [43.5184818346593] (LONGER)
[32->2] [31.16974198698573] (PRESERVED)
[32->3] [41.58823116916978] (PRESERVED)
[32->4] [26.68390216475623] (PRESERVED)
[32->5] [40.80243677244649] (LONGER)
[32->6] [41.36870521043861] (LONGER)
[32->7] [32.40040150339985] (PRESERVED)
[32->8] [29.49583959349184] (PRESERVED)
[32->31] [32.34145672071068] (PRESERVED)
[33->0] [33.44829876155929] (PRESERVED)
[33->1] [35.41662545104459] (LONGER)
[33->2] [30.21568558779013] (PRESERVED)
[33->3] [31.54301938694937] (LONGER)
[33->4] [43.00162424900457] (PRESERVED)
[33->5] [28.24382130021715] (PRESERVED)
[33->6] [35.0855043835011] (LONGER)
[33->7] [39.83737037988229] (LONGER)
[33->8] [22.12498077450507] (PRESERVED)
[33->32] [33.71355901606803] (LONGER)
[34->0] [38.81202488717381] (PRESERVED)
[34->1] [37.07747942201875] (PRESERVED)
[34->2] [36.23080707880286] (PRESERVED)
[34->3] [32.05950241035746] (PRESERVED)
[34->4] [35.77384002049834] (PRESERVED)
[34->5] [34.41868931486844] (PRESERVED)
[34->6] [32.47422407242964] (PRESERVED)
[34->7] [36.79209926783631] (PRESERVED)
[34->8] [24.96911842104804] (LONGER)
[34->33] [27.54645615964422] (PRESERVED)
[35->0] [27.15795387268366] (LONGER)
[35->1] [35.55086049056582] (PRESERVED)
[35->2] [35.78922459284944] (LONGER)
[35->3] [34.83448789977814] (PRESERVED)
[35->4] [35.38837157457198] (LONGER)
[35->5] [27.97846216283971] (LONGER)
[35->6] [26.03413851467021] (LONGER)
[35->7] [30.04185814482404] (LONGER)
[35->8] [40.52847070622828] (LONGER)
[35->34] [40.21122420625268] (PRESERVED)
[36->0] [19.06983071939123] (LONGER)
[36->1] [29.49472422102373] (PRESERVED)
[36->2] [31.45382097397809] (LONGER)
[36->3] [34.47311827476089] (PRESERVED)
[36->4] [29.15787460329432] (LONGER)
[36->5] [25.75106165526256] (PRESERVED)
[36->6] [34.75668864073501] (LONGER)
[36->7] [21.0424102570508] (PRESERVED)
[36->8] [43.72803820561342] (LONGER)
[36->35] [25.08830880550832] (LONGER)
[37->0] [23.84403270007898] (PRESERVED)
[37->1] [39.15234244853871] (LONGER)
[37->2] [34.16063643568737] (PRESERVED)
[37->3] [42.18240373877417] (LONGER)
[37->4] [32.44206134841487] (LONGER)
[37->5] [35.1276828213211] (PRESERVED)
[37->6] [36.90303406157646] (LONGER)
[37->7] [25.99140029058091] (PRESERVED)
[37->8] [28.29475391995582] (PRESERVED)
[37->36] [28.09403379708796] (LONGER)
[38->0] [40.64361200750014] (PRESERVED)
[38->1] [29.83436951809532] (PRESERVED)
[38->2] [36.4746176426866] (LONGER)
[38->3] [28.314757483807] (LONGER)
[38->4] [38.49733580894626] (LONGER)
[38->5] [24.45070451939114] (PRESERVED)
[38->6] [23.52574305469927] (LONGER)
[38->7] [42.79066480720172] (LONGER)
[38->8] [29.63093932853008] (PRESERVED)
[38->37] [39.44666009818218] (LONGER)
[39->0] [29.83520243962973] (PRESERVED)
[39->1] [30.12948414850174] (PRESERVED)
[39->2] [39.73165537639751] (LONGER)
[39->3] [26.45269796629379] (LONGER)
[39->4] [36.5667646191512] (LONGER)
[39->5] [29.16835794609658] (LONGER)
[39->6] [23.65945899839781] (LONGER)
[39->7] [33.15452493352518] (LONGER)
[39->8] [40.74208585652393] (PRESERVED)
[39->38] [32.25334982937481] (LONGER)
[40->0] [39.87257152475973] (LONGER)
[40->1] [40.21805258515572] (LONGER)
[40->2] [36.2480445819518] (PRESERVED)
[40->3] [28.75046354282195] (LONGER)
[40->4] [37.84008552975435] (LONGER)
[40->5] [29.00940098651439] (LONGER)
[40->6] [27.17386019061302] (PRESERVED)
[40->7] [32.17309851157418] (LONGER)
[40->8] [27.02286833994806] (LONGER)
[40->39] [32.74214690331117] (LONGER)
[41->0] [39.83903693381206] (LONGER)
[41->1] [41.57322471285418] (LONGER)
[41->2] [43.57926942240135] (LONGER)
[41->3] [39.61978889285828] (PRESERVED)
[41->4] [30.65154891599482] (PRESERVED)
[41->5] [36.58334605803719] (PRESERVED)
[41->6] [31.26364692492297] (PRESERVED)
[41->7] [36.45031277551857] (PRESERVED)
[41->8] [30.16168475829698] (LONGER)
[41->40] [25.87581898126448] (LONGER)
[42->0] [28.94951703707062] (PRESERVED)
[42->1] [28.60077473935893] (PRESERVED)
[42->2] [36.92901501375891] (LONGER)
[42->3] [38.00469614778476] (PRESERVED)
[42->4] [31.66572062686904] (LONGER)
[42->5] [38.45327987808476] (LONGER)
[42->6] [36.42053235916148] (LONGER)
[42->7] [34.51962481166404] (PRESERVED)
[42->8] [27.23371809995925] (PRESERVED)
[42->41] [29.26870141198259] (LONGER)
[43->0] [33.39830744504908] (LONGER)
[43->1] [34.88566592965555] (LONGER)
[43->2] [38.53429664536152] (LONGER)
[43->3] [36.37036472736916] (LONGER)
[43->4] [22.51759015278103] (PRESERVED)
[43->5] [36.0905324613492] (LONGER)
[43->6] [30.59486746375636] (PRESERVED)
[43->7] [24.90886530377745] (PRESERVED)
[43->8] [34.42845722588282] (PRESERVED)
[43->42] [28.84343824522928] (LONGER)
[44->0] [28.52641108966187] (LONGER)
[44->1] [29.3105454767919] (LONGER)
[44->2] [22.42019144067892] (LONGER)
[44->3] [27.96498522827045] (PRESERVED)
[44->4] [22.11785549414764] (PRESERVED)
[44->5] [29.3422001370179] (LONGER)
[44->6] [38.43083626515371] (PRESERVED)
[44->7] [20.94210882524724] (LONGER)
[44->8] [37.6523850610645] (LONGER)
[44->43] [27.03120998676489] (LONGER)
[45->0] [33.9568927191169] (PRESERVED)
[45->1] [37.94011518372655] (LONGER)
[45->2] [36.34620453454979] (PRESERVED)
[45->3] [40.61407799149074] (LONGER)
[45->4] [25.70929840737385] (PRESERVED)
[45->5] [37.01222126555947] (PRESERVED)
[45->6] [37.39197582235001] (LONGER)
[45->7] [31.171440866381] (PRESERVED)
[45->8] [28.65198211367272] (PRESERVED)
[45->44] [30.47962062994083] (LONGER)
[46->0] [31.34543196708719] (PRESERVED)
[46->1] [30.29177399106078] (LONGER)
[46->2] [29.47885202895168] (LONGER)
[46->3] [26.12103114800571] (LONGER)
[46->4] [28.52377969724592] (PRESERVED)
[46->5] [38.17961271469714] (PRESERVED)
[46->6] [35.99623310215119] (PRESERVED)
[46->7] [28.63315121551473] (PRESERVED)
[46->8] [33.49775927871534] (LONGER)
[46->45] [29.01466555843503] (LONGER)
[47->0] [38.14732293343381] (PRESERVED)
[47->1] [37.30168868756152] (LONGER)
[47->2] [36.18075224573237] (LONGER)
[47->3] [33.60467057917879] (LONGER)
[47->4] [29.06385213925668] (LONGER)
[47->5] [40.98591240627355] (LONGER)
[47->6] [34.46383229529908] (PRESERVED)
[47->7] [34.70215520604982] (LONGER)
[47->8] [21.00646392830174] (LONGER)
[47->46] [26.25495460631823] (LONGER)
[48->0] [30.15054742593022] (PRESERVED)
[48->1] [28.34949980985332] (PRESERVED)
[48->2] [38.51122153673212] (LONGER)
[48->3] [23.74422648120032] (PRESERVED)
[48->4] [40.90848164121053] (PRESERVED)
[48->5] [34.15725542184924] (PRESERVED)
[48->6] [27.8136364239505] (LONGER)
[48->7] [33.82869593837389] (PRESERVED)
[48->8] [29.76976173113392] (LONGER)
[48->47] [26.50690585808196] (LONGER)
[49->0] [32.56710295071431] (LONGER)
[49->1] [35.61328220237748] (LONGER)
[49->2] [34.71351538139038] (LONGER)
[49->3] [39.66956259509458] (LONGER)
[49->4] [27.58105612727354] (PRESERVED)
[49->5] [34.29407452140432] (PRESERVED)
[49->6] [37.94124713915962] (PRESERVED)
[49->7] [30.69016282400962] (LONGER)
[49->8] [25.57860126950303] (PRESERVED)
[49->48] [31.65751342775614] (LONGER)
[50->0] [30.13050710779358] (PRESERVED)
[50->1] [30.58918778626953] (LONGER)
[50->2] [40.47180931428356] (PRESERVED)
[50->3] [33.9975332787272] (LONGER)
[50->4] [38.88733708004191] (LONGER)
[50->5] [36.58203827355426] (LONGER)
[50->6] [22.69967127346354] (PRESERVED)
[50->7] [38.28734417334758] (LONGER)
[50->8] [29.49528814524364] (PRESERVED)
[50->49] [37.3634000470561] (LONGER)
[51->0] [25.41245138849959] (PRESERVED)
[51->1] [28.93917920027235] (LONGER)
[51->2] [37.81325033157515] (LONGER)
[51->3] [31.77757396092185] (PRESERVED)
[51->4] [39.69713557738045] (LONGER)
[51->5] [35.82105127172913] (LONGER)
[51->6] [27.34550706775304] (PRESERVED)
[51->7] [35.51255933758696] (LONGER)
[51->8] [26.66570438034882] (LONGER)
[51->50] [19.79472003902565] (PRESERVED)
[52->0] [30.49395332465005] (PRESERVED)
[52->1] [37.030753423288] (LONGER)
[52->2] [33.95185027736407] (PRESERVED)
[52->3] [33.49671615191382] (LONGER)
[52->4] [32.50101635312058] (PRESERVED)
[52->5] [41.23047386270173] (PRESERVED)
[52->6] [37.64721979497295] (LONGER)
[52->7] [29.61542307947243] (PRESERVED)
[52->8] [22.4886915223689] (PRESERVED)
[52->51] [25.21861226488914] (LONGER)
[53->0] [28.67208157863004] (PRESERVED)
[53->1] [27.5649269492727] (LONGER)
[53->2] [28.23718749461784] (PRESERVED)
[53->3] [28.98584510046984] (PRESERVED)
[53->4] [26.13017513445511] (PRESERVED)
[53->5] [35.02216422428959] (LONGER)
[53->6] [28.89641085375409] (PRESERVED)
[53->7] [30.00589781841522] (LONGER)
[53->8] [36.96245901823354] (LONGER)
[53->52] [34.16467362811597] (LONGER)
[54->0] [38.22790084761382] (LONGER)
[54->1] [44.38946022510304] (LONGER)
[54->2] [38.48982964048597] (LONGER)
[54->3] [42.54736968973259] (LONGER)
[54->4] [33.26017483171169] (PRESERVED)
[54->5] [27.94856993342116] (PRESERVED)
[54->6] [34.18780378428078] (LONGER)
[54->7] [36.6576006664018] (LONGER)
[54->8] [32.03181588717607] (LONGER)
[54->53] [38.1829991133648] (LONGER)
[55->0] [34.31727590416752] (PRESERVED)
[55->1] [29.98457850234308] (LONGER)
[55->2] [33.36625186874146] (PRESERVED)
[55->3] [24.16393796639207] (LONGER)
[55->4] [37.09039601610311] (PRESERVED)
[55->5] [34.16271352766682] (LONGER)
[55->6] [21.94021930378844] (LONGER)
[55->7] [35.88951937811364] (LONGER)
[55->8] [28.65406851100535] (PRESERVED)
[55->54] [38.73223518201652] (LONGER)
[56->0] [29.24103264828675] (PRESERVED)
[56->1] [31.51782159819712] (PRESERVED)
[56->2] [30.25146621355615] (LONGER)
[56->3] [32.15368599078537] (PRESERVED)
[56->4] [31.77877939064624] (LONGER)
[56->5] [36.50245099011293] (LONGER)
[56->6] [28.45503625241925] (PRESERVED)
[56->7] [29.07313753102] (LONGER)
[56->8] [23.78614902096029] (LONGER)
[56->55] [23.73924412914864] (PRESERVED)
[57->0] [29.79793556951164] (LONGER)
[57->1] [22.71528032606358] (PRESERVED)
[57->2] [32.42294806360518] (LONGER)
[57->3] [30.92670865202607] (LONGER)
[57->4] [33.89876115229946] (LONGER)
[57->5] [22.14249330613173] (PRESERVED)
[57->6] [25.86037122654478] (LONGER)
[57->7] [37.50775110045956] (LONGER)
[57->8] [38.12728709526665] (LONGER)
[57->56] [31.93471035444896] (PRESERVED)
[58->0] [18.86717177656864] (LONGER)
[58->1] [29.84095091011396] (PRESERVED)
[58->2] [36.4981676410826] (LONGER)
[58->3] [36.62102275370891] (PRESERVED)
[58->4] [30.62625506470242] (LONGER)
[58->5] [39.06465914929165] (LONGER)
[58->6] [34.48962395341405] (PRESERVED)
[58->7] [29.74401240171134] (LONGER)
[58->8] [35.2897375162438] (LONGER)
[58->57] [33.16424620264615] (LONGER)
[59->0] [34.76964396857481] (LONGER)
[59->1] [34.53163261698674] (PRESERVED)
[59->2] [24.03531944105459] (LONGER)
[59->3] [26.34921088309971] (LONGER)
[59->4] [37.12669612858093] (LONGER)
[59->5] [30.53096107508418] (PRESERVED)
[59->6] [33.01369268872473] (LONGER)
[59->7] [35.16532914886139] (LONGER)
[59->8] [30.31374800124789] (LONGER)
[59->58] [39.71146042919023] (PRESERVED)
[60->0] [39.01166474744983] (PRESERVED)
[60->1] [32.15050247715366] (PRESERVED)
[60->2] [38.88491482718283] (LONGER)
[60->3] [34.03495947740412] (PRESERVED)
[60->4] [26.79341416144383] (LONGER)
[60->5] [30.80689924894683] (PRESERVED)
[60->6] [24.44216945083438] (LONGER)
[60->7] [38.56489334821413] (PRESERVED)
[60->8] [36.74381781023672] (LONGER)
[60->59] [36.68144751838445] (LONGER)
[61->0] [37.01780235445424] (PRESERVED)
[61->1] [38.65999114788947] (LONGER)
[61->2] [34.71948386750769] (PRESERVED)
[61->3] [32.97643682982419] (PRESERVED)
[61->4] [38.3285418605501] (LONGER)
[61->5] [27.01669512643672] (LONGER)
[61->6] [34.95551470721526] (LONGER)
[61->7] [40.52317017705293] (PRESERVED)
[61->8] [34.08116272287818] (PRESERVED)
[61->60] [28.28221511770813] (LONGER)
[62->0] [36.34901379571266] (PRESERVED)
[62->1] [29.86047011256804] (LONGER)
[62->2] [33.7992216769639] (LONGER)
[62->3] [28.10714460267664] (LONGER)
[62->4] [37.05045173253252] (LONGER)
[62->5] [29.714963721048] (LONGER)
[62->6] [29.35594558512466] (PRESERVED)
[62->7] [33.52242364602477] (LONGER)
[62->8] [21.57685111312551] (LONGER)
[62->61] [36.56115893319507] (LONGER)
[63->0] [31.92701936916376] (PRESERVED)
[63->1] [31.2647252308581] (PRESERVED)
[63->2] [30.93940078537488] (PRESERVED)
[63->3] [37.77149676830785] (PRESERVED)
[63->4] [28.5794945909786] (PRESERVED)
[63->5] [38.46393628094827] (PRESERVED)
[63->6] [38.12844477691864] (LONGER)
[63->7] [39.7717676716143] (LONGER)
[63->8] [24.28900581739894] (LONGER)
[63->62] [33.6719092876773] (LONGER)
[64->0] [34.1404397778166] (LONGER)
[64->1] [29.92344900994166] (LONGER)
[64->2] [34.10927878757911] (LONGER)
[64->3] [24.45139703116691] (LONGER)
[64->4] [33.32187770215156] (PRESERVED)
[64->5] [28.02157125940836] (PRESERVED)
[64->6] [22.70983897650754] (PRESERVED)
[64->7] [29.50896488046189] (PRESERVED)
[64->8] [41.24724344096295] (PRESERVED)
[64->63] [41.93394430553163] (PRESERVED)
[65->0] [27.43908630040137] (LONGER)
[65->1] [21.10008164746116] (LONGER)
[65->2] [24.96712923003487] (PRESERVED)
[65->3] [29.06037234260868] (LONGER)
[65->4] [31.84829468037163] (LONGER)
[65->5] [35.26325581188541] (LONGER)
[65->6] [32.80437647319172] (PRESERVED)
[65->7] [31.24042641877205] (LONGER)
[65->8] [25.34419435344273] (LONGER)
[65->64] [32.45975672596359] (PRESERVED)
[66->0] [33.63002889599473] (LONGER)
[66->1] [39.52187774041733] (LONGER)
[66->2] [30.23410033113232] (LONGER)
[66->3] [35.46207029664493] (PRESERVED)
[66->4] [22.77966437665431] (PRESERVED)
[66->5] [37.32496479315947] (LONGER)
[66->6] [37.69547856446721] (PRESERVED)
[66->7] [22.63998508202848] (PRESERVED)
[66->8] [32.66238659962055] (PRESERVED)
[66->65] [39.59687872056788] (LONGER)
[67->0] [31.48701977388727] (PRESERVED)
[67->1] [30.60007630610492] (PRESERVED)
[67->2] [17.91573198333553] (PRESERVED)
[67->3] [34.23207800480846] (PRESERVED)
[67->4] [28.64110742436922] (LONGER)
[67->5] [25.38907882937509] (PRESERVED)
[67->6] [38.10109952491717] (LONGER)
[67->7] [32.7998532571482] (LONGER)
[67->8] [27.30902164584163] (PRESERVED)
[67->66] [34.37491192590147] (LONGER)
[68->0] [27.68204048063039] (LONGER)
[68->1] [29.91225630143171] (LONGER)
[68->2] [29.98351641599456] (LONGER)
[68->3] [31.00656861997929] (PRESERVED)
[68->4] [38.27024871968983] (LONGER)
[68->5] [24.98450441172589] (LONGER)
[68->6] [37.90744869035399] (PRESERVED)
[68->7] [32.85251917055693] (LONGER)
[68->8] [32.27575003477289] (LONGER)
[68->67] [27.49483205343162] (PRESERVED)
[69->0] [36.08411166404721] (LONGER)
[69->1] [36.01426111106013] (PRESERVED)
[69->2] [27.44455014693839] (LONGER)
[69->3] [33.38541780445172] (PRESERVED)
[69->4] [25.8057375789775] (PRESERVED)
[69->5] [27.6830080936357] (LONGER)
[69->6] [36.15180682024518] (PRESERVED)
[69->7] [29.23994838271594] (PRESERVED)
[69->8] [37.039790313636] (LONGER)
[69->68] [30.51962256096007] (PRESERVED)
[70->0] [35.75080827699821] (LONGER)
[70->1] [30.21872363657955] (LONGER)
[70->2] [39.83575276788698] (LONGER)
[70->3] [29.69845188302855] (LONGER)
[70->4] [36.14205225632917] (PRESERVED)
[70->5] [33.61999904320799] (PRESERVED)
[70->6] [26.58885495256436] (PRESERVED)
[70->7] [39.41517270464569] (PRESERVED)
[70->8] [32.9536900170907] (PRESERVED)
[70->69] [42.66720996696447] (LONGER)
[71->0] [32.04910059915726] (LONGER)
[71->1] [38.27339093167646] (LONGER)
[71->2] [33.07154780347264] (LONGER)
[71->3] [34.89135743746073] (LONGER)
[71->4] [35.91401371145517] (PRESERVED)
[71->5] [27.32408969756671] (LONGER)
[71->6] [29.9296244476289] (PRESERVED)
[71->7] [26.68342659519118] (PRESERVED)
[71->8] [30.68662351376855] (PRESERVED)
[71->70] [42.85953397678269] (LONGER)
[72->0] [33.94655584644965] (LONGER)
[72->1] [37.9090430884508] (LONGER)
[72->2] [34.27847141019384] (LONGER)
[72->3] [40.85342219825002] (LONGER)
[72->4] [26.87532726960815] (PRESERVED)
[72->5] [34.78426692898136] (PRESERVED)
[72->6] [31.19351891774111] (PRESERVED)
[72->7] [32.83734576634377] (LONGER)
[72->8] [26.12392507579013] (LONGER)
[72->71] [19.24976054622843] (PRESERVED)
[73->0] [38.39059417650179] (LONGER)
[73->1] [39.37445252051294] (PRESERVED)
[73->2] [31.34608576956197] (PRESERVED)
[73->3] [36.90577620460139] (PRESERVED)
[73->4] [28.09354894941943] (PRESERVED)
[73->5] [34.66841737351294] (LONGER)
[73->6] [31.00042783289207] (LONGER)
[73->7] [35.82685563454952] (PRESERVED)
[73->8] [26.41531099011476] (PRESERVED)
[73->72] [16.94015848359925] (PRESERVED)
[74->0] [28.54942054482924] (PRESERVED)
[74->1] [34.44906980115622] (PRESERVED)
[74->2] [35.35319613459075] (LONGER)
[74->3] [29.34234671044049] (LONGER)
[74->4] [38.93216747444201] (LONGER)
[74->5] [28.16723330624698] (PRESERVED)
[74->6] [31.90669762027311] (LONGER)
[74->7] [23.94680182633199] (PRESERVED)
[74->8] [35.56391453750853] (PRESERVED)
[74->73] [38.06768760040683] (LONGER)
[75->0] [24.31817988561279] (LONGER)
[75->1] [38.88152147570782] (LONGER)
[75->2] [31.93400825104624] (LONGER)
[75->3] [32.71674629665085] (LONGER)
[75->4] [37.81901019765422] (PRESERVED)
[75->5] [30.16140748806103] (PRESERVED)
[75->6] [37.51022277904466] (LONGER)
[75->7] [24.16126619998838] (PRESERVED)
[75->8] [33.04156868744222] (PRESERVED)
[75->74] [23.71343698831947] (LONGER)
[76->0] [35.82977298693646] (PRESERVED)
[76->1] [27.19919688894895] (PRESERVED)
[76->2] [41.04897874498252] (PRESERVED)
[76->3] [30.72631184929761] (PRESERVED)
[76->4] [33.74374021116924] (LONGER)
[76->5] [25.86526274700161] (LONGER)
[76->6] [22.0689033629616] (LONGER)
[76->7] [36.58263804292335] (LONGER)
[76->8] [39.86445559114331] (PRESERVED)
[76->75] [38.33139667019536] (LONGER)
[77->0] [32.25933724664601] (LONGER)
[77->1] [25.24731321619179] (PRESERVED)
[77->2] [31.11825635196892] (LONGER)
[77->3] [22.37510909899845] (PRESERVED)
[77->4] [26.67198430434214] (LONGER)
[77->5] [28.48596682423949] (LONGER)
[77->6] [24.17698144244291] (LONGER)
[77->7] [23.13279393729938] (LONGER)
[77->8] [37.7117511404573] (LONGER)
[77->76] [27.16648400810784] (LONGER)
[78->0] [24.05144781661731] (LONGER)
[78->1] [34.35091890484301] (LONGER)
[78->2] [20.87293382372475] (LONGER)
[78->3] [35.09656874902367] (LONGER)
[78->4] [29.50546866064001] (PRESERVED)
[78->5] [27.31529258326926] (LONGER)
[78->6] [36.92359349652806] (PRESERVED)
[78->7] [26.91394890339866] (PRESERVED)
[78->8] [36.68157141453905] (LONGER)
[78->77] [33.82823623970385] (PRESERVED)
[79->0] [26.00023302767578] (LONGER)
[79->1] [31.45072370702323] (LONGER)
[79->2] [34.91669267943197] (LONGER)
[79->3] [36.20840700169366] (LONGER)
[79->4] [27.34667167297604] (LONGER)
[79->5] [41.09777558380159] (LONGER)
[79->6] [33.64584710719944] (LONGER)
[79->7] [26.25208803610951] (PRESERVED)
[79->8] [32.78319953913364] (PRESERVED)
[79->78] [30.52920385947068] (LONGER)
[80->0] [34.45221267746142] (PRESERVED)
[80->1] [33.70538365810232] (LONGER)
[80->2] [35.80642156905026] (LONGER)
[80->3] [33.65164108012544] (LONGER)
[80->4] [38.45311945443301] (LONGER)
[80->5] [27.27413280212136] (LONGER)
[80->6] [27.36794434691537] (PRESERVED)
[80->7] [42.82192081263677] (PRESERVED)
[80->8] [33.14566504785095] (PRESERVED)
[80->79] [37.37777967726836] (LONGER)
[81->0] [38.03576141800055] (LONGER)
[81->1] [32.45977503293798] (LONGER)
[81->2] [28.8645012723924] (PRESERVED)
[81->3] [36.23235981236491] (LONGER)
[81->4] [22.02086077839449] (PRESERVED)
[81->5] [31.72185947346505] (PRESERVED)
[81->6] [33.94443392035169] (LONGER)
[81->7] [36.23990705855802] (PRESERVED)
[81->8] [26.39440540383995] (PRESERVED)
[81->80] [28.87090589456332] (LONGER)
[82->0] [37.24078933491541] (LONGER)
[82->1] [38.68404337749531] (PRESERVED)
[82->2] [45.52493514895005] (LONGER)
[82->3] [34.84409428823867] (LONGER)
[82->4] [42.59775488101769] (LONGER)
[82->5] [30.5438678046943] (PRESERVED)
[82->6] [21.585327863155] (LONGER)
[82->7] [38.57985738321202] (LONGER)
[82->8] [31.26843541897567] (LONGER)
[82->81] [36.33559264129843] (LONGER)
[83->0] [31.22368744356396] (PRESERVED)
[83->1] [25.022981249658] (LONGER)
[83->2] [29.81627138796084] (PRESERVED)
[83->3] [27.11775202029138] (LONGER)
[83->4] [31.17799770333047] (LONGER)
[83->5] [27.45258015673434] (LONGER)
[83->6] [27.08760882302375] (LONGER)
[83->7] [24.55112154101131] (PRESERVED)
[83->8] [32.25776417516697] (LONGER)
[83->82] [31.58703344605442] (LONGER)
[84->0] [43.39398464915749] (LONGER)
[84->1] [36.55601079075809] (LONGER)
[84->2] [32.51046533862048] (PRESERVED)
[84->3] [29.93989049437645] (LONGER)
[84->4] [28.24230086373323] (PRESERVED)
[84->5] [31.80484271740246] (LONGER)
[84->6] [30.20648550207658] (LONGER)
[84->7] [34.50481192013852] (PRESERVED)
[84->8] [27.67857284925186] (PRESERVED)
[84->83] [28.01860294053496] (LONGER)
[85->0] [24.70058899699129] (LONGER)
[85->1] [35.52519783176061] (LONGER)
[85->2] [36.37152929990711] (LONGER)
[85->3] [33.38611233696593] (PRESERVED)
[85->4] [41.13439286304058] (PRESERVED)
[85->5] [25.78247436303281] (PRESERVED)
[85->6] [29.21682233529775] (PRESERVED)
[85->7] [29.62009971291971] (PRESERVED)
[85->8] [30.81279496299214] (PRESERVED)
[85->84] [38.3933000831253] (LONGER)
[86->0] [37.2523486519944] (LONGER)
[86->1] [33.97057243408005] (PRESERVED)
[86->2] [35.13760146465833] (LONGER)
[86->3] [36.32558913252998] (PRESERVED)
[86->4] [30.02036167469602] (LONGER)
[86->5] [34.99973543835551] (LONGER)
[86->6] [27.57202376160355] (LONGER)
[86->7] [40.40331374189856] (LONGER)
[86->8] [24.7097221898509] (PRESERVED)
[86->85] [33.2022233026774] (LONGER)
[87->0] [31.95100125658894] (LONGER)
[87->1] [22.15900916185923] (PRESERVED)
[87->2] [34.71112516841279] (LONGER)
[87->3] [30.94011005587697] (LONGER)
[87->4] [21.15533460537567] (LONGER)
[87->5] [40.54356782862239] (LONGER)
[87->6] [28.9891828781435] (LONGER)
[87->7] [32.13375832710116] (LONGER)
[87->8] [33.84593791094579] (LONGER)
[87->86] [29.82119289682074] (PRESERVED)
[88->0] [39.9254842992161] (LONGER)
[88->1] [27.43500602338156] (PRESERVED)
[88->2] [38.20690458178412] (LONGER)
[88->3] [28.65226951153789] (PRESERVED)
[88->4] [29.87818779233718] (LONGER)
[88->5] [38.75387910835726] (PRESERVED)
[88->6] [28.51165733625618] (LONGER)
[88->7] [36.5832854370328] (LONGER)
[88->8] [28.21417742110838] (LONGER)
[88->87] [19.79449673434855] (LONGER)
[89->0] [31.36204449074363] (LONGER)
[89->1] [33.22843899759136] (PRESERVED)
[89->2] [36.26099566424164] (LONGER)
[89->3] [30.3080254689003] (PRESERVED)
[89->4] [34.3677143312793] (LONGER)
[89->5] [25.63668989937368] (LONGER)
[89->6] [33.02012525233027] (PRESERVED)
[89->7] [28.84377521699173] (PRESERVED)
[89->8] [36.61853577439166] (LONGER)
[89->88] [30.92998350565171] (LONGER)
[90->0] [26.33085553738222] (PRESERVED)
[90->1] [27.13239487212769] (PRESERVED)
[90->2] [28.2136589549574] (LONGER)
[90->3] [27.40623469778601] (PRESERVED)
[90->4] [35.01302808329456] (LONGER)
[90->5] [30.0080359137483] (LONGER)
[90->6] [34.87335201620606] (LONGER)
[90->7] [29.7266878734588] (LONGER)
[90->8] [35.05193920935942] (LONGER)
[90->89] [32.2128318656135] (PRESERVED)
[91->0] [20.47066316106707] (LONGER)
[91->1] [36.52418093013412] (LONGER)
[91->2] [28.01150176090849] (PRESERVED)
[91->3] [39.88581703262854] (LONGER)
[91->4] [31.18966087899834] (PRESERVED)
[91->5] [31.94052193472655] (LONGER)
[91->6] [41.05051914299908] (PRESERVED)
[91->7] [28.79753911043716] (LONGER)
[91->8] [33.97865532366964] (PRESERVED)
[91->90] [37.61005694313736] (PRESERVED)
[92->0] [30.80198870324645] (LONGER)
[92->1] [37.96800262612399] (LONGER)
[92->2] [32.16300437593568] (LONGER)
[92->3] [39.51882441548234] (LONGER)
[92->4] [28.56808432069012] (PRESERVED)
[92->5] [41.17228822834191] (PRESERVED)
[92->6] [38.27074392782067] (LONGER)
[92->7] [34.45786087685138] (PRESERVED)
[92->8] [21.21802835913615] (PRESERVED)
[92->91] [30.6393368876342] (PRESERVED)
[93->0] [31.81803296222928] (LONGER)
[93->1] [41.39320158159612] (PRESERVED)
[93->2] [41.24196016274149] (PRESERVED)
[93->3] [40.97796611769449] (PRESERVED)
[93->4] [37.37317640796883] (LONGER)
[93->5] [34.61721787220394] (LONGER)
[93->6] [34.87050943326877] (LONGER)
[93->7] [38.86926021600059] (LONGER)
[93->8] [32.14646602838939] (LONGER)
[93->92] [23.81717753117088] (PRESERVED)
[94->0] [37.08427052736079] (PRESERVED)
[94->1] [28.40662593932368] (LONGER)
[94->2] [36.88188704597692] (PRESERVED)
[94->3] [26.2771225481197] (LONGER)
[94->4] [30.50368874444405] (LONGER)
[94->5] [39.09969125595538] (LONGER)
[94->6] [25.465082524515] (PRESERVED)
[94->7] [38.10165453577117] (LONGER)
[94->8] [28.27839084243993] (PRESERVED)
[94->93] [31.62532439789778] (PRESERVED)
[95->0] [33.90089603426475] (LONGER)
[95->1] [37.58693607561251] (LONGER)
[95->2] [38.93886216373225] (LONGER)
[95->3] [38.14988238345872] (LONGER)
[95->4] [23.77229517922417] (PRESERVED)
[95->5] [39.82357655889101] (PRESERVED)
[95->6] [28.95177300338222] (LONGER)
[95->7] [32.76205594666961] (LONGER)
[95->8] [35.72074941267945] (LONGER)
[95->94] [24.83358572622489] (PRESERVED)
[96->0] [25.30836645235456] (LONGER)
[96->1] [22.09909232232783] (LONGER)
[96->2] [32.39316733914031] (LONGER)
[96->3] [30.98856331229919] (LONGER)
[96->4] [30.59115575011002] (PRESERVED)
[96->5] [28.84725359886585] (LONGER)
[96->6] [34.24086948410756] (PRESERVED)
[96->7] [33.19979203644085] (LONGER)
[96->8] [38.49603178613071] (LONGER)
[96->95] [35.43713154807854] (LONGER)
[97->0] [29.81349673608188] (LONGER)
[97->1] [31.43628183976175] (LONGER)
[97->2] [30.15442734582371] (PRESERVED)
[97->3] [27.43049503057408] (LONGER)
[97->4] [36.81654604874612] (PRESERVED)
[97->5] [21.27273522147287] (PRESERVED)
[97->6] [27.73605697626807] (PRESERVED)
[97->7] [26.56465579903914] (PRESERVED)
[97->8] [34.37493875154933] (LONGER)
[97->96] [36.81176076446924] (LONGER)
[98->0] [31.72337476586131] (LONGER)
[98->1] [27.00263804344583] (PRESERVED)
[98->2] [26.33276422447835] (PRESERVED)
[98->3] [23.99285247489951] (PRESERVED)
[98->4] [33.67827642897005] (PRESERVED)
[98->5] [25.93006591118974] (LONGER)
[98->6] [32.67615340672403] (PRESERVED)
[98->7] [33.20423635048552] (PRESERVED)
[98->8] [27.08157047853863] (LONGER)
[98->97] [25.51343914536056] (LONGER)
[99->0] [32.5094788775903] (LONGER)
[99->1] [35.92553652150148] (LONGER)
[99->2] [28.42066108795086] (PRESERVED)
[99->3] [35.48305227840571] (LONGER)
[99->4] [27.21080173676895] (PRESERVED)
[99->5] [30.81353533847801] (PRESERVED)
[99->6] [40.543721976195] (PRESERVED)
[99->7] [33.70296598202872] (PRESERVED)
[99->8] [34.88835167245322] (PRESERVED)
[99->98] [24.69449022323703] (LONGER)

Long edges	526 of 924 [56.93%]
Short edges	0 of 924 [0.00%]
Preserved edges	398 of 924 [43.07%]

Polyhedra	91

CA	190317
RMS Absolute	4.36254
CR	276.066
RMS Relative	0.166989

Projection Mode	Minimum Distance

Optimization Runtime	-4.350015997886658

Lambda, uppercase (Λ) lowercase (λ)	0.01

Using Minimum Distance?	YES
Using Minimum Perimeter?	NO
Using Minimum Area?	NO

Iterations	10
Sammon's stress	0.0278801
