Using	PP Digraph

Executed in	0.11238 seconds

Intrinsic Dimensionality	10

Reordered	YES

Number of nodes	100
Number of edges	1006

Is PP Digraph directed?	YES
Is PP Digraph connected??	NO

Nodes:
0 [#0] at {0.0000, 0.0000, 0.0000, 0.0000, 0.0000, 0.0000, 0.0000, 0.0000, 0.0000, 0.0000}
89 [#1] at {29.3062, 0.0000, 0.0000, 0.0000, 0.0000, 0.0000, 0.0000, 0.0000, 0.0000, 0.0000}
98 [#2] at {16.1419, 27.0970, 0.0000, 0.0000, 0.0000, 0.0000, 0.0000, 0.0000, 0.0000, 0.0000}
27 [#3] at {13.9643, 14.9704, 25.5719, 0.0000, 0.0000, 0.0000, 0.0000, 0.0000, 0.0000, 0.0000}
39 [#4] at {15.3723, 11.7989, 8.6680, 23.9668, 0.0000, 0.0000, 0.0000, 0.0000, 0.0000, 0.0000}
21 [#5] at {13.0349, 11.7841, 8.4538, 5.4668, 23.9434, 0.0000, 0.0000, 0.0000, 0.0000, 0.0000}
80 [#6] at {13.2144, 12.2842, 7.0828, 5.5356, 5.6873, 24.1115, 0.0000, 0.0000, 0.0000, 0.0000}
78 [#7] at {11.7833, 10.6115, 6.7333, 5.2250, 3.6644, 6.5010, 23.9745, 0.0000, 0.0000, 0.0000}
67 [#8] at {15.8757, 12.9704, 9.1680, 4.3681, 3.5575, 4.1187, 5.8432, 23.3460, 0.0000, 0.0000}
60 [#9] at {17.2744, 10.7636, 7.1403, 2.8217, 3.3359, 0.3851, 5.0112, 6.1979, 23.5276, 0.0000}
26 [#10] at {15.4508, 10.9634, 4.8426, 5.2855, 3.8290, 4.1183, 3.1778, 3.2710, 6.9799, 23.1765}
81 [#11] at {16.8755, 12.1746, 5.6574, 3.3772, 4.0176, 4.5559, 2.4243, 3.7742, 3.8949, -22.4993}, [FLIPPED]
41 [#12] at {14.4162, 9.4712, 8.3789, 3.4841, 5.0133, 2.9997, 1.7040, 2.1046, 4.3569, -24.4865}, [FLIPPED]
44 [#13] at {15.3700, 10.0893, 6.8915, 3.7601, 3.8546, 2.0411, 3.2650, 1.4904, 1.0065, -23.0823}, [FLIPPED]
43 [#14] at {15.1005, 10.2893, 5.7656, 4.5936, 4.1071, 4.4444, 0.8936, 1.0754, 4.8385, -23.9363}, [FLIPPED]
72 [#15] at {14.8343, 10.2999, 7.7396, 6.1874, 5.2921, 3.0125, 6.0994, 1.1028, 4.4179, -23.6716}, [FLIPPED]
73 [#16] at {17.8588, 11.2061, 7.9408, 6.2547, 5.0924, 3.7670, 4.6647, 3.0110, 2.8538, -23.2133}, [FLIPPED]
63 [#17] at {16.6378, 10.8855, 7.3242, 3.4350, 4.6670, 2.5760, 3.7256, 1.0169, 3.8855, -23.0614}, [FLIPPED]
52 [#18] at {16.9777, 12.3797, 6.0637, 5.1801, 1.5636, 4.1561, 5.5161, 1.0365, 3.9703, -23.6029}, [FLIPPED]
55 [#19] at {13.2250, 12.4489, 8.7907, 4.3437, 3.0211, 3.9892, 3.8063, 2.6197, 4.2613, -23.7328}, [FLIPPED]
92 [#20] at {14.5750, 10.5707, 7.9324, 1.4607, 3.5445, 3.4442, 1.7038, 3.2455, 1.7725, -23.2668}, [FLIPPED]
70 [#21] at {16.7134, 12.7185, 8.6813, 3.0461, 2.9447, 3.3027, -0.7102, 2.1546, 2.2756, -24.3433}, [FLIPPED]
10 [#22] at {15.1566, 11.9493, 8.2539, 5.2568, 3.1411, 2.7595, 3.1829, 2.7863, 4.7376, -24.3188}, [FLIPPED]
93 [#23] at {15.0778, 10.9263, 7.1838, 1.8911, 3.7557, 1.9024, 3.3795, 1.6156, 5.2636, -24.8950}, [FLIPPED]
85 [#24] at {14.0740, 10.8911, 8.7982, 4.1243, 4.4255, 2.1332, 2.0093, 1.2344, 2.8595, -23.4059}, [FLIPPED]
13 [#25] at {16.2815, 11.4491, 6.5469, 4.7097, 4.3062, 3.3846, 1.0301, 2.1116, 1.4744, -23.5856}, [FLIPPED]
94 [#26] at {14.7983, 12.1285, 5.9965, 3.4936, 4.7654, 3.0933, 2.8820, 1.1974, 3.3022, -23.4647}, [FLIPPED]
42 [#27] at {15.6098, 9.0523, 7.0354, 3.2117, 5.0242, 2.9917, 3.4538, 1.4364, 1.1346, -25.6239}, [FLIPPED]
49 [#28] at {14.7535, 10.1812, 5.8551, 2.3258, 4.9850, 1.7792, 3.1481, 1.5193, 3.7041, -23.6229}, [FLIPPED]
25 [#29] at {14.6483, 10.7528, 6.5564, 3.8755, 3.6516, 1.9020, 3.8827, 2.6141, 5.9631, -23.8517}, [FLIPPED]
22 [#30] at {12.3589, 11.6312, 7.1442, 3.3090, 3.4821, 1.4961, 3.3691, 1.4421, 4.7307, -23.1500}, [FLIPPED]
45 [#31] at {14.8137, 9.9402, 8.6084, 4.0114, 0.7874, 2.5538, 4.4715, 4.1552, 1.5401, -23.0880}, [FLIPPED]
28 [#32] at {14.1926, 10.7685, 9.1270, 2.1501, 5.7353, 3.0247, 4.9213, 2.9688, 2.2663, -23.6476}, [FLIPPED]
34 [#33] at {16.0343, 11.2067, 7.4669, 6.4681, 2.6905, 3.8177, 3.0084, 2.6544, 4.2720, -24.1281}, [FLIPPED]
90 [#34] at {14.0037, 12.3880, 6.6817, 6.3436, 2.1207, 2.5675, 2.1168, 1.6356, 3.5876, -24.1441}, [FLIPPED]
1 [#35] at {13.8479, 8.8192, 4.7407, 3.4396, 2.6323, 0.8636, 2.0485, 0.5147, 3.3062, -24.0425}, [FLIPPED]
96 [#36] at {13.7255, 13.4470, 3.4904, 5.0767, 3.4285, 1.1608, 3.2370, 4.9256, 3.4741, -23.6205}, [FLIPPED]
91 [#37] at {13.8170, 11.9621, 5.3626, 3.8678, 2.3025, 2.0974, 1.6301, 1.3039, 1.7700, -24.6005}, [FLIPPED]
56 [#38] at {16.5200, 9.6705, 8.6209, 1.8270, 3.2950, 0.6878, 4.2467, 2.4263, 2.5818, -23.4871}, [FLIPPED]
16 [#39] at {13.3990, 10.6748, 8.7306, 3.0816, 2.9626, 2.4387, 1.5346, 1.1777, 1.7118, -24.0262}, [FLIPPED]
61 [#40] at {12.9809, 12.1494, 6.2480, 3.2005, 2.7824, 3.3827, 1.6195, 4.2084, 2.3027, -24.8682}, [FLIPPED]
38 [#41] at {15.4159, 10.8432, 6.7215, 5.7222, 2.1143, 4.6906, 1.9825, 3.2388, 2.5494, -24.3485}, [FLIPPED]
77 [#42] at {12.7386, 11.9600, 7.2051, 3.8614, 4.1564, 4.5158, 3.0016, 1.9955, 2.6400, -23.6112}, [FLIPPED]
14 [#43] at {15.8101, 12.1795, 6.0794, 3.5436, 3.4200, 0.8210, 3.8423, 3.7084, 4.3024, -23.0774}, [FLIPPED]
12 [#44] at {15.2852, 12.6436, 7.5254, 2.9044, 3.8195, 2.7275, 3.1857, 0.1577, -0.8847, -23.4093}, [FLIPPED]
7 [#45] at {13.7930, 9.9555, 7.6236, 3.6693, 4.1304, 3.7945, 5.6992, 1.7802, -0.2157, -24.0656}, [FLIPPED]
57 [#46] at {14.8771, 8.1290, 7.4484, 2.1433, 2.6168, 3.5375, 2.6815, 6.7874, 5.6477, -23.4612}, [FLIPPED]
6 [#47] at {13.3343, 11.6704, 8.9823, 7.3768, 3.6214, 4.4041, 1.4085, 4.9140, 6.6421, -24.0149}, [FLIPPED]
18 [#48] at {14.2330, 11.5546, 6.5576, 2.5578, 3.6198, 4.9926, 2.4585, 1.7736, 3.7447, -24.0890}, [FLIPPED]
86 [#49] at {15.0355, 12.0595, 8.3631, 5.3339, 4.5115, 1.6407, 3.0205, 2.9755, 4.4018, -23.8701}, [FLIPPED]
65 [#50] at {14.8841, 12.5990, 9.4937, 4.6032, 1.3386, 4.2676, 2.0760, 2.0993, 3.7041, -25.1027}, [FLIPPED]
75 [#51] at {14.6423, 11.4064, 8.4676, 3.3496, 5.0481, 3.3443, 4.9452, 2.9217, 1.6670, -23.6719}, [FLIPPED]
31 [#52] at {14.8556, 12.6045, 7.6278, 5.4089, 2.0028, 4.6487, 4.0497, 3.1874, 2.6372, -23.7154}, [FLIPPED]
99 [#53] at {15.8788, 11.7993, 6.0553, 7.8313, 5.1124, 5.0927, 3.2814, 2.1559, 5.1624, -23.9483}, [FLIPPED]
29 [#54] at {14.6700, 10.5552, 5.0943, 8.0242, 4.4879, 5.2898, 3.0239, 3.0476, 4.4276, -25.0691}, [FLIPPED]
83 [#55] at {15.3389, 10.1547, 5.6703, 3.9780, 2.5024, 1.8440, 3.1411, 0.4371, 4.0135, -24.2271}, [FLIPPED]
84 [#56] at {16.3633, 10.7695, 6.2987, 4.3333, 2.6704, 1.9853, 4.2397, 1.6086, 4.9981, -25.5241}, [FLIPPED]
71 [#57] at {15.4582, 11.2539, 9.7480, 4.4400, 5.2306, 0.7406, 2.8683, 3.9210, 4.0964, -24.4726}, [FLIPPED]
95 [#58] at {13.1917, 13.5618, 8.6460, 5.9388, 4.3359, 0.8206, 5.1524, 3.8370, 2.3237, -23.6955}, [FLIPPED]
11 [#59] at {13.5853, 11.9007, 6.9309, 5.4979, 2.3766, 2.6520, 2.6509, 2.3646, 4.6876, -25.5391}, [FLIPPED]
47 [#60] at {17.1267, 12.8923, 8.8400, 5.7344, 3.1621, 3.7053, 4.0030, -2.2288, 2.8667, -23.4587}, [FLIPPED]
48 [#61] at {14.7029, 10.0649, 7.5866, 1.8678, 1.6892, 3.5139, 4.0078, -0.4110, 2.4472, -24.2797}, [FLIPPED]
76 [#62] at {13.8781, 9.5477, 6.2948, 2.3228, 4.0256, 2.7802, 1.5010, 2.3245, 2.1368, -24.4219}, [FLIPPED]
88 [#63] at {15.3586, 10.8250, 5.6314, 5.1146, 3.1103, 5.1642, 0.7270, 2.5570, 1.5077, -24.9187}, [FLIPPED]
30 [#64] at {14.1302, 10.2891, 6.5739, 6.1348, 1.1831, 5.4696, 3.7745, 3.4545, 4.3942, -23.5027}, [FLIPPED]
58 [#65] at {13.9560, 10.0694, 3.7303, 2.6946, 3.0027, 4.4302, 2.5957, 3.4380, 5.6150, -22.7779}, [FLIPPED]
15 [#66] at {13.6868, 8.0474, 7.7373, 6.5131, 0.5595, 5.4446, 1.8971, 4.3850, 2.3283, -24.2584}, [FLIPPED]
69 [#67] at {12.0717, 10.0142, 6.2067, 5.6469, 2.7196, 2.9556, 6.2086, 3.4660, 3.8438, -24.7692}, [FLIPPED]
19 [#68] at {14.6920, 10.7874, 5.8961, 6.5291, 5.3210, 6.2726, 2.4208, 5.2043, 3.4505, -23.6825}, [FLIPPED]
62 [#69] at {15.6473, 12.3407, 7.2796, 3.2376, 5.9820, 2.1264, 2.2823, 2.1598, 4.3893, -24.0824}, [FLIPPED]
23 [#70] at {15.7242, 9.8976, 3.6781, 4.4555, 4.4396, 1.2258, 3.8296, 2.1924, 3.7352, -23.4925}, [FLIPPED]
53 [#71] at {15.6457, 7.8541, 6.0539, 5.7244, 4.4475, 0.6993, 4.6500, 1.8006, 2.3794, -24.1920}, [FLIPPED]
50 [#72] at {13.7495, 11.8919, 7.8955, 5.9400, 3.8112, 5.6631, 1.7087, 2.1927, 6.1317, -24.2639}, [FLIPPED]
33 [#73] at {14.1699, 12.3632, 8.4400, 4.2030, 3.6551, 4.6601, 0.4881, 3.4496, 3.3558, -24.7947}, [FLIPPED]
68 [#74] at {15.7572, 11.2735, 8.0602, 2.1464, 3.5785, 3.5986, 2.4009, 1.8941, 5.0184, -24.3268}, [FLIPPED]
54 [#75] at {16.8690, 11.0217, 3.9877, 7.1980, 4.1418, 3.4614, 2.8735, 3.7390, 2.1746, -24.4048}, [FLIPPED]
51 [#76] at {13.7898, 10.4853, 6.1767, 5.4390, 4.9368, 3.3986, 1.1398, 3.3449, 3.9007, -23.7005}, [FLIPPED]
79 [#77] at {14.6772, 8.2101, 10.0893, 4.9108, 3.9006, 5.6939, 4.0022, 0.2223, 4.0169, -24.2617}, [FLIPPED]
97 [#78] at {13.4676, 13.9328, 7.5546, -0.4553, 6.0271, 5.2298, 5.4094, 2.9624, 1.7771, -22.8591}, [FLIPPED]
40 [#79] at {13.5694, 8.8431, 7.9083, 2.3395, 4.0992, 2.3962, 2.7942, 3.6591, 4.5243, -23.4392}, [FLIPPED]
46 [#80] at {16.1710, 10.1568, 6.8137, 6.3849, 2.3225, 6.4815, 3.8250, 3.7902, 4.9565, -24.9859}, [FLIPPED]
20 [#81] at {14.2700, 8.7253, 7.5108, 6.4529, 5.3228, 4.0162, 2.7195, 2.6787, 4.2277, -24.8093}, [FLIPPED]
24 [#82] at {12.9312, 12.3698, 3.8282, 4.2724, 3.8624, 2.9666, 5.8534, 2.4104, 2.5687, -23.5362}, [FLIPPED]
5 [#83] at {14.6849, 13.7049, 6.9651, 4.4687, 3.4289, 3.6524, 3.0062, 3.0429, 3.1127, -24.4766}, [FLIPPED]
9 [#84] at {17.8297, 12.7241, 7.9958, 5.3723, 4.0030, 4.3485, 2.2878, 1.8370, 4.8675, -23.4683}, [FLIPPED]
66 [#85] at {14.1765, 9.3139, 7.1145, 4.6971, 3.0610, 7.8774, 1.8745, 2.9123, 1.2086, -24.7656}, [FLIPPED]
37 [#86] at {11.7029, 9.4241, 8.1983, 4.6484, 1.3259, 4.0056, 4.0945, 3.3337, 1.7744, -24.1144}, [FLIPPED]
87 [#87] at {16.9020, 8.4464, 7.1866, 3.1515, 4.9577, 5.5747, 4.5136, 3.8583, 4.7181, -24.6117}, [FLIPPED]
4 [#88] at {14.0935, 10.6494, 6.5850, 4.5730, 3.0882, 4.2125, 3.3652, 3.4068, 4.0105, -24.1184}, [FLIPPED]
35 [#89] at {14.2442, 10.2034, 7.8755, 4.5622, 1.9591, 3.7716, 4.4347, 3.3621, 0.7515, -24.6808}, [FLIPPED]
8 [#90] at {15.3660, 10.7898, 6.8832, 5.7572, 3.0378, 1.6059, 1.3506, 2.1397, 2.5705, -24.4024}, [FLIPPED]
64 [#91] at {16.0758, 9.7108, 4.8632, 4.7070, 2.2837, 4.3862, 0.7960, 1.7726, 3.7840, -24.1964}, [FLIPPED]
82 [#92] at {18.0100, 12.6902, 7.0572, 2.3586, 4.7407, 2.7434, 3.5077, 1.1982, 5.7065, -24.7399}, [FLIPPED]
17 [#93] at {16.3059, 8.7446, 6.5591, 6.3353, 2.3949, -0.0348, 3.7448, 0.4436, 3.2542, -25.7836}, [FLIPPED]
74 [#94] at {14.9075, 11.0462, 5.4650, 3.9992, 3.7398, 3.2658, 1.6445, 2.3824, 3.2352, -24.6852}, [FLIPPED]
3 [#95] at {14.0386, 9.8178, 4.4714, 5.3896, 4.9357, 0.8552, -0.2874, 3.3964, 4.1237, -24.2903}, [FLIPPED]
2 [#96] at {13.8597, 11.8573, 7.6656, 4.4215, 5.8741, -0.1257, 2.8479, 4.6005, 1.5288, -24.5130}, [FLIPPED]
32 [#97] at {12.9585, 9.6042, 4.0367, 3.8974, 2.7016, 3.8213, 4.9729, 1.5363, 2.6759, -25.2378}, [FLIPPED]
36 [#98] at {16.0301, 9.8582, 5.2351, 1.9613, 2.6033, 3.9629, 3.8859, 2.2846, 2.9482, -24.8435}, [FLIPPED]
59 [#99] at {16.7196, 12.7583, 6.3180, 4.6067, 5.8690, 3.2437, 4.6418, 2.0951, 3.5258, -25.0554}, [FLIPPED]

Flips	89 out of 100 [89.00%]

Edges:
[1->0] [29.30616900927176] (PRESERVED)
[2->0] [31.5405726802796] (PRESERVED)
[2->1] [30.12543850303263] (LONGER)
[3->0] [32.75720020087188] (PRESERVED)
[3->2] [28.38514474157213] (LONGER)
[4->0] [32.01662538432181] (LONGER)
[4->3] [29.53288407859957] (LONGER)
[5->0] [31.35941705453085] (PRESERVED)
[5->4] [30.34875995819268] (LONGER)
[6->0] [31.93806686385386] (SHORTER)
[6->5] [30.27898140624946] (LONGER)
[7->0] [30.89591141235359] (SHORTER)
[7->6] [29.90087592362471] (LONGER)
[8->0] [33.64818846535427] (PRESERVED)
[8->7] [30.14038800347467] (LONGER)
[9->0] [33.18970017942314] (PRESERVED)
[9->8] [29.59073606722211] (LONGER)
[10->0] [32.38207275638792] (PRESERVED)
[10->1] [31.6518748575815] (LONGER)
[10->2] [30.8292825897717] (LONGER)
[10->3] [33.37954051511193] (LONGER)
[10->4] [31.66411339355643] (LONGER)
[10->5] [32.36972214894654] (LONGER)
[10->6] [31.96363306947444] (LONGER)
[10->7] [32.43343022253427] (LONGER)
[10->8] [31.93451322628858] (LONGER)
[10->9] [29.18556794033655] (LONGER)
[11->0] [32.47802127593367] (PRESERVED)
[11->1] [30.40661895048511] (LONGER)
[11->2] [29.06949684807084] (LONGER)
[11->3] [31.66530443561218] (LONGER)
[11->4] [31.84030324918404] (LONGER)
[11->5] [31.40691659491582] (LONGER)
[11->6] [30.77056494444] (LONGER)
[11->7] [32.20093088716537] (LONGER)
[11->8] [30.5201235089244] (LONGER)
[11->9] [30.44247857846008] (LONGER)
[11->10] [45.87641008301784] (LONGER)
[12->0] [32.24764788321778] (LONGER)
[12->1] [32.46223036083626] (LONGER)
[12->2] [32.49653275351079] (LONGER)
[12->3] [31.59455293242809] (LONGER)
[12->4] [32.95441723047154] (LONGER)
[12->5] [31.69301146940757] (LONGER)
[12->6] [32.97443620442964] (LONGER)
[12->7] [33.8677593294862] (LONGER)
[12->8] [33.25736443255839] (LONGER)
[12->9] [31.87881026638229] (LONGER)
[12->11] [5.626368849630123] (LONGER)
[13->0] [31.07047193075767] (PRESERVED)
[13->1] [30.38678301498859] (LONGER)
[13->2] [30.2853258361207] (LONGER)
[13->3] [30.8967233699627] (LONGER)
[13->4] [31.30658085770467] (LONGER)
[13->5] [31.11417387622562] (LONGER)
[13->6] [32.40062315758758] (LONGER)
[13->7] [31.62507081414996] (LONGER)
[13->8] [32.19682426886229] (LONGER)
[13->9] [32.76030656144719] (LONGER)
[13->12] [4.674633519790124] (LONGER)
[14->0] [31.98705136457563] (PRESERVED)
[14->1] [31.57447096943985] (LONGER)
[14->2] [31.19069915856329] (LONGER)
[14->3] [32.73419212383284] (LONGER)
[14->4] [31.95361403659999] (LONGER)
[14->5] [32.03177651957505] (LONGER)
[14->6] [31.58743848430893] (LONGER)
[14->7] [33.86905905099815] (LONGER)
[14->8] [33.71441323825761] (LONGER)
[14->9] [31.50361380857758] (LONGER)
[14->13] [5.39660260321143] (LONGER)
[15->0] [32.85864826799787] (PRESERVED)
[15->1] [32.69663802289159] (LONGER)
[15->2] [32.20862525784049] (LONGER)
[15->3] [32.15902512514955] (LONGER)
[15->4] [31.22287182499392] (LONGER)
[15->5] [31.33202275627923] (LONGER)
[15->6] [32.72648311383306] (LONGER)
[15->7] [30.44277431509815] (LONGER)
[15->8] [33.05278322622771] (LONGER)
[15->9] [31.32494916196992] (LONGER)
[15->14] [6.108221621218708] (LONGER)
[16->0] [34.1268196584446] (PRESERVED)
[16->1] [31.25295525226375] (LONGER)
[16->2] [31.23450260529211] (LONGER)
[16->3] [31.57948107553385] (LONGER)
[16->4] [30.63875997817143] (LONGER)
[16->5] [31.17475408082638] (LONGER)
[16->6] [31.87581771500146] (LONGER)
[16->7] [31.27677221197867] (LONGER)
[16->8] [31.24889030029707] (LONGER)
[16->9] [31.68637498989117] (LONGER)
[16->15] [4.356491163548061] (LONGER)
[17->0] [32.41927835409049] (PRESERVED)
[17->1] [30.57255640276096] (LONGER)
[17->2] [30.31101915145712] (LONGER)
[17->3] [30.96561583434115] (LONGER)
[17->4] [31.87562852713653] (LONGER)
[17->5] [30.97173793961198] (LONGER)
[17->6] [32.3234664292059] (LONGER)
[17->7] [31.64778350848603] (LONGER)
[17->8] [32.60069836675282] (LONGER)
[17->9] [30.87939411646544] (LONGER)
[17->16] [4.179646858608019] (LONGER)
[18->0] [33.60327897690939] (PRESERVED)
[18->1] [31.51076387522209] (LONGER)
[18->2] [30.08286826417987] (LONGER)
[18->3] [32.361588295385] (LONGER)
[18->4] [31.41203045013168] (LONGER)
[18->5] [33.82581475737133] (LONGER)
[18->6] [32.17015174039439] (LONGER)
[18->7] [30.90492844191686] (LONGER)
[18->8] [32.96234553244049] (LONGER)
[18->9] [31.5160281761519] (LONGER)
[18->17] [4.755738695231567] (LONGER)
[19->0] [32.46252105120611] (PRESERVED)
[19->1] [33.72708737795185] (LONGER)
[19->2] [30.77360602854336] (LONGER)
[19->3] [30.58064217769144] (LONGER)
[19->4] [31.90468978065764] (LONGER)
[19->5] [32.53101410961546] (LONGER)
[19->6] [31.92389681727467] (LONGER)
[19->7] [31.81524412919064] (LONGER)
[19->8] [31.98247679589558] (LONGER)
[19->9] [31.40153440518473] (LONGER)
[19->18] [5.468716751303437] (LONGER)
[20->0] [31.17011793368772] (LONGER)
[20->1] [31.24341613844428] (LONGER)
[20->2] [30.38054217751882] (LONGER)
[20->3] [30.2549792761456] (LONGER)
[20->4] [33.03879847996897] (LONGER)
[20->5] [31.71857317093568] (LONGER)
[20->6] [31.80829412275986] (LONGER)
[20->7] [32.92059610638909] (LONGER)
[20->8] [31.36137437995981] (LONGER)
[20->9] [32.45746903256632] (LONGER)
[20->19] [5.117915410526403] (LONGER)
[21->0] [33.88567245902021] (PRESERVED)
[21->1] [32.05433580656446] (PRESERVED)
[21->2] [30.23590866833672] (LONGER)
[21->3] [30.49095142825163] (SHORTER)
[21->4] [32.60091500249649] (PRESERVED)
[21->5] [32.78859271149038] (SHORTER)
[21->6] [32.62871807166196] (SHORTER)
[21->7] [35.49348103525492] (PRESERVED)
[21->8] [33.06940312433836] (PRESERVED)
[21->9] [33.29491597826913] (SHORTER)
[21->20] [4.590133115410449] (LONGER)
[22->0] [33.42891431081781] (SHORTER)
[22->1] [32.98451424532428] (LONGER)
[22->2] [31.23148621183436] (LONGER)
[22->3] [31.42158110280259] (LONGER)
[22->4] [31.61535049623837] (LONGER)
[22->5] [32.81321925687877] (LONGER)
[22->6] [33.15823624682108] (LONGER)
[22->7] [32.91897732311866] (LONGER)
[22->8] [32.38567793022094] (LONGER)
[22->9] [31.27595792297976] (LONGER)
[22->21] [5.480456697649889] (SHORTER)
[23->0] [32.88049669637002] (PRESERVED)
[23->1] [32.49975044519574] (LONGER)
[23->2] [31.57568485401386] (LONGER)
[23->3] [32.22596201822378] (LONGER)
[23->4] [34.199538096296] (LONGER)
[23->5] [33.04495027988391] (LONGER)
[23->6] [34.30859737733387] (LONGER)
[23->7] [33.43138909767287] (LONGER)
[23->8] [33.84645842625193] (LONGER)
[23->9] [31.38776553053755] (LONGER)
[23->22] [4.081114772037479] (LONGER)
[24->0] [31.57247611448935] (LONGER)
[24->1] [32.1054634914371] (LONGER)
[24->2] [30.77386668912439] (LONGER)
[24->3] [30.01209974327021] (LONGER)
[24->4] [31.33625859926485] (LONGER)
[24->5] [30.83620784078354] (LONGER)
[24->6] [32.46268801254756] (LONGER)
[24->7] [32.71791940206467] (LONGER)
[24->8] [32.74284476034421] (LONGER)
[24->9] [32.05614702362092] (LONGER)
[24->23] [4.373035913805959] (LONGER)
[25->0] [32.48364017470949] (PRESERVED)
[25->1] [30.97966363600482] (LONGER)
[25->2] [30.06479695590841] (LONGER)
[25->3] [31.55746225538422] (LONGER)
[25->4] [31.14901947092396] (LONGER)
[25->5] [31.23965414341202] (LONGER)
[25->6] [31.72638674668138] (LONGER)
[25->7] [33.47720022642276] (LONGER)
[25->8] [32.2968515183756] (LONGER)
[25->9] [33.02243018010637] (LONGER)
[25->24] [3.981827168062331] (LONGER)
[26->0] [31.90251505759382] (SHORTER)
[26->1] [31.76881582621549] (PRESERVED)
[26->2] [29.62327838035486] (PRESERVED)
[26->3] [31.74405563251174] (PRESERVED)
[26->4] [32.09742257565239] (PRESERVED)
[26->5] [31.01228780660982] (PRESERVED)
[26->6] [31.96457407818849] (PRESERVED)
[26->7] [32.18047496541965] (PRESERVED)
[26->8] [32.80289532952847] (PRESERVED)
[26->9] [31.75422886797915] (PRESERVED)
[26->25] [3.515635531568788] (PRESERVED)
[27->0] [33.03750278093063] (PRESERVED)
[27->1] [32.17767698265367] (PRESERVED)
[27->2] [33.04177932557507] (LONGER)
[27->3] [33.13158346653537] (PRESERVED)
[27->4] [33.86881360484894] (LONGER)
[27->5] [32.55674618262704] (SHORTER)
[27->6] [33.76288795408355] (SHORTER)
[27->7] [33.41282960181612] (SHORTER)
[27->8] [34.18096834497234] (SHORTER)
[27->9] [34.62130127537092] (SHORTER)
[27->26] [4.593664554072378] (PRESERVED)
[28->0] [31.19313527044052] (PRESERVED)
[28->1] [31.09861035480525] (LONGER)
[28->2] [30.6554763949282] (LONGER)
[28->3] [32.08920620707218] (LONGER)
[28->4] [33.03399753284485] (LONGER)
[28->5] [31.12410628435779] (LONGER)
[28->6] [33.19348856327095] (LONGER)
[28->7] [32.40419778362056] (LONGER)
[28->8] [32.97159021036138] (LONGER)
[28->9] [31.45835237262117] (LONGER)
[28->27] [4.045225657584149] (SHORTER)
[29->0] [32.11738178930532] (PRESERVED)
[29->1] [32.12176394596037] (LONGER)
[29->2] [31.15594306067464] (LONGER)
[29->3] [32.22092196073851] (LONGER)
[29->4] [32.45097409940109] (LONGER)
[29->5] [32.4275873755665] (LONGER)
[29->6] [33.63355039242809] (LONGER)
[29->7] [32.34518212964645] (LONGER)
[29->8] [32.50429583916563] (LONGER)
[29->9] [30.03800993741097] (LONGER)
[29->28] [3.452263203555244] (LONGER)
[30->0] [30.59597045363981] (PRESERVED)
[30->1] [32.71971231536121] (LONGER)
[30->2] [30.02645098908627] (LONGER)
[30->3] [30.82781070721696] (LONGER)
[30->4] [32.00424576521058] (LONGER)
[30->5] [31.61471056328051] (LONGER)
[30->6] [33.07824558527854] (LONGER)
[30->7] [31.86314046041288] (LONGER)
[30->8] [32.71799720337417] (LONGER)
[30->9] [30.67521726084431] (LONGER)
[30->29] [3.243625366202434] (LONGER)
[31->0] [31.43691925109711] (PRESERVED)
[31->1] [31.28680709180788] (LONGER)
[31->2] [31.08287497964112] (LONGER)
[31->3] [30.16128128909645] (LONGER)
[31->4] [31.33396921872492] (LONGER)
[31->5] [33.52788293346301] (LONGER)
[31->6] [32.77400648379751] (LONGER)
[31->7] [31.16957413889387] (LONGER)
[31->8] [30.43795786513937] (LONGER)
[31->9] [32.28734327875243] (LONGER)
[31->30] [6.217982659532653] (LONGER)
[32->0] [32.32240015840408] (LONGER)
[32->1] [32.73721533667762] (LONGER)
[32->2] [31.58744679457332] (LONGER)
[32->3] [30.53174972057777] (LONGER)
[32->4] [33.43735008938358] (LONGER)
[32->5] [30.85272898788696] (LONGER)
[32->6] [32.57191475796288] (LONGER)
[32->7] [31.20212156248353] (LONGER)
[32->8] [31.60647334012448] (LONGER)
[32->9] [32.37755111184293] (LONGER)
[32->31] [5.653280566064059] (LONGER)
[33->0] [33.4455369668361] (PRESERVED)
[33->1] [32.21250584788461] (LONGER)
[33->2] [31.43926745329796] (LONGER)
[33->3] [32.03749287943739] (LONGER)
[33->4] [30.76948979102513] (LONGER)
[33->5] [33.07682404645283] (LONGER)
[33->6] [32.36446520491263] (LONGER)
[33->7] [32.79779286781353] (LONGER)
[33->8] [32.37091327102155] (LONGER)
[33->9] [31.57283523854012] (LONGER)
[33->32] [6.549497156525582] (LONGER)
[34->0] [32.38062970357434] (PRESERVED)
[34->1] [32.96310279691522] (LONGER)
[34->2] [30.32922288816514] (LONGER)
[34->3] [31.9030248252419] (LONGER)
[34->4] [30.5089787603584] (LONGER)
[34->5] [33.03024017472475] (LONGER)
[34->6] [32.88273773577863] (LONGER)
[34->7] [33.21799102895898] (LONGER)
[34->8] [33.15768045264928] (LONGER)
[34->9] [32.27877237442591] (LONGER)
[34->33] [3.215630108996242] (LONGER)
[35->0] [30.08244991685351] (SHORTER)
[35->1] [30.85686016107277] (LONGER)
[35->2] [31.22101157874294] (LONGER)
[35->3] [32.93518905365506] (LONGER)
[35->4] [32.3898112374864] (LONGER)
[35->5] [32.79770450809021] (LONGER)
[35->6] [34.13965430404942] (LONGER)
[35->7] [33.42853273776761] (LONGER)
[35->8] [34.32053210543215] (LONGER)
[35->9] [32.40998693304272] (LONGER)
[35->34] [5.429286961539114] (LONGER)
[36->0] [32.01573717720709] (PRESERVED)
[36->1] [32.85384825252591] (LONGER)
[36->2] [29.11969704512738] (LONGER)
[36->3] [33.66868438178125] (LONGER)
[36->4] [31.73186817696052] (LONGER)
[36->5] [32.48036802439283] (LONGER)
[36->6] [33.9308683649564] (LONGER)
[36->7] [32.79070086167722] (LONGER)
[36->8] [31.02343514184075] (LONGER)
[36->9] [31.68041453327276] (LONGER)
[36->35] [6.890040879890511] (LONGER)
[37->0] [31.62433075971729] (PRESERVED)
[37->1] [32.3898229695687] (LONGER)
[37->2] [30.0093781175152] (LONGER)
[37->3] [32.47804256724843] (LONGER)
[37->4] [32.2446585809185] (LONGER)
[37->5] [33.13849948322949] (LONGER)
[37->6] [33.39107208521465] (LONGER)
[37->7] [33.76715158256614] (LONGER)
[37->8] [33.7278834052776] (LONGER)
[37->9] [33.69878460716352] (LONGER)
[37->36] [5.374770212359884] (LONGER)
[38->0] [32.21250904540035] (PRESERVED)
[38->1] [30.46673771508856] (LONGER)
[38->2] [31.22562063434449] (LONGER)
[38->3] [30.31255630922605] (LONGER)
[38->4] [33.00877189475548] (LONGER)
[38->5] [32.23271395647596] (LONGER)
[38->6] [34.21256327725241] (LONGER)
[38->7] [32.0272285875628] (LONGER)
[38->8] [32.06854954624546] (LONGER)
[38->9] [31.78389534025055] (LONGER)
[38->37] [6.349468448321208] (LONGER)
[39->0] [31.27073179508276] (PRESERVED)
[39->1] [32.42475268988186] (PRESERVED)
[39->2] [31.0094715208112] (PRESERVED)
[39->3] [30.17537850632531] (PRESERVED)
[39->4] [32.24917884225893] (PRESERVED)
[39->5] [32.20561163834651] (PRESERVED)
[39->6] [32.74791117002732] (SHORTER)
[39->7] [33.36643317767123] (PRESERVED)
[39->8] [33.26582636881278] (SHORTER)
[39->9] [33.35353281138297] (PRESERVED)
[39->38] [5.047124710936599] (LONGER)
[40->0] [32.07243372430598] (PRESERVED)
[40->1] [33.56563118727248] (LONGER)
[40->2] [30.7562754572136] (LONGER)
[40->3] [32.49348288503403] (LONGER)
[40->4] [33.25936117847123] (LONGER)
[40->5] [33.36816424378183] (LONGER)
[40->6] [32.99103250885004] (LONGER)
[40->7] [34.05614216261142] (LONGER)
[40->8] [32.06091920079647] (LONGER)
[40->9] [33.39116881751821] (LONGER)
[40->39] [4.438569475496413] (PRESERVED)
[41->0] [32.7626310909243] (PRESERVED)
[41->1] [32.07300188632178] (LONGER)
[41->2] [31.35083365717728] (LONGER)
[41->3] [32.36451802514598] (LONGER)
[41->4] [31.26997379276163] (LONGER)
[41->5] [33.49481252373268] (LONGER)
[41->6] [31.79300430912437] (LONGER)
[41->7] [33.35664677391899] (LONGER)
[41->8] [32.14839167050199] (LONGER)
[41->9] [32.90809678483397] (LONGER)
[41->40] [4.216470208158727] (LONGER)
[42->0] [31.42064283238012] (LONGER)
[42->1] [33.15828566135468] (LONGER)
[42->2] [30.37520299520647] (LONGER)
[42->3] [31.27194968338239] (LONGER)
[42->4] [32.0694615327417] (LONGER)
[42->5] [31.52180220101636] (LONGER)
[42->6] [31.09556481236513] (LONGER)
[42->7] [31.89515289193641] (LONGER)
[42->8] [32.30893506446785] (LONGER)
[42->9] [32.50086192703204] (LONGER)
[42->41] [4.410128511720284] (LONGER)
[43->0] [32.24560066117548] (LONGER)
[43->1] [31.17629259549635] (LONGER)
[43->2] [29.39592235327886] (LONGER)
[43->3] [31.55424977716947] (LONGER)
[43->4] [31.87648244395859] (LONGER)
[43->5] [31.91660796513314] (LONGER)
[43->6] [33.74763373927126] (LONGER)
[43->7] [32.0060210585446] (LONGER)
[43->8] [31.02349375876289] (LONGER)
[43->9] [30.26098921053308] (LONGER)
[43->42] [5.633328903654118] (LONGER)
[44->0] [32.24197135722319] (PRESERVED)
[44->1] [31.66222868024296] (LONGER)
[44->2] [29.25203712564306] (LONGER)
[44->3] [30.36856723653586] (LONGER)
[44->4] [32.04112878785638] (LONGER)
[44->5] [31.37826051584121] (LONGER)
[44->6] [32.1131323915933] (LONGER)
[44->7] [31.90057643679813] (LONGER)
[44->8] [33.17888201853704] (LONGER)
[44->9] [34.59968758529476] (LONGER)
[44->43] [6.843943583574429] (LONGER)
[45->0] [31.73716895061687] (SHORTER)
[45->1] [32.52172140277941] (LONGER)
[45->2] [31.89416548524196] (LONGER)
[45->3] [31.73465292074265] (LONGER)
[45->4] [32.63864215925657] (LONGER)
[45->5] [32.08804810205818] (LONGER)
[45->6] [32.24261214604054] (LONGER)
[45->7] [30.5218218165299] (LONGER)
[45->8] [32.57360360782945] (LONGER)
[45->9] [34.47995671400996] (LONGER)
[45->44] [4.594599008232892] (LONGER)
[46->0] [31.66107480803518] (PRESERVED)
[46->1] [31.4530591516946] (LONGER)
[46->2] [32.80853622153845] (LONGER)
[46->3] [32.18128423478468] (LONGER)
[46->4] [33.85872748642513] (LONGER)
[46->5] [33.64121463324415] (LONGER)
[46->6] [33.16583870490838] (LONGER)
[46->7] [33.42766800122316] (LONGER)
[46->8] [30.00123249134942] (LONGER)
[46->9] [29.99315208510102] (LONGER)
[46->45] [8.840357590767423] (LONGER)
[47->0] [33.59427168432143] (PRESERVED)
[47->1] [34.72570794094773] (LONGER)
[47->2] [32.56432469743538] (LONGER)
[47->3] [31.94354966186443] (LONGER)
[47->4] [30.96728365549683] (LONGER)
[47->5] [32.91464108873133] (LONGER)
[47->6] [32.35738118266064] (LONGER)
[47->7] [34.23185531051452] (LONGER)
[47->8] [31.58418821182525] (LONGER)
[47->9] [30.54808714142345] (LONGER)
[47->46] [7.269871499706209] (LONGER)
[48->0] [32.0491641388664] (PRESERVED)
[48->1] [32.43105314355365] (LONGER)
[48->2] [30.59859988626931] (LONGER)
[48->3] [31.9584912190798] (LONGER)
[48->4] [33.25176685531162] (LONGER)
[48->5] [32.48095060185278] (LONGER)
[48->6] [31.36892352313034] (LONGER)
[48->7] [32.81307020075995] (LONGER)
[48->8] [32.96494849078336] (LONGER)
[48->9] [32.08312755951328] (LONGER)
[48->47] [7.045204142630864] (LONGER)
[49->0] [33.16729692030992] (PRESERVED)
[49->1] [32.82763879720866] (LONGER)
[49->2] [30.91795714467565] (LONGER)
[49->3] [31.05469272106875] (LONGER)
[49->4] [31.26725270950423] (LONGER)
[49->5] [31.48857613484611] (LONGER)
[49->6] [33.44398334528947] (LONGER)
[49->7] [32.81408153521899] (LONGER)
[49->8] [31.97263755150644] (LONGER)
[49->9] [31.1027183538674] (LONGER)
[49->48] [5.112368816034039] (LONGER)
[50->0] [34.12004866643656] (PRESERVED)
[50->1] [33.92100875563697] (LONGER)
[50->2] [31.55435599089293] (LONGER)
[50->3] [30.96372813470627] (LONGER)
[50->4] [32.38976471047604] (LONGER)
[50->5] [34.46275353189295] (LONGER)
[50->6] [32.78474224391585] (LONGER)
[50->7] [34.05564550849095] (LONGER)
[50->8] [33.40220750190022] (LONGER)
[50->9] [32.9451924717401] (LONGER)
[50->49] [4.770745639767053] (LONGER)
[51->0] [32.56104648195448] (PRESERVED)
[51->1] [32.5707719282181] (LONGER)
[51->2] [31.0509215805264] (LONGER)
[51->3] [30.81776281627204] (LONGER)
[51->4] [32.53605878098944] (LONGER)
[51->5] [31.16981097151537] (LONGER)
[51->6] [32.2074553636266] (LONGER)
[51->7] [31.00000177419349] (LONGER)
[51->8] [31.45495018276138] (LONGER)
[51->9] [32.71165251099369] (LONGER)
[51->50] [5.815779347949257] (LONGER)
[52->0] [32.99330789720849] (PRESERVED)
[52->1] [32.81290084707537] (LONGER)
[52->2] [30.34272682209034] (LONGER)
[52->3] [31.29206031887323] (LONGER)
[52->4] [31.11190966494986] (LONGER)
[52->5] [33.22062019288624] (LONGER)
[52->6] [31.48684422103938] (LONGER)
[52->7] [31.5748250984863] (LONGER)
[52->8] [31.40523422934464] (LONGER)
[52->9] [32.32555892788244] (LONGER)
[52->51] [4.383784504675563] (LONGER)
[53->0] [34.0148899454342] (SHORTER)
[53->1] [32.94195067083916] (LONGER)
[53->2] [31.61872247577375] (LONGER)
[53->3] [33.52023396398062] (LONGER)
[53->4] [30.57936367879488] (LONGER)
[53->5] [31.86783968203681] (LONGER)
[53->6] [31.484800729876] (LONGER)
[53->7] [32.59663169715547] (LONGER)
[53->8] [32.89639878466942] (LONGER)
[53->9] [31.38057845228478] (LONGER)
[53->52] [5.290396765398393] (LONGER)
[54->0] [33.63901808911787] (PRESERVED)
[54->1] [33.62423703223613] (LONGER)
[54->2] [32.8748678932707] (LONGER)
[54->3] [34.90457395528556] (LONGER)
[54->4] [31.36238072914746] (LONGER)
[54->5] [33.09086602070123] (LONGER)
[54->6] [32.20942776579553] (LONGER)
[54->7] [33.42581903259813] (LONGER)
[54->8] [33.27948763127221] (LONGER)
[54->9] [32.72008468815446] (LONGER)
[54->53] [2.656267367546771] (LONGER)
[55->0] [31.76721333387617] (PRESERVED)
[55->1] [31.12807075615191] (LONGER)
[55->2] [30.95869021777246] (LONGER)
[55->3] [32.55390096440056] (LONGER)
[55->4] [32.15624318853182] (LONGER)
[55->5] [33.0781211830418] (LONGER)
[55->6] [33.65368315652834] (LONGER)
[55->7] [32.80022428276978] (LONGER)
[55->8] [34.0891197011598] (LONGER)
[55->9] [31.85705386566688] (LONGER)
[55->54] [6.390327603785335] (LONGER)
[56->0] [33.91586475382871] (PRESERVED)
[56->1] [32.40444447911429] (LONGER)
[56->2] [32.14312895472376] (LONGER)
[56->3] [33.49224968556161] (LONGER)
[56->4] [33.18470640219678] (LONGER)
[56->5] [34.22780361051523] (LONGER)
[56->6] [34.78454503080354] (LONGER)
[56->7] [33.34477365345282] (LONGER)
[56->8] [34.20821566524625] (LONGER)
[56->9] [31.98910799006437] (LONGER)
[56->55] [2.688441465467589] (LONGER)
[57->0] [33.87536399804436] (PRESERVED)
[57->1] [33.17153382043103] (LONGER)
[57->2] [32.14659653835846] (LONGER)
[57->3] [30.8763812160687] (LONGER)
[57->4] [32.40316726803107] (LONGER)
[57->5] [31.60521089947036] (LONGER)
[57->6] [34.64239147345345] (LONGER)
[57->7] [33.7015070879627] (LONGER)
[57->8] [31.9302892094638] (LONGER)
[57->9] [31.66902382455135] (LONGER)
[57->56] [5.496664286796564] (LONGER)
[58->0] [33.0996315538406] (SHORTER)
[58->1] [34.36919645554723] (LONGER)
[58->2] [30.48847152613589] (LONGER)
[58->3] [30.85380093278623] (LONGER)
[58->4] [30.99180191599062] (LONGER)
[58->5] [31.57083487967969] (LONGER)
[58->6] [34.00997239046217] (LONGER)
[58->7] [31.35995703122056] (LONGER)
[58->8] [31.14052086911841] (LONGER)
[58->9] [32.47067025794201] (LONGER)
[58->57] [4.868417522951358] (LONGER)
[59->0] [33.22602808040708] (PRESERVED)
[59->1] [34.15481913288373] (LONGER)
[59->2] [31.86289090776291] (LONGER)
[59->3] [32.96657787820872] (LONGER)
[59->4] [32.35491311995754] (LONGER)
[59->5] [34.08274402098517] (LONGER)
[59->6] [34.03842568333618] (LONGER)
[59->7] [34.00000538235253] (LONGER)
[59->8] [33.77639129628862] (LONGER)
[59->9] [32.49033865628368] (LONGER)
[59->58] [5.536695018270908] (LONGER)
[60->0] [34.26091735491038] (LONGER)
[60->1] [32.07532727814325] (PRESERVED)
[60->2] [30.28234315570709] (PRESERVED)
[60->3] [30.50257236693325] (PRESERVED)
[60->4] [30.6590042401902] (LONGER)
[60->5] [32.30020820366332] (PRESERVED)
[60->6] [31.95487278960754] (SHORTER)
[60->7] [31.7628679120762] (PRESERVED)
[60->8] [34.92649222295305] (PRESERVED)
[60->9] [32.80528683002177] (PRESERVED)
[60->59] [7.037169603407172] (PRESERVED)
[61->0] [31.70875573087031] (LONGER)
[61->1] [31.66272003476643] (LONGER)
[61->2] [31.30700511067771] (LONGER)
[61->3] [31.28082820195143] (LONGER)
[61->4] [33.46512018505237] (LONGER)
[61->5] [33.74557037597675] (LONGER)
[61->6] [32.75383285968223] (LONGER)
[61->7] [32.06203125193411] (LONGER)
[61->8] [34.43369993189812] (LONGER)
[61->9] [33.15540592422299] (LONGER)
[61->60] [6.062225818572398] (PRESERVED)
[62->0] [31.00588727967641] (PRESERVED)
[62->1] [31.72992369987675] (LONGER)
[62->2] [31.47550077441184] (LONGER)
[62->3] [32.23348499619612] (LONGER)
[62->4] [33.37636719297054] (LONGER)
[62->5] [32.14587301660977] (LONGER)
[62->6] [32.94399834567746] (LONGER)
[62->7] [33.75748325927157] (LONGER)
[62->8] [33.04399774543026] (LONGER)
[62->9] [33.18895798304008] (LONGER)
[62->61] [4.764936907647262] (LONGER)
[63->0] [32.82628413329781] (PRESERVED)
[63->1] [32.1902471565535] (LONGER)
[63->2] [31.46248500992888] (LONGER)
[63->3] [33.30966614963291] (LONGER)
[63->4] [32.12792730631716] (LONGER)
[63->5] [33.24726939163576] (LONGER)
[63->6] [31.70069470847603] (LONGER)
[63->7] [34.44340407102645] (LONGER)
[63->8] [33.17834364461253] (LONGER)
[63->9] [34.22760444436624] (LONGER)
[63->62] [4.45807533644174] (LONGER)
[64->0] [31.86794425437575] (LONGER)
[64->1] [32.34525159895962] (LONGER)
[64->2] [31.56879687286167] (LONGER)
[64->3] [32.39884050394397] (LONGER)
[64->4] [30.90910338395471] (LONGER)
[64->5] [33.95930259884617] (LONGER)
[64->6] [31.16267735609378] (LONGER)
[64->7] [31.70721484142057] (LONGER)
[64->8] [31.60994988923582] (LONGER)
[64->9] [31.29561236020155] (LONGER)
[64->63] [5.288001345745887] (LONGER)
[65->0] [30.24733725470725] (PRESERVED)
[65->1] [30.91535817356806] (LONGER)
[65->2] [30.22340556588551] (LONGER)
[65->3] [33.25505907377103] (LONGER)
[65->4] [32.85494492462283] (LONGER)
[65->5] [32.57059905804619] (LONGER)
[65->6] [31.43640631497182] (LONGER)
[65->7] [32.31714713584726] (LONGER)
[65->8] [31.65619329609927] (LONGER)
[65->9] [29.87907232495682] (LONGER)
[65->64] [5.272321343530389] (LONGER)
[66->0] [31.63935866922717] (PRESERVED)
[66->1] [32.5221032683927] (LONGER)
[66->2] [33.43460216601957] (LONGER)
[66->3] [32.48337325463597] (LONGER)
[66->4] [31.13016414990452] (LONGER)
[66->5] [34.7730009777701] (LONGER)
[66->6] [31.79654629043852] (LONGER)
[66->7] [33.52835592450069] (LONGER)
[66->8] [31.86538262754741] (LONGER)
[66->9] [33.44245100168348] (LONGER)
[66->65] [7.494996483742931] (LONGER)
[67->0] [31.80250821869243] (PRESERVED)
[67->1] [34.09837469733713] (LONGER)
[67->2] [32.76851205044257] (LONGER)
[67->3] [33.61574143165668] (PRESERVED)
[67->4] [32.41504527221889] (LONGER)
[67->5] [33.86995144667321] (PRESERVED)
[67->6] [33.8003778677103] (SHORTER)
[67->7] [31.14937368551734] (PRESERVED)
[67->8] [32.5469354932227] (PRESERVED)
[67->9] [32.45505271910679] (PRESERVED)
[67->66] [6.513220070270947] (PRESERVED)
[68->0] [32.90875745147483] (PRESERVED)
[68->1] [32.87406283074851] (LONGER)
[68->2] [31.91967111359388] (LONGER)
[68->3] [33.48370953165135] (LONGER)
[68->4] [31.41039958357741] (LONGER)
[68->5] [31.67429476720832] (LONGER)
[68->6] [30.51052031676943] (LONGER)
[68->7] [32.83445317041233] (LONGER)
[68->8] [30.70653256230668] (LONGER)
[68->9] [32.12806186186773] (LONGER)
[68->67] [6.694243936330915] (SHORTER)
[69->0] [33.3168320372751] (SHORTER)
[69->1] [32.43053026085143] (LONGER)
[69->2] [30.51019908161859] (LONGER)
[69->3] [31.68974641741394] (LONGER)
[69->4] [32.88470994246414] (LONGER)
[69->5] [30.81746431814273] (LONGER)
[69->6] [33.22306057544971] (LONGER)
[69->7] [33.48316031977868] (LONGER)
[69->8] [32.8008978840519] (LONGER)
[69->9] [31.3902317767805] (LONGER)
[69->68] [6.635502266403376] (LONGER)
[70->0] [31.38674624742107] (PRESERVED)
[70->1] [30.3701422782311] (LONGER)
[70->2] [30.59258493491519] (LONGER)
[70->3] [33.68308796710895] (LONGER)
[70->4] [31.87260119601159] (LONGER)
[70->5] [31.65189504595262] (LONGER)
[70->6] [33.69551968734122] (LONGER)
[70->7] [32.10714471889396] (LONGER)
[70->8] [32.65174854429698] (LONGER)
[70->9] [31.31789779024129] (LONGER)
[70->69] [5.175932662853907] (LONGER)
[71->0] [31.81099869541979] (PRESERVED)
[71->1] [30.88296731209617] (LONGER)
[71->2] [32.80239236702105] (LONGER)
[71->3] [33.21498500677067] (LONGER)
[71->4] [31.4849821819864] (LONGER)
[71->5] [32.00695143246229] (LONGER)
[71->6] [34.52645465436613] (LONGER)
[71->7] [32.01712026400877] (LONGER)
[71->8] [33.26847978191971] (LONGER)
[71->9] [32.77228505917768] (LONGER)
[71->70] [3.855816389026357] (LONGER)
[72->0] [33.29784167179608] (LONGER)
[72->1] [34.08383517152964] (LONGER)
[72->2] [31.86219871571954] (LONGER)
[72->3] [32.21678278475367] (LONGER)
[72->4] [31.76262248303814] (LONGER)
[72->5] [32.74904163483262] (LONGER)
[72->6] [31.29203606350983] (LONGER)
[72->7] [33.68975226979266] (LONGER)
[72->8] [33.21315662504846] (LONGER)
[72->9] [31.15087263625211] (LONGER)
[72->71] [8.442240836746965] (LONGER)
[73->0] [33.40335123905984] (SHORTER)
[73->1] [33.82461106945653] (LONGER)
[73->2] [31.35479910635691] (LONGER)
[73->3] [31.48421120180717] (LONGER)
[73->4] [32.64471986401478] (LONGER)
[73->5] [32.78308362555298] (LONGER)
[73->6] [32.01876304606411] (LONGER)
[73->7] [34.7225887571765] (LONGER)
[73->8] [32.47642817490864] (LONGER)
[73->9] [32.9220254844686] (LONGER)
[73->72] [3.974956314595093] (LONGER)
[74->0] [33.12161757825243] (PRESERVED)
[74->1] [32.12985354775213] (LONGER)
[74->2] [31.1799822001232] (LONGER)
[74->3] [31.3086744848772] (LONGER)
[74->4] [33.60080698435679] (LONGER)
[74->5] [32.75459093012765] (LONGER)
[74->6] [32.73357997530977] (LONGER)
[74->7] [33.49461773180879] (LONGER)
[74->8] [33.141235915397] (LONGER)
[74->9] [31.20852381962338] (LONGER)
[74->73] [4.274893127352623] (LONGER)
[75->0] [33.54775612466502] (PRESERVED)
[75->1] [31.55267492622457] (LONGER)
[75->2] [31.27867919206309] (LONGER)
[75->3] [34.54582495758351] (LONGER)
[75->4] [30.94576720651792] (LONGER)
[75->5] [32.6323485057389] (LONGER)
[75->6] [32.84312451640374] (LONGER)
[75->7] [33.26395248613732] (LONGER)
[75->8] [32.15555572525532] (LONGER)
[75->9] [33.19031667519913] (LONGER)
[75->74] [7.447186678872066] (LONGER)
[76->0] [31.5146594777732] (SHORTER)
[76->1] [32.30743629568897] (LONGER)
[76->2] [31.21780272536809] (LONGER)
[76->3] [32.42281765979015] (LONGER)
[76->4] [31.28985898018719] (LONGER)
[76->5] [31.13938130406576] (LONGER)
[76->6] [31.99060666820809] (LONGER)
[76->7] [33.54375986677701] (LONGER)
[76->8] [31.97084651678776] (LONGER)
[76->9] [31.64961361533502] (LONGER)
[76->75] [4.992704505860476] (LONGER)
[77->0] [32.82076738895665] (LONGER)
[77->1] [32.79922252127326] (LONGER)
[77->2] [33.95931673340912] (LONGER)
[77->3] [31.28100939867511] (LONGER)
[77->4] [32.35714000031524] (LONGER)
[77->5] [32.76309765574678] (LONGER)
[77->6] [31.48646822049117] (LONGER)
[77->7] [32.0923219477806] (LONGER)
[77->8] [34.21545848004962] (LONGER)
[77->9] [32.57070137408773] (LONGER)
[77->76] [6.794576228171691] (LONGER)
[78->0] [32.56053809444801] (LONGER)
[78->1] [33.61061830731472] (PRESERVED)
[78->2] [29.41325160535638] (PRESERVED)
[78->3] [30.87982163160921] (PRESERVED)
[78->4] [35.11796602880069] (LONGER)
[78->5] [30.86684763625854] (SHORTER)
[78->6] [30.97198798914915] (SHORTER)
[78->7] [30.54734998326369] (SHORTER)
[78->8] [31.32571154818356] (PRESERVED)
[78->9] [32.74763229609128] (PRESERVED)
[78->77] [9.520542334949299] (SHORTER)
[79->0] [30.72377069957397] (PRESERVED)
[79->1] [31.7406416759334] (LONGER)
[79->2] [31.96004698056623] (LONGER)
[79->3] [31.12530454469482] (LONGER)
[79->4] [33.07440731139411] (LONGER)
[79->5] [31.77440133188981] (LONGER)
[79->6] [32.98487467006657] (LONGER)
[79->7] [32.63320155914833] (LONGER)
[79->8] [31.59201827993899] (LONGER)
[79->9] [30.7367503487275] (LONGER)
[79->78] [7.797796176452514] (PRESERVED)
[80->0] [34.3091204638067] (PRESERVED)
[80->1] [32.98705499131439] (PRESERVED)
[80->2] [33.15758166694309] (PRESERVED)
[80->3] [33.85168492113797] (PRESERVED)
[80->4] [32.26699071806975] (LONGER)
[80->5] [34.68928348928527] (PRESERVED)
[80->6] [31.84427003402653] (SHORTER)
[80->7] [33.04299791181181] (PRESERVED)
[80->8] [32.55896011852958] (PRESERVED)
[80->9] [32.07742961959389] (PRESERVED)
[80->79] [7.040046999544889] (PRESERVED)
[81->0] [32.714312448835] (PRESERVED)
[81->1] [33.05573845794403] (LONGER)
[81->2] [33.63753287623813] (LONGER)
[81->3] [33.15637525424031] (LONGER)
[81->4] [31.7985498725964] (LONGER)
[81->5] [31.9929358296484] (LONGER)
[81->6] [32.66048866750158] (LONGER)
[81->7] [33.36322369016521] (LONGER)
[81->8] [33.18268653982074] (LONGER)
[81->9] [32.39232870603779] (LONGER)
[81->80] [4.92474156346384] (PRESERVED)
[82->0] [31.26466801359004] (PRESERVED)
[82->1] [32.83901676359997] (LONGER)
[82->2] [29.73970220093] (LONGER)
[82->3] [33.51435276116787] (LONGER)
[82->4] [32.2787988159411] (LONGER)
[82->5] [32.1845632873898] (LONGER)
[82->6] [32.60884261975576] (LONGER)
[82->7] [30.34839373014657] (LONGER)
[82->8] [32.21524699579376] (LONGER)
[82->9] [32.39970768386653] (LONGER)
[82->81] [7.133769746379941] (LONGER)
[83->0] [33.528150306869] (PRESERVED)
[83->1] [33.50029980462862] (LONGER)
[83->2] [30.03561479310853] (LONGER)
[83->3] [31.94507558294393] (LONGER)
[83->4] [32.23920172708996] (LONGER)
[83->5] [32.72459330534149] (LONGER)
[83->6] [32.49763674484655] (LONGER)
[83->7] [32.93184023099835] (LONGER)
[83->8] [32.18864551359687] (LONGER)
[83->9] [32.53651089161221] (LONGER)
[83->82] [5.008131083942236] (LONGER)
[84->0] [34.50492175038222] (PRESERVED)
[84->1] [31.69229276969402] (LONGER)
[84->2] [30.33511789988626] (LONGER)
[84->3] [31.23718130689771] (LONGER)
[84->4] [31.16244043716729] (LONGER)
[84->5] [31.99503347396279] (LONGER)
[84->6] [31.60426892051135] (LONGER)
[84->7] [33.09875394935587] (LONGER)
[84->8] [32.49987430744925] (LONGER)
[84->9] [30.86968647395046] (LONGER)
[84->83] [4.428375711813708] (LONGER)
[85->0] [32.53638775279149] (PRESERVED)
[85->1] [32.96281808341028] (LONGER)
[85->2] [33.03019568516058] (LONGER)
[85->3] [33.06046450066907] (LONGER)
[85->4] [32.85663852252693] (LONGER)
[85->5] [33.68550097593919] (LONGER)
[85->6] [30.12785227990871] (LONGER)
[85->7] [33.49299971635864] (LONGER)
[85->8] [32.90957655455324] (LONGER)
[85->9] [34.69193776657626] (LONGER)
[85->84] [7.47965469243264] (LONGER)
[86->0] [30.73958288591437] (PRESERVED)
[86->1] [33.43409867186492] (LONGER)
[86->2] [32.42202721916075] (LONGER)
[86->3] [31.45880450684674] (LONGER)
[86->4] [31.9821913726999] (LONGER)
[86->5] [33.88515347464137] (LONGER)
[86->6] [32.37740265987993] (LONGER)
[86->7] [31.72651632310108] (LONGER)
[86->8] [32.00312283199876] (LONGER)
[86->9] [33.43927245021936] (LONGER)
[86->85] [5.582094689180171] (LONGER)
[87->0] [33.72699177216967] (PRESERVED)
[87->1] [31.71266377963227] (LONGER)
[87->2] [33.59924259563005] (LONGER)
[87->3] [33.43727014874269] (LONGER)
[87->4] [34.17544213320437] (LONGER)
[87->5] [32.98255696576601] (LONGER)
[87->6] [32.2710854016409] (LONGER)
[87->7] [32.55043529662854] (LONGER)
[87->8] [32.25736760803645] (LONGER)
[87->9] [31.62958191313948] (LONGER)
[87->86] [7.501078929528606] (LONGER)
[88->0] [32.00477908063106] (PRESERVED)
[88->1] [32.51313266973824] (LONGER)
[88->2] [31.41634789405032] (LONGER)
[88->3] [32.3743245643828] (LONGER)
[88->4] [32.11558595137259] (LONGER)
[88->5] [32.86486004838603] (LONGER)
[88->6] [32.06332323699463] (LONGER)
[88->7] [32.33398435083433] (LONGER)
[88->8] [31.8904772463505] (LONGER)
[88->9] [31.64383968484229] (LONGER)
[88->87] [4.768760243535701] (LONGER)
[89->0] [32.38186793562102] (PRESERVED)
[89->1] [32.74980071695094] (PRESERVED)
[89->2] [32.10252940190227] (PRESERVED)
[89->3] [31.86721550433927] (PRESERVED)
[89->4] [32.24483236117068] (PRESERVED)
[89->5] [33.81315825237271] (PRESERVED)
[89->6] [32.79111096013676] (SHORTER)
[89->7] [31.95530677368004] (SHORTER)
[89->8] [32.02735846116565] (SHORTER)
[89->9] [34.09831061797637] (SHORTER)
[89->88] [3.929274050611843] (PRESERVED)
[90->0] [32.45536223800313] (SHORTER)
[90->1] [31.80507968862835] (LONGER)
[90->2] [31.10209412563728] (LONGER)
[90->3] [31.97103112193912] (LONGER)
[90->4] [30.92069489840098] (LONGER)
[90->5] [32.51284841412699] (LONGER)
[90->6] [33.59996251486005] (LONGER)
[90->7] [34.00047999661182] (LONGER)
[90->8] [33.02610680961351] (LONGER)
[90->9] [32.83974616223457] (LONGER)
[90->89] [4.925538029699475] (PRESERVED)
[91->0] [32.0398247654384] (SHORTER)
[91->1] [30.71098150499263] (LONGER)
[91->2] [31.24262143290798] (LONGER)
[91->3] [33.33373015430467] (LONGER)
[91->4] [31.91055963157024] (LONGER)
[91->5] [33.45079333887316] (LONGER)
[91->6] [32.010188159397] (LONGER)
[91->7] [34.19870443452499] (LONGER)
[91->8] [33.49137521810653] (LONGER)
[91->9] [32.26490268077682] (LONGER)
[91->90] [4.136029605665262] (LONGER)
[92->0] [35.05901905359018] (SHORTER)
[92->1] [32.13065587565869] (LONGER)
[92->2] [30.89948756856658] (LONGER)
[92->3] [32.53133348020029] (LONGER)
[92->4] [34.14128641395929] (LONGER)
[92->5] [32.73870267741226] (LONGER)
[92->6] [33.89859834860432] (LONGER)
[92->7] [33.63993366521403] (LONGER)
[92->8] [34.01507462875835] (LONGER)
[92->9] [31.12748449521741] (LONGER)
[92->91] [6.584595589910784] (LONGER)
[93->0] [33.47911014349097] (SHORTER)
[93->1] [31.99963577917724] (LONGER)
[93->2] [33.39664547525696] (LONGER)
[93->3] [33.78174470035556] (LONGER)
[93->4] [31.9509451033925] (LONGER)
[93->5] [34.32532621840614] (LONGER)
[93->6] [36.14537778195159] (LONGER)
[93->7] [33.97576212537403] (LONGER)
[93->8] [35.37841744623408] (LONGER)
[93->9] [33.60481346474042] (LONGER)
[93->92] [7.448716097504676] (LONGER)
[94->0] [32.29497722556868] (PRESERVED)
[94->1] [32.06331873028743] (LONGER)
[94->2] [30.94941532565681] (LONGER)
[94->3] [33.00644593106022] (LONGER)
[94->4] [32.5975786677477] (LONGER)
[94->5] [32.59128085853638] (LONGER)
[94->6] [32.80115127552689] (LONGER)
[94->7] [33.87713662634431] (LONGER)
[94->8] [33.10851130751728] (LONGER)
[94->9] [32.63999371936216] (LONGER)
[94->93] [5.998945513019033] (LONGER)
[95->0] [31.40459538029427] (LONGER)
[95->1] [31.97284877829936] (LONGER)
[95->2] [31.55585368834126] (LONGER)
[95->3] [33.83148397572889] (LONGER)
[95->4] [31.8145467357308] (LONGER)
[95->5] [31.64502651286612] (LONGER)
[95->6] [34.2588010006188] (LONGER)
[95->7] [35.37728883054776] (LONGER)
[95->8] [33.03878669079722] (LONGER)
[95->9] [32.09856954756706] (LONGER)
[95->94] [4.258048485989154] (LONGER)
[96->0] [32.83318514856577] (PRESERVED)
[96->1] [33.5339042015689] (LONGER)
[96->2] [31.34944886277907] (LONGER)
[96->3] [31.88900666373916] (LONGER)
[96->4] [32.43975733571385] (LONGER)
[96->5] [31.0067209649779] (LONGER)
[96->6] [34.95936063488575] (LONGER)
[96->7] [33.56932270690012] (LONGER)
[96->8] [31.53624882575605] (LONGER)
[96->9] [33.3835120830628] (LONGER)
[96->95] [5.936101706731869] (LONGER)
[97->0] [31.3806840588283] (PRESERVED)
[97->1] [32.92525999897344] (LONGER)
[97->2] [32.26014006479203] (LONGER)
[97->3] [34.66790211420355] (LONGER)
[97->4] [33.58534827867652] (LONGER)
[97->5] [34.11376892106765] (LONGER)
[97->6] [33.33190443104024] (LONGER)
[97->7] [32.04788482879955] (LONGER)
[97->8] [34.17226733771115] (LONGER)
[97->9] [33.71116933599308] (LONGER)
[97->96] [7.792470219479301] (LONGER)
[98->0] [32.46681302499524] (PRESERVED)
[98->1] [31.19906488983284] (PRESERVED)
[98->2] [31.57740424734117] (LONGER)
[98->3] [33.4144714607309] (PRESERVED)
[98->4] [34.18945254022065] (LONGER)
[98->5] [33.95061554670254] (PRESERVED)
[98->6] [33.040740775594] (PRESERVED)
[98->7] [32.76782076977351] (PRESERVED)
[98->8] [33.24470530776293] (SHORTER)
[98->9] [32.8232287260105] (SHORTER)
[98->97] [4.084743796105971] (PRESERVED)
[99->0] [34.85063284934722] (SHORTER)
[99->1] [33.06727814622788] (LONGER)
[99->2] [31.27583068441189] (LONGER)
[99->3] [33.39953213744168] (LONGER)
[99->4] [33.07841965693041] (LONGER)
[99->5] [31.98712275275787] (LONGER)
[99->6] [33.40061914096803] (LONGER)
[99->7] [32.60904601487139] (LONGER)
[99->8] [33.29109699304004] (LONGER)
[99->9] [32.67339872128397] (LONGER)
[99->98] [5.40600043241455] (SHORTER)

Long edges	825 of 1006 [82.01%]
Short edges	44 of 1006 [4.37%]
Preserved edges	137 of 1006 [13.62%]

Polyhedra	90

CA	5.69123e+06
RMS Absolute	23.8563
CR	5315.14
RMS Relative	0.732723

Projection Mode	Minimum Distance

Optimization Runtime	0

Lambda, uppercase (Λ) lowercase (λ)	1

Using Minimum Distance?	YES
Using Minimum Perimeter?	NO
Using Minimum Area?	NO

Iterations	1
Sammon's stress	0.53861
