Using	PP Digraph

Executed in	0.093653 seconds

Intrinsic Dimensionality	2

Reordered	YES

Number of nodes	100
Number of edges	160

Is PP Digraph directed?	YES
Is PP Digraph connected??	NO

Nodes:
0 [#0] at {0.0000, 0.0000}
20 [#20] at {1.7042, 0.0000}
88 [#88] at {2.2421, 1.2840}
5 [#5] at {4.1019, 1.1940}
52 [#52] at {3.2849, 2.5675}
33 [#33] at {3.3327, 2.5066}
59 [#59] at {3.3351, 2.8617}
37 [#37] at {2.7180, 3.2176}
72 [#72] at {2.6958, 3.5737}
87 [#87] at {3.1873, 3.9917}
55 [#55] at {2.6307, 5.1027}
11 [#11] at {1.8248, 4.6183}
43 [#43] at {1.4415, 4.4938}
81 [#81] at {0.3371, 4.0083}
98 [#98] at {-0.1514, 3.4746}
91 [#91] at {-0.3792, 2.9554}
45 [#45] at {-0.1015, -2.0917}, [FLIPPED]
41 [#41] at {0.2509, -2.8828}, [FLIPPED]
85 [#85] at {0.3988, -2.6539}, [FLIPPED]
18 [#18] at {-0.3599, -2.7439}, [FLIPPED]
58 [#58] at {-1.1630, -3.0104}, [FLIPPED]
42 [#42] at {-1.2520, 3.3894}
99 [#99] at {-0.6058, 3.9654}
25 [#25] at {-0.4876, 4.7856}
63 [#63] at {-0.0333, 4.4700}
53 [#53] at {0.9425, 4.4828}
36 [#36] at {0.0456, 3.9992}
13 [#13] at {0.5395, 4.5882}
4 [#4] at {1.0120, 5.2769}
26 [#26] at {1.6830, 5.1828}
54 [#54] at {2.4517, 5.3545}
80 [#80] at {2.2100, 5.9639}
93 [#93] at {2.1333, 5.0864}
7 [#7] at {1.0329, 5.5214}
19 [#19] at {1.5218, 4.5718}
84 [#84] at {2.3555, 4.0068}
97 [#97] at {2.6822, 3.0467}
21 [#21] at {2.0672, 3.1124}
12 [#12] at {1.4067, 3.5122}
27 [#27] at {1.8097, 2.4693}
79 [#79] at {2.6710, 2.5619}
62 [#62] at {1.9208, 2.7878}
70 [#70] at {2.3197, 3.7146}
35 [#35] at {2.3711, 4.5243}
15 [#15] at {1.6902, -4.8551}, [FLIPPED]
39 [#39] at {1.9180, -4.2258}, [FLIPPED]
66 [#66] at {1.4659, -3.2073}, [FLIPPED]
90 [#90] at {1.6828, -3.4546}, [FLIPPED]
89 [#89] at {1.3757, -3.7313}, [FLIPPED]
6 [#6] at {1.5318, -2.4229}, [FLIPPED]
40 [#40] at {2.2163, -1.8275}, [FLIPPED]
83 [#83] at {2.9537, -1.7085}, [FLIPPED]
71 [#71] at {1.9609, -1.7194}, [FLIPPED]
14 [#14] at {3.1538, -3.2366}, [FLIPPED]
28 [#28] at {3.5012, -3.6850}, [FLIPPED]
1 [#1] at {3.1064, -4.1643}, [FLIPPED]
16 [#16] at {3.1572, -4.5263}, [FLIPPED]
61 [#61] at {2.8689, -4.6434}, [FLIPPED]
44 [#44] at {2.7652, -5.1517}, [FLIPPED]
64 [#64] at {3.7735, -5.0308}, [FLIPPED]
17 [#17] at {3.3852, -5.1962}, [FLIPPED]
57 [#57] at {4.3180, 5.4657}
77 [#77] at {4.5594, 4.9762}
10 [#10] at {3.9967, 4.4279}
67 [#67] at {4.0439, 5.2321}
76 [#76] at {3.0950, 5.4918}
74 [#74] at {2.6762, 4.6978}
34 [#34] at {2.6603, -3.8847}, [FLIPPED]
75 [#75] at {1.9928, -3.9805}, [FLIPPED]
48 [#48] at {1.4901, -3.9504}, [FLIPPED]
69 [#69] at {0.5724, -4.1167}, [FLIPPED]
65 [#65] at {-0.8881, -4.3158}, [FLIPPED]
31 [#31] at {-0.0860, 4.4640}
96 [#96] at {-0.6154, 3.5063}
2 [#2] at {0.0338, 2.7281}
38 [#38] at {0.1442, 2.3904}
92 [#92] at {-0.3325, 1.8025}
51 [#51] at {-0.4774, 3.0052}
86 [#86] at {1.0229, 2.5301}
68 [#68] at {2.9608, -1.5996}, [FLIPPED]
60 [#60] at {2.8576, 3.2105}
9 [#9] at {3.3517, 3.7488}
8 [#8] at {3.4823, 3.0127}
82 [#82] at {2.4720, 4.0643}
78 [#78] at {1.8005, 4.2077}
50 [#50] at {2.0741, 4.2526}
22 [#22] at {1.0888, 3.6097}
73 [#73] at {1.3299, 4.4801}
23 [#23] at {1.1815, 4.5899}
49 [#49] at {0.7730, 4.3457}
95 [#95] at {1.7322, 3.3838}
24 [#24] at {0.9092, 3.1882}
47 [#47] at {1.5263, 3.8757}
94 [#94] at {-0.3554, 2.6359}
29 [#29] at {2.8317, -2.6317}, [FLIPPED]
56 [#56] at {2.7432, -2.9065}, [FLIPPED]
30 [#30] at {1.8875, -3.4526}, [FLIPPED]
46 [#46] at {2.0734, -4.8387}, [FLIPPED]
3 [#3] at {2.5742, 4.5083}
32 [#32] at {4.8044, 4.1113}

Flips	32 out of 100 [32.00%]

Edges:
[55->87] ∈ NNC [1.352372359965997] (PRESERVED)
[74->0] [5.406648592242703] (PRESERVED)
[74->76] ∈ NNC [1.232084818508856] (PRESERVED)
[98->81] ∈ NNC [1.238632310251916] (PRESERVED)
[28->0] [5.083119022804797] (PRESERVED)
[28->14] ∈ NNC [1.155807077327354] (PRESERVED)
[3->0] [5.19147474230589] (PRESERVED)
[3->46] ∈ NNC [3.347126080684742] (PRESERVED)
[49->0] [4.413942002337593] (SHORTER)
[49->23] ∈ NNC [0.6604733151308989] (PRESERVED)
[33->0] [4.17014975750272] (PRESERVED)
[33->52] ∈ NNC [1.26361149092591] (PRESERVED)
[82->0] [4.757067584132057] (PRESERVED)
[82->8] ∈ NNC [1.705167440458561] (PRESERVED)
[81->43] ∈ NNC [1.22583237026928] (PRESERVED)
[63->25] ∈ NNC [1.156612726888305] (PRESERVED)
[11->0] [4.965696426484407] (SHORTER)
[11->55] ∈ NNC [1.822006037311622] (PRESERVED)
[38->0] [2.394769926318602] (PRESERVED)
[38->2] ∈ NNC [0.976607904944456] (PRESERVED)
[27->0] [3.061496529477047] (PRESERVED)
[27->12] ∈ NNC [1.389477959522928] (PRESERVED)
[53->0] [4.580813137424403] (PRESERVED)
[53->63] ∈ NNC [1.705024926504009] (PRESERVED)
[44->0] [5.84690097402034] (PRESERVED)
[44->61] ∈ NNC [1.606584887268643] (PRESERVED)
[56->0] [3.996659355011382] (PRESERVED)
[56->29] ∈ NNC [1.278266404158382] (PRESERVED)
[60->0] [4.298041763408076] (PRESERVED)
[60->68] ∈ NNC [2.341908836825208] (PRESERVED)
[19->0] [4.818434808109372] (PRESERVED)
[19->7] ∈ NNC [1.715477484550584] (PRESERVED)
[34->0] [4.708276754822299] (PRESERVED)
[34->74] ∈ NNC [1.417067747145492] (PRESERVED)
[1->0] [5.195337332647419] (PRESERVED)
[1->28] ∈ NNC [1.676575378561906] (PRESERVED)
[37->59] ∈ NNC [0.9771744982345784] (PRESERVED)
[86->51] ∈ NNC [1.705781345894016] (PRESERVED)
[88->20] ∈ NNC [1.392110627787893] (PRESERVED)
[91->98] ∈ NNC [1.842894191211205] (PRESERVED)
[23->0] [4.73955852374459] (PRESERVED)
[23->73] ∈ NNC [0.5268073651725077] (PRESERVED)
[29->0] [3.865815437912161] (PRESERVED)
[29->94] ∈ NNC [5.258818498484237] (PRESERVED)
[39->0] [4.640731623354231] (PRESERVED)
[39->15] ∈ NNC [1.234079819136509] (PRESERVED)
[54->26] ∈ NNC [0.8813637160673226] (PRESERVED)
[94->0] [2.659749424287935] (LONGER)
[94->47] ∈ NNC [3.130789996151131] (PRESERVED)
[96->31] ∈ NNC [1.554913502417417] (PRESERVED)
[72->37] ∈ NNC [1.548268710527988] (PRESERVED)
[99->42] ∈ NNC [1.530080390044915] (PRESERVED)
[5->88] ∈ NNC [1.897176059304987] (PRESERVED)
[67->10] ∈ NNC [0.9124669857041405] (PRESERVED)
[43->11] ∈ NNC [0.4870195067961856] (PRESERVED)
[26->0] [5.449194068850916] (PRESERVED)
[26->4] ∈ NNC [1.058692589942897] (PRESERVED)
[7->0] [5.617145449425358] (PRESERVED)
[7->93] ∈ NNC [1.219368279069125] (PRESERVED)
[75->34] ∈ NNC [1.30812575848043] (PRESERVED)
[45->91] ∈ NNC [0.9975976142714056] (PRESERVED)
[50->0] [4.731443120232981] (PRESERVED)
[50->78] ∈ NNC [1.0247116667629] (PRESERVED)
[17->0] [6.201631237021434] (PRESERVED)
[17->64] ∈ NNC [0.5026678824034813] (PRESERVED)
[21->0] [3.736381270694949] (PRESERVED)
[21->97] ∈ NNC [0.8723537126647654] (PRESERVED)
[12->0] [3.783407458892051] (PRESERVED)
[12->21] ∈ NNC [0.8344417295413743] (PRESERVED)
[58->18] ∈ NNC [1.266237734392717] (PRESERVED)
[16->0] [5.51859565469332] (PRESERVED)
[16->1] ∈ NNC [0.4171546475828838] (PRESERVED)
[97->0] [4.059149418289502] (PRESERVED)
[97->84] ∈ NNC [1.034137805130438] (PRESERVED)
[92->0] [1.832882974987765] (PRESERVED)
[92->38] ∈ NNC [1.326751295458195] (PRESERVED)
[69->0] [4.156266954852636] (PRESERVED)
[69->48] ∈ NNC [1.029188515287651] (PRESERVED)
[89->90] ∈ NNC [0.9884457496494182] (PRESERVED)
[85->41] ∈ NNC [1.17162152592038] (PRESERVED)
[77->57] ∈ NNC [1.804990027673283] (PRESERVED)
[4->0] [5.373104689097358] (PRESERVED)
[4->13] ∈ NNC [1.269426642228688] (PRESERVED)
[25->99] ∈ NNC [0.9893133982717507] (PRESERVED)
[30->0] [3.934861115719334] (LONGER)
[30->56] ∈ NNC [1.069606469688736] (PRESERVED)
[10->0] [5.964918440347697] (PRESERVED)
[10->77] ∈ NNC [1.779767681468567] (PRESERVED)
[95->0] [3.801361203569058] (LONGER)
[95->49] ∈ NNC [1.410242886881547] (PRESERVED)
[61->16] ∈ NNC [1.017548033264278] (PRESERVED)
[20->0] ∈ NNC [1.704172819874792] (PRESERVED)
[6->0] [2.866443789785525] (PRESERVED)
[6->89] ∈ NNC [1.868046840954477] (PRESERVED)
[80->54] ∈ NNC [1.182446616131147] (PRESERVED)
[57->0] [6.965554536431395] (PRESERVED)
[57->17] ∈ NNC [1.934713415470105] (PRESERVED)
[41->45] ∈ NNC [1.00541086129005] (PRESERVED)
[24->0] [3.315289278479331] (SHORTER)
[24->95] ∈ NNC [1.329994736831691] (PRESERVED)
[59->33] ∈ NNC [0.3647547121011599] (PRESERVED)
[71->0] [2.607916217979405] (SHORTER)
[71->83] ∈ NNC [1.86493404709121] (PRESERVED)
[46->0] [5.264163276343164] (PRESERVED)
[46->30] ∈ NNC [1.514388655530673] (PRESERVED)
[64->0] [6.288771024612043] (PRESERVED)
[64->44] ∈ NNC [2.251484399235314] (PRESERVED)
[79->27] ∈ NNC [1.142877071254822] (PRESERVED)
[70->0] [4.379407151658772] (PRESERVED)
[70->62] ∈ NNC [1.555916771553029] (PRESERVED)
[42->58] ∈ NNC [1.170773248754856] (PRESERVED)
[52->5] ∈ NNC [1.799854160758588] (PRESERVED)
[8->0] [4.604624631823967] (PRESERVED)
[8->9] ∈ NNC [0.9520414906925012] (PRESERVED)
[87->72] ∈ NNC [1.428683659877161] (PRESERVED)
[66->39] ∈ NNC [1.199854574521429] (PRESERVED)
[68->0] [3.365272648686879] (LONGER)
[68->86] ∈ NNC [2.415940603574517] (PRESERVED)
[65->0] [4.406191893233885] (PRESERVED)
[65->69] ∈ NNC [1.948302337934233] (PRESERVED)
[62->0] [3.385462154566198] (SHORTER)
[62->79] ∈ NNC [1.384733548376726] (PRESERVED)
[84->19] ∈ NNC [1.02738259669901] (PRESERVED)
[40->0] [2.872537206025363] (PRESERVED)
[40->6] ∈ NNC [1.180639657135063] (PRESERVED)
[31->0] [4.46485106134572] (PRESERVED)
[31->65] ∈ NNC [3.242648608776473] (PRESERVED)
[13->0] [4.619769474768194] (PRESERVED)
[13->36] ∈ NNC [1.285295685824861] (PRESERVED)
[83->40] ∈ NNC [1.016197815388323] (PRESERVED)
[51->0] [3.042848172354316] (PRESERVED)
[51->92] ∈ NNC [1.273261559931815] (PRESERVED)
[35->0] [5.107981499574954] (PRESERVED)
[35->70] ∈ NNC [0.942532758051411] (PRESERVED)
[18->0] [2.767406186305148] (PRESERVED)
[18->85] ∈ NNC [1.017128802069826] (PRESERVED)
[78->0] [4.576767636662365] (PRESERVED)
[78->82] ∈ NNC [1.472277827042165] (PRESERVED)
[9->0] [5.028661750406365] (SHORTER)
[9->60] ∈ NNC [0.9941066341192981] (PRESERVED)
[2->0] [2.728271247511875] (PRESERVED)
[2->96] ∈ NNC [1.019612181174784] (PRESERVED)
[48->0] [4.222079819236012] (PRESERVED)
[48->75] ∈ NNC [0.7063037590159067] (PRESERVED)
[47->0] [4.165439112506628] (LONGER)
[47->24] ∈ NNC [1.178153640235432] (PRESERVED)
[15->0] [5.140928807132035] (PRESERVED)
[15->35] ∈ NNC [1.29607252883471] (PRESERVED)
[76->67] ∈ NNC [1.960596847901169] (PRESERVED)
[32->0] [6.323388411287099] (PRESERVED)
[32->3] ∈ NNC [5.440695268070066] (PRESERVED)
[93->80] ∈ NNC [2.013104567577154] (PRESERVED)
[90->66] ∈ NNC [0.7055416359081864] (PRESERVED)
[73->0] [4.673343449822622] (PRESERVED)
[73->22] ∈ NNC [2.265769405742782] (PRESERVED)
[36->53] ∈ NNC [1.604815877289354] (PRESERVED)
[14->0] [4.519107765920172] (PRESERVED)
[14->71] ∈ NNC [1.95699207969782] (PRESERVED)
[22->0] [3.770288583119335] (SHORTER)
[22->50] ∈ NNC [1.490285207602894] (PRESERVED)

Long edges	5 of 160 [3.12%]
Short edges	7 of 160 [4.37%]


CA	12907.3
RMS Absolute	1.1361
CR	6249.34
RMS Relative	0.79451

Projection Mode	Minimum Distance

Optimization Runtime	0

Lambda, uppercase (Λ) lowercase (λ)	1

Using Minimum Distance?	1
Using Minimum Perimeter?	0
Using Minimum Area?	0

Iterations	1
Sammon's stress	0.515395
