Using	GC Digraph
Executed in	0.076331 seconds

Reordered	NO

Number of nodes	200
Number of edges	0

Is GC Digraph directed?	YES
Is GC Digraph connected??	NO

Nodes:
0 [#0] at {0.0000, 0.0000, 0.0000, 0.0000, 0.0000}
1 [#1] at {42.5568, 0.0000, 0.0000, 0.0000, 0.0000}
2 [#2] at {8.1684, 38.2200, 0.0000, 0.0000, 0.0000}
3 [#3] at {21.1178, 26.4358, 46.6579, 0.0000, 0.0000}
4 [#4] at {13.3765, 19.8238, 13.1264, 25.4861, 0.0000}
5 [#5] at {20.9495, 5.5013, -7.5754, -31.0678, 11.2808}
6 [#6] at {16.6307, 26.7274, -1.6081, -19.3226, -28.2221}, [FLIPPED]
7 [#7] at {-1.4777, 6.8692, 9.0910, -11.6488, -14.1447}, [FLIPPED]
8 [#8] at {13.8055, 31.3561, 2.9218, -10.3198, 20.2183}
9 [#9] at {28.4470, -1.6787, 27.3285, -18.9358, 10.3479}
10 [#10] at {18.6451, 10.4438, 24.4023, -2.9354, 3.4215}
11 [#11] at {9.3462, 29.6997, 15.0815, 4.8864, 21.0348}
12 [#12] at {11.5407, -9.1279, 34.0929, -7.7885, -20.1410}, [FLIPPED]
13 [#13] at {20.8641, 39.1433, 7.6945, 19.1626, -10.0171}, [FLIPPED]
14 [#14] at {30.2117, -9.7293, 31.4512, 1.3201, -7.7315}, [FLIPPED]
15 [#15] at {18.9560, -3.7133, -3.3859, 14.2068, 11.3280}
16 [#16] at {0.5789, 14.1270, 10.7041, -16.2941, -12.9215}, [FLIPPED]
17 [#17] at {19.2669, 3.7643, 35.6911, 1.9972, 10.7004}
18 [#18] at {6.1922, 22.1570, 53.1932, 12.3263, -5.7855}, [FLIPPED]
19 [#19] at {13.6112, -6.4363, 6.7545, 6.3189, 22.2140}
20 [#20] at {23.3243, -12.6079, 21.2618, 25.3623, 16.1997}
21 [#21] at {7.8509, 10.1390, 29.8745, 1.3536, -17.4869}, [FLIPPED]
22 [#22] at {7.9235, 35.0160, 15.3849, -16.2318, -3.4462}, [FLIPPED]
23 [#23] at {19.0313, -7.1544, 10.6212, -6.4167, 10.6553}
24 [#24] at {17.5006, 9.0039, 23.4580, -8.4232, 4.9291}
25 [#25] at {-5.4349, 38.2145, 9.8840, 4.5407, 24.6378}
26 [#26] at {10.7594, 15.3946, 8.4433, -1.2838, 11.0145}
27 [#27] at {8.3871, 1.1568, 14.8359, -8.2951, 0.0404}
28 [#28] at {21.8108, 14.3032, 38.7774, 1.4970, 19.2271}
29 [#29] at {2.0296, 2.9617, 29.1077, -10.4836, 13.6142}
30 [#30] at {12.4419, 2.3816, 0.0458, -20.4903, -13.4207}, [FLIPPED]
31 [#31] at {17.3627, 18.0640, -5.1771, 11.7656, 20.3872}
32 [#32] at {4.3354, 12.0679, 2.5848, 11.8104, 19.8863}
33 [#33] at {10.6390, -4.4855, -10.6895, 7.0376, 8.0552}
34 [#34] at {14.0528, -0.6377, 10.9267, -4.4962, 0.1938}
35 [#35] at {46.1723, 5.0901, 9.9931, 20.9840, 22.3767}
36 [#36] at {11.6367, -2.7148, 26.7409, 21.8680, 15.7434}
37 [#37] at {28.3288, 4.5062, 31.4963, 10.4164, 11.3412}
38 [#38] at {38.5757, 31.2601, 12.2157, 25.2070, -13.2911}, [FLIPPED]
39 [#39] at {-6.6284, 17.6472, 37.5221, -18.8666, -4.4332}, [FLIPPED]
40 [#40] at {-0.1586, -2.1852, 35.0579, -14.2490, -9.8506}, [FLIPPED]
41 [#41] at {29.3818, 24.6391, 19.3706, 5.4198, -15.0302}, [FLIPPED]
42 [#42] at {38.8575, 19.9770, 27.1581, 5.0855, 4.3389}
43 [#43] at {7.7401, -13.2902, 19.3183, 19.3133, 25.9747}
44 [#44] at {-1.2669, 8.8498, 39.8048, 14.1164, 21.7431}
45 [#45] at {14.8912, 27.4513, 30.0290, 33.0713, -9.5880}, [FLIPPED]
46 [#46] at {4.5945, -2.2365, 11.9748, 23.4283, 9.6938}
47 [#47] at {12.4263, -10.0661, 4.4010, 18.1278, 19.4566}
48 [#48] at {47.3816, 2.9022, 27.0487, -3.0481, 19.4865}
49 [#49] at {22.3169, 14.7104, 19.9036, -1.7310, 26.5803}
50 [#50] at {17.3255, 1.0254, 20.6257, -12.0633, -16.6248}, [FLIPPED]
51 [#51] at {9.6643, 6.9880, 32.0857, 2.7728, 1.5647}
52 [#52] at {4.9506, 16.3582, 35.5149, 19.6109, -19.9968}, [FLIPPED]
53 [#53] at {16.2265, -10.7842, 16.7626, 0.8423, 6.3417}
54 [#54] at {26.4404, -8.8236, 32.4945, 12.5755, -8.3759}, [FLIPPED]
55 [#55] at {-7.9267, 34.0811, 9.3721, -5.2309, 5.0578}
56 [#56] at {4.3617, 18.9261, 16.1242, 9.4901, 8.0734}
57 [#57] at {31.5663, 16.0390, 19.4954, -11.1404, -20.6705}, [FLIPPED]
58 [#58] at {15.2532, 8.0606, 6.1523, -0.3975, -11.4479}, [FLIPPED]
59 [#59] at {21.8283, 8.8024, 31.0018, 25.2084, 22.8550}
60 [#60] at {8.6874, 26.3111, 44.9498, 14.8730, 1.8906}
61 [#61] at {21.4866, -0.7280, -0.3271, -9.6797, -11.9505}, [FLIPPED]
62 [#62] at {23.6540, 2.6118, 41.6098, 18.8256, 39.3577}
63 [#63] at {47.2477, 9.7075, 15.1658, -23.5054, 11.2260}
64 [#64] at {10.6776, 31.7039, 23.5348, 15.8468, 13.4407}
65 [#65] at {11.5513, -1.4747, 11.4032, -17.2627, -0.2391}, [FLIPPED]
66 [#66] at {7.1149, 9.5301, 38.8649, 8.4447, -30.0303}, [FLIPPED]
67 [#67] at {34.2886, -5.6381, 8.9614, 7.4850, -2.9797}, [FLIPPED]
68 [#68] at {33.0913, 4.9802, 19.1323, -24.5684, 13.8700}
69 [#69] at {9.8345, 17.5115, 37.3542, -2.5145, -16.2358}, [FLIPPED]
70 [#70] at {27.1628, 7.4933, 20.3711, 0.8622, 37.6555}
71 [#71] at {-13.6940, 6.0207, 22.9482, 17.3880, 12.5611}
72 [#72] at {22.3136, 5.9885, 19.8289, 18.8918, 31.8546}
73 [#73] at {12.4983, -16.9036, 24.9385, -10.1073, -17.4555}, [FLIPPED]
74 [#74] at {19.8612, 9.9465, 6.5689, -27.3680, -1.4444}, [FLIPPED]
75 [#75] at {14.2977, 12.4944, 55.2107, 3.2796, 15.0087}
76 [#76] at {20.3364, 10.6310, 13.2306, -17.7750, -5.8835}, [FLIPPED]
77 [#77] at {29.6039, 36.1651, 6.9288, 29.8759, -4.4847}, [FLIPPED]
78 [#78] at {-2.8966, 1.7214, 29.6177, 10.3793, -16.4692}, [FLIPPED]
79 [#79] at {-3.7107, 34.2219, 36.5770, -21.4781, 6.6071}
80 [#80] at {9.2503, 27.4650, 25.6544, -13.9224, -3.4026}, [FLIPPED]
81 [#81] at {13.5739, -3.2721, 4.3346, 9.3634, 9.2667}
82 [#82] at {12.5006, -11.4688, 7.6050, 4.6629, 11.6892}
83 [#83] at {19.8967, -5.5171, 41.4550, 3.2542, 14.9727}
84 [#84] at {21.5256, 34.1110, 25.9907, 19.6078, -5.1768}, [FLIPPED]
85 [#85] at {23.5274, 22.2348, 42.8502, -2.9974, -22.6040}, [FLIPPED]
86 [#86] at {-9.4930, -4.4222, 24.4607, 0.8265, 14.7825}
87 [#87] at {22.6526, 5.4584, 7.7169, 20.1477, 0.6274}
88 [#88] at {-6.1412, 18.6618, 27.8980, 5.4749, 17.3868}
89 [#89] at {4.3093, 10.2657, 23.4318, -10.6632, 28.7972}
90 [#90] at {3.7772, 6.2222, 35.2698, 16.8080, -16.0635}, [FLIPPED]
91 [#91] at {-2.8085, -2.8287, 8.7289, -9.3733, -6.2789}, [FLIPPED]
92 [#92] at {29.6031, 15.5169, 30.6771, -2.9537, -24.5277}, [FLIPPED]
93 [#93] at {21.3768, -5.8127, 37.1208, 14.3121, 27.9523}
94 [#94] at {6.1940, 31.8220, -6.8416, -11.1698, -0.3846}, [FLIPPED]
95 [#95] at {28.3639, 20.1726, 7.6442, -4.7919, -5.2642}, [FLIPPED]
96 [#96] at {-7.3882, 16.9958, 29.5944, -11.8874, 8.9142}
97 [#97] at {22.1245, 32.4403, 41.5850, -8.9965, 8.7465}
98 [#98] at {5.8579, -0.1971, 27.2471, 10.5143, 34.2238}
99 [#99] at {3.7322, 24.8792, 38.9136, 2.4732, 16.9074}
100 [#100] at {-12.3756, 12.5418, 24.4610, 30.2286, -3.4640}, [FLIPPED]
101 [#101] at {11.9942, 27.2337, 2.1000, -28.3741, -5.1465}, [FLIPPED]
102 [#102] at {1.6073, 28.2035, 4.8408, 2.5187, 1.8578}
103 [#103] at {27.6091, 6.7400, 14.5960, 1.4550, -10.4162}, [FLIPPED]
104 [#104] at {22.7486, -6.9383, 31.2617, -15.9096, 6.2835}
105 [#105] at {22.9961, -4.5483, 29.9500, 0.4037, 31.3268}
106 [#106] at {26.7399, -1.0289, 42.5058, -17.6398, 17.8184}
107 [#107] at {16.9893, -6.6687, 40.2288, -17.7319, 9.3328}
108 [#108] at {23.2991, -1.0480, 38.7869, 0.9896, 12.6812}
109 [#109] at {5.2873, 18.7342, 48.2498, 11.3272, 6.5633}
110 [#110] at {7.9605, -11.5620, 7.8911, -7.3019, 4.2455}
111 [#111] at {23.0303, 13.4957, 26.1919, 0.8506, -17.2834}, [FLIPPED]
112 [#112] at {23.8554, 27.4749, 23.3017, -12.2389, 16.5158}
113 [#113] at {-1.0417, 20.9227, 10.1421, 3.6695, 2.0205}
114 [#114] at {26.7671, 35.1454, 27.7562, -11.1824, -16.1527}, [FLIPPED]
115 [#115] at {10.1598, 21.8560, 30.7682, -7.1629, 13.5164}
116 [#116] at {3.5066, 10.7509, 40.4304, 20.4766, -2.6659}, [FLIPPED]
117 [#117] at {-9.0846, -11.7880, 12.4213, 1.2793, 34.0506}
118 [#118] at {4.4833, 21.5881, 23.6597, 12.4254, 26.7005}
119 [#119] at {-0.2175, -7.5758, 11.7852, 8.7150, 24.0554}
120 [#120] at {-12.9348, 23.2970, 15.9443, 10.3305, 24.8853}
121 [#121] at {7.4723, -5.6035, 2.2050, 18.4211, 18.0675}
122 [#122] at {-11.2755, 3.9965, 12.3863, 9.5465, 6.2886}
123 [#123] at {9.9189, 2.6044, 25.7713, 20.4997, 29.7956}
124 [#124] at {10.1721, 19.8113, -9.6186, 12.1691, 15.0830}
125 [#125] at {21.6974, 1.6725, 5.8621, -21.7071, 18.1393}
126 [#126] at {18.0832, 4.6376, 11.4749, 18.7057, 21.4618}
127 [#127] at {10.0609, -7.6438, 9.7324, 1.8421, 12.9071}
128 [#128] at {18.5135, 16.6152, -2.2885, 1.3748, -11.1938}, [FLIPPED]
129 [#129] at {13.3199, 4.5084, 47.3338, -12.1532, -0.4227}, [FLIPPED]
130 [#130] at {37.2286, 16.4976, 16.3012, 9.4197, 20.6189}
131 [#131] at {-4.6461, 11.4931, 24.2525, -14.6154, 6.7857}
132 [#132] at {25.4592, -0.7949, 11.2796, 5.7371, 2.7483}
133 [#133] at {23.9032, 43.3652, 37.0733, -16.4488, 4.9106}
134 [#134] at {21.6697, 1.4360, 39.5963, 9.6137, -17.5560}, [FLIPPED]
135 [#135] at {15.9638, 43.6419, 11.9104, 17.3966, 6.3637}
136 [#136] at {18.0974, 0.6043, 30.8299, 16.6251, 25.4925}
137 [#137] at {16.5394, 6.5667, 36.9345, 4.3863, -29.0759}, [FLIPPED]
138 [#138] at {35.2762, 6.1911, 9.8490, -9.7662, 11.7994}
139 [#139] at {35.7919, 10.4773, 16.7209, 19.9097, 7.4397}
140 [#140] at {4.9159, 8.9038, 8.5020, 2.8175, -8.5298}, [FLIPPED]
141 [#141] at {25.2725, -11.5336, 34.0894, 11.5460, 2.4457}
142 [#142] at {14.4402, 32.8386, -5.0337, 19.7099, -11.8036}, [FLIPPED]
143 [#143] at {33.1392, -7.4465, 17.0613, -19.3246, 2.4455}
144 [#144] at {-1.5058, 5.8230, 34.1621, -17.3036, 10.2120}
145 [#145] at {20.1123, 2.0715, 38.5310, 2.8461, 31.3753}
146 [#146] at {28.4078, 13.6417, 35.2045, -4.5443, -12.3523}, [FLIPPED]
147 [#147] at {11.8854, 8.8919, 13.5136, 18.1564, 12.8320}
148 [#148] at {12.8802, 34.3905, 42.2459, 17.7589, 17.7540}
149 [#149] at {30.0341, 16.7486, 7.5787, -12.1175, -15.8263}, [FLIPPED]
150 [#150] at {3.6940, -12.8945, 25.5111, 7.2399, 19.0302}
151 [#151] at {15.2829, 10.8795, 50.0765, -10.6972, 16.2015}
152 [#152] at {13.7292, 1.7066, 4.3675, -24.8566, -7.1014}, [FLIPPED]
153 [#153] at {22.7353, 27.5378, -1.2922, 13.6508, 13.4984}
154 [#154] at {3.3030, 12.7471, 29.4446, 7.0005, -27.1185}, [FLIPPED]
155 [#155] at {6.5206, 25.1212, 7.0014, 12.7644, 21.5092}
156 [#156] at {17.9408, 30.4841, 27.7104, 11.7425, -8.6011}, [FLIPPED]
157 [#157] at {25.2169, 6.5456, 19.1519, -4.5457, 33.3745}
158 [#158] at {4.0550, 24.2053, 25.8692, 9.3867, 31.2196}
159 [#159] at {10.0349, 1.8865, -12.8968, 10.6727, 0.1272}
160 [#160] at {39.0943, 17.3739, 21.2161, -2.1134, -13.6323}, [FLIPPED]
161 [#161] at {12.3985, 20.5279, 36.0556, 18.9489, 8.1790}
162 [#162] at {16.9286, 11.7776, 30.5174, 13.4246, -2.6307}, [FLIPPED]
163 [#163] at {-18.8146, 22.2771, 39.4530, -22.1347, -0.6675}, [FLIPPED]
164 [#164] at {11.8219, 23.3165, 19.5478, -12.4798, -5.2322}, [FLIPPED]
165 [#165] at {13.3492, 16.4418, 39.3034, -0.9672, -3.9415}, [FLIPPED]
166 [#166] at {3.0808, 2.5306, 11.8269, -14.0532, -0.3516}, [FLIPPED]
167 [#167] at {12.4347, -5.4217, 22.9602, -11.8475, 25.0421}
168 [#168] at {11.1464, 8.3245, 1.6431, -1.2263, -4.9205}, [FLIPPED]
169 [#169] at {-8.7493, 18.4745, 38.2013, 4.6954, 9.1031}
170 [#170] at {22.2323, 8.5207, 16.8548, 14.8507, -1.7742}, [FLIPPED]
171 [#171] at {14.3856, 21.9341, 46.1191, -19.2597, 6.2914}
172 [#172] at {25.1887, 10.8808, -2.6090, -16.5470, -12.5293}, [FLIPPED]
173 [#173] at {-5.7631, 4.2739, 4.3382, 5.3090, 6.7289}
174 [#174] at {23.6626, -1.0384, 48.4015, 9.4379, 15.2217}
175 [#175] at {7.1204, 22.2556, 9.1800, 23.7222, -7.3979}, [FLIPPED]
176 [#176] at {52.9716, -2.8923, 16.6499, -2.2459, -4.9173}, [FLIPPED]
177 [#177] at {14.4876, -0.1109, 26.4230, 15.5756, 21.7805}
178 [#178] at {34.3166, 21.6931, 21.1690, 12.2474, -4.6154}, [FLIPPED]
179 [#179] at {41.8212, 8.9316, 23.6191, 10.8499, 38.5208}
180 [#180] at {6.2078, 46.7892, 9.9217, 5.1190, 27.2390}
181 [#181] at {-17.3242, 11.1578, 20.1173, 6.4062, 27.0874}
182 [#182] at {-2.5657, 25.8409, 18.2174, -1.5315, 11.8366}
183 [#183] at {41.2726, 10.7902, 18.6249, 1.6308, 4.7581}
184 [#184] at {6.2918, 8.1143, -10.1450, 22.5184, -1.3479}, [FLIPPED]
185 [#185] at {19.0949, 9.7646, 15.1123, 8.8567, 0.0527}
186 [#186] at {34.3815, 24.9274, 18.6994, -17.8593, 15.2544}
187 [#187] at {7.5011, -2.7785, 16.4095, 12.2336, 41.0463}
188 [#188] at {14.7738, 27.5092, 28.5993, -8.3300, -5.6791}, [FLIPPED]
189 [#189] at {8.8030, 18.7312, 8.8460, -8.0186, -10.8828}, [FLIPPED]
190 [#190] at {8.8774, 32.7219, 15.8380, 23.6816, 4.6023}
191 [#191] at {13.6168, 14.3881, 34.4960, -11.5377, -7.4676}, [FLIPPED]
192 [#192] at {-6.4783, -12.3916, 4.3516, 18.6524, 3.3801}
193 [#193] at {-11.3641, 32.4637, 27.9129, -21.9758, 7.3980}
194 [#194] at {50.1082, 14.9839, 22.4649, -6.3860, 27.9192}
195 [#195] at {34.7920, 2.9474, -8.3885, 5.5730, 5.5267}
196 [#196] at {-19.0829, 32.0425, 17.4679, 11.3399, 22.8011}
197 [#197] at {28.7543, -7.5858, -2.3094, -10.4721, -2.7597}, [FLIPPED]
198 [#198] at {25.4519, 26.4648, 25.7433, -9.9745, 19.4465}
199 [#199] at {23.1543, 19.8788, 22.5608, -2.0520, -8.1527}, [FLIPPED]

Flips	73 out of 200 [36.50%]

Edges:

Long edges	0 of 0 [nan%]
Short edges	0 of 0 [nan%]

CAE	2.23902e-21
Absolute RMSE	2.36591e-13
CRE	2.21652e-24
Relative RMSE	7.46268e-15

