Using	PP Digraph

Executed in	0.107315 seconds

Intrinsic Dimensionality	5

Reordered	YES

Number of nodes	100
Number of edges	576

Is PP Digraph directed?	YES
Is PP Digraph connected??	NO

Nodes:
0 [#0] at {0.0000, 0.0000, 0.0000, 0.0000, 0.0000}
89 [#1] at {29.3062, 0.0000, 0.0000, 0.0000, 0.0000}
98 [#2] at {16.1419, 27.0970, 0.0000, 0.0000, 0.0000}
27 [#3] at {13.9643, 14.9704, 25.5719, 0.0000, 0.0000}
39 [#4] at {15.3723, 11.7989, 8.6680, 23.9668, 0.0000}
21 [#5] at {13.0349, 11.7841, 8.4538, 5.4668, 23.9434}
80 [#6] at {13.2144, 12.2842, 7.0828, 5.5356, -24.7732}, [FLIPPED]
78 [#7] at {11.7833, 10.6115, 6.7333, 5.2250, -25.1091}, [FLIPPED]
67 [#8] at {15.8757, 12.9704, 9.1680, 4.3681, -24.6738}, [FLIPPED]
60 [#9] at {17.2744, 10.7636, 7.1403, 2.8217, -25.0669}, [FLIPPED]
26 [#10] at {15.4508, 10.9634, 4.8426, 5.2855, -25.2643}, [FLIPPED]
81 [#11] at {16.8755, 12.1746, 5.6574, 3.3772, -24.0501}, [FLIPPED]
41 [#12] at {14.4162, 9.4712, 8.3789, 3.4841, -25.6911}, [FLIPPED]
44 [#13] at {15.3700, 10.0893, 6.8915, 3.7601, -23.7847}, [FLIPPED]
43 [#14] at {15.1005, 10.2893, 5.7656, 4.5936, -25.1979}, [FLIPPED]
72 [#15] at {14.8343, 10.2999, 7.7396, 6.1874, -25.6000}, [FLIPPED]
73 [#16] at {17.8588, 11.2061, 7.9408, 6.2547, -24.8586}, [FLIPPED]
63 [#17] at {16.6378, 10.8855, 7.3242, 3.4350, -24.2952}, [FLIPPED]
52 [#18] at {16.9777, 12.3797, 6.0637, 5.1801, -24.9816}, [FLIPPED]
55 [#19] at {13.2250, 12.4489, 8.7907, 4.3437, -25.0558}, [FLIPPED]
92 [#20] at {14.5750, 10.5707, 7.9324, 1.4607, -24.1319}, [FLIPPED]
70 [#21] at {16.7134, 12.7185, 8.6813, 3.0461, -24.9499}, [FLIPPED]
10 [#22] at {15.1566, 11.9493, 8.2539, 5.2568, -25.4798}, [FLIPPED]
93 [#23] at {15.0778, 10.9263, 7.1838, 1.8911, -26.0618}, [FLIPPED]
85 [#24] at {14.0740, 10.8911, 8.7982, 4.1243, -24.2014}, [FLIPPED]
13 [#25] at {16.2815, 11.4491, 6.5469, 4.7097, -24.3716}, [FLIPPED]
94 [#26] at {14.7983, 12.1285, 5.9965, 3.4936, -24.5666}, [FLIPPED]
42 [#27] at {15.6098, 9.0523, 7.0354, 3.2117, -26.5717}, [FLIPPED]
49 [#28] at {14.7535, 10.1812, 5.8551, 2.3258, -24.7386}, [FLIPPED]
25 [#29] at {14.6483, 10.7528, 6.5564, 3.8755, -25.3639}, [FLIPPED]
22 [#30] at {12.3589, 11.6312, 7.1442, 3.3090, -24.2094}, [FLIPPED]
45 [#31] at {14.8137, 9.9402, 8.6084, 4.0114, -24.0796}, [FLIPPED]
28 [#32] at {14.1926, 10.7685, 9.1270, 2.1501, -25.2868}, [FLIPPED]
34 [#33] at {16.0343, 11.2067, 7.4669, 6.4681, -25.2651}, [FLIPPED]
90 [#34] at {14.0037, 12.3880, 6.6817, 6.3436, -24.7801}, [FLIPPED]
1 [#35] at {13.8479, 8.8192, 4.7407, 3.4396, -24.5175}, [FLIPPED]
96 [#36] at {13.7255, 13.4470, 3.4904, 5.0767, -24.8564}, [FLIPPED]
91 [#37] at {13.8170, 11.9621, 5.3626, 3.8678, -24.9475}, [FLIPPED]
56 [#38] at {16.5200, 9.6705, 8.6209, 1.8270, -24.3631}, [FLIPPED]
16 [#39] at {13.3990, 10.6748, 8.7306, 3.0816, -24.4674}, [FLIPPED]
61 [#40] at {12.9809, 12.1494, 6.2480, 3.2005, -25.7536}, [FLIPPED]
38 [#41] at {15.4159, 10.8432, 6.7215, 5.7222, -25.3030}, [FLIPPED]
77 [#42] at {12.7386, 11.9600, 7.2051, 3.8614, -24.8016}, [FLIPPED]
14 [#43] at {15.8101, 12.1795, 6.0794, 3.5436, -24.3303}, [FLIPPED]
12 [#44] at {15.2852, 12.6436, 7.5254, 2.9044, -24.1035}, [FLIPPED]
7 [#45] at {13.7930, 9.9555, 7.6236, 3.6693, -25.4226}, [FLIPPED]
57 [#46] at {14.8771, 8.1290, 7.4484, 2.1433, -25.5919}, [FLIPPED]
6 [#47] at {13.3343, 11.6704, 8.9823, 7.3768, -26.0667}, [FLIPPED]
18 [#48] at {14.2330, 11.5546, 6.5576, 2.5578, -25.3282}, [FLIPPED]
86 [#49] at {15.0355, 12.0595, 8.3631, 5.3339, -25.1034}, [FLIPPED]
65 [#50] at {14.8841, 12.5990, 9.4937, 4.6032, -25.9343}, [FLIPPED]
75 [#51] at {14.6423, 11.4064, 8.4676, 3.3496, -25.1555}, [FLIPPED]
31 [#52] at {14.8556, 12.6045, 7.6278, 5.4089, -24.9310}, [FLIPPED]
99 [#53] at {15.8788, 11.7993, 6.0553, 7.8313, -25.8391}, [FLIPPED]
29 [#54] at {14.6700, 10.5552, 5.0943, 8.0242, -26.7324}, [FLIPPED]
83 [#55] at {15.3389, 10.1547, 5.6703, 3.9780, -24.9555}, [FLIPPED]
84 [#56] at {16.3633, 10.7695, 6.2987, 4.3333, -26.6101}, [FLIPPED]
71 [#57] at {15.4582, 11.2539, 9.7480, 4.4400, -25.8302}, [FLIPPED]
95 [#58] at {13.1917, 13.5618, 8.6460, 5.9388, -25.0523}, [FLIPPED]
11 [#59] at {13.5853, 11.9007, 6.9309, 5.4979, -26.4484}, [FLIPPED]
47 [#60] at {17.1267, 12.8923, 8.8400, 5.7344, -24.5611}, [FLIPPED]
48 [#61] at {14.7029, 10.0649, 7.5866, 1.8678, -25.0384}, [FLIPPED]
76 [#62] at {13.8781, 9.5477, 6.2948, 2.3228, -25.1512}, [FLIPPED]
88 [#63] at {15.3586, 10.8250, 5.6314, 5.1146, -25.8191}, [FLIPPED]
30 [#64] at {14.1302, 10.2891, 6.5739, 6.1348, -25.0836}, [FLIPPED]
58 [#65] at {13.9560, 10.0694, 3.7303, 2.6946, -24.4451}, [FLIPPED]
15 [#66] at {13.6868, 8.0474, 7.7373, 6.5131, -25.4298}, [FLIPPED]
69 [#67] at {12.0717, 10.0142, 6.2067, 5.6469, -26.3624}, [FLIPPED]
19 [#68] at {14.6920, 10.7874, 5.8961, 6.5291, -25.9494}, [FLIPPED]
62 [#69] at {15.6473, 12.3407, 7.2796, 3.2376, -25.4834}, [FLIPPED]
23 [#70] at {15.7242, 9.8976, 3.6781, 4.4555, -24.6279}, [FLIPPED]
53 [#71] at {15.6457, 7.8541, 6.0539, 5.7244, -25.2200}, [FLIPPED]
50 [#72] at {13.7495, 11.8919, 7.8955, 5.9400, -26.0894}, [FLIPPED]
33 [#73] at {14.1699, 12.3632, 8.4400, 4.2030, -25.9471}, [FLIPPED]
68 [#74] at {15.7572, 11.2735, 8.0602, 2.1464, -25.5360}, [FLIPPED]
54 [#75] at {16.8690, 11.0217, 3.9877, 7.1980, -25.5284}, [FLIPPED]
51 [#76] at {13.7898, 10.4853, 6.1767, 5.4390, -25.0068}, [FLIPPED]
79 [#77] at {14.6772, 8.2101, 10.0893, 4.9108, -25.8547}, [FLIPPED]
97 [#78] at {13.4676, 13.9328, 7.5546, -0.4553, -25.0482}, [FLIPPED]
40 [#79] at {13.5694, 8.8431, 7.9083, 2.3395, -24.7711}, [FLIPPED]
46 [#80] at {16.1710, 10.1568, 6.8137, 6.3849, -26.9307}, [FLIPPED]
20 [#81] at {14.2700, 8.7253, 7.5108, 6.4529, -26.3137}, [FLIPPED]
24 [#82] at {12.9312, 12.3698, 3.8282, 4.2724, -24.9868}, [FLIPPED]
5 [#83] at {14.6849, 13.7049, 6.9651, 4.4687, -25.5379}, [FLIPPED]
9 [#84] at {17.8297, 12.7241, 7.9958, 5.3723, -24.8595}, [FLIPPED]
66 [#85] at {14.1765, 9.3139, 7.1145, 4.6971, -26.4238}, [FLIPPED]
37 [#86] at {11.7029, 9.4241, 8.1983, 4.6484, -25.1064}, [FLIPPED]
87 [#87] at {16.9020, 8.4464, 7.1866, 3.1515, -26.8125}, [FLIPPED]
4 [#88] at {14.0935, 10.6494, 6.5850, 4.5730, -25.4557}, [FLIPPED]
35 [#89] at {14.2442, 10.2034, 7.8755, 4.5622, -25.6660}, [FLIPPED]
8 [#90] at {15.3660, 10.7898, 6.8832, 5.7572, -24.9057}, [FLIPPED]
64 [#91] at {16.0758, 9.7108, 4.8632, 4.7070, -25.0602}, [FLIPPED]
82 [#92] at {18.0100, 12.6902, 7.0572, 2.3586, -26.2367}, [FLIPPED]
17 [#93] at {16.3059, 8.7446, 6.5591, 6.3353, -26.3694}, [FLIPPED]
74 [#94] at {14.9075, 11.0462, 5.4650, 3.9992, -25.5510}, [FLIPPED]
3 [#95] at {14.0386, 9.8178, 4.4714, 5.3896, -25.3720}, [FLIPPED]
2 [#96] at {13.8597, 11.8573, 7.6656, 4.4215, -25.8268}, [FLIPPED]
32 [#97] at {12.9585, 9.6042, 4.0367, 3.8974, -26.3268}, [FLIPPED]
36 [#98] at {16.0301, 9.8582, 5.2351, 1.9613, -25.8591}, [FLIPPED]
59 [#99] at {16.7196, 12.7583, 6.3180, 4.6067, -26.6666}, [FLIPPED]

Flips	94 out of 100 [94.00%]

Edges:
[1->0] [29.30616900927176] (PRESERVED)
[2->0] [31.5405726802796] (PRESERVED)
[2->1] [30.12543850303263] (LONGER)
[3->0] [32.75720020087188] (PRESERVED)
[3->2] [28.38514474157213] (LONGER)
[4->0] [32.01662538432181] (PRESERVED)
[4->3] [29.53288407859957] (LONGER)
[5->0] [31.35941705453085] (PRESERVED)
[5->1] [32.8368399210399] (LONGER)
[5->2] [30.31135600727886] (LONGER)
[5->3] [30.12008261940861] (LONGER)
[5->4] [30.34875995819268] (LONGER)
[6->0] [31.93806686385386] (SHORTER)
[6->1] [33.23201253309826] (LONGER)
[6->2] [30.37279654559324] (LONGER)
[6->3] [31.52740417478103] (LONGER)
[6->4] [30.99714967541371] (LONGER)
[6->5] [48.73881980611333] (LONGER)
[7->0] [30.89591141235359] (PRESERVED)
[7->1] [33.50764062120759] (LONGER)
[7->2] [31.52575129953289] (LONGER)
[7->3] [32.19343151948856] (LONGER)
[7->4] [31.6189708086775] (LONGER)
[7->6] [2.275369455461075] (LONGER)
[8->0] [33.64818846535427] (PRESERVED)
[8->1] [32.56593752680859] (LONGER)
[8->2] [30.19204895332544] (LONGER)
[8->3] [30.07685276088575] (LONGER)
[8->4] [31.54021404493001] (LONGER)
[8->7] [5.400350527579365] (LONGER)
[9->0] [33.18970017942315] (PRESERVED)
[9->1] [30.78825623512965] (LONGER)
[9->2] [30.90885366687028] (LONGER)
[9->3] [31.69679269263692] (LONGER)
[9->4] [32.90119777454919] (LONGER)
[9->8] [3.671984229527314] (LONGER)
[10->0] [32.38207275638792] (PRESERVED)
[10->1] [31.6518748575815] (LONGER)
[10->2] [30.8292825897717] (LONGER)
[10->3] [33.37954051511193] (LONGER)
[10->4] [31.66411339355643] (LONGER)
[10->9] [3.84112933943966] (LONGER)
[11->0] [32.47802127593367] (PRESERVED)
[11->1] [30.40661895048511] (LONGER)
[11->2] [29.06949684807084] (LONGER)
[11->3] [31.66530443561218] (LONGER)
[11->4] [31.84030324918404] (LONGER)
[11->10] [3.045748496269507] (LONGER)
[12->0] [32.24764788321778] (PRESERVED)
[12->1] [32.46223036083626] (LONGER)
[12->2] [32.49653275351079] (LONGER)
[12->3] [31.59455293242809] (LONGER)
[12->4] [32.95441723047154] (LONGER)
[12->11] [4.844304697467155] (LONGER)
[13->0] [31.07047193075767] (PRESERVED)
[13->1] [30.38678301498859] (LONGER)
[13->2] [30.2853258361207] (LONGER)
[13->3] [30.8967233699627] (LONGER)
[13->4] [31.30658085770467] (LONGER)
[13->12] [2.686026633967888] (LONGER)
[14->0] [31.98705136457563] (PRESERVED)
[14->1] [31.57447096943985] (LONGER)
[14->2] [31.19069915856329] (LONGER)
[14->3] [32.73419212383284] (LONGER)
[14->4] [31.95361403659999] (LONGER)
[14->13] [2.017927033455211] (LONGER)
[15->0] [32.85864826799787] (PRESERVED)
[15->1] [32.69663802289159] (LONGER)
[15->2] [32.20862525784049] (LONGER)
[15->3] [32.15902512514955] (LONGER)
[15->4] [31.22287182499392] (LONGER)
[15->14] [2.582569850316461] (LONGER)
[16->0] [34.1268196584446] (PRESERVED)
[16->1] [31.25295525226375] (LONGER)
[16->2] [31.23450260529211] (LONGER)
[16->3] [31.57948107553385] (LONGER)
[16->4] [30.63875997817143] (LONGER)
[16->15] [3.250120869492743] (LONGER)
[17->0] [32.41927835409048] (LONGER)
[17->1] [30.57255640276096] (LONGER)
[17->2] [30.31101915145712] (LONGER)
[17->3] [30.96561583434115] (LONGER)
[17->4] [31.87562852713653] (LONGER)
[17->16] [3.200294057639663] (LONGER)
[18->0] [33.60327897690939] (PRESERVED)
[18->1] [31.51076387522208] (LONGER)
[18->2] [30.08286826417987] (LONGER)
[18->3] [32.361588295385] (LONGER)
[18->4] [31.41203045013168] (LONGER)
[18->17] [2.730092875420355] (LONGER)
[19->0] [32.46252105120611] (PRESERVED)
[19->1] [33.72708737795185] (LONGER)
[19->2] [30.77360602854336] (LONGER)
[19->3] [30.58064217769144] (LONGER)
[19->4] [31.90468978065764] (LONGER)
[19->18] [4.714741059513779] (LONGER)
[20->0] [31.17011793368771] (PRESERVED)
[20->1] [31.24341613844427] (LONGER)
[20->2] [30.38054217751882] (LONGER)
[20->3] [30.25497927614559] (LONGER)
[20->4] [33.03879847996897] (LONGER)
[20->19] [3.905442810807769] (LONGER)
[21->0] [33.88567245902021] (PRESERVED)
[21->1] [32.05433580656446] (PRESERVED)
[21->2] [30.23590866833672] (PRESERVED)
[21->3] [30.49095142825162] (PRESERVED)
[21->4] [32.60091500249649] (PRESERVED)
[21->20] [3.595708331456041] (PRESERVED)
[22->0] [33.42891431081781] (PRESERVED)
[22->1] [32.98451424532428] (LONGER)
[22->2] [31.23148621183436] (LONGER)
[22->3] [31.4215811028026] (LONGER)
[22->4] [31.61535049623837] (LONGER)
[22->21] [2.892299163355873] (PRESERVED)
[23->0] [32.88049669637002] (PRESERVED)
[23->1] [32.49975044519573] (LONGER)
[23->2] [31.57568485401386] (LONGER)
[23->3] [32.22596201822377] (LONGER)
[23->4] [34.199538096296] (LONGER)
[23->22] [3.723460929248259] (LONGER)
[24->0] [31.57247611448935] (PRESERVED)
[24->1] [32.10546349143711] (LONGER)
[24->2] [30.77386668912439] (LONGER)
[24->3] [30.01209974327021] (LONGER)
[24->4] [31.33625859926485] (LONGER)
[24->23] [3.473254393691197] (LONGER)
[25->0] [32.48364017470949] (PRESERVED)
[25->1] [30.97966363600482] (LONGER)
[25->2] [30.06479695590841] (LONGER)
[25->3] [31.55746225538423] (LONGER)
[25->4] [31.14901947092396] (LONGER)
[25->24] [3.259497864002009] (LONGER)
[26->0] [31.90251505759382] (SHORTER)
[26->1] [31.76881582621549] (LONGER)
[26->2] [29.62327838035486] (LONGER)
[26->3] [31.74405563251174] (LONGER)
[26->4] [32.09742257565239] (LONGER)
[26->25] [2.116904058828351] (LONGER)
[27->0] [33.03750278093064] (PRESERVED)
[27->1] [32.17767698265367] (SHORTER)
[27->2] [33.04177932557508] (PRESERVED)
[27->3] [33.13158346653537] (PRESERVED)
[27->4] [33.86881360484895] (PRESERVED)
[27->26] [3.91161121441024] (PRESERVED)
[28->0] [31.19313527044052] (SHORTER)
[28->1] [31.09861035480525] (LONGER)
[28->2] [30.6554763949282] (LONGER)
[28->3] [32.08920620707218] (LONGER)
[28->4] [33.03399753284485] (LONGER)
[28->27] [2.746985300034498] (SHORTER)
[29->0] [32.11738178930532] (PRESERVED)
[29->1] [32.12176394596037] (LONGER)
[29->2] [31.15594306067464] (LONGER)
[29->3] [32.22092196073851] (LONGER)
[29->4] [32.45097409940109] (LONGER)
[29->28] [1.903220671137137] (LONGER)
[30->0] [30.59597045363981] (PRESERVED)
[30->1] [32.71971231536121] (LONGER)
[30->2] [30.02645098908627] (LONGER)
[30->3] [30.82781070721696] (LONGER)
[30->4] [32.00424576521058] (LONGER)
[30->29] [2.830488294155506] (LONGER)
[31->0] [31.43691925109711] (PRESERVED)
[31->1] [31.28680709180788] (LONGER)
[31->2] [31.08287497964112] (LONGER)
[31->3] [30.16128128909645] (LONGER)
[31->4] [31.33396921872492] (LONGER)
[31->30] [3.397025359861081] (LONGER)
[32->0] [32.32240015840409] (LONGER)
[32->1] [32.73721533667763] (LONGER)
[32->2] [31.58744679457332] (LONGER)
[32->3] [30.53174972057777] (LONGER)
[32->4] [33.43735008938359] (LONGER)
[32->31] [2.502492063636947] (LONGER)
[33->0] [33.44553696683611] (PRESERVED)
[33->1] [32.21250584788461] (LONGER)
[33->2] [31.43926745329796] (LONGER)
[33->3] [32.03749287943739] (LONGER)
[33->4] [30.76948979102513] (LONGER)
[33->32] [4.998536702505827] (LONGER)
[34->0] [32.38062970357434] (SHORTER)
[34->1] [32.96310279691522] (LONGER)
[34->2] [30.32922288816514] (LONGER)
[34->3] [31.9030248252419] (LONGER)
[34->4] [30.5089787603584] (LONGER)
[34->33] [2.527129009504513] (LONGER)
[35->0] [30.08244991685351] (SHORTER)
[35->1] [30.85686016107277] (LONGER)
[35->2] [31.22101157874294] (LONGER)
[35->3] [32.93518905365507] (LONGER)
[35->4] [32.3898112374864] (LONGER)
[35->34] [5.003049103073851] (LONGER)
[36->0] [32.01573717720709] (PRESERVED)
[36->1] [32.85384825252591] (LONGER)
[36->2] [29.11969704512738] (LONGER)
[36->3] [33.66868438178125] (LONGER)
[36->4] [31.73186817696052] (LONGER)
[36->35] [5.078386491002382] (LONGER)
[37->0] [31.62433075971728] (PRESERVED)
[37->1] [32.3898229695687] (LONGER)
[37->2] [30.0093781175152] (LONGER)
[37->3] [32.47804256724842] (LONGER)
[37->4] [32.24465858091849] (LONGER)
[37->36] [2.68101963627528] (LONGER)
[38->0] [32.21250904540035] (PRESERVED)
[38->1] [30.46673771508856] (LONGER)
[38->2] [31.22562063434449] (LONGER)
[38->3] [30.31255630922606] (LONGER)
[38->4] [33.00877189475548] (LONGER)
[38->37] [5.261216613968795] (LONGER)
[39->0] [31.27073179508276] (PRESERVED)
[39->1] [32.42475268988185] (PRESERVED)
[39->2] [31.0094715208112] (PRESERVED)
[39->3] [30.17537850632531] (PRESERVED)
[39->4] [32.24917884225892] (PRESERVED)
[39->38] [3.513702409682399] (LONGER)
[40->0] [32.07243372430599] (PRESERVED)
[40->1] [33.56563118727248] (LONGER)
[40->2] [30.7562754572136] (LONGER)
[40->3] [32.49348288503403] (LONGER)
[40->4] [33.25936117847123] (LONGER)
[40->39] [3.190740140556026] (PRESERVED)
[41->0] [32.7626310909243] (PRESERVED)
[41->1] [32.07300188632178] (LONGER)
[41->2] [31.35083365717728] (LONGER)
[41->3] [32.36451802514599] (LONGER)
[41->4] [31.26997379276164] (LONGER)
[41->40] [3.797616018461812] (LONGER)
[42->0] [31.42064283238012] (PRESERVED)
[42->1] [33.15828566135468] (LONGER)
[42->2] [30.37520299520647] (LONGER)
[42->3] [31.27194968338239] (LONGER)
[42->4] [32.0694615327417] (LONGER)
[42->41] [3.516171656792508] (LONGER)
[43->0] [32.24560066117548] (LONGER)
[43->1] [31.17629259549635] (LONGER)
[43->2] [29.39592235327886] (LONGER)
[43->3] [31.55424977716947] (LONGER)
[43->4] [31.87648244395859] (LONGER)
[43->42] [3.327613676809535] (LONGER)
[44->0] [32.24197135722319] (PRESERVED)
[44->1] [31.66222868024296] (LONGER)
[44->2] [29.25203712564306] (LONGER)
[44->3] [30.36856723653586] (LONGER)
[44->4] [32.04112878785638] (LONGER)
[44->43] [1.744066006862939] (LONGER)
[45->0] [31.73716895061687] (PRESERVED)
[45->1] [32.5217214027794] (LONGER)
[45->2] [31.89416548524196] (LONGER)
[45->3] [31.73465292074265] (LONGER)
[45->4] [32.63864215925657] (LONGER)
[45->44] [3.433235130287757] (LONGER)
[46->0] [31.66107480803518] (PRESERVED)
[46->1] [31.4530591516946] (LONGER)
[46->2] [32.80853622153845] (LONGER)
[46->3] [32.18128423478468] (LONGER)
[46->4] [33.85872748642513] (LONGER)
[46->45] [2.626712331764411] (LONGER)
[47->0] [33.59427168432143] (PRESERVED)
[47->1] [34.72570794094773] (LONGER)
[47->2] [32.56432469743538] (LONGER)
[47->3] [31.94354966186443] (LONGER)
[47->4] [30.96728365549682] (LONGER)
[47->46] [6.700035463406102] (LONGER)
[48->0] [32.0491641388664] (PRESERVED)
[48->1] [32.43105314355365] (LONGER)
[48->2] [30.59859988626931] (LONGER)
[48->3] [31.9584912190798] (LONGER)
[48->4] [33.25176685531162] (LONGER)
[48->47] [5.519879569758324] (LONGER)
[49->0] [33.16729692030992] (PRESERVED)
[49->1] [32.82763879720866] (LONGER)
[49->2] [30.91795714467565] (LONGER)
[49->3] [31.05469272106874] (LONGER)
[49->4] [31.26725270950423] (LONGER)
[49->48] [3.451993591564515] (LONGER)
[50->0] [34.12004866643656] (PRESERVED)
[50->1] [33.92100875563697] (LONGER)
[50->2] [31.55435599089293] (LONGER)
[50->3] [30.96372813470627] (LONGER)
[50->4] [32.38976471047604] (LONGER)
[50->49] [1.678261699703251] (LONGER)
[51->0] [32.56104648195448] (PRESERVED)
[51->1] [32.5707719282181] (LONGER)
[51->2] [31.0509215805264] (LONGER)
[51->3] [30.81776281627204] (LONGER)
[51->4] [32.53605878098944] (LONGER)
[51->50] [2.170590211658622] (LONGER)
[52->0] [32.99330789720849] (PRESERVED)
[52->1] [32.81290084707537] (LONGER)
[52->2] [30.34272682209034] (LONGER)
[52->3] [31.29206031887323] (LONGER)
[52->4] [31.11190966494986] (LONGER)
[52->51] [2.545024461372122] (LONGER)
[53->0] [34.0148899454342] (PRESERVED)
[53->1] [32.94195067083916] (LONGER)
[53->2] [31.61872247577375] (LONGER)
[53->3] [33.52023396398062] (LONGER)
[53->4] [30.57936367879488] (LONGER)
[53->52] [3.295554598960402] (LONGER)
[54->0] [33.63901808911787] (PRESERVED)
[54->1] [33.62423703223613] (LONGER)
[54->2] [32.87486789327069] (LONGER)
[54->3] [34.90457395528556] (LONGER)
[54->4] [31.36238072914745] (LONGER)
[54->53] [2.183413415247085] (LONGER)
[55->0] [31.76721333387617] (PRESERVED)
[55->1] [31.12807075615191] (LONGER)
[55->2] [30.95869021777246] (LONGER)
[55->3] [32.55390096440056] (LONGER)
[55->4] [32.15624318853183] (LONGER)
[55->54] [4.524231152201228] (LONGER)
[56->0] [33.9158647538287] (PRESERVED)
[56->1] [32.40444447911429] (LONGER)
[56->2] [32.14312895472376] (LONGER)
[56->3] [33.4922496855616] (LONGER)
[56->4] [33.18470640219678] (LONGER)
[56->55] [2.164696089719319] (LONGER)
[57->0] [33.87536399804436] (PRESERVED)
[57->1] [33.17153382043103] (LONGER)
[57->2] [32.14659653835846] (LONGER)
[57->3] [30.8763812160687] (LONGER)
[57->4] [32.40316726803107] (LONGER)
[57->56] [3.6838696642827] (LONGER)
[58->0] [33.0996315538406] (PRESERVED)
[58->1] [34.36919645554723] (LONGER)
[58->2] [30.4884715261359] (LONGER)
[58->3] [30.85380093278624] (LONGER)
[58->4] [30.99180191599062] (LONGER)
[58->57] [3.811740315872931] (LONGER)
[59->0] [33.22602808040708] (PRESERVED)
[59->1] [34.15481913288373] (LONGER)
[59->2] [31.86289090776291] (LONGER)
[59->3] [32.96657787820872] (LONGER)
[59->4] [32.35491311995754] (LONGER)
[59->58] [2.828259920434605] (LONGER)
[60->0] [34.26091735491038] (PRESERVED)
[60->1] [32.07532727814324] (LONGER)
[60->2] [30.28234315570709] (LONGER)
[60->3] [30.50257236693325] (LONGER)
[60->4] [30.6590042401902] (LONGER)
[60->59] [4.559227015009688] (LONGER)
[61->0] [31.70875573087031] (PRESERVED)
[61->1] [31.66272003476643] (LONGER)
[61->2] [31.30700511067771] (LONGER)
[61->3] [31.28082820195143] (LONGER)
[61->4] [33.46512018505237] (LONGER)
[61->60] [5.533326358276673] (LONGER)
[62->0] [31.00588727967641] (PRESERVED)
[62->1] [31.72992369987675] (LONGER)
[62->2] [31.47550077441184] (LONGER)
[62->3] [32.23348499619612] (LONGER)
[62->4] [33.37636719297054] (LONGER)
[62->61] [1.684098895326864] (LONGER)
[63->0] [32.82628413329781] (LONGER)
[63->1] [32.1902471565535] (LONGER)
[63->2] [31.46248500992888] (LONGER)
[63->3] [33.30966614963291] (LONGER)
[63->4] [32.12792730631716] (LONGER)
[63->62] [3.53602668293166] (LONGER)
[64->0] [31.86794425437575] (PRESERVED)
[64->1] [32.34525159895963] (LONGER)
[64->2] [31.56879687286168] (LONGER)
[64->3] [32.39884050394398] (LONGER)
[64->4] [30.90910338395471] (LONGER)
[64->63] [2.065564549861798] (LONGER)
[65->0] [30.24733725470724] (PRESERVED)
[65->1] [30.91535817356805] (LONGER)
[65->2] [30.22340556588551] (LONGER)
[65->3] [33.25505907377103] (LONGER)
[65->4] [32.85494492462283] (LONGER)
[65->64] [4.517497872450442] (LONGER)
[66->0] [31.63935866922717] (PRESERVED)
[66->1] [32.5221032683927] (LONGER)
[66->2] [33.43460216601957] (LONGER)
[66->3] [32.48337325463597] (LONGER)
[66->4] [31.13016414990452] (LONGER)
[66->65] [5.980614599549917] (LONGER)
[67->0] [31.80250821869243] (PRESERVED)
[67->1] [34.09837469733713] (LONGER)
[67->2] [32.76851205044257] (LONGER)
[67->3] [33.61574143165668] (LONGER)
[67->4] [32.41504527221889] (LONGER)
[67->66] [3.231012020689966] (LONGER)
[68->0] [32.90875745147483] (PRESERVED)
[68->1] [32.87406283074851] (LONGER)
[68->2] [31.91967111359388] (LONGER)
[68->3] [33.48370953165136] (LONGER)
[68->4] [31.41039958357742] (LONGER)
[68->67] [2.917058749489886] (LONGER)
[69->0] [33.3168320372751] (PRESERVED)
[69->1] [32.43053026085143] (LONGER)
[69->2] [30.51019908161859] (LONGER)
[69->3] [31.68974641741394] (LONGER)
[69->4] [32.88470994246413] (LONGER)
[69->68] [4.036134767449899] (LONGER)
[70->0] [31.38674624742107] (PRESERVED)
[70->1] [30.3701422782311] (LONGER)
[70->2] [30.59258493491519] (LONGER)
[70->3] [33.68308796710895] (LONGER)
[70->4] [31.87260119601159] (LONGER)
[70->69] [4.600092599118484] (LONGER)
[71->0] [31.81099869541979] (PRESERVED)
[71->1] [30.88296731209617] (LONGER)
[71->2] [32.80239236702104] (LONGER)
[71->3] [33.21498500677067] (LONGER)
[71->4] [31.48498218198639] (LONGER)
[71->70] [3.43315216074311] (LONGER)
[72->0] [33.29784167179608] (LONGER)
[72->1] [34.08383517152964] (LONGER)
[72->2] [31.86219871571954] (LONGER)
[72->3] [32.21678278475366] (LONGER)
[72->4] [31.76262248303814] (LONGER)
[72->71] [4.908494779806163] (LONGER)
[73->0] [33.40335123905984] (SHORTER)
[73->1] [33.82461106945653] (LONGER)
[73->2] [31.35479910635691] (LONGER)
[73->3] [31.48421120180717] (LONGER)
[73->4] [32.64471986401479] (LONGER)
[73->72] [1.932102704547642] (LONGER)
[74->0] [33.12161757825243] (PRESERVED)
[74->1] [32.12985354775212] (LONGER)
[74->2] [31.1799822001232] (LONGER)
[74->3] [31.30867448487719] (LONGER)
[74->4] [33.60080698435679] (LONGER)
[74->73] [2.872236786500515] (LONGER)
[75->0] [33.54775612466502] (PRESERVED)
[75->1] [31.55267492622456] (LONGER)
[75->2] [31.27867919206309] (LONGER)
[75->3] [34.54582495758351] (LONGER)
[75->4] [30.94576720651792] (LONGER)
[75->74] [6.588176350612014] (LONGER)
[76->0] [31.5146594777732] (PRESERVED)
[76->1] [32.30743629568897] (LONGER)
[76->2] [31.21780272536809] (LONGER)
[76->3] [32.42281765979015] (LONGER)
[76->4] [31.28985898018719] (LONGER)
[76->75] [4.234004759028854] (LONGER)
[77->0] [32.82076738895665] (PRESERVED)
[77->1] [32.79922252127327] (LONGER)
[77->2] [33.95931673340912] (LONGER)
[77->3] [31.28100939867511] (LONGER)
[77->4] [32.35714000031524] (LONGER)
[77->76] [4.719169096652573] (LONGER)
[78->0] [32.56053809444801] (PRESERVED)
[78->1] [33.61061830731472] (LONGER)
[78->2] [29.41325160535638] (LONGER)
[78->3] [30.87982163160921] (LONGER)
[78->4] [35.11796602880069] (LONGER)
[78->77] [8.371458701208759] (LONGER)
[79->0] [30.72377069957397] (PRESERVED)
[79->1] [31.7406416759334] (LONGER)
[79->2] [31.96004698056623] (LONGER)
[79->3] [31.12530454469482] (LONGER)
[79->4] [33.07440731139411] (LONGER)
[79->78] [5.824749484463005] (LONGER)
[80->0] [34.3091204638067] (SHORTER)
[80->1] [32.98705499131439] (LONGER)
[80->2] [33.15758166694309] (LONGER)
[80->3] [33.85168492113797] (LONGER)
[80->4] [32.26699071806975] (LONGER)
[80->79] [5.542690663403488] (LONGER)
[81->0] [32.714312448835] (PRESERVED)
[81->1] [33.05573845794404] (LONGER)
[81->2] [33.63753287623814] (LONGER)
[81->3] [33.15637525424032] (LONGER)
[81->4] [31.7985498725964] (LONGER)
[81->80] [2.55622234683729] (LONGER)
[82->0] [31.26466801359004] (PRESERVED)
[82->1] [32.83901676359997] (LONGER)
[82->2] [29.73970220093] (LONGER)
[82->3] [33.51435276116788] (LONGER)
[82->4] [32.27879881594111] (LONGER)
[82->81] [5.928815775315747] (LONGER)
[83->0] [33.528150306869] (PRESERVED)
[83->1] [33.50029980462862] (LONGER)
[83->2] [30.03561479310853] (LONGER)
[83->3] [31.94507558294393] (LONGER)
[83->4] [32.23920172708996] (LONGER)
[83->82] [3.878129222528546] (LONGER)
[84->0] [34.50492175038222] (LONGER)
[84->1] [31.69229276969402] (LONGER)
[84->2] [30.33511789988626] (LONGER)
[84->3] [31.23718130689771] (LONGER)
[84->4] [31.16244043716729] (LONGER)
[84->83] [3.63188956086133] (LONGER)
[85->0] [32.53638775279149] (PRESERVED)
[85->1] [32.96281808341028] (LONGER)
[85->2] [33.03019568516058] (LONGER)
[85->3] [33.06046450066907] (LONGER)
[85->4] [32.85663852252693] (LONGER)
[85->84] [5.352972549932416] (LONGER)
[86->0] [30.73958288591437] (PRESERVED)
[86->1] [33.43409867186492] (LONGER)
[86->2] [32.42202721916075] (LONGER)
[86->3] [31.45880450684673] (LONGER)
[86->4] [31.9821913726999] (LONGER)
[86->85] [3.007242145729632] (LONGER)
[87->0] [33.72699177216967] (PRESERVED)
[87->1] [31.71266377963227] (LONGER)
[87->2] [33.59924259563005] (LONGER)
[87->3] [33.43727014874269] (LONGER)
[87->4] [34.17544213320437] (LONGER)
[87->86] [5.844785868264147] (LONGER)
[88->0] [32.00477908063107] (PRESERVED)
[88->1] [32.51313266973824] (LONGER)
[88->2] [31.41634789405033] (LONGER)
[88->3] [32.37432456438281] (LONGER)
[88->4] [32.11558595137259] (LONGER)
[88->87] [4.118785060189365] (LONGER)
[89->0] [32.38186793562102] (PRESERVED)
[89->1] [32.74980071695094] (SHORTER)
[89->2] [32.10252940190227] (PRESERVED)
[89->3] [31.86721550433927] (PRESERVED)
[89->4] [32.24483236117068] (PRESERVED)
[89->88] [1.389747791506725] (PRESERVED)
[90->0] [32.45536223800313] (SHORTER)
[90->1] [31.80507968862835] (LONGER)
[90->2] [31.10209412563728] (LONGER)
[90->3] [31.97103112193912] (LONGER)
[90->4] [30.92069489840098] (LONGER)
[90->89] [2.143143627682332] (PRESERVED)
[91->0] [32.03982476543841] (PRESERVED)
[91->1] [30.71098150499263] (LONGER)
[91->2] [31.24262143290798] (LONGER)
[91->3] [33.33373015430467] (LONGER)
[91->4] [31.91055963157024] (LONGER)
[91->90] [2.621955185838975] (LONGER)
[92->0] [35.05901905359018] (SHORTER)
[92->1] [32.13065587565869] (LONGER)
[92->2] [30.89948756856658] (LONGER)
[92->3] [32.53133348020029] (LONGER)
[92->4] [34.14128641395929] (LONGER)
[92->91] [4.932625311401129] (LONGER)
[93->0] [33.47911014349096] (PRESERVED)
[93->1] [31.99963577917724] (LONGER)
[93->2] [33.39664547525695] (LONGER)
[93->3] [33.78174470035555] (LONGER)
[93->4] [31.9509451033925] (LONGER)
[93->92] [5.878008499000295] (LONGER)
[94->0] [32.29497722556868] (PRESERVED)
[94->1] [32.06331873028743] (LONGER)
[94->2] [30.94941532565681] (LONGER)
[94->3] [33.00644593106022] (LONGER)
[94->4] [32.5975786677477] (LONGER)
[94->93] [3.817941258789164] (LONGER)
[95->0] [31.40459538029427] (PRESERVED)
[95->1] [31.97284877829936] (LONGER)
[95->2] [31.55585368834126] (LONGER)
[95->3] [33.83148397572889] (LONGER)
[95->4] [31.8145467357308] (LONGER)
[95->94] [2.283908910624127] (LONGER)
[96->0] [32.83318514856577] (PRESERVED)
[96->1] [33.5339042015689] (LONGER)
[96->2] [31.34944886277907] (LONGER)
[96->3] [31.88900666373916] (LONGER)
[96->4] [32.43975733571385] (LONGER)
[96->95] [3.941916467178606] (LONGER)
[97->0] [31.3806840588283] (PRESERVED)
[97->1] [32.92525999897344] (LONGER)
[97->2] [32.26014006479203] (LONGER)
[97->3] [34.66790211420355] (LONGER)
[97->4] [33.58534827867652] (LONGER)
[97->96] [4.42520825525644] (LONGER)
[98->0] [32.46681302499524] (PRESERVED)
[98->1] [31.19906488983284] (PRESERVED)
[98->2] [31.57740424734117] (LONGER)
[98->3] [33.4144714607309] (PRESERVED)
[98->4] [34.18945254022065] (LONGER)
[98->97] [3.860432850350408] (SHORTER)
[99->0] [34.85063284934722] (SHORTER)
[99->1] [33.06727814622788] (LONGER)
[99->2] [31.27583068441189] (LONGER)
[99->3] [33.39953213744168] (LONGER)
[99->4] [33.07841965693041] (LONGER)
[99->98] [4.208203499147674] (SHORTER)

Long edges	456 of 576 [79.17%]
Short edges	15 of 576 [2.60%]
Preserved edges	105 of 576 [18.23%]

Polyhedra	95

CA	7.28081e+06
RMS Absolute	26.983
CR	6812.29
RMS Relative	0.829524

Projection Mode	Minimum Distance

Optimization Runtime	0

Lambda, uppercase (Λ) lowercase (λ)	1

Using Minimum Distance?	YES
Using Minimum Perimeter?	NO
Using Minimum Area?	NO

Iterations	1
Sammon's stress	0.689677
