Using	PP Digraph

Executed in	0.10228 seconds

Intrinsic Dimensionality	3

Reordered	YES

Number of nodes	100
Number of edges	390

Is PP Digraph directed?	YES
Is PP Digraph connected??	NO

Nodes:
0 [#0] at {0.0000, 0.0000, 0.0000}
89 [#1] at {29.3062, 0.0000, 0.0000}
98 [#2] at {16.1419, 27.0970, 0.0000}
27 [#3] at {13.9643, 14.9704, 25.5719}
39 [#4] at {15.3723, 11.7989, -25.4861}, [FLIPPED]
21 [#5] at {13.0349, 11.7841, -25.9738}, [FLIPPED]
80 [#6] at {13.2144, 12.2842, -26.3537}, [FLIPPED]
78 [#7] at {11.7833, 10.6115, -26.5162}, [FLIPPED]
67 [#8] at {15.8757, 12.9704, -26.6820}, [FLIPPED]
60 [#9] at {17.2744, 10.7636, -26.2163}, [FLIPPED]
26 [#10] at {15.4508, 10.9634, -26.2617}, [FLIPPED]
81 [#11] at {16.8755, 12.1746, -24.9363}, [FLIPPED]
41 [#12] at {14.4162, 9.4712, -27.2467}, [FLIPPED]
44 [#13] at {15.3700, 10.0893, -25.0468}, [FLIPPED]
43 [#14] at {15.1005, 10.2893, -26.2541}, [FLIPPED]
72 [#15] at {14.8343, 10.2999, -27.4508}, [FLIPPED]
73 [#16] at {17.8588, 11.2061, -26.8352}, [FLIPPED]
63 [#17] at {16.6378, 10.8855, -25.6066}, [FLIPPED]
52 [#18] at {16.9777, 12.3797, -26.2237}, [FLIPPED]
55 [#19] at {13.2250, 12.4489, -26.9061}, [FLIPPED]
92 [#20] at {14.5750, 10.5707, -25.4442}, [FLIPPED]
70 [#21] at {16.7134, 12.7185, -26.5922}, [FLIPPED]
10 [#22] at {15.1566, 11.9493, -27.2944}, [FLIPPED]
93 [#23] at {15.0778, 10.9263, -27.0999}, [FLIPPED]
85 [#24] at {14.0740, 10.8911, -26.0792}, [FLIPPED]
13 [#25] at {16.2815, 11.4491, -25.6713}, [FLIPPED]
94 [#26] at {14.7983, 12.1285, -25.5280}, [FLIPPED]
42 [#27] at {15.6098, 9.0523, -27.6743}, [FLIPPED]
49 [#28] at {14.7535, 10.1812, -25.5282}, [FLIPPED]
25 [#29] at {14.6483, 10.7528, -26.4827}, [FLIPPED]
22 [#30] at {12.3589, 11.6312, -25.4575}, [FLIPPED]
45 [#31] at {14.8137, 9.9402, -25.8849}, [FLIPPED]
28 [#32] at {14.1926, 10.7685, -26.9694}, [FLIPPED]
34 [#33] at {16.0343, 11.2067, -27.1277}, [FLIPPED]
90 [#34] at {14.0037, 12.3880, -26.4374}, [FLIPPED]
1 [#35] at {13.8479, 8.8192, -25.2074}, [FLIPPED]
96 [#36] at {13.7255, 13.4470, -25.6085}, [FLIPPED]
91 [#37] at {13.8170, 11.9621, -25.8088}, [FLIPPED]
56 [#38] at {16.5200, 9.6705, -25.9078}, [FLIPPED]
16 [#39] at {13.3990, 10.6748, -26.1606}, [FLIPPED]
61 [#40] at {12.9809, 12.1494, -26.6932}, [FLIPPED]
38 [#41] at {15.4159, 10.8432, -26.7986}, [FLIPPED]
77 [#42] at {12.7386, 11.9600, -26.1140}, [FLIPPED]
14 [#43] at {15.8101, 12.1795, -25.3274}, [FLIPPED]
12 [#44] at {15.2852, 12.6436, -25.4175}, [FLIPPED]
7 [#45] at {13.7930, 9.9555, -26.7935}, [FLIPPED]
57 [#46] at {14.8771, 8.1290, -26.7398}, [FLIPPED]
6 [#47] at {13.3343, 11.6704, -28.5407}, [FLIPPED]
18 [#48] at {14.2330, 11.5546, -26.2881}, [FLIPPED]
86 [#49] at {15.0355, 12.0595, -26.9921}, [FLIPPED]
65 [#50] at {14.8841, 12.5990, -27.9983}, [FLIPPED]
75 [#51] at {14.6423, 11.4064, -26.7529}, [FLIPPED]
31 [#52] at {14.8556, 12.6045, -26.6270}, [FLIPPED]
99 [#53] at {15.8788, 11.7993, -27.6705}, [FLIPPED]
29 [#54] at {14.6700, 10.5552, -28.3718}, [FLIPPED]
83 [#55] at {15.3389, 10.1547, -25.8989}, [FLIPPED]
84 [#56] at {16.3633, 10.7695, -27.6866}, [FLIPPED]
71 [#57] at {15.4582, 11.2539, -27.9631}, [FLIPPED]
95 [#58] at {13.1917, 13.5618, -27.1596}, [FLIPPED]
11 [#59] at {13.5853, 11.9007, -27.8887}, [FLIPPED]
47 [#60] at {17.1267, 12.8923, -26.7260}, [FLIPPED]
48 [#61] at {14.7029, 10.0649, -26.2291}, [FLIPPED]
76 [#62] at {13.8781, 9.5477, -26.0308}, [FLIPPED]
88 [#63] at {15.3586, 10.8250, -26.9165}, [FLIPPED]
30 [#64] at {14.1302, 10.2891, -26.6465}, [FLIPPED]
58 [#65] at {13.9560, 10.0694, -24.8745}, [FLIPPED]
15 [#66] at {13.6868, 8.0474, -27.3671}, [FLIPPED]
69 [#67] at {12.0717, 10.0142, -27.6657}, [FLIPPED]
19 [#68] at {14.6920, 10.7874, -27.4000}, [FLIPPED]
62 [#69] at {15.6473, 12.3407, -26.6998}, [FLIPPED]
23 [#70] at {15.7242, 9.8976, -25.2965}, [FLIPPED]
53 [#71] at {15.6457, 7.8541, -26.5606}, [FLIPPED]
50 [#72] at {13.7495, 11.8919, -27.8977}, [FLIPPED]
33 [#73] at {14.1699, 12.3632, -27.6071}, [FLIPPED]
68 [#74] at {15.7572, 11.2735, -26.8637}, [FLIPPED]
54 [#75] at {16.8690, 11.0217, -26.8218}, [FLIPPED]
51 [#76] at {13.7898, 10.4853, -26.3263}, [FLIPPED]
79 [#77] at {14.6772, 8.2101, -28.1847}, [FLIPPED]
97 [#78] at {13.4676, 13.9328, -26.1666}, [FLIPPED]
40 [#79] at {13.5694, 8.8431, -26.1079}, [FLIPPED]
46 [#80] at {16.1710, 10.1568, -28.5036}, [FLIPPED]
20 [#81] at {14.2700, 8.7253, -28.1152}, [FLIPPED]
24 [#82] at {12.9312, 12.3698, -25.6369}, [FLIPPED]
5 [#83] at {14.6849, 13.7049, -26.8452}, [FLIPPED]
9 [#84] at {17.8297, 12.7241, -26.6607}, [FLIPPED]
66 [#85] at {14.1765, 9.3139, -27.7650}, [FLIPPED]
37 [#86] at {11.7029, 9.4241, -26.8170}, [FLIPPED]
87 [#87] at {16.9020, 8.4464, -27.9372}, [FLIPPED]
4 [#88] at {14.0935, 10.6494, -26.6884}, [FLIPPED]
35 [#89] at {14.2442, 10.2034, -27.2319}, [FLIPPED]
8 [#90] at {15.3660, 10.7898, -26.4729}, [FLIPPED]
64 [#91] at {16.0758, 9.7108, -25.9580}, [FLIPPED]
82 [#92] at {18.0100, 12.6902, -27.2715}, [FLIPPED]
17 [#93] at {16.3059, 8.7446, -27.9016}, [FLIPPED]
74 [#94] at {14.9075, 11.0462, -26.4332}, [FLIPPED]
3 [#95] at {14.0386, 9.8178, -26.3207}, [FLIPPED]
2 [#96] at {13.8597, 11.8573, -27.3008}, [FLIPPED]
32 [#97] at {12.9585, 9.6042, -26.9181}, [FLIPPED]
36 [#98] at {16.0301, 9.8582, -26.4565}, [FLIPPED]
59 [#99] at {16.7196, 12.7583, -27.7893}, [FLIPPED]

Flips	96 out of 100 [96.00%]

Edges:
[1->0] [29.30616900927176] (LONGER)
[2->0] [31.5405726802796] (PRESERVED)
[2->1] [30.12543850303263] (LONGER)
[3->0] [32.75720020087188] (PRESERVED)
[3->1] [33.36772064435928] (LONGER)
[3->2] [28.38514474157213] (LONGER)
[4->0] [32.01662538432181] (PRESERVED)
[4->1] [31.351431562211] (LONGER)
[4->2] [29.73490723039169] (LONGER)
[4->3] [51.17576871512884] (LONGER)
[5->0] [31.35941705453085] (PRESERVED)
[5->1] [32.83683992103989] (LONGER)
[5->2] [30.31135600727886] (LONGER)
[5->4] [2.387726070504663] (LONGER)
[6->0] [31.93806686385386] (PRESERVED)
[6->1] [33.23201253309826] (LONGER)
[6->2] [30.37279654559324] (LONGER)
[6->5] [0.6531998082685359] (LONGER)
[7->0] [30.89591141235359] (SHORTER)
[7->1] [33.50764062120759] (LONGER)
[7->2] [31.52575129953289] (LONGER)
[7->6] [2.207297437252975] (LONGER)
[8->0] [33.64818846535427] (PRESERVED)
[8->1] [32.5659375268086] (LONGER)
[8->2] [30.19204895332544] (LONGER)
[8->7] [4.7264810810891] (LONGER)
[9->0] [33.18970017942315] (PRESERVED)
[9->1] [30.78825623512965] (LONGER)
[9->2] [30.90885366687028] (LONGER)
[9->8] [2.65389905067652] (LONGER)
[10->0] [32.38207275638792] (PRESERVED)
[10->1] [31.6518748575815] (LONGER)
[10->2] [30.8292825897717] (LONGER)
[10->9] [1.835010110548658] (LONGER)
[11->0] [32.47802127593367] (PRESERVED)
[11->1] [30.40661895048511] (LONGER)
[11->2] [29.06949684807084] (LONGER)
[11->10] [2.291970621712005] (LONGER)
[12->0] [32.24764788321777] (PRESERVED)
[12->1] [32.46223036083626] (LONGER)
[12->2] [32.49653275351079] (LONGER)
[12->11] [4.323635062752571] (LONGER)
[13->0] [31.07047193075767] (PRESERVED)
[13->1] [30.38678301498859] (LONGER)
[13->2] [30.2853258361207] (LONGER)
[13->12] [2.476056574519159] (LONGER)
[14->0] [31.98705136457563] (PRESERVED)
[14->1] [31.57447096943985] (LONGER)
[14->2] [31.19069915856329] (LONGER)
[14->13] [1.253004094344058] (LONGER)
[15->0] [32.85864826799788] (PRESERVED)
[15->1] [32.69663802289159] (LONGER)
[15->2] [32.20862525784049] (LONGER)
[15->14] [1.226004554124939] (LONGER)
[16->0] [34.12681965844459] (LONGER)
[16->1] [31.25295525226375] (LONGER)
[16->2] [31.23450260529211] (LONGER)
[16->15] [3.216765901030067] (LONGER)
[17->0] [32.41927835409048] (LONGER)
[17->1] [30.57255640276096] (LONGER)
[17->2] [30.31101915145712] (LONGER)
[17->16] [1.761512419951791] (LONGER)
[18->0] [33.60327897690939] (PRESERVED)
[18->1] [31.51076387522208] (LONGER)
[18->2] [30.08286826417987] (LONGER)
[18->17] [1.651930717454376] (LONGER)
[19->0] [32.46252105120612] (PRESERVED)
[19->1] [33.72708737795185] (LONGER)
[19->2] [30.77360602854336] (LONGER)
[19->18] [3.814854317445144] (LONGER)
[20->0] [31.17011793368771] (PRESERVED)
[20->1] [31.24341613844427] (LONGER)
[20->2] [30.38054217751882] (LONGER)
[20->19] [2.736296292646228] (LONGER)
[21->0] [33.88567245902021] (PRESERVED)
[21->1] [32.05433580656445] (LONGER)
[21->2] [30.23590866833672] (LONGER)
[21->20] [3.240878472310967] (LONGER)
[22->0] [33.42891431081781] (PRESERVED)
[22->1] [32.98451424532428] (LONGER)
[22->2] [31.23148621183436] (LONGER)
[22->21] [1.873015984808712] (LONGER)
[23->0] [32.88049669637002] (SHORTER)
[23->1] [32.49975044519573] (LONGER)
[23->2] [31.57568485401386] (LONGER)
[23->22] [1.04427036607657] (LONGER)
[24->0] [31.57247611448935] (LONGER)
[24->1] [32.10546349143711] (LONGER)
[24->2] [30.77386668912439] (LONGER)
[24->23] [1.431946714136448] (LONGER)
[25->0] [32.48364017470949] (PRESERVED)
[25->1] [30.97966363600482] (LONGER)
[25->2] [30.06479695590841] (LONGER)
[25->24] [2.313171573742315] (LONGER)
[26->0] [31.90251505759382] (SHORTER)
[26->1] [31.76881582621549] (LONGER)
[26->2] [29.62327838035486] (LONGER)
[26->25] [1.637705173690874] (LONGER)
[27->0] [33.03750278093064] (PRESERVED)
[27->1] [32.17767698265367] (PRESERVED)
[27->2] [33.04177932557508] (PRESERVED)
[27->26] [3.83771077542249] (PRESERVED)
[28->0] [31.19313527044052] (PRESERVED)
[28->1] [31.09861035480525] (LONGER)
[28->2] [30.6554763949282] (LONGER)
[28->27] [2.571645738292299] (PRESERVED)
[29->0] [32.11738178930532] (PRESERVED)
[29->1] [32.12176394596037] (LONGER)
[29->2] [31.15594306067464] (LONGER)
[29->28] [1.11752119256629] (LONGER)
[30->0] [30.59597045363981] (SHORTER)
[30->1] [32.71971231536121] (LONGER)
[30->2] [30.02645098908627] (LONGER)
[30->29] [2.657732089201017] (LONGER)
[31->0] [31.43691925109711] (PRESERVED)
[31->1] [31.28680709180788] (LONGER)
[31->2] [31.08287497964112] (LONGER)
[31->30] [3.011332064687056] (LONGER)
[32->0] [32.32240015840408] (PRESERVED)
[32->1] [32.73721533667762] (LONGER)
[32->2] [31.58744679457332] (LONGER)
[32->31] [1.499310417539092] (LONGER)
[33->0] [33.4455369668361] (PRESERVED)
[33->1] [32.21250584788461] (LONGER)
[33->2] [31.43926745329796] (LONGER)
[33->32] [1.899726157141867] (LONGER)
[34->0] [32.38062970357433] (PRESERVED)
[34->1] [32.96310279691522] (LONGER)
[34->2] [30.32922288816514] (LONGER)
[34->33] [2.448592312147101] (LONGER)
[35->0] [30.08244991685351] (PRESERVED)
[35->1] [30.85686016107277] (LONGER)
[35->2] [31.22101157874294] (LONGER)
[35->34] [3.778128470512236] (LONGER)
[36->0] [32.01573717720709] (PRESERVED)
[36->1] [32.85384825252591] (LONGER)
[36->2] [29.11969704512738] (LONGER)
[36->35] [4.646810161806353] (LONGER)
[37->0] [31.62433075971728] (PRESERVED)
[37->1] [32.3898229695687] (LONGER)
[37->2] [30.0093781175152] (LONGER)
[37->36] [1.501104717519046] (LONGER)
[38->0] [32.21250904540035] (LONGER)
[38->1] [30.46673771508856] (LONGER)
[38->2] [31.22562063434449] (LONGER)
[38->37] [3.545017900843554] (LONGER)
[39->0] [31.27073179508276] (PRESERVED)
[39->1] [32.42475268988185] (LONGER)
[39->2] [31.0094715208112] (LONGER)
[39->38] [3.288318506413889] (LONGER)
[40->0] [32.07243372430599] (PRESERVED)
[40->1] [33.56563118727249] (LONGER)
[40->2] [30.7562754572136] (LONGER)
[40->39] [1.62270831431297] (LONGER)
[41->0] [32.76263109092429] (LONGER)
[41->1] [32.07300188632178] (LONGER)
[41->2] [31.35083365717728] (LONGER)
[41->40] [2.765273031112129] (LONGER)
[42->0] [31.42064283238012] (PRESERVED)
[42->1] [33.15828566135468] (LONGER)
[42->2] [30.37520299520647] (LONGER)
[42->41] [2.980644835113447] (LONGER)
[43->0] [32.24560066117548] (LONGER)
[43->1] [31.17629259549635] (LONGER)
[43->2] [29.39592235327886] (LONGER)
[43->42] [3.178291899440366] (LONGER)
[44->0] [32.24197135722319] (PRESERVED)
[44->1] [31.66222868024296] (LONGER)
[44->2] [29.25203712564306] (LONGER)
[44->43] [0.7064740278575838] (LONGER)
[45->0] [31.73716895061687] (LONGER)
[45->1] [32.52172140277941] (LONGER)
[45->2] [31.89416548524196] (LONGER)
[45->44] [3.368375569572173] (LONGER)
[46->0] [31.66107480803518] (PRESERVED)
[46->1] [31.4530591516946] (LONGER)
[46->2] [32.80853622153845] (LONGER)
[46->45] [2.124709800592326] (LONGER)
[47->0] [33.59427168432143] (PRESERVED)
[47->1] [34.72570794094772] (LONGER)
[47->2] [32.56432469743538] (LONGER)
[47->46] [4.262108022309832] (LONGER)
[48->0] [32.0491641388664] (PRESERVED)
[48->1] [32.43105314355365] (LONGER)
[48->2] [30.59859988626931] (LONGER)
[48->47] [2.42807160946908] (LONGER)
[49->0] [33.16729692030992] (PRESERVED)
[49->1] [32.82763879720866] (LONGER)
[49->2] [30.91795714467565] (LONGER)
[49->48] [1.180946755309887] (LONGER)
[50->0] [34.12004866643656] (PRESERVED)
[50->1] [33.92100875563697] (LONGER)
[50->2] [31.55435599089293] (LONGER)
[50->49] [1.151746922056921] (LONGER)
[51->0] [32.56104648195448] (SHORTER)
[51->1] [32.5707719282181] (LONGER)
[51->2] [31.0509215805264] (LONGER)
[51->50] [1.741178952306553] (LONGER)
[52->0] [32.99330789720849] (PRESERVED)
[52->1] [32.81290084707537] (LONGER)
[52->2] [30.34272682209034] (LONGER)
[52->51] [1.22340543275661] (LONGER)
[53->0] [34.01488994543419] (PRESERVED)
[53->1] [32.94195067083916] (LONGER)
[53->2] [31.61872247577375] (LONGER)
[53->52] [1.668572379066008] (LONGER)
[54->0] [33.63901808911787] (PRESERVED)
[54->1] [33.62423703223613] (LONGER)
[54->2] [32.87486789327069] (LONGER)
[54->53] [1.870990246045521] (LONGER)
[55->0] [31.76721333387617] (SHORTER)
[55->1] [31.12807075615191] (LONGER)
[55->2] [30.95869021777246] (LONGER)
[55->54] [2.592874247886043] (LONGER)
[56->0] [33.91586475382871] (PRESERVED)
[56->1] [32.40444447911429] (LONGER)
[56->2] [32.14312895472376] (LONGER)
[56->55] [2.150099547121574] (LONGER)
[57->0] [33.87536399804436] (PRESERVED)
[57->1] [33.17153382043103] (LONGER)
[57->2] [32.14659653835846] (LONGER)
[57->56] [1.063123334131114] (LONGER)
[58->0] [33.0996315538406] (PRESERVED)
[58->1] [34.36919645554723] (LONGER)
[58->2] [30.4884715261359] (LONGER)
[58->57] [3.333031341512083] (LONGER)
[59->0] [33.22602808040708] (SHORTER)
[59->1] [34.15481913288373] (LONGER)
[59->2] [31.86289090776291] (LONGER)
[59->58] [1.856324078164555] (LONGER)
[60->0] [34.26091735491038] (PRESERVED)
[60->1] [32.07532727814325] (LONGER)
[60->2] [30.28234315570709] (LONGER)
[60->59] [3.85698739216256] (LONGER)
[61->0] [31.70875573087031] (PRESERVED)
[61->1] [31.66272003476643] (LONGER)
[61->2] [31.30700511067771] (LONGER)
[61->60] [3.757052564221062] (LONGER)
[62->0] [31.00588727967641] (PRESERVED)
[62->1] [31.72992369987675] (LONGER)
[62->2] [31.47550077441184] (LONGER)
[62->61] [0.9935264143368521] (LONGER)
[63->0] [32.82628413329781] (LONGER)
[63->1] [32.1902471565535] (LONGER)
[63->2] [31.46248500992888] (LONGER)
[63->62] [2.146576323674213] (LONGER)
[64->0] [31.86794425437575] (PRESERVED)
[64->1] [32.34525159895963] (LONGER)
[64->2] [31.56879687286168] (LONGER)
[64->63] [1.367156706522522] (LONGER)
[65->0] [30.24733725470724] (PRESERVED)
[65->1] [30.91535817356805] (LONGER)
[65->2] [30.22340556588551] (LONGER)
[65->64] [1.79413011909923] (LONGER)
[66->0] [31.63935866922717] (PRESERVED)
[66->1] [32.5221032683927] (LONGER)
[66->2] [33.43460216601957] (LONGER)
[66->65] [3.220924598076229] (LONGER)
[67->0] [31.80250821869243] (PRESERVED)
[67->1] [34.09837469733713] (LONGER)
[67->2] [32.76851205044257] (LONGER)
[67->66] [2.562363675383045] (LONGER)
[68->0] [32.90875745147483] (PRESERVED)
[68->1] [32.87406283074851] (LONGER)
[68->2] [31.91967111359388] (LONGER)
[68->67] [2.744882415364879] (LONGER)
[69->0] [33.3168320372751] (PRESERVED)
[69->1] [32.43053026085143] (LONGER)
[69->2] [30.51019908161859] (LONGER)
[69->68] [1.953334448446994] (LONGER)
[70->0] [31.38674624742107] (PRESERVED)
[70->1] [30.3701422782311] (LONGER)
[70->2] [30.59258493491519] (LONGER)
[70->69] [2.818507245486208] (LONGER)
[71->0] [31.81099869541979] (PRESERVED)
[71->1] [30.88296731209617] (LONGER)
[71->2] [32.80239236702104] (LONGER)
[71->70] [2.404128266432596] (LONGER)
[72->0] [33.29784167179608] (PRESERVED)
[72->1] [34.08383517152964] (LONGER)
[72->2] [31.86219871571954] (LONGER)
[72->71] [4.65695057853248] (LONGER)
[73->0] [33.40335123905984] (PRESERVED)
[73->1] [33.82461106945652] (LONGER)
[73->2] [31.35479910635691] (LONGER)
[73->72] [0.6952193329833302] (LONGER)
[74->0] [33.12161757825243] (PRESERVED)
[74->1] [32.12985354775213] (LONGER)
[74->2] [31.1799822001232] (LONGER)
[74->73] [2.063827933278304] (LONGER)
[75->0] [33.54775612466502] (PRESERVED)
[75->1] [31.55267492622456] (LONGER)
[75->2] [31.27867919206309] (LONGER)
[75->74] [1.14075844181315] (LONGER)
[76->0] [31.5146594777732] (PRESERVED)
[76->1] [32.30743629568897] (LONGER)
[76->2] [31.21780272536809] (LONGER)
[76->75] [3.164576480357033] (LONGER)
[77->0] [32.82076738895665] (PRESERVED)
[77->1] [32.79922252127326] (LONGER)
[77->2] [33.95931673340912] (LONGER)
[77->76] [3.06883176550017] (LONGER)
[78->0] [32.56053809444801] (LONGER)
[78->1] [33.61061830731472] (LONGER)
[78->2] [29.41325160535638] (LONGER)
[78->77] [6.187456026687061] (LONGER)
[79->0] [30.72377069957397] (PRESERVED)
[79->1] [31.7406416759334] (LONGER)
[79->2] [31.96004698056623] (LONGER)
[79->78] [5.091047371953485] (LONGER)
[80->0] [34.3091204638067] (PRESERVED)
[80->1] [32.98705499131439] (LONGER)
[80->2] [33.15758166694309] (LONGER)
[80->79] [3.772747438884911] (LONGER)
[81->0] [32.714312448835] (PRESERVED)
[81->1] [33.05573845794403] (LONGER)
[81->2] [33.63753287623813] (LONGER)
[81->80] [2.411193355567884] (LONGER)
[82->0] [31.26466801359004] (PRESERVED)
[82->1] [32.83901676359997] (LONGER)
[82->2] [29.73970220093] (LONGER)
[82->81] [4.606069327035407] (LONGER)
[83->0] [33.528150306869] (LONGER)
[83->1] [33.50029980462862] (LONGER)
[83->2] [30.03561479310853] (LONGER)
[83->82] [2.513548491150683] (LONGER)
[84->0] [34.50492175038222] (PRESERVED)
[84->1] [31.69229276969402] (LONGER)
[84->2] [30.33511789988626] (LONGER)
[84->83] [3.299321377327008] (LONGER)
[85->0] [32.53638775279149] (SHORTER)
[85->1] [32.96281808341028] (LONGER)
[85->2] [33.03019568516058] (LONGER)
[85->84] [5.118020902102383] (LONGER)
[86->0] [30.73958288591437] (PRESERVED)
[86->1] [33.43409867186492] (LONGER)
[86->2] [32.42202721916075] (LONGER)
[86->85] [2.651360556696337] (LONGER)
[87->0] [33.72699177216967] (PRESERVED)
[87->1] [31.71266377963227] (LONGER)
[87->2] [33.59924259563005] (LONGER)
[87->86] [5.407567069215541] (LONGER)
[88->0] [32.00477908063107] (PRESERVED)
[88->1] [32.51313266973825] (LONGER)
[88->2] [31.41634789405033] (LONGER)
[88->87] [3.781624817615176] (LONGER)
[89->0] [32.38186793562101] (PRESERVED)
[89->1] [32.74980071695093] (PRESERVED)
[89->2] [32.10252940190227] (PRESERVED)
[89->88] [0.7191087332929811] (PRESERVED)
[90->0] [32.45536223800313] (PRESERVED)
[90->1] [31.80507968862835] (LONGER)
[90->2] [31.10209412563728] (LONGER)
[90->89] [1.475958016362332] (PRESERVED)
[91->0] [32.03982476543841] (PRESERVED)
[91->1] [30.71098150499263] (LONGER)
[91->2] [31.24262143290798] (LONGER)
[91->90] [1.390321079301206] (LONGER)
[92->0] [35.05901905359018] (PRESERVED)
[92->1] [32.13065587565869] (LONGER)
[92->2] [30.89948756856658] (LONGER)
[92->91] [3.787208876644919] (LONGER)
[93->0] [33.47911014349096] (PRESERVED)
[93->1] [31.99963577917724] (LONGER)
[93->2] [33.39664547525695] (LONGER)
[93->92] [4.343805683776423] (LONGER)
[94->0] [32.29497722556868] (PRESERVED)
[94->1] [32.06331873028743] (LONGER)
[94->2] [30.94941532565681] (LONGER)
[94->93] [3.067413294744131] (LONGER)
[95->0] [31.40459538029427] (LONGER)
[95->1] [31.97284877829936] (LONGER)
[95->2] [31.55585368834126] (LONGER)
[95->94] [1.508829942702696] (LONGER)
[96->0] [32.83318514856577] (PRESERVED)
[96->1] [33.5339042015689] (LONGER)
[96->2] [31.34944886277907] (LONGER)
[96->95] [2.269898194368139] (LONGER)
[97->0] [31.3806840588283] (PRESERVED)
[97->1] [32.92525999897344] (LONGER)
[97->2] [32.26014006479203] (LONGER)
[97->96] [2.456649481524226] (LONGER)
[98->0] [32.46681302499524] (PRESERVED)
[98->1] [31.19906488983284] (LONGER)
[98->2] [31.57740424734117] (PRESERVED)
[98->97] [3.116534507123537] (PRESERVED)
[99->0] [34.85063284934723] (PRESERVED)
[99->1] [33.06727814622788] (LONGER)
[99->2] [31.27583068441189] (LONGER)
[99->98] [3.265375383387904] (SHORTER)

Long edges	292 of 390 [74.87%]
Short edges	9 of 390 [2.31%]
Preserved edges	89 of 390 [22.82%]

Tetrahedra	97

T0 [0, 89, 98, 27] Volume: [0]
T1 [0, 89, 98, 39] Volume: [0]
T2 [0, 89, 98, 21] Volume: [0]
T3 [0, 89, 98, 80] Volume: [0]
T4 [0, 89, 98, 78] Volume: [0]
T5 [0, 89, 98, 67] Volume: [0]
T6 [0, 89, 98, 60] Volume: [0]
T7 [0, 89, 98, 26] Volume: [0]
T8 [0, 89, 98, 81] Volume: [0]
T9 [0, 89, 98, 41] Volume: [0]
T10 [0, 89, 98, 44] Volume: [0]
T11 [0, 89, 98, 43] Volume: [0]
T12 [0, 89, 98, 72] Volume: [0]
T13 [0, 89, 98, 73] Volume: [0]
T14 [0, 89, 98, 63] Volume: [0]
T15 [0, 89, 98, 52] Volume: [0]
T16 [0, 89, 98, 55] Volume: [0]
T17 [0, 89, 98, 92] Volume: [0]
T18 [0, 89, 98, 70] Volume: [0]
T19 [0, 89, 98, 10] Volume: [0]
T20 [0, 89, 98, 93] Volume: [0]
T21 [0, 89, 98, 85] Volume: [0]
T22 [0, 89, 98, 13] Volume: [0]
T23 [0, 89, 98, 94] Volume: [0]
T24 [0, 89, 98, 42] Volume: [0]
T25 [0, 89, 98, 49] Volume: [0]
T26 [0, 89, 98, 25] Volume: [0]
T27 [0, 89, 98, 22] Volume: [0]
T28 [0, 89, 98, 45] Volume: [0]
T29 [0, 89, 98, 28] Volume: [0]
T30 [0, 89, 98, 34] Volume: [0]
T31 [0, 89, 98, 90] Volume: [0]
T32 [0, 89, 98, 1] Volume: [0]
T33 [0, 89, 98, 96] Volume: [0]
T34 [0, 89, 98, 91] Volume: [0]
T35 [0, 89, 98, 56] Volume: [0]
T36 [0, 89, 98, 16] Volume: [0]
T37 [0, 89, 98, 61] Volume: [0]
T38 [0, 89, 98, 38] Volume: [0]
T39 [0, 89, 98, 77] Volume: [0]
T40 [0, 89, 98, 14] Volume: [0]
T41 [0, 89, 98, 12] Volume: [0]
T42 [0, 89, 98, 7] Volume: [0]
T43 [0, 89, 98, 57] Volume: [0]
T44 [0, 89, 98, 6] Volume: [0]
T45 [0, 89, 98, 18] Volume: [0]
T46 [0, 89, 98, 86] Volume: [0]
T47 [0, 89, 98, 65] Volume: [0]
T48 [0, 89, 98, 75] Volume: [0]
T49 [0, 89, 98, 31] Volume: [0]
T50 [0, 89, 98, 99] Volume: [0]
T51 [0, 89, 98, 29] Volume: [0]
T52 [0, 89, 98, 83] Volume: [0]
T53 [0, 89, 98, 84] Volume: [0]
T54 [0, 89, 98, 71] Volume: [0]
T55 [0, 89, 98, 95] Volume: [0]
T56 [0, 89, 98, 11] Volume: [0]
T57 [0, 89, 98, 47] Volume: [0]
T58 [0, 89, 98, 48] Volume: [0]
T59 [0, 89, 98, 76] Volume: [0]
T60 [0, 89, 98, 88] Volume: [0]
T61 [0, 89, 98, 30] Volume: [0]
T62 [0, 89, 98, 58] Volume: [0]
T63 [0, 89, 98, 15] Volume: [0]
T64 [0, 89, 98, 69] Volume: [0]
T65 [0, 89, 98, 19] Volume: [0]
T66 [0, 89, 98, 62] Volume: [0]
T67 [0, 89, 98, 23] Volume: [0]
T68 [0, 89, 98, 53] Volume: [0]
T69 [0, 89, 98, 50] Volume: [0]
T70 [0, 89, 98, 33] Volume: [0]
T71 [0, 89, 98, 68] Volume: [0]
T72 [0, 89, 98, 54] Volume: [0]
T73 [0, 89, 98, 51] Volume: [0]
T74 [0, 89, 98, 79] Volume: [0]
T75 [0, 89, 98, 97] Volume: [0]
T76 [0, 89, 98, 40] Volume: [0]
T77 [0, 89, 98, 46] Volume: [0]
T78 [0, 89, 98, 20] Volume: [0]
T79 [0, 89, 98, 24] Volume: [0]
T80 [0, 89, 98, 5] Volume: [0]
T81 [0, 89, 98, 9] Volume: [0]
T82 [0, 89, 98, 66] Volume: [0]
T83 [0, 89, 98, 37] Volume: [0]
T84 [0, 89, 98, 87] Volume: [0]
T85 [0, 89, 98, 4] Volume: [0]
T86 [0, 89, 98, 35] Volume: [0]
T87 [0, 89, 98, 8] Volume: [0]
T88 [0, 89, 98, 64] Volume: [0]
T89 [0, 89, 98, 82] Volume: [0]
T90 [0, 89, 98, 17] Volume: [0]
T91 [0, 89, 98, 74] Volume: [0]
T92 [0, 89, 98, 3] Volume: [0]
T93 [0, 89, 98, 2] Volume: [0]
T94 [0, 89, 98, 32] Volume: [0]
T95 [0, 89, 98, 36] Volume: [0]
T96 [0, 89, 98, 59] Volume: [0]

CA	8.23981e+06
RMS Absolute	28.7051
CR	7739.35
RMS Relative	0.884168

Projection Mode	Minimum Distance

Optimization Runtime	0

Lambda, uppercase (Λ) lowercase (λ)	1

Using Minimum Distance?	YES
Using Minimum Perimeter?	NO
Using Minimum Area?	NO

Iterations	1
Sammon's stress	0.78291
