Using	PP Digraph

Executed in	3.51274 seconds

Intrinsic Dimensionality	7

Reordered	YES

Number of nodes	100
Number of edges	754

Is PP Digraph directed?	YES
Is PP Digraph connected??	NO

Nodes:
0 [#0] at {21.9607, 6.4180, 5.4204, -13.0871, 13.2537, 2.9760, -25.6151}
89 [#1] at {15.4024, 15.6258, -13.2338, 12.5526, 3.8518, 6.1414, -31.8508}
98 [#2] at {13.8765, 11.9756, 2.8702, 0.5245, -15.2191, 4.5457, -9.3513}
27 [#3] at {19.9560, 18.2439, 23.9634, -5.2880, 6.7890, 10.9005, -25.2937}
39 [#4] at {7.8675, 9.3899, -1.2645, 0.0611, -7.4331, -11.5624, -15.1829}
21 [#5] at {9.6198, 6.6100, -8.1502, -8.3145, -3.2967, 6.4716, -17.3370}
80 [#6] at {3.1470, 13.2103, -8.9512, -2.9114, 7.4510, -0.6394, -15.7445}
78 [#7] at {12.7519, 4.6118, 2.3439, 18.4707, -7.7611, 13.4665, -17.4835}
67 [#8] at {26.0676, 17.3936, 9.4926, 1.7675, 20.1868, 9.4061, -20.1053}, [FLIPPED]
60 [#9] at {19.5886, 15.6779, 20.3131, 2.6818, -6.6502, -2.6596, -10.8265}, [FLIPPED]
26 [#10] at {7.1195, 6.7534, 18.9973, 8.1016, -11.0984, -1.2767, -22.6472}, [FLIPPED]
81 [#11] at {10.0989, 0.4817, 17.4812, 19.2389, 12.4037, 7.4883, -22.3155}, [FLIPPED]
41 [#12] at {14.9148, 23.8859, 14.5154, 16.2753, 3.0394, 12.4574, -29.5968}, [FLIPPED]
44 [#13] at {2.0853, 14.1190, 9.0263, 17.5573, 1.8019, 0.3534, -11.0715}, [FLIPPED]
43 [#14] at {13.5721, 6.6193, 7.0347, 20.0482, 7.3622, 8.8013, -35.9680}, [FLIPPED]
72 [#15] at {33.3785, 13.8895, 8.7792, -7.2607, 1.8987, 5.3086, -24.2754}, [FLIPPED]
73 [#16] at {15.8392, 2.2230, 0.1133, 10.4167, 20.2209, 11.9638, -20.7266}, [FLIPPED]
63 [#17] at {9.0152, 23.6774, 7.8886, -1.8117, 16.2742, 14.7585, -15.9741}, [FLIPPED]
52 [#18] at {22.0475, 3.7076, -10.3973, 7.7585, 5.2353, 0.3101, -13.6657}, [FLIPPED]
55 [#19] at {11.8739, 14.3458, -1.8827, 4.7010, 4.8748, 22.2789, -16.7028}, [FLIPPED]
92 [#20] at {19.5939, 13.1942, 16.7136, -5.7057, -5.3830, 13.2380, -33.2591}, [FLIPPED]
70 [#21] at {5.5492, 16.8100, 0.9845, 9.7101, -12.1779, 1.3821, -30.6088}, [FLIPPED]
10 [#22] at {25.4063, 8.3263, -4.1053, -8.8121, 1.5115, -0.6722, -15.3810}, [FLIPPED]
93 [#23] at {21.0331, 10.9954, 2.7475, 13.2178, -9.1983, -9.4473, -29.9169}, [FLIPPED]
85 [#24] at {26.4201, 10.7374, -0.2490, 0.0991, -3.8317, 10.4958, -36.7374}, [FLIPPED]
13 [#25] at {26.1511, 4.4024, 5.0807, -1.8796, 5.9335, 17.4536, -15.0661}, [FLIPPED]
94 [#26] at {7.9717, 7.7231, -5.0337, 10.6143, 11.1397, 1.1281, -8.6660}, [FLIPPED]
42 [#27] at {3.4793, 12.2889, 19.9193, 2.1639, -4.4665, 10.2104, -15.4970}, [FLIPPED]
49 [#28] at {16.2130, 0.1283, 14.4310, 3.6757, 10.0383, -11.1431, -30.6391}, [FLIPPED]
25 [#29] at {21.2692, 8.2066, 11.0995, 4.8600, 17.7463, -0.2896, -38.5406}, [FLIPPED]
22 [#30] at {28.2974, 1.9981, 9.2377, 6.6076, -8.6507, 12.6923, -20.1986}, [FLIPPED]
45 [#31] at {23.2631, -1.0918, 16.6945, -0.2234, -3.3920, -7.1403, -23.5773}, [FLIPPED]
28 [#32] at {34.0367, 9.1908, 6.4011, 1.5250, -2.1670, -9.7008, -21.1514}, [FLIPPED]
34 [#33] at {18.7992, 11.2487, 27.3590, 13.3036, 7.6504, 2.9864, -26.1909}, [FLIPPED]
90 [#34] at {20.2390, -1.8129, 9.5279, -9.5026, 7.6117, 4.6639, -13.8077}, [FLIPPED]
1 [#35] at {13.8694, 23.3806, 5.2171, 8.0184, -3.2682, 11.9273, -5.7026}, [FLIPPED]
96 [#36] at {-5.0897, 4.7231, 5.7331, 2.0194, 9.0099, 12.0579, -25.8802}, [FLIPPED]
91 [#37] at {12.0287, -6.1439, 1.0994, 13.7864, 7.2780, -2.2197, -14.3672}, [FLIPPED]
56 [#38] at {10.9437, 10.1074, -6.7619, -3.4514, 17.0964, 10.2680, -27.5584}, [FLIPPED]
16 [#39] at {5.4954, 10.8824, 4.1733, -5.9782, 2.5905, 5.9057, -6.5664}, [FLIPPED]
61 [#40] at {22.3210, -1.0624, -3.1138, 4.6339, 15.5931, 1.3331, -29.3311}, [FLIPPED]
38 [#41] at {8.0244, 4.5994, 18.4908, -2.0240, 18.8602, 2.9015, -21.2098}, [FLIPPED]
77 [#42] at {12.2834, 16.7645, 15.0085, -6.1862, 18.4357, 3.7127, -33.1322}, [FLIPPED]
14 [#43] at {25.2961, 22.5785, 4.9124, 14.6616, 13.2534, 5.2834, -27.2847}, [FLIPPED]
12 [#44] at {14.8057, -0.0036, -3.8902, 4.2000, -1.1969, 4.3025, -36.9896}, [FLIPPED]
7 [#45] at {3.1960, 0.6312, 5.4925, 5.1706, 0.4042, -1.2913, -36.6847}, [FLIPPED]
57 [#46] at {31.9055, 9.2235, 0.5978, 15.7568, 8.4850, 2.2997, -28.2783}, [FLIPPED]
6 [#47] at {20.5621, 0.9678, 5.7339, 12.7798, 7.3221, 19.6729, -19.1586}, [FLIPPED]
18 [#48] at {29.4614, 3.3769, 17.2285, 12.5177, 6.9842, 8.1036, -25.8819}, [FLIPPED]
86 [#49] at {18.9321, 21.9726, -3.8823, 9.4551, 13.7293, -3.9696, -14.6885}, [FLIPPED]
65 [#50] at {11.6569, 20.9186, 14.8097, 16.5534, -10.0667, 8.4660, -20.4665}, [FLIPPED]
75 [#51] at {17.8737, 16.4763, 7.0842, -3.5217, 8.6884, 21.3876, -28.9923}, [FLIPPED]
31 [#52] at {1.2485, 5.5267, 7.1184, -4.3633, 9.5349, -9.3691, -18.7193}, [FLIPPED]
99 [#53] at {17.0578, 18.4510, 3.5137, -7.3587, -9.4162, -6.7751, -28.4929}, [FLIPPED]
29 [#54] at {21.9295, 23.9385, -2.4548, -8.9087, 6.2566, 7.0283, -16.9316}, [FLIPPED]
83 [#55] at {17.9842, 17.4711, 19.2547, -0.6826, 4.2327, -8.4631, -33.0100}, [FLIPPED]
84 [#56] at {4.3032, 11.6326, -1.5560, 8.5089, -4.0630, 16.5454, -30.8189}, [FLIPPED]
71 [#57] at {14.6925, 14.7646, -9.2133, -5.6550, 4.6736, -3.0618, -33.7367}, [FLIPPED]
95 [#58] at {21.7974, 25.2753, 5.3245, -0.7601, -6.9937, 13.2200, -23.4824}, [FLIPPED]
11 [#59] at {12.7281, 15.8318, 8.0353, 22.8124, -3.9977, -10.2971, -24.1008}, [FLIPPED]
47 [#60] at {13.0882, 27.5227, -0.7448, -0.8941, 1.7834, -5.3836, -28.2869}, [FLIPPED]
48 [#61] at {10.4032, -5.0718, 3.3200, -5.8086, 15.0116, 5.6575, -26.1809}, [FLIPPED]
76 [#62] at {28.1656, 11.7270, 11.3477, 4.5434, 15.6731, -4.6478, -12.4104}, [FLIPPED]
88 [#63] at {9.3872, 3.3905, -3.2191, 12.9491, 7.1507, -11.3870, -28.3874}, [FLIPPED]
30 [#64] at {8.4449, 7.7179, 12.8853, 1.9639, 8.5766, 16.6533, -38.0824}, [FLIPPED]
58 [#65] at {13.5584, 3.9836, 14.8298, 6.0571, 13.2412, 13.4089, -7.5703}, [FLIPPED]
15 [#66] at {12.3104, -5.7846, 10.3465, 17.3953, -5.5377, 3.9945, -20.7993}, [FLIPPED]
69 [#67] at {13.0275, 10.2712, 7.0066, -13.7028, -2.4348, -0.7528, -32.6298}, [FLIPPED]
19 [#68] at {27.9988, 2.4040, 5.4749, 7.9057, 8.8807, -11.1545, -17.1897}, [FLIPPED]
62 [#69] at {27.9324, 11.5631, 0.3315, 11.7860, 0.2746, 9.0964, -7.9756}, [FLIPPED]
23 [#70] at {6.9352, 14.7823, 13.8988, -5.4905, 10.9463, -5.8799, -8.1264}, [FLIPPED]
53 [#71] at {10.0679, 20.6601, 22.6136, 11.9793, 6.2632, -2.3708, -14.9851}, [FLIPPED]
50 [#72] at {14.3922, 9.1359, 19.3628, -5.2845, -1.4354, 13.5861, -14.2892}, [FLIPPED]
33 [#73] at {4.3479, 24.3010, 9.8998, -3.9232, -4.7146, -2.8843, -19.1850}, [FLIPPED]
68 [#74] at {17.5145, 7.8228, 7.9078, 4.1023, 1.6039, -7.6722, -2.4112}, [FLIPPED]
54 [#75] at {12.2309, -4.9480, 19.9842, 2.8826, 2.3028, 6.8609, -16.6748}, [FLIPPED]
51 [#76] at {18.3614, 26.2639, 13.1023, -3.0349, 10.6700, -7.8215, -17.9374}, [FLIPPED]
79 [#77] at {21.8850, 10.5249, 14.6065, 14.9965, -1.8375, 15.2670, -31.0451}, [FLIPPED]
97 [#78] at {22.9622, 8.2858, -5.1688, 13.4355, -10.3115, -0.8444, -21.0470}, [FLIPPED]
40 [#79] at {11.5476, 4.4502, 1.8719, 0.3856, -6.7594, 21.1046, -18.5221}, [FLIPPED]
46 [#80] at {8.4761, -2.3118, 9.7614, -5.7684, -9.3627, 5.0411, -22.4143}, [FLIPPED]
20 [#81] at {5.3707, 19.3962, -4.8383, 13.4657, 7.0079, 6.2218, -15.1200}, [FLIPPED]
24 [#82] at {-2.1226, 18.3805, 18.0611, 6.5642, -1.1069, -1.0456, -29.6514}, [FLIPPED]
5 [#83] at {7.8803, 18.5169, 13.2706, 13.3062, 19.5158, -2.3733, -18.8697}, [FLIPPED]
9 [#84] at {17.7693, 17.8802, 1.6136, -0.6102, 18.4852, -11.1457, -24.7970}, [FLIPPED]
66 [#85] at {-1.3404, -0.0880, 6.3181, 12.6394, 1.1738, 9.0434, -22.1519}, [FLIPPED]
37 [#86] at {28.3284, 20.8781, 13.1809, 2.4298, -0.1109, 9.3997, -12.5447}, [FLIPPED]
87 [#87] at {1.4923, 21.6183, 4.8011, -5.5016, -0.2161, 10.4557, -30.2882}, [FLIPPED]
4 [#88] at {11.0101, 19.8822, 5.9769, 19.4704, 15.7370, 13.2330, -19.8852}, [FLIPPED]
35 [#89] at {9.6123, 22.5383, 0.8385, 12.4341, 8.6875, 2.1183, -36.6746}, [FLIPPED]
8 [#90] at {-0.9406, 10.8279, 2.6119, 5.8783, 14.6762, -5.0518, -29.9831}, [FLIPPED]
64 [#91] at {21.8563, 14.2299, 12.5218, 5.7825, -8.9237, 1.0230, -39.6592}, [FLIPPED]
82 [#92] at {12.9164, 13.9793, 9.6843, 10.1586, 8.6934, -15.5557, -28.1917}, [FLIPPED]
17 [#93] at {15.4996, -1.4740, 17.6041, -1.0881, 0.7609, 3.2797, -37.1390}, [FLIPPED]
74 [#94] at {-1.9284, 18.1161, 14.1560, 4.6568, 10.4497, 9.8638, -22.2442}, [FLIPPED]
3 [#95] at {19.2963, 5.3611, 16.3684, 17.9525, 4.9022, -6.2857, -13.0922}, [FLIPPED]
2 [#96] at {20.7462, 28.6277, -3.1946, 10.7491, -0.3435, 5.1255, -21.5691}, [FLIPPED]
32 [#97] at {20.1286, -3.8413, -2.0870, -3.4860, -7.3447, 2.2036, -27.8049}, [FLIPPED]
36 [#98] at {6.6161, 5.2095, 13.4781, -1.5219, -3.4786, -9.3574, -21.3320}, [FLIPPED]
59 [#99] at {24.9937, 26.3933, 13.1535, 6.8123, -1.6947, -5.4495, -23.9401}, [FLIPPED]

Flips	92 out of 100 [92.00%]

Edges:
[1->0] [35.64360410095982] (PRESERVED)
[2->0] [36.95534285999445] (PRESERVED)
[2->1] [35.94632639952102] (LONGER)
[3->0] [25.55844895898258] (PRESERVED)
[3->2] [36.52205911624107] (PRESERVED)
[4->0] [34.25128869625724] (PRESERVED)
[4->3] [41.21480622110192] (LONGER)
[5->0] [26.7195635571706] (PRESERVED)
[5->4] [21.80218457717054] (LONGER)
[6->0] [29.22931195970251] (LONGER)
[6->5] [16.84966774579933] (PRESERVED)
[7->0] [41.36687882729503] (PRESERVED)
[7->1] [28.30124586083029] (PRESERVED)
[7->2] [24.06592592754891] (PRESERVED)
[7->3] [39.35606890103016] (LONGER)
[7->4] [32.1008175503832] (PRESERVED)
[7->5] [30.1705071606554] (PRESERVED)
[7->6] [34.414711569193] (PRESERVED)
[8->0] [22.23390521691287] (LONGER)
[8->1] [34.13397570242223] (PRESERVED)
[8->2] [40.20237675254788] (PRESERVED)
[8->3] [22.49248404674014] (PRESERVED)
[8->4] [41.72161684939522] (LONGER)
[8->5] [36.97946715526367] (LONGER)
[8->6] [34.45366114079521] (PRESERVED)
[8->7] [38.40870821142825] (LONGER)
[9->0] [34.76276302530854] (LONGER)
[9->1] [43.24496808217339] (PRESERVED)
[9->2] [21.97192890216147] (LONGER)
[9->3] [25.6387971011772] (LONGER)
[9->4] [27.35385057582734] (PRESERVED)
[9->5] [35.3509875310554] (LONGER)
[9->6] [37.2989993216637] (PRESERVED)
[9->8] [33.3877160605929] (LONGER)
[10->0] [38.38726415277392] (LONGER)
[10->1] [39.61338713641366] (LONGER)
[10->2] [24.86125513043588] (LONGER)
[10->3] [31.24096154716871] (PRESERVED)
[10->4] [25.6445450412049] (PRESERVED)
[10->5] [34.08584633443082] (PRESERVED)
[10->6] [36.76968202567782] (PRESERVED)
[10->9] [20.67990078612475] (LONGER)
[11->0] [37.39447024573199] (PRESERVED)
[11->1] [37.56944147060015] (LONGER)
[11->2] [40.61827340951866] (LONGER)
[11->3] [33.29092046626511] (LONGER)
[11->4] [40.13509683955679] (LONGER)
[11->5] [41.54844109274774] (LONGER)
[11->6] [39.15899169987497] (PRESERVED)
[11->10] [28.3519913840724] (PRESERVED)
[12->0] [38.85520621885497] (LONGER)
[12->1] [29.96627821656845] (PRESERVED)
[12->2] [36.50320060497146] (PRESERVED)
[12->3] [25.42612584036039] (PRESERVED)
[12->4] [40.8177406373303] (PRESERVED)
[12->5] [40.87985426347409] (PRESERVED)
[12->6] [39.42258007429266] (LONGER)
[12->11] [27.45775702319053] (PRESERVED)
[13->0] [41.90409794071778] (LONGER)
[13->1] [34.20025246652678] (LONGER)
[13->2] [27.96226492088521] (LONGER)
[13->3] [37.68001810945857] (PRESERVED)
[13->4] [26.68306316569291] (LONGER)
[13->5] [34.35431367579264] (PRESERVED)
[13->6] [28.26385863141717] (LONGER)
[13->12] [27.98194620810042] (LONGER)
[14->0] [36.69858690177898] (PRESERVED)
[14->1] [24.24488453942346] (LONGER)
[14->2] [40.78939525016624] (LONGER)
[14->3] [34.97236279514556] (LONGER)
[14->4] [39.67589545556103] (LONGER)
[14->5] [38.94611727250067] (LONGER)
[14->6] [37.85421505686946] (LONGER)
[14->13] [30.33946509222539] (LONGER)
[15->0] [19.17264002285694] (PRESERVED)
[15->1] [35.56951077710763] (PRESERVED)
[15->2] [31.55710170881926] (PRESERVED)
[15->3] [22.13133392410719] (LONGER)
[15->4] [35.77607231409642] (PRESERVED)
[15->5] [31.33158404588166] (PRESERVED)
[15->6] [37.23810212339601] (LONGER)
[15->14] [37.05043810035672] (PRESERVED)
[16->0] [28.08716528490562] (LONGER)
[16->1] [28.0736796746749] (LONGER)
[16->2] [40.55667804843766] (LONGER)
[16->3] [35.93736599083843] (LONGER)
[16->4] [39.66112727608617] (LONGER)
[16->5] [32.73843017924103] (PRESERVED)
[16->6] [29.8052268524461] (LONGER)
[16->15] [34.98451741108179] (PRESERVED)
[17->0] [28.97587231898051] (LONGER)
[17->1] [35.19594445585535] (PRESERVED)
[17->2] [36.4856487769825] (PRESERVED)
[17->3] [24.72683500415342] (LONGER)
[17->4] [39.34706910200994] (PRESERVED)
[17->5] [32.32251076536804] (PRESERVED)
[17->6] [27.27248714841284] (LONGER)
[17->16] [27.6192424214302] (PRESERVED)
[18->0] [30.10455785275039] (LONGER)
[18->1] [24.16293961400061] (PRESERVED)
[18->2] [28.60802541889141] (PRESERVED)
[18->3] [42.61839416117254] (LONGER)
[18->4] [26.07224341953688] (LONGER)
[18->5] [23.46275799392641] (PRESERVED)
[18->6] [23.94997264569455] (LONGER)
[18->17] [36.47655985145916] (LONGER)
[19->0] [32.50508594539355] (LONGER)
[19->1] [26.37256678324421] (PRESERVED)
[19->2] [28.66945864730896] (PRESERVED)
[19->3] [32.48466384223374] (LONGER)
[19->4] [36.8991424427069] (PRESERVED)
[19->5] [24.30337176647076] (LONGER)
[19->6] [26.79858908862398] (PRESERVED)
[19->18] [28.11582023056772] (LONGER)
[20->0] [27.28740891815287] (PRESERVED)
[20->1] [37.30039468822855] (LONGER)
[20->2] [31.75719835285332] (LONGER)
[20->3] [17.18819766401234] (LONGER)
[20->4] [38.13739172500768] (LONGER)
[20->5] [32.73374741683918] (LONGER)
[20->6] [40.01311070001282] (LONGER)
[20->19] [31.2428897011026] (PRESERVED)
[21->0] [39.8869195102833] (LONGER)
[21->1] [24.28733520049306] (LONGER)
[21->2] [25.53004912554914] (PRESERVED)
[21->3] [37.96287700259759] (PRESERVED)
[21->4] [24.220298875716] (PRESERVED)
[21->5] [28.45805384450408] (PRESERVED)
[21->6] [29.78383151486045] (LONGER)
[21->20] [29.81847986672326] (LONGER)
[22->0] [19.5052722891996] (PRESERVED)
[22->1] [31.87938803181494] (LONGER)
[22->2] [25.01155568854004] (PRESERVED)
[22->3] [34.47280674371693] (LONGER)
[22->4] [24.37589253087893] (PRESERVED)
[22->5] [18.62107222195912] (PRESERVED)
[22->6] [24.7597210179256] (LONGER)
[22->21] [35.47903615954774] (LONGER)
[23->0] [37.38771986045815] (LONGER)
[23->1] [26.94517210819847] (LONGER)
[23->2] [29.46709691288348] (PRESERVED)
[23->3] [39.208160236908] (LONGER)
[23->4] [24.28546766002679] (PRESERVED)
[23->5] [34.32766675909551] (LONGER)
[23->6] [35.74165423996084] (PRESERVED)
[23->22] [31.00841627862724] (PRESERVED)
[24->0] [26.77175847144927] (PRESERVED)
[24->1] [23.89263234434639] (PRESERVED)
[24->2] [32.92207002970799] (PRESERVED)
[24->3] [30.94057034665355] (PRESERVED)
[24->4] [36.21017295718742] (LONGER)
[24->5] [28.72909336219034] (LONGER)
[24->6] [36.39426362199054] (PRESERVED)
[24->23] [26.13833654787129] (LONGER)
[25->0] [22.84329329319493] (LONGER)
[25->1] [34.62995352847189] (PRESERVED)
[25->2] [29.41754434069875] (PRESERVED)
[25->3] [27.32071631422965] (LONGER)
[25->4] [37.73323000144246] (LONGER)
[25->5] [26.56273009326874] (LONGER)
[25->6] [33.68752686907002] (PRESERVED)
[25->24] [26.19051882269648] (PRESERVED)
[26->0] [34.11154676291071] (PRESERVED)
[26->1] [28.36280944905222] (LONGER)
[26->2] [30.40004414567143] (PRESERVED)
[26->3] [41.70051920034822] (LONGER)
[26->4] [26.01598859348421] (PRESERVED)
[26->5] [26.15566633868818] (PRESERVED)
[26->6] [17.84701624251179] (PRESERVED)
[26->25] [30.5696765856893] (PRESERVED)
[27->0] [35.88256782545021] (LONGER)
[27->1] [41.39500367913519] (LONGER)
[27->2] [24.2288624975243] (PRESERVED)
[27->3] [24.53503914054785] (PRESERVED)
[27->4] [31.04492994710146] (PRESERVED)
[27->5] [31.40674409059959] (LONGER)
[27->6] [33.46686964467416] (PRESERVED)
[27->26] [33.28346150615128] (LONGER)
[28->0] [25.87866731860952] (LONGER)
[28->1] [37.72881446115932] (PRESERVED)
[28->2] [40.33169369489343] (LONGER)
[28->3] [32.22501726059931] (LONGER)
[28->4] [30.97026778821581] (PRESERVED)
[28->5] [37.47272504624495] (PRESERVED)
[28->6] [35.64899048403614] (PRESERVED)
[28->27] [35.1863329023962] (PRESERVED)
[29->0] [23.57849258946811] (LONGER)
[29->1] [31.9361385140629] (LONGER)
[29->2] [46.01625733470478] (LONGER)
[29->3] [28.13722052791634] (PRESERVED)
[29->4] [40.7868337805176] (PRESERVED)
[29->5] [40.25536847950367] (PRESERVED)
[29->6] [37.96919571146099] (PRESERVED)
[29->28] [18.51949177072616] (LONGER)
[30->0] [32.64490623421053] (LONGER)
[30->1] [35.03301358306382] (PRESERVED)
[30->2] [24.74346377733676] (PRESERVED)
[30->3] [30.97434076547528] (PRESERVED)
[30->4] [35.21503208910571] (LONGER)
[30->5] [31.15579192532284] (PRESERVED)
[30->6] [40.4542552338807] (LONGER)
[30->29] [36.00314118100813] (PRESERVED)
[31->0] [27.0969118559886] (LONGER)
[31->1] [41.20104732539339] (PRESERVED)
[31->2] [30.48536297476103] (PRESERVED)
[31->3] [29.92261383669949] (LONGER)
[31->4] [27.85399693553779] (PRESERVED)
[31->5] [33.94723489556395] (LONGER)
[31->6] [38.66939260796473] (PRESERVED)
[31->30] [23.86542170437021] (PRESERVED)
[32->0] [28.04311670326359] (LONGER)
[32->1] [36.02032057430733] (PRESERVED)
[32->2] [30.66306971021377] (PRESERVED)
[32->3] [34.01258388692353] (PRESERVED)
[32->4] [28.5059513537162] (PRESERVED)
[32->5] [34.47860079465377] (PRESERVED)
[32->6] [37.80949708218793] (LONGER)
[32->31] [18.56754011917467] (LONGER)
[33->0] [35.25375684858585] (PRESERVED)
[33->1] [41.6588141305112] (LONGER)
[33->2] [39.95985766628326] (LONGER)
[33->3] [21.71698509980658] (PRESERVED)
[33->4] [40.96312857424219] (PRESERVED)
[33->5] [45.21507851204829] (LONGER)
[33->6] [44.18726429574316] (PRESERVED)
[33->32] [33.12287924020249] (PRESERVED)
[34->0] [16.56891126109942] (PRESERVED)
[34->1] [40.91337746157979] (PRESERVED)
[34->2] [30.27531385836105] (PRESERVED)
[34->3] [28.28432345878278] (LONGER)
[34->4] [31.27340750433085] (LONGER)
[34->5] [25.14675195067863] (LONGER)
[34->6] [30.57221205797094] (LONGER)
[34->33] [34.16003031476556] (PRESERVED)
[35->0] [39.34836635794615] (PRESERVED)
[35->1] [34.51644946327144] (PRESERVED)
[35->2] [20.05908708621892] (LONGER)
[35->3] [32.83184614240441] (PRESERVED)
[35->4] [31.56072067806836] (LONGER)
[35->5] [30.16430362339977] (LONGER)
[35->6] [30.20387480052887] (PRESERVED)
[35->34] [35.1806237103471] (LONGER)
[36->0] [32.61077685985148] (LONGER)
[36->1] [33.2677771636364] (PRESERVED)
[36->2] [36.59821153233874] (PRESERVED)
[36->3] [34.6765398298108] (LONGER)
[36->4] [34.4266511522813] (PRESERVED)
[36->5] [27.84088423940301] (LONGER)
[36->6] [25.42051070473548] (PRESERVED)
[36->35] [36.07919716605794] (PRESERVED)
[37->0] [34.44597197258942] (LONGER)
[37->1] [32.85709327816183] (LONGER)
[37->2] [32.9817711323664] (LONGER)
[37->3] [42.84829642845853] (LONGER)
[37->4] [27.5127628730266] (LONGER)
[37->5] [30.63749233691306] (PRESERVED)
[37->6] [28.94349295128298] (LONGER)
[37->36] [30.17387504561271] (PRESERVED)
[38->0] [21.16506759775697] (LONGER)
[38->1] [23.64776853439722] (PRESERVED)
[38->2] [39.10512940204909] (PRESERVED)
[38->3] [34.73638986651115] (LONGER)
[38->4] [35.83228074769564] (LONGER)
[38->5] [23.96520299804733] (LONGER)
[38->6] [20.66580070417654] (LONGER)
[38->37] [32.41261069617539] (PRESERVED)
[39->0] [28.77961424136357] (PRESERVED)
[39->1] [37.52317602350092] (LONGER)
[39->2] [21.02876665960189] (LONGER)
[39->3] [32.38383234807351] (LONGER)
[39->4] [23.53179924277746] (PRESERVED)
[39->5] [18.53575373015258] (PRESERVED)
[39->6] [18.52813125103152] (PRESERVED)
[39->38] [28.74646716572087] (PRESERVED)
[40->0] [21.5623382681494] (PRESERVED)
[40->1] [25.66723521765113] (LONGER)
[40->2] [40.65589371907022] (PRESERVED)
[40->3] [37.35366138305623] (PRESERVED)
[40->4] [35.20164432373575] (PRESERVED)
[40->5] [30.66433084262076] (PRESERVED)
[40->6] [30.28431617749942] (LONGER)
[40->39] [36.05136532852198] (PRESERVED)
[41->0] [23.27229118543093] (PRESERVED)
[41->1] [41.76031177627208] (LONGER)
[41->2] [40.54479975220202] (LONGER)
[41->3] [24.40325062281496] (LONGER)
[41->4] [36.80293857181464] (LONGER)
[41->5] [35.70117350870395] (LONGER)
[41->6] [32.00574504922639] (LONGER)
[41->40] [28.75107346289405] (PRESERVED)
[42->0] [20.59505007732227] (PRESERVED)
[42->1] [37.14868016391804] (LONGER)
[42->2] [43.78034663160341] (PRESERVED)
[42->3] [19.76889803415645] (LONGER)
[42->4] [40.03032972823996] (LONGER)
[42->5] [37.15459357121091] (LONGER)
[42->6] [33.50882175387262] (LONGER)
[42->41] [18.40005949697905] (LONGER)
[43->0] [32.41363485229169] (PRESERVED)
[43->1] [24.28857686023724] (PRESERVED)
[43->2] [39.74536111176423] (LONGER)
[43->3] [29.75791716117655] (LONGER)
[43->4] [39.83950929531367] (LONGER)
[43->5] [39.66792651239011] (LONGER)
[43->6] [35.79500363441555] (LONGER)
[43->42] [28.34090559108421] (PRESERVED)
[44->0] [28.59930004189541] (PRESERVED)
[44->1] [21.37711615637664] (LONGER)
[44->2] [34.11942422513665] (LONGER)
[44->3] [38.33340631533755] (LONGER)
[44->4] [30.43874249859515] (LONGER)
[44->5] [25.31274120558216] (LONGER)
[44->6] [30.61503722502846] (LONGER)
[44->43] [33.33000847451549] (PRESERVED)
[45->0] [32.01258696770871] (LONGER)
[45->1] [29.48728637787723] (PRESERVED)
[45->2] [36.00697069281195] (PRESERVED)
[45->3] [36.88938320015899] (LONGER)
[45->4] [28.2762435718074] (PRESERVED)
[45->5] [29.88777343209015] (PRESERVED)
[45->6] [30.34385999044717] (PRESERVED)
[45->44] [16.06591369282046] (PRESERVED)
[46->0] [31.50058076052609] (LONGER)
[46->1] [23.74681954549465] (PRESERVED)
[46->2] [38.66483558579011] (PRESERVED)
[46->3] [36.03815474692143] (PRESERVED)
[46->4] [38.00929443193733] (PRESERVED)
[46->5] [37.88618545751726] (PRESERVED)
[46->6] [38.07147896688601] (LONGER)
[46->45] [34.39402613436088] (LONGER)
[47->0] [32.5040863503456] (LONGER)
[47->1] [30.94420876308261] (LONGER)
[47->2] [34.02041562514736] (LONGER)
[47->3] [32.74865121067749] (PRESERVED)
[47->4] [40.64471067320518] (LONGER)
[47->5] [32.85821575373753] (LONGER)
[47->6] [36.59641374738055] (PRESERVED)
[47->46] [24.86804566550001] (PRESERVED)
[48->0] [30.4337443539652] (LONGER)
[48->1] [36.3996543670423] (PRESERVED)
[48->2] [38.02278334670717] (PRESERVED)
[48->3] [26.11487317613962] (PRESERVED)
[48->4] [41.33622953370562] (PRESERVED)
[48->5] [40.78694836720167] (PRESERVED)
[48->6] [43.49717042754617] (LONGER)
[48->47] [19.90883690040608] (PRESERVED)
[49->0] [31.83817147435732] (LONGER)
[49->1] [25.37964688315841] (PRESERVED)
[49->2] [34.49430242418881] (PRESERVED)
[49->3] [37.27536109404801] (LONGER)
[49->4] [29.69160049140439] (PRESERVED)
[49->5] [32.59781253590935] (LONGER)
[49->6] [23.58383003956986] (PRESERVED)
[49->48] [35.04654367899164] (LONGER)
[50->0] [43.4009427540046] (LONGER)
[50->1] [34.25230963542688] (LONGER)
[50->2] [25.49208470358646] (PRESERVED)
[50->3] [30.8254019044588] (LONGER)
[50->4] [33.37114033228409] (PRESERVED)
[50->5] [37.60399681300704] (PRESERVED)
[50->6] [38.56646977230373] (LONGER)
[50->49] [34.75764886308494] (PRESERVED)
[51->0] [24.15314153943999] (LONGER)
[51->1] [30.69272741651986] (LONGER)
[51->2] [36.21256465331039] (LONGER)
[51->3] [20.56100527636901] (LONGER)
[51->4] [42.0615986337214] (LONGER)
[51->5] [30.37276247390406] (LONGER)
[51->6] [33.87144384206386] (PRESERVED)
[51->50] [33.35388847940438] (LONGER)
[52->0] [26.88041067707309] (LONGER)
[52->1] [38.05246921517168] (LONGER)
[52->2] [33.72141845483355] (LONGER)
[52->3] [35.46726147140689] (LONGER)
[52->4] [21.30293680568631] (PRESERVED)
[52->5] [27.1566251097504] (PRESERVED)
[52->6] [20.30716132832457] (LONGER)
[52->51] [38.06865566388642] (PRESERVED)
[53->0] [28.6804334421082] (PRESERVED)
[53->1] [32.27709401683611] (LONGER)
[53->2] [25.35440534148703] (LONGER)
[53->3] [31.87771520754155] (LONGER)
[53->4] [21.17680912455002] (LONGER)
[53->5] [25.88181031093129] (LONGER)
[53->6] [29.67827835423783] (PRESERVED)
[53->52] [30.0055636340469] (PRESERVED)
[54->0] [22.96155393838104] (LONGER)
[54->1] [30.29243911095993] (LONGER)
[54->2] [29.1570522570804] (PRESERVED)
[54->3] [28.85407412466818] (LONGER)
[54->4] [32.05235670768803] (PRESERVED)
[54->5] [24.00695689220944] (PRESERVED)
[54->6] [24.65115700704973] (LONGER)
[54->53] [25.72365670963322] (LONGER)
[55->0] [27.38900544151224] (PRESERVED)
[55->1] [38.1512574399757] (LONGER)
[55->2] [37.74012903128719] (LONGER)
[55->3] [22.11092299383975] (PRESERVED)
[55->4] [32.44600064878488] (LONGER)
[55->5] [39.02022325162568] (PRESERVED)
[55->6] [37.53002823903429] (LONGER)
[55->54] [33.15054251884987] (LONGER)
[56->0] [36.9474360410838] (LONGER)
[56->1] [21.53636182511315] (PRESERVED)
[56->2] [30.07349676338372] (LONGER)
[56->3] [36.20047490495605] (PRESERVED)
[56->4] [33.69083756595074] (LONGER)
[56->5] [25.76498916124419] (LONGER)
[56->6] [29.05279786288824] (LONGER)
[56->55] [37.91925139666688] (LONGER)
[57->0] [23.83081543456574] (LONGER)
[57->1] [20.92496030728067] (PRESERVED)
[57->2] [35.22618078873394] (LONGER)
[57->3] [37.56789371017846] (LONGER)
[57->4] [27.09986390961261] (LONGER)
[57->5] [22.88654158577505] (LONGER)
[57->6] [21.92284513981324] (LONGER)
[57->56] [29.09090127341394] (LONGER)
[58->0] [32.04737053752721] (PRESERVED)
[58->1] [29.88995242562593] (LONGER)
[58->2] [24.28754040163945] (PRESERVED)
[58->3] [24.88699794061128] (LONGER)
[58->4] [34.25950794168419] (LONGER)
[58->5] [28.84956074133964] (LONGER)
[58->6] [34.09448084354576] (LONGER)
[58->57] [30.04392741849891] (PRESERVED)
[59->0] [44.10841648728914] (LONGER)
[59->1] [30.93111734324536] (LONGER)
[59->2] [33.21741923680206] (LONGER)
[59->3] [40.84741999249558] (LONGER)
[59->4] [27.60731812859396] (LONGER)
[59->5] [40.65697508278743] (LONGER)
[59->6] [36.64833157356814] (PRESERVED)
[59->58] [36.0118475777405] (PRESERVED)
[60->0] [30.32159247056445] (PRESERVED)
[60->1] [25.16909973428517] (LONGER)
[60->2] [31.68040880364973] (LONGER)
[60->3] [32.59223659353739] (LONGER)
[60->4] [25.53572607249548] (PRESERVED)
[60->5] [29.07794000085392] (LONGER)
[60->6] [24.22870953471482] (PRESERVED)
[60->59] [29.17160779864522] (LONGER)
[61->0] [18.26419624727809] (LONGER)
[61->1] [34.94953414044295] (PRESERVED)
[61->2] [39.26010589315758] (PRESERVED)
[61->3] [34.01749712727186] (PRESERVED)
[61->4] [34.52951742459041] (LONGER)
[61->5] [26.24874679536203] (PRESERVED)
[61->6] [27.41529247280712] (LONGER)
[61->60] [37.57149943305751] (PRESERVED)
[62->0] [25.51459574467663] (PRESERVED)
[62->1] [38.47829002414804] (LONGER)
[62->2] [36.61250003169338] (LONGER)
[62->3] [29.19481553671931] (LONGER)
[62->4] [34.43878097398022] (LONGER)
[62->5] [37.72787249999509] (PRESERVED)
[62->6] [34.50427042745006] (LONGER)
[62->61] [32.6431981604991] (LONGER)
[63->0] [34.22001812682142] (LONGER)
[63->1] [24.82856041612753] (LONGER)
[63->2] [37.44248853628908] (LONGER)
[63->3] [43.70629564368462] (PRESERVED)
[63->4] [24.39877463958598] (LONGER)
[63->5] [32.20351321113291] (LONGER)
[63->6] [26.36710634132872] (LONGER)
[63->62] [32.83725017439432] (PRESERVED)
[64->0] [28.8270870267153] (PRESERVED)
[64->1] [32.81656343257255] (PRESERVED)
[64->2] [41.08908674689246] (LONGER)
[64->3] [24.86884635253267] (PRESERVED)
[64->4] [42.23494600331387] (PRESERVED)
[64->5] [35.01093661638176] (PRESERVED)
[64->6] [36.85277308953572] (PRESERVED)
[64->63] [35.80402379850391] (PRESERVED)
[65->0] [31.08083486729918] (PRESERVED)
[65->1] [41.22155402552944] (LONGER)
[65->2] [33.60558063066487] (LONGER)
[65->3] [28.60873737758596] (LONGER)
[65->4] [38.2822756095148] (LONGER)
[65->5] [34.26439490487829] (LONGER)
[65->6] [33.72238280975834] (LONGER)
[65->64] [31.99842483978478] (LONGER)
[66->0] [39.65876105887855] (PRESERVED)
[66->1] [35.52965160111182] (LONGER)
[66->2] [29.72349740819224] (PRESERVED)
[66->3] [39.44127038631076] (LONGER)
[66->4] [31.02330068917233] (LONGER)
[66->5] [34.45480870349004] (LONGER)
[66->6] [38.0166770813957] (LONGER)
[66->65] [29.35836097137604] (LONGER)
[67->0] [20.16880464514209] (LONGER)
[67->1] [34.94260655432892] (LONGER)
[67->2] [30.92814545621929] (LONGER)
[67->3] [27.28749377409617] (LONGER)
[67->4] [27.04589940963742] (LONGER)
[67->5] [23.88686488709916] (LONGER)
[67->6] [29.32956726189473] (LONGER)
[67->66] [37.53226006536237] (PRESERVED)
[68->0] [27.9830552235915] (PRESERVED)
[68->1] [35.27721834977869] (LONGER)
[68->2] [35.22868611666802] (LONGER)
[68->3] [37.2553135118799] (LONGER)
[68->4] [28.83332877549132] (PRESERVED)
[68->5] [35.54160406287352] (LONGER)
[68->6] [34.26679897234298] (PRESERVED)
[68->67] [35.07040588222631] (PRESERVED)
[69->0] [34.98241069778609] (LONGER)
[69->1] [30.81666179405746] (PRESERVED)
[69->2] [24.36522304253824] (PRESERVED)
[69->3] [36.1088657345427] (PRESERVED)
[69->4] [32.94662234593878] (PRESERVED)
[69->5] [30.71045320507479] (PRESERVED)
[69->6] [33.55380757146506] (PRESERVED)
[69->68] [26.35274576463896] (PRESERVED)
[70->0] [28.54683563902026] (PRESERVED)
[70->1] [43.49508122398608] (LONGER)
[70->2] [31.7598799542307] (LONGER)
[70->3] [29.60471852122433] (PRESERVED)
[70->4] [26.65669186428309] (PRESERVED)
[70->5] [31.7550076070221] (PRESERVED)
[70->6] [25.36361915646955] (PRESERVED)
[70->69] [35.66498244825162] (LONGER)
[71->0] [38.19236309576659] (LONGER)
[71->1] [41.25395288807921] (PRESERVED)
[71->2] [33.94123496645774] (LONGER)
[71->3] [26.19663418186565] (PRESERVED)
[71->4] [33.40921480642692] (PRESERVED)
[71->5] [41.60486540449807] (PRESERVED)
[71->6] [36.42054654349163] (PRESERVED)
[71->70] [22.51197991006153] (LONGER)
[72->0] [27.86681195713528] (LONGER)
[72->1] [42.61018427192893] (LONGER)
[72->2] [24.7019288792984] (LONGER)
[72->3] [18.19418042626812] (PRESERVED)
[72->4] [34.1454772857386] (PRESERVED)
[72->5] [29.30311240862504] (PRESERVED)
[72->6] [35.12583370615888] (LONGER)
[72->71] [27.8296298341223] (LONGER)
[73->0] [33.65418588915265] (LONGER)
[73->1] [36.32275769951939] (PRESERVED)
[73->2] [23.96166023140132] (PRESERVED)
[73->3] [28.97615807902568] (LONGER)
[73->4] [21.77069833594518] (LONGER)
[73->5] [27.90717686002933] (LONGER)
[73->6] [25.41083763210696] (LONGER)
[73->72] [26.9864529260826] (PRESERVED)
[74->0] [33.33056873562137] (PRESERVED)
[74->1] [40.57438879315412] (LONGER)
[74->2] [23.43324566535033] (LONGER)
[74->3] [36.82331759649955] (PRESERVED)
[74->4] [21.35178795368352] (LONGER)
[74->5] [30.37557686124875] (LONGER)
[74->6] [28.81489133013277] (LONGER)
[74->73] [29.28271794484121] (LONGER)
[75->0] [30.09870705610835] (LONGER)
[75->1] [43.1683998326098] (LONGER)
[75->2] [30.88000922805154] (LONGER)
[75->3] [28.12231242965595] (PRESERVED)
[75->4] [33.47401021509503] (LONGER)
[75->5] [33.00406260443108] (PRESERVED)
[75->6] [36.96881447079826] (LONGER)
[75->74] [27.44967268010193] (LONGER)
[76->0] [27.36935643398505] (LONGER)
[76->1] [38.64603681403977] (LONGER)
[76->2] [35.19305910513189] (LONGER)
[76->3] [24.68992724531993] (LONGER)
[76->4] [30.98625272014541] (LONGER)
[76->5] [36.63267707094317] (LONGER)
[76->6] [30.90311076873649] (LONGER)
[76->75] [37.16607043801025] (PRESERVED)
[77->0] [36.0311477453802] (LONGER)
[77->1] [31.07082381153485] (PRESERVED)
[77->2] [34.3228384872155] (PRESERVED)
[77->3] [26.24649526969615] (PRESERVED)
[77->4] [40.93245354810229] (LONGER)
[77->5] [38.65792849301435] (LONGER)
[77->6] [42.51336877925382] (PRESERVED)
[77->76] [38.06382327383399] (LONGER)
[78->0] [37.56132417162152] (PRESERVED)
[78->1] [23.30176288631223] (LONGER)
[78->2] [22.7467163619843] (LONGER)
[78->3] [41.90300718551107] (LONGER)
[78->4] [24.0983879976868] (LONGER)
[78->5] [27.91548831126233] (PRESERVED)
[78->6] [32.28134461619518] (LONGER)
[78->77] [28.82747859130381] (PRESERVED)
[79->0] [32.95285315478379] (PRESERVED)
[79->1] [32.095465782538] (LONGER)
[79->2] [22.20218323983944] (LONGER)
[79->3] [33.38753712468933] (LONGER)
[79->4] [33.56512083840881] (LONGER)
[79->5] [20.29865833525649] (LONGER)
[79->6] [30.9478754866816] (LONGER)
[79->78] [29.42153399118743] (LONGER)
[80->0] [29.26537475417417] (LONGER)
[80->1] [38.71753461923496] (LONGER)
[80->2] [22.9252772453803] (LONGER)
[80->3] [32.55386654570465] (PRESERVED)
[80->4] [24.99088727718445] (PRESERVED)
[80->5] [21.74483393946746] (LONGER)
[80->6] [31.41835354380022] (PRESERVED)
[80->79] [20.86232015563901] (PRESERVED)
[81->0] [37.59847910505608] (PRESERVED)
[81->1] [21.81872370911198] (PRESERVED)
[81->2] [29.73951182303833] (PRESERVED)
[81->3] [38.99668057793172] (LONGER)
[81->4] [28.69909938716347] (LONGER)
[81->5] [27.89355012270808] (LONGER)
[81->6] [19.39067061293922] (LONGER)
[81->80] [37.23677435035427] (PRESERVED)
[82->0] [38.82984081351814] (LONGER)
[82->1] [37.56358554129645] (PRESERVED)
[82->2] [34.73825205476191] (LONGER)
[82->3] [29.77985296707992] (LONGER)
[82->4] [30.92513711276886] (LONGER)
[82->5] [37.38694999445973] (LONGER)
[82->6] [33.77506970074835] (PRESERVED)
[82->81] [30.96804513969789] (LONGER)
[83->0] [34.87405877107632] (LONGER)
[83->1] [35.41696000871192] (PRESERVED)
[83->2] [41.17363827958482] (LONGER)
[83->3] [31.39122654288937] (LONGER)
[83->4] [35.97606499772431] (PRESERVED)
[83->5] [40.89126790962117] (LONGER)
[83->6] [31.07602576262065] (PRESERVED)
[83->82] [26.67929228888775] (LONGER)
[84->0] [23.37892817339268] (PRESERVED)
[84->1] [31.09864832242947] (LONGER)
[84->2] [40.91032583081016] (LONGER)
[84->3] [33.90270805621932] (PRESERVED)
[84->4] [30.71199495969812] (LONGER)
[84->5] [34.4759265113609] (PRESERVED)
[84->6] [25.81889572988518] (LONGER)
[84->83] [23.25723914160573] (PRESERVED)
[85->0] [37.98231512801888] (LONGER)
[85->1] [31.92476330729583] (PRESERVED)
[85->2] [31.44130662399936] (LONGER)
[85->3] [38.30402082363045] (PRESERVED)
[85->4] [30.61972468219969] (PRESERVED)
[85->5] [29.37978651262158] (PRESERVED)
[85->6] [29.08906611417908] (LONGER)
[85->84] [39.99999792748121] (LONGER)
[86->0] [30.68150589552227] (LONGER)
[86->1] [37.33531256417017] (LONGER)
[86->2] [25.69192683426346] (LONGER)
[86->3] [21.56984207939866] (LONGER)
[86->4] [35.56528844228809] (LONGER)
[86->5] [34.14289052832093] (LONGER)
[86->6] [37.14119439260582] (PRESERVED)
[86->85] [39.56299702377248] (PRESERVED)
[87->0] [31.09898527266434] (LONGER)
[87->1] [30.30208970290386] (LONGER)
[87->2] [31.3809840697128] (LONGER)
[87->3] [28.17355889480539] (PRESERVED)
[87->4] [31.98385604326891] (PRESERVED)
[87->5] [25.69149746755512] (LONGER)
[87->6] [25.74247070776919] (PRESERVED)
[87->86] [34.20255000564358] (PRESERVED)
[88->0] [38.80340573749842] (PRESERVED)
[88->1] [28.08990603006301] (PRESERVED)
[88->2] [39.80002595805624] (LONGER)
[88->3] [33.67436282174582] (LONGER)
[88->4] [41.50777817747133] (PRESERVED)
[88->5] [39.54936825118254] (LONGER)
[88->6] [33.29242582818309] (PRESERVED)
[88->87] [33.0003575575778] (PRESERVED)
[89->0] [35.05093050767957] (PRESERVED)
[89->1] [18.49834573240332] (PRESERVED)
[89->2] [39.99625869096472] (LONGER)
[89->3] [34.41691266446327] (PRESERVED)
[89->4] [35.24722488710635] (LONGER)
[89->5] [36.07666835819087] (PRESERVED)
[89->6] [30.12203047531547] (LONGER)
[89->88] [23.23863460549464] (LONGER)
[90->0] [31.57591302255535] (LONGER)
[90->1] [28.83900082486015] (PRESERVED)
[90->2] [40.75669934949509] (PRESERVED)
[90->3] [37.5621817623485] (LONGER)
[90->4] [29.64412704679421] (PRESERVED)
[90->5] [32.593118370371] (PRESERVED)
[90->6] [22.53352567029883] (LONGER)
[90->89] [20.65601665668288] (PRESERVED)
[91->0] [34.06482909776547] (PRESERVED)
[91->1] [31.67280716711982] (PRESERVED)
[91->2] [34.06121679922029] (PRESERVED)
[91->3] [28.70557157752671] (LONGER)
[91->4] [34.66420779399154] (LONGER)
[91->5] [37.3293354881589] (LONGER)
[91->6] [41.59996770643983] (LONGER)
[91->90] [36.29014262792814] (LONGER)
[92->0] [32.6859466798084] (LONGER)
[92->1] [32.36438927903002] (PRESERVED)
[92->2] [38.40596965469641] (LONGER)
[92->3] [34.95980419473034] (PRESERVED)
[92->4] [26.71379871932778] (PRESERVED)
[92->5] [38.35732562215887] (PRESERVED)
[92->6] [31.51367749296213] (LONGER)
[92->91] [28.70371730822853] (PRESERVED)
[93->0] [26.18027148412887] (PRESERVED)
[93->1] [38.40783267572315] (PRESERVED)
[93->2] [37.84617047360236] (LONGER)
[93->3] [26.48515109197717] (LONGER)
[93->4] [36.09867237383104] (PRESERVED)
[93->5] [35.13115106366877] (PRESERVED)
[93->6] [39.93198803944145] (PRESERVED)
[93->92] [30.53582345790822] (LONGER)
[94->0] [34.13736203155037] (PRESERVED)
[94->1] [35.6199214971175] (LONGER)
[94->2] [35.85168001623701] (LONGER)
[94->3] [26.4159733271459] (LONGER)
[94->4] [35.49308025919547] (LONGER)
[94->5] [34.00185640430651] (LONGER)
[94->6] [28.33030395175658] (LONGER)
[94->93] [33.03756693414781] (PRESERVED)
[95->0] [37.46841680891144] (LONGER)
[95->1] [39.15862964826677] (LONGER)
[95->2] [33.09451315250799] (LONGER)
[95->3] [34.81390025315677] (PRESERVED)
[95->4] [31.02004129344382] (PRESERVED)
[95->5] [40.42651254389532] (PRESERVED)
[95->6] [38.00279227777467] (PRESERVED)
[95->94] [34.20803954118211] (PRESERVED)
[96->0] [36.64698217503682] (PRESERVED)
[96->1] [20.63954834897816] (PRESERVED)
[96->2] [28.92583560497139] (PRESERVED)
[96->3] [34.65954875416706] (PRESERVED)
[96->4] [31.99125338059324] (LONGER)
[96->5] [32.0155633089605] (LONGER)
[96->6] [29.91807840991184] (LONGER)
[96->95] [34.75094530585443] (PRESERVED)
[97->0] [26.20758470179844] (PRESERVED)
[97->1] [30.65993975341756] (LONGER)
[97->2] [27.16515540434553] (LONGER)
[97->3] [38.09674272621094] (LONGER)
[97->4] [26.21984873963464] (PRESERVED)
[97->5] [20.58932734593689] (PRESERVED)
[97->6] [31.60741026799959] (LONGER)
[97->96] [36.80927405646032] (PRESERVED)
[98->0] [29.76614048255657] (PRESERVED)
[98->1] [38.75442774478752] (LONGER)
[98->2] [26.26560450919077] (LONGER)
[98->3] [31.67771570472217] (PRESERVED)
[98->4] [17.23955677967058] (PRESERVED)
[98->5] [28.13280380926128] (PRESERVED)
[98->6] [28.4206064647787] (PRESERVED)
[98->97] [26.47896444317814] (LONGER)
[99->0] [34.0770747236061] (LONGER)
[99->1] [34.13014376823814] (LONGER)
[99->2] [31.18322181088627] (LONGER)
[99->3] [26.38534758095794] (PRESERVED)
[99->4] [31.35067521112765] (PRESERVED)
[99->5] [38.71281589196313] (PRESERVED)
[99->6] [37.52591000572648] (PRESERVED)
[99->98] [29.68692567048514] (LONGER)

Long edges	407 of 754 [53.98%]
Short edges	0 of 754 [0.00%]
Preserved edges	347 of 754 [46.02%]

Polyhedra	93

CA	266158
RMS Absolute	5.15905
CR	367.02
RMS Relative	0.192543

Projection Mode	Minimum Distance

Optimization Runtime	-3.512641966342926

Lambda, uppercase (Λ) lowercase (λ)	0.01

Using Minimum Distance?	YES
Using Minimum Perimeter?	NO
Using Minimum Area?	NO

Iterations	10
Sammon's stress	0.0370565
