Using	PP Digraph

Executed in	0.103163 seconds

Intrinsic Dimensionality	2

Reordered	YES

Number of nodes	100
Number of edges	294

Is PP Digraph directed?	YES
Is PP Digraph connected??	NO

Nodes:
0 [#0] at {0.0000, 0.0000}
89 [#1] at {29.3062, 0.0000}
98 [#2] at {16.1419, 27.0970}
27 [#3] at {13.9643, 29.6316}
39 [#4] at {15.3723, -28.0848}, [FLIPPED]
21 [#5] at {13.0349, -28.5220}, [FLIPPED]
80 [#6] at {13.2144, -29.0761}, [FLIPPED]
78 [#7] at {11.7833, -28.5607}, [FLIPPED]
67 [#8] at {15.8757, -29.6675}, [FLIPPED]
60 [#9] at {17.2744, -28.3399}, [FLIPPED]
26 [#10] at {15.4508, -28.4582}, [FLIPPED]
81 [#11] at {16.8755, -27.7496}, [FLIPPED]
41 [#12] at {14.4162, -28.8459}, [FLIPPED]
44 [#13] at {15.3700, -27.0026}, [FLIPPED]
43 [#14] at {15.1005, -28.1983}, [FLIPPED]
72 [#15] at {14.8343, -29.3195}, [FLIPPED]
73 [#16] at {17.8588, -29.0810}, [FLIPPED]
63 [#17] at {16.6378, -27.8243}, [FLIPPED]
52 [#18] at {16.9777, -28.9989}, [FLIPPED]
55 [#19] at {13.2250, -29.6465}, [FLIPPED]
92 [#20] at {14.5750, -27.5526}, [FLIPPED]
70 [#21] at {16.7134, -29.4771}, [FLIPPED]
10 [#22] at {15.1566, -29.7954}, [FLIPPED]
93 [#23] at {15.0778, -29.2196}, [FLIPPED]
85 [#24] at {14.0740, -28.2620}, [FLIPPED]
13 [#25] at {16.2815, -28.1087}, [FLIPPED]
94 [#26] at {14.7983, -28.2627}, [FLIPPED]
42 [#27] at {15.6098, -29.1172}, [FLIPPED]
49 [#28] at {14.7535, -27.4835}, [FLIPPED]
25 [#29] at {14.6483, -28.5824}, [FLIPPED]
22 [#30] at {12.3589, -27.9888}, [FLIPPED]
45 [#31] at {14.8137, -27.7278}, [FLIPPED]
28 [#32] at {14.1926, -29.0397}, [FLIPPED]
34 [#33] at {16.0343, -29.3514}, [FLIPPED]
90 [#34] at {14.0037, -29.1959}, [FLIPPED]
1 [#35] at {13.8479, -26.7056}, [FLIPPED]
96 [#36] at {13.7255, 28.9244}
91 [#37] at {13.8170, -28.4462}, [FLIPPED]
56 [#38] at {16.5200, -27.6539}, [FLIPPED]
16 [#39] at {13.3990, -28.2547}, [FLIPPED]
61 [#40] at {12.9809, -29.3281}, [FLIPPED]
38 [#41] at {15.4159, -28.9091}, [FLIPPED]
77 [#42] at {12.7386, -28.7226}, [FLIPPED]
14 [#43] at {15.8101, -28.1037}, [FLIPPED]
12 [#44] at {15.2852, -28.3885}, [FLIPPED]
7 [#45] at {13.7930, -28.5833}, [FLIPPED]
57 [#46] at {14.8771, -27.9481}, [FLIPPED]
6 [#47] at {13.3343, -30.8346}, [FLIPPED]
18 [#48] at {14.2330, -28.7154}, [FLIPPED]
86 [#49] at {15.0355, -29.5635}, [FLIPPED]
65 [#50] at {14.8841, -30.7024}, [FLIPPED]
75 [#51] at {14.6423, -29.0831}, [FLIPPED]
31 [#52] at {14.8556, -29.4596}, [FLIPPED]
99 [#53] at {15.8788, -30.0812}, [FLIPPED]
29 [#54] at {14.6700, -30.2717}, [FLIPPED]
83 [#55] at {15.3389, -27.8186}, [FLIPPED]
84 [#56] at {16.3633, -29.7074}, [FLIPPED]
71 [#57] at {15.4582, -30.1427}, [FLIPPED]
95 [#58] at {13.1917, 30.3573}
11 [#59] at {13.5853, -30.3217}, [FLIPPED]
47 [#60] at {17.1267, -29.6730}, [FLIPPED]
48 [#61] at {14.7029, -28.0940}, [FLIPPED]
76 [#62] at {13.8781, -27.7266}, [FLIPPED]
88 [#63] at {15.3586, -29.0117}, [FLIPPED]
30 [#64] at {14.1302, -28.5640}, [FLIPPED]
58 [#65] at {13.9560, -26.8353}, [FLIPPED]
15 [#66] at {13.6868, -28.5258}, [FLIPPED]
69 [#67] at {12.0717, -29.4223}, [FLIPPED]
19 [#68] at {14.6920, -29.4471}, [FLIPPED]
62 [#69] at {15.6473, -29.4138}, [FLIPPED]
23 [#70] at {15.7242, -27.1639}, [FLIPPED]
53 [#71] at {15.6457, -27.6975}, [FLIPPED]
50 [#72] at {13.7495, -30.3265}, [FLIPPED]
33 [#73] at {14.1699, -30.2489}, [FLIPPED]
68 [#74] at {15.7572, -29.1334}, [FLIPPED]
54 [#75] at {16.8690, -28.9981}, [FLIPPED]
51 [#76] at {13.7898, -28.3375}, [FLIPPED]
79 [#77] at {14.6772, -29.3561}, [FLIPPED]
97 [#78] at {13.4676, 29.6448}
40 [#79] at {13.5694, -27.5649}, [FLIPPED]
46 [#80] at {16.1710, -30.2591}, [FLIPPED]
20 [#81] at {14.2700, -29.4380}, [FLIPPED]
24 [#82] at {12.9312, -28.4651}, [FLIPPED]
5 [#83] at {14.6849, 30.1412}
9 [#84] at {17.8297, -29.5414}, [FLIPPED]
66 [#85] at {14.1765, -29.2855}, [FLIPPED]
37 [#86] at {11.7029, -28.4247}, [FLIPPED]
87 [#87] at {16.9020, -29.1861}, [FLIPPED]
4 [#88] at {14.0935, -28.7346}, [FLIPPED]
35 [#89] at {14.2442, -29.0807}, [FLIPPED]
8 [#90] at {15.3660, -28.5873}, [FLIPPED]
64 [#91] at {16.0758, -27.7150}, [FLIPPED]
82 [#92] at {18.0100, -30.0795}, [FLIPPED]
17 [#93] at {16.3059, -29.2399}, [FLIPPED]
74 [#94] at {14.9075, -28.6484}, [FLIPPED]
3 [#95] at {14.0386, -28.0921}, [FLIPPED]
2 [#96] at {13.8597, -29.7645}, [FLIPPED]
32 [#97] at {12.9585, -28.5802}, [FLIPPED]
36 [#98] at {16.0301, -28.2335}, [FLIPPED]
59 [#99] at {16.7196, -30.5781}, [FLIPPED]

Flips	92 out of 100 [92.00%]

Edges:
[1->0] [29.30616900927176] (PRESERVED)
[2->0] [31.5405726802796] (PRESERVED)
[2->1] [30.12543850303263] (LONGER)
[3->0] [32.75720020087188] (SHORTER)
[3->1] [33.36772064435929] (LONGER)
[3->2] [3.341635864764595] (LONGER)
[4->0] [32.01662538432181] (PRESERVED)
[4->1] [31.351431562211] (LONGER)
[4->3] [57.73361715114415] (LONGER)
[5->0] [31.35941705453085] (PRESERVED)
[5->1] [32.83683992103989] (PRESERVED)
[5->4] [2.377871035817062] (PRESERVED)
[6->0] [31.93806686385386] (PRESERVED)
[6->1] [33.23201253309826] (LONGER)
[6->5] [0.5824580088655] (PRESERVED)
[7->0] [30.89591141235359] (PRESERVED)
[7->1] [33.50764062120759] (LONGER)
[7->6] [1.521067994267476] (LONGER)
[8->0] [33.64818846535427] (PRESERVED)
[8->1] [32.56593752680859] (LONGER)
[8->7] [4.239445077748664] (LONGER)
[9->0] [33.18970017942315] (SHORTER)
[9->1] [30.78825623512965] (LONGER)
[9->8] [1.928412143474568] (LONGER)
[10->0] [32.38207275638791] (PRESERVED)
[10->1] [31.6518748575815] (LONGER)
[10->9] [1.827373413769717] (LONGER)
[11->0] [32.47802127593367] (PRESERVED)
[11->1] [30.40661895048511] (LONGER)
[11->10] [1.591154564757293] (LONGER)
[12->0] [32.24764788321778] (PRESERVED)
[12->1] [32.46223036083626] (LONGER)
[12->11] [2.692573505946793] (LONGER)
[13->0] [31.07047193075767] (PRESERVED)
[13->1] [30.38678301498859] (LONGER)
[13->12] [2.07544840146125] (LONGER)
[14->0] [31.98705136457564] (PRESERVED)
[14->1] [31.57447096943985] (LONGER)
[14->13] [1.225754921338887] (LONGER)
[15->0] [32.85864826799788] (PRESERVED)
[15->1] [32.69663802289159] (LONGER)
[15->14] [1.152362329612757] (LONGER)
[16->0] [34.12681965844459] (PRESERVED)
[16->1] [31.25295525226375] (LONGER)
[16->15] [3.03387405098867] (LONGER)
[17->0] [32.41927835409049] (PRESERVED)
[17->1] [30.57255640276096] (LONGER)
[17->16] [1.752135812061797] (LONGER)
[18->0] [33.60327897690938] (PRESERVED)
[18->1] [31.51076387522208] (LONGER)
[18->17] [1.222787996352755] (LONGER)
[19->0] [32.46252105120611] (PRESERVED)
[19->1] [33.72708737795185] (LONGER)
[19->18] [3.808139291264346] (LONGER)
[20->0] [31.17011793368771] (PRESERVED)
[20->1] [31.24341613844427] (LONGER)
[20->19] [2.491363704194274] (LONGER)
[21->0] [33.88567245902021] (PRESERVED)
[21->1] [32.05433580656446] (LONGER)
[21->20] [2.876880689059262] (LONGER)
[22->0] [33.42891431081781] (PRESERVED)
[22->1] [32.98451424532428] (LONGER)
[22->21] [1.588949715762202] (LONGER)
[23->0] [32.88049669637002] (PRESERVED)
[23->1] [32.49975044519573] (LONGER)
[23->22] [0.5811847882667023] (LONGER)
[24->0] [31.57247611448935] (PRESERVED)
[24->1] [32.1054634914371] (LONGER)
[24->23] [1.387274717362836] (LONGER)
[25->0] [32.48364017470949] (PRESERVED)
[25->1] [30.97966363600482] (LONGER)
[25->24] [2.212821976633825] (LONGER)
[26->0] [31.90251505759382] (PRESERVED)
[26->1] [31.76881582621549] (LONGER)
[26->25] [1.491185939752685] (LONGER)
[27->0] [33.03750278093064] (PRESERVED)
[27->1] [32.17767698265367] (PRESERVED)
[27->26] [1.178401680481004] (PRESERVED)
[28->0] [31.19313527044052] (SHORTER)
[28->1] [31.09861035480525] (LONGER)
[28->27] [1.844453047411534] (PRESERVED)
[29->0] [32.11738178930532] (PRESERVED)
[29->1] [32.12176394596037] (LONGER)
[29->28] [1.103904041283673] (LONGER)
[30->0] [30.59597045363981] (PRESERVED)
[30->1] [32.71971231536121] (LONGER)
[30->29] [2.365076408262917] (LONGER)
[31->0] [31.43691925109711] (PRESERVED)
[31->1] [31.28680709180788] (LONGER)
[31->30] [2.468629836027735] (LONGER)
[32->0] [32.32240015840409] (PRESERVED)
[32->1] [32.73721533667763] (LONGER)
[32->31] [1.45148767735192] (LONGER)
[33->0] [33.44553696683611] (PRESERVED)
[33->1] [32.21250584788461] (LONGER)
[33->32] [1.867878408241673] (LONGER)
[34->0] [32.38062970357433] (SHORTER)
[34->1] [32.96310279691522] (LONGER)
[34->33] [2.036563462191976] (LONGER)
[35->0] [30.08244991685351] (PRESERVED)
[35->1] [30.85686016107277] (LONGER)
[35->34] [2.495184966026926] (LONGER)
[36->0] [32.01573717720709] (PRESERVED)
[36->1] [32.85384825252591] (LONGER)
[36->35] [55.63007785522959] (LONGER)
[37->0] [31.62433075971728] (PRESERVED)
[37->1] [32.3898229695687] (LONGER)
[37->36] [57.37064732401787] (LONGER)
[38->0] [32.21250904540035] (LONGER)
[38->1] [30.46673771508856] (LONGER)
[38->37] [2.816693562767015] (LONGER)
[39->0] [31.27073179508276] (PRESERVED)
[39->1] [32.42475268988185] (LONGER)
[39->38] [3.178310579808949] (LONGER)
[40->0] [32.07243372430599] (PRESERVED)
[40->1] [33.56563118727249] (LONGER)
[40->39] [1.151976692742119] (LONGER)
[41->0] [32.76263109092429] (PRESERVED)
[41->1] [32.07300188632177] (LONGER)
[41->40] [2.470812763844503] (LONGER)
[42->0] [31.42064283238012] (PRESERVED)
[42->1] [33.15828566135468] (LONGER)
[42->41] [2.683875852412842] (LONGER)
[43->0] [32.24560066117548] (PRESERVED)
[43->1] [31.17629259549635] (LONGER)
[43->42] [3.133307088925848] (LONGER)
[44->0] [32.24197135722319] (PRESERVED)
[44->1] [31.66222868024296] (LONGER)
[44->43] [0.59725321552403] (LONGER)
[45->0] [31.73716895061687] (PRESERVED)
[45->1] [32.5217214027794] (LONGER)
[45->44] [1.504871479093793] (LONGER)
[46->0] [31.66107480803518] (PRESERVED)
[46->1] [31.4530591516946] (LONGER)
[46->45] [1.25648421425812] (LONGER)
[47->0] [33.59427168432143] (PRESERVED)
[47->1] [34.72570794094772] (LONGER)
[47->46] [3.272950763958006] (LONGER)
[48->0] [32.0491641388664] (PRESERVED)
[48->1] [32.43105314355365] (LONGER)
[48->47] [2.301930632154892] (LONGER)
[49->0] [33.16729692030992] (PRESERVED)
[49->1] [32.82763879720866] (LONGER)
[49->48] [1.167695017900124] (LONGER)
[50->0] [34.12004866643656] (PRESERVED)
[50->1] [33.92100875563697] (LONGER)
[50->49] [1.148924957147055] (LONGER)
[51->0] [32.56104648195448] (PRESERVED)
[51->1] [32.57077192821811] (LONGER)
[51->50] [1.637327056590399] (LONGER)
[52->0] [32.99330789720849] (LONGER)
[52->1] [32.81290084707537] (LONGER)
[52->51] [0.432776446558429] (LONGER)
[53->0] [34.01488994543419] (PRESERVED)
[53->1] [32.94195067083916] (LONGER)
[53->52] [1.197149525454699] (LONGER)
[54->0] [33.63901808911787] (PRESERVED)
[54->1] [33.62423703223613] (LONGER)
[54->53] [1.223645091859851] (LONGER)
[55->0] [31.76721333387617] (PRESERVED)
[55->1] [31.12807075615191] (LONGER)
[55->54] [2.542641472103641] (LONGER)
[56->0] [33.9158647538287] (PRESERVED)
[56->1] [32.40444447911429] (LONGER)
[56->55] [2.148700541502841] (LONGER)
[57->0] [33.87536399804436] (PRESERVED)
[57->1] [33.17153382043103] (LONGER)
[57->56] [1.004325505153881] (LONGER)
[58->0] [33.0996315538406] (PRESERVED)
[58->1] [34.36919645554723] (LONGER)
[58->57] [60.54246384808986] (LONGER)
[59->0] [33.22602808040708] (PRESERVED)
[59->1] [34.15481913288373] (LONGER)
[59->58] [60.68029772924456] (LONGER)
[60->0] [34.26091735491038] (PRESERVED)
[60->1] [32.07532727814325] (LONGER)
[60->59] [3.600275367883755] (LONGER)
[61->0] [31.70875573087031] (PRESERVED)
[61->1] [31.66272003476643] (LONGER)
[61->60] [2.892801296069568] (LONGER)
[62->0] [31.00588727967641] (PRESERVED)
[62->1] [31.72992369987675] (LONGER)
[62->61] [0.9028762125131059] (LONGER)
[63->0] [32.82628413329781] (PRESERVED)
[63->1] [32.1902471565535] (LONGER)
[63->62] [1.960458662646636] (LONGER)
[64->0] [31.86794425437575] (LONGER)
[64->1] [32.34525159895963] (LONGER)
[64->63] [1.30746984491011] (LONGER)
[65->0] [30.24733725470724] (PRESERVED)
[65->1] [30.91535817356805] (LONGER)
[65->64] [1.737521999451473] (LONGER)
[66->0] [31.63935866922717] (PRESERVED)
[66->1] [32.5221032683927] (LONGER)
[66->65] [1.71184015258791] (LONGER)
[67->0] [31.80250821869243] (PRESERVED)
[67->1] [34.09837469733713] (LONGER)
[67->66] [1.847189640815903] (LONGER)
[68->0] [32.90875745147483] (PRESERVED)
[68->1] [32.87406283074851] (LONGER)
[68->67] [2.620417488932165] (LONGER)
[69->0] [33.3168320372751] (PRESERVED)
[69->1] [32.43053026085143] (LONGER)
[69->68] [0.9558326934756675] (LONGER)
[70->0] [31.38674624742107] (PRESERVED)
[70->1] [30.3701422782311] (LONGER)
[70->69] [2.251274186419182] (LONGER)
[71->0] [31.81099869541979] (PRESERVED)
[71->1] [30.88296731209617] (LONGER)
[71->70] [0.539340091005123] (LONGER)
[72->0] [33.29784167179608] (PRESERVED)
[72->1] [34.08383517152964] (LONGER)
[72->71] [3.241542185569629] (LONGER)
[73->0] [33.40335123905984] (PRESERVED)
[73->1] [33.82461106945652] (LONGER)
[73->72] [0.4275080698786162] (LONGER)
[74->0] [33.12161757825243] (PRESERVED)
[74->1] [32.12985354775212] (LONGER)
[74->73] [1.940096135317374] (LONGER)
[75->0] [33.54775612466502] (PRESERVED)
[75->1] [31.55267492622457] (LONGER)
[75->74] [1.120023798896304] (LONGER)
[76->0] [31.5146594777732] (PRESERVED)
[76->1] [32.30743629568897] (LONGER)
[76->75] [3.149228865470784] (LONGER)
[77->0] [32.82076738895665] (LONGER)
[77->1] [32.79922252127326] (LONGER)
[77->76] [1.350932450602627] (LONGER)
[78->0] [32.56053809444801] (PRESERVED)
[78->1] [33.61061830731472] (LONGER)
[78->77] [59.01330705353335] (LONGER)
[79->0] [30.72377069957397] (PRESERVED)
[79->1] [31.7406416759334] (LONGER)
[79->78] [57.20973583497464] (LONGER)
[80->0] [34.3091204638067] (PRESERVED)
[80->1] [32.98705499131439] (LONGER)
[80->79] [3.745326971067993] (LONGER)
[81->0] [32.714312448835] (PRESERVED)
[81->1] [33.05573845794403] (LONGER)
[81->80] [2.070818921943068] (LONGER)
[82->0] [31.26466801359004] (LONGER)
[82->1] [32.83901676359997] (LONGER)
[82->81] [1.654887922290684] (LONGER)
[83->0] [33.528150306869] (PRESERVED)
[83->1] [33.50029980462862] (LONGER)
[83->82] [58.63250515058483] (LONGER)
[84->0] [34.50492175038223] (LONGER)
[84->1] [31.69229276969402] (LONGER)
[84->83] [59.76531196649968] (LONGER)
[85->0] [32.53638775279149] (PRESERVED)
[85->1] [32.96281808341028] (LONGER)
[85->84] [3.662086726265822] (LONGER)
[86->0] [30.73958288591437] (PRESERVED)
[86->1] [33.43409867186492] (LONGER)
[86->85] [2.619146645357147] (LONGER)
[87->0] [33.72699177216967] (PRESERVED)
[87->1] [31.71266377963227] (LONGER)
[87->86] [5.254604462923892] (LONGER)
[88->0] [32.00477908063107] (PRESERVED)
[88->1] [32.51313266973824] (LONGER)
[88->87] [2.844597739426968] (LONGER)
[89->0] [32.38186793562101] (PRESERVED)
[89->1] [32.74980071695093] (SHORTER)
[89->88] [0.3774709901249614] (PRESERVED)
[90->0] [32.45536223800313] (PRESERVED)
[90->1] [31.80507968862835] (LONGER)
[90->89] [1.225502969796312] (PRESERVED)
[91->0] [32.0398247654384] (LONGER)
[91->1] [30.71098150499263] (LONGER)
[91->90] [1.124586875758243] (LONGER)
[92->0] [35.05901905359017] (PRESERVED)
[92->1] [32.13065587565869] (LONGER)
[92->91] [3.05484654825796] (LONGER)
[93->0] [33.47911014349097] (PRESERVED)
[93->1] [31.99963577917724] (LONGER)
[93->92] [1.899724051573436] (LONGER)
[94->0] [32.29497722556868] (PRESERVED)
[94->1] [32.06331873028742] (LONGER)
[94->93] [1.518341148538261] (LONGER)
[95->0] [31.40459538029427] (LONGER)
[95->1] [31.97284877829936] (PRESERVED)
[95->94] [1.031688900280136] (PRESERVED)
[96->0] [32.83318514856577] (PRESERVED)
[96->1] [33.5339042015689] (PRESERVED)
[96->95] [1.682003683420181] (LONGER)
[97->0] [31.3806840588283] (PRESERVED)
[97->1] [32.92525999897344] (PRESERVED)
[97->96] [1.488255941985615] (LONGER)
[98->0] [32.46681302499524] (PRESERVED)
[98->1] [31.19906488983284] (PRESERVED)
[98->97] [3.091172334890442] (LONGER)
[99->0] [34.85063284934722] (PRESERVED)
[99->1] [33.06727814622788] (LONGER)
[99->98] [2.443931729132296] (PRESERVED)

Long edges	188 of 294 [63.95%]
Short edges	5 of 294 [1.70%]
Preserved edges	101 of 294 [34.35%]

Triangles	98

T0 [0, 89, 98] Area: [397.054057770637]
T1 [0, 89, 27] Area: [434.194452599431]
T2 [0, 89, 39] Area: [411.529522594915]
T3 [0, 89, 21] Area: [417.9351959127645]
T4 [0, 89, 80] Area: [426.0548033303219]
T5 [0, 89, 78] Area: [418.5017200092868]
T6 [0, 89, 67] Area: [434.7209300150779]
T7 [0, 89, 60] Area: [415.2676016345632]
T8 [0, 89, 26] Area: [417.0007919832602]
T9 [0, 89, 81] Area: [406.6172270080734]
T10 [0, 89, 41] Area: [422.6810649648429]
T11 [0, 89, 44] Area: [395.6708922943667]
T12 [0, 89, 43] Area: [413.1926299474259]
T13 [0, 89, 72] Area: [429.6215240363121]
T14 [0, 89, 73] Area: [426.1262654401265]
T15 [0, 89, 63] Area: [407.7122887454848]
T16 [0, 89, 52] Area: [424.9236602403024]
T17 [0, 89, 55] Area: [434.4123443356444]
T18 [0, 89, 92] Area: [403.7302856549924]
T19 [0, 89, 70] Area: [431.931063701502]
T20 [0, 89, 10] Area: [436.5952366463064]
T21 [0, 89, 93] Area: [428.1578026221869]
T22 [0, 89, 85] Area: [414.1260413078792]
T23 [0, 89, 13] Area: [411.8790170133985]
T24 [0, 89, 94] Area: [414.1356981933217]
T25 [0, 89, 42] Area: [426.6568602258108]
T26 [0, 89, 49] Area: [402.7185484302638]
T27 [0, 89, 25] Area: [418.8204424240807]
T28 [0, 89, 22] Area: [410.1215980374021]
T29 [0, 89, 45] Area: [406.2984599735096]
T30 [0, 89, 28] Area: [425.5217683235099]
T31 [0, 89, 34] Area: [430.088373146517]
T32 [0, 89, 90] Area: [427.8101209138771]
T33 [0, 89, 1] Area: [391.3192967636726]
T34 [0, 89, 96] Area: [423.8309609736411]
T35 [0, 89, 91] Area: [416.8249121503132]
T36 [0, 89, 56] Area: [405.2142766005711]
T37 [0, 89, 16] Area: [414.017960815824]
T38 [0, 89, 61] Area: [429.7470696553539]
T39 [0, 89, 38] Area: [423.6082028098478]
T40 [0, 89, 77] Area: [420.8742484233841]
T41 [0, 89, 14] Area: [411.8059905077275]
T42 [0, 89, 12] Area: [415.9794434278122]
T43 [0, 89, 7] Area: [418.8328369508882]
T44 [0, 89, 57] Area: [409.5258558971772]
T45 [0, 89, 6] Area: [451.8220436901685]
T46 [0, 89, 18] Area: [420.7685399539797]
T47 [0, 89, 86] Area: [433.1969714745359]
T48 [0, 89, 65] Area: [449.8854913590608]
T49 [0, 89, 75] Area: [426.1568090988278]
T50 [0, 89, 31] Area: [431.6741251634652]
T51 [0, 89, 99] Area: [440.7820315023911]
T52 [0, 89, 29] Area: [443.5731568878826]
T53 [0, 89, 83] Area: [407.6279119297621]
T54 [0, 89, 84] Area: [435.304974483221]
T55 [0, 89, 71] Area: [441.6840196335038]
T56 [0, 89, 95] Area: [444.8279371818851]
T57 [0, 89, 11] Area: [444.3068821545441]
T58 [0, 89, 47] Area: [434.8009758309228]
T59 [0, 89, 48] Area: [411.6633169300052]
T60 [0, 89, 76] Area: [406.279878540493]
T61 [0, 89, 88] Area: [425.1106574424622]
T62 [0, 89, 30] Area: [418.5512602210778]
T63 [0, 89, 58] Area: [393.2194401879914]
T64 [0, 89, 15] Area: [417.9910058630525]
T65 [0, 89, 69] Area: [431.1277703037869]
T66 [0, 89, 19] Area: [431.4906112985722]
T67 [0, 89, 62] Area: [431.003484443272]
T68 [0, 89, 23] Area: [398.0346500911834]
T69 [0, 89, 53] Area: [405.8535154127325]
T70 [0, 89, 50] Area: [444.3770272290589]
T71 [0, 89, 33] Area: [443.2401219644667]
T72 [0, 89, 68] Area: [426.893567382858]
T73 [0, 89, 54] Area: [424.9112554633988]
T74 [0, 89, 51] Area: [415.2318134707189]
T75 [0, 89, 79] Area: [430.1578658762181]
T76 [0, 89, 97] Area: [434.3874346161234]
T77 [0, 89, 40] Area: [403.9103318794627]
T78 [0, 89, 46] Area: [443.3892982608948]
T79 [0, 89, 20] Area: [431.3571360296135]
T80 [0, 89, 24] Area: [417.1016904568796]
T81 [0, 89, 5] Area: [441.6609764489633]
T82 [0, 89, 9] Area: [432.8720127360154]
T83 [0, 89, 66] Area: [429.1232741095868]
T84 [0, 89, 37] Area: [416.509642540582]
T85 [0, 89, 87] Area: [427.6669819662772]
T86 [0, 89, 4] Area: [421.0509286428511]
T87 [0, 89, 35] Area: [426.1220167337688]
T88 [0, 89, 8] Area: [418.8926139394356]
T89 [0, 89, 64] Area: [406.1100464409661]
T90 [0, 89, 82] Area: [440.7571989257157]
T91 [0, 89, 17] Area: [428.4540709209818]
T92 [0, 89, 74] Area: [419.7880832432676]
T93 [0, 89, 3] Area: [411.6357368891572]
T94 [0, 89, 2] Area: [436.14235277721]
T95 [0, 89, 32] Area: [418.7874699026698]
T96 [0, 89, 36] Area: [413.7073725152182]
T97 [0, 89, 59] Area: [448.0640312392757]

CA	7.94938e+06
RMS Absolute	28.1946
CR	8096.62
RMS Relative	0.904345

Projection Mode	Minimum Distance

Optimization Runtime	0

Lambda, uppercase (Λ) lowercase (λ)	1

Using Minimum Distance?	YES
Using Minimum Perimeter?	NO
Using Minimum Area?	NO

Iterations	1
Sammon's stress	0.818052
